#
# A fatal error has been detected by the Java Runtime Environment:
#
#  EXCEPTION_ACCESS_VIOLATION (0xc0000005) at pc=0x00007ffc741292d0, pid=31944, tid=13184
#
# JRE version: OpenJDK Runtime Environment (22.0.1+8) (build 22.0.1+8-16)
# Java VM: OpenJDK 64-Bit Server VM (22.0.1+8-16, mixed mode, sharing, tiered, compressed oops, compressed class ptrs, g1 gc, windows-amd64)
# Problematic frame:
# C  [igxelpicd64.dll+0x1f92d0]
#
# No core dump will be written. Minidumps are not enabled by default on client versions of Windows
#
# If you would like to submit a bug report, please visit:
#   https://bugreport.java.com/bugreport/crash.jsp
# The crash happened outside the Java Virtual Machine in native code.
# See problematic frame for where to report the bug.
#

---------------  S U M M A R Y ------------

Command Line: -javaagent:D:\ApplicationData\IntelliJ IDEA 2023.3.6\lib\idea_rt.jar=56894:D:\ApplicationData\IntelliJ IDEA 2023.3.6\bin -Dfile.encoding=UTF-8 -Dsun.stdout.encoding=UTF-8 -Dsun.stderr.encoding=UTF-8 com.findselfback.FindSelfBack

Host: 13th Gen Intel(R) Core(TM) i5-13500H, 16 cores, 15G,  Windows 11 , 64 bit Build 22621 (10.0.22621.3527)
Time: Sat Jun  1 15:29:18 2024 SE Asia Standard Time elapsed time: 30.990296 seconds (0d 0h 0m 30s)

---------------  T H R E A D  ---------------

Current thread (0x00000206c5723650):  JavaThread "Java2D Queue Flusher" daemon [_thread_in_native, id=13184, stack(0x00000091d4000000,0x00000091d4100000) (1024K)]

Stack: [0x00000091d4000000,0x00000091d4100000],  sp=0x00000091d40b3430,  free space=717k
Native frames: (J=compiled Java code, j=interpreted, Vv=VM code, C=native code)
C  [igxelpicd64.dll+0x1f92d0]  (no source info available)
C  [igxelpicd64.dll+0x44ceb]  (no source info available)
C  [igxelpicd64.dll+0x18c23]  (no source info available)
C  [igxelpicd64.dll+0x22360a]  (no source info available)
C  [igxelpicd64.dll+0x2240ab]  (no source info available)
C  [igxelpicd64.dll+0x8bfc6]  (no source info available)
C  [igxelpicd64.dll+0xab77f2]  (no source info available)
C  [awt.dll+0x57eeb]  (no source info available)
C  [awt.dll+0x5ec43]  (no source info available)
C  0x00000206e0dcab0e  (no source info available)

The last pc belongs to native nmethod (printed below).
Java frames: (J=compiled Java code, j=interpreted, Vv=VM code)
J 1821  sun.java2d.opengl.OGLRenderQueue.flushBuffer(JI)V java.desktop@22.0.1 (0 bytes) @ 0x00000206e0dcaa73 [0x00000206e0dcaa20+0x0000000000000053]
J 2381 c2 sun.java2d.opengl.OGLRenderQueue.flushBuffer()V java.desktop@22.0.1 (41 bytes) @ 0x00000206e0e71f20 [0x00000206e0e71ec0+0x0000000000000060]
j  sun.java2d.opengl.OGLRenderQueue$QueueFlusher.run()V+81 java.desktop@22.0.1
j  java.lang.Thread.runWith(Ljava/lang/Object;Ljava/lang/Runnable;)V+5 java.base@22.0.1
j  java.lang.Thread.run()V+19 java.base@22.0.1
v  ~StubRoutines::call_stub 0x00000206e05d100d

siginfo: EXCEPTION_ACCESS_VIOLATION (0xc0000005), writing address 0x0000000000000018


Registers:
RAX=0x0000000078080003, RBX=0x0000000000000018, RCX=0x0000000000000010, RDX=0x0000000000000034
RSP=0x00000091d40b3430, RBP=0x00000091d40b3530, RSI=0x0000000000000003, RDI=0x00000206c5c4a400
R8 =0x00000206c5c754c8, R9 =0x0000000000000000, R10=0x00000206c5d0ad70, R11=0x0000000000000003
R12=0x0000000000000000, R13=0x00000206c5cf8a00, R14=0x0000000000000000, R15=0x0000000000000002
RIP=0x00007ffc741292d0, EFLAGS=0x0000000000010202


Register to memory mapping:

RAX=0x0000000078080003 is an unknown value
RBX=0x0000000000000018 is an unknown value
RCX=0x0000000000000010 is an unknown value
RDX=0x0000000000000034 is an unknown value
RSP=0x00000091d40b3430 is pointing into the stack for thread: 0x00000206c5723650
RBP=0x00000091d40b3530 is pointing into the stack for thread: 0x00000206c5723650
RSI=0x0000000000000003 is an unknown value
RDI=0x00000206c5c4a400 points into unknown readable memory: 0x00000206c575aac0 | c0 aa 75 c5 06 02 00 00
R8 =0x00000206c5c754c8 points into unknown readable memory: 0x0025000000250000 | 00 00 25 00 00 00 25 00
R9 =0x0 is null
R10=0x00000206c5d0ad70 points into unknown readable memory: 0x0200000078090005 | 05 00 09 78 00 00 00 02
R11=0x0000000000000003 is an unknown value
R12=0x0 is null
R13=0x00000206c5cf8a00 points into unknown readable memory: 0x0000b13411000001 | 01 00 00 11 34 b1 00 00
R14=0x0 is null
R15=0x0000000000000002 is an unknown value

Top of Stack: (sp=0x00000091d40b3430)
0x00000091d40b3430:   0000000000000010 0000000000000003
0x00000091d40b3440:   00000206cde80db0 5355534100000000
0x00000091d40b3450:   0000000200000001 0000000200040000
0x00000091d40b3460:   0000014800000001 0000000200000010
0x00000091d40b3470:   3336500000000002 00000002ffffffff
0x00000091d40b3480:   00000003ffffff00 0000000000200000
0x00000091d40b3490:   00000000c5c75501 0000000300000010
0x00000091d40b34a0:   0000000000000003 00000003ffffffff
0x00000091d40b34b0:   00007f00ffffffff 00007ffc00000003
0x00000091d40b34c0:   00000206c5c755ba 00000206c5c73f48
0x00000091d40b34d0:   0000000000000040 00000206c5c752c0
0x00000091d40b34e0:   00000206c5c40000 00000091d40b6bc0
0x00000091d40b34f0:   00000206c5cf8a00 0000000000000000
0x00000091d40b3500:   0000020600000000 0000000000000018
0x00000091d40b3510:   00000206c5c738b0 0000009100000004
0x00000091d40b3520:   0000000000000002 00000206f2841c70
0x00000091d40b3530:   00000206c5d0ad70 00000091d40b6bc8
0x00000091d40b3540:   00000206c5c4a400 00000091d40b6bcc
0x00000091d40b3550:   00000091d40b6bcc 00000091d40b6bc8
0x00000091d40b3560:   000000000000003c 00000003ffffffff
0x00000091d40b3570:   00000200ffffffff 0000000000000000
0x00000091d40b3580:   00000206c5c755ba 00000018c5c73f48
0x00000091d40b3590:   0000000000000040 00000206c5c752c0
0x00000091d40b35a0:   00000206c5c40000 00000091d40b6c80
0x00000091d40b35b0:   00000206c5cf8a00 0000000000000000
0x00000091d40b35c0:   0000020600000000 00000206c9fe5164
0x00000091d40b35d0:   00000206c5c738b0 00007ffc00000004
0x00000091d40b35e0:   0000000000000002 00000206f2841c70
0x00000091d40b35f0:   00000206c5d0ad70 00000091d40b6c88
0x00000091d40b3600:   00000206c5c4a400 00000091d40b6c8c
0x00000091d40b3610:   00000091d40b6c8c 00000091d40b6c88
0x00000091d40b3620:   00000206c9fe5188 0000000000000003 

Instructions: (pc=0x00007ffc741292d0)
0x00007ffc741291d0:   23 01 00 eb 0c 4c 8b 6d c0 4c 8b 55 00 8b 74 24
0x00007ffc741291e0:   7c 41 0f be 85 a8 24 01 00 89 45 80 41 0f be 9d
0x00007ffc741291f0:   a9 24 01 00 89 5c 24 78 45 85 db 0f 85 97 00 00
0x00007ffc74129200:   00 49 8b 8d 90 24 01 00 49 39 4a 04 74 0e 49 89
0x00007ffc74129210:   4a 04 81 8f d0 fe 03 00 00 00 00 02 45 33 f6 44
0x00007ffc74129220:   89 75 80 45 39 b5 38 22 01 00 75 09 45 39 b5 3c
0x00007ffc74129230:   22 01 00 74 5a 44 8b 45 88 4b 8d 0c 40 f2 0f 10
0x00007ffc74129240:   05 fb 3b b1 00 f2 0f 11 84 8d 30 03 00 00 8b 05
0x00007ffc74129250:   f4 3b b1 00 89 84 8d 38 03 00 00 81 a4 8d 34 03
0x00007ffc74129260:   00 00 c0 fe ff ff 44 89 b4 8d 38 03 00 00 4d 89
0x00007ffc74129270:   b5 38 22 01 00 49 8b 85 50 23 01 00 48 0f ba e8
0x00007ffc74129280:   00 49 89 85 50 23 01 00 41 ff c0 44 89 45 88 44
0x00007ffc74129290:   88 b7 b9 b1 02 00 eb 03 45 33 f6 80 bf b9 b1 02
0x00007ffc741292a0:   00 00 0f 85 65 0d 00 00 48 c7 87 ac b1 02 00 00
0x00007ffc741292b0:   00 00 00 85 f6 0f 84 8b 04 00 00 0f ae e8 8b d6
0x00007ffc741292c0:   c1 e2 04 83 c2 04 8b 05 94 a7 d7 00 48 8b 5d d8
0x00007ffc741292d0:   89 03 8b c2 c1 e8 02 2c 02 88 03 48 8d 8d 20 19
0x00007ffc741292e0:   00 00 e8 21 3c e6 ff 48 8b 85 20 19 00 00 80 b8
0x00007ffc741292f0:   d0 33 04 00 00 74 10 48 8d 95 28 19 00 00 4c 8b
0x00007ffc74129300:   85 40 1d 00 00 eb 0a 48 8b 95 50 1d 00 00 4c 8b
0x00007ffc74129310:   c2 0f b6 8f c4 0c 04 00 48 8b 05 e1 b0 d5 00 83
0x00007ffc74129320:   b8 c0 08 00 00 00 74 62 84 c9 0f 84 aa 00 00 00
0x00007ffc74129330:   83 bf 0c 0e 04 00 00 0f 85 9d 00 00 00 80 bf bc
0x00007ffc74129340:   0b 04 00 00 74 33 8b 87 b8 0b 04 00 ff c0 3b 87
0x00007ffc74129350:   58 0b 04 00 75 23 80 bf 78 10 04 00 00 74 1a b8
0x00007ffc74129360:   00 80 00 00 09 87 a8 0b 04 00 8b 8f a8 0b 04 00
0x00007ffc74129370:   48 8b 87 b0 0b 04 00 89 08 4c 89 87 b0 0b 04 00
0x00007ffc74129380:   8b 02 89 87 a8 0b 04 00 eb 44 84 c9 74 4c 83 bf
0x00007ffc74129390:   0c 0e 04 00 00 75 43 80 bf bc 0b 04 00 00 74 27
0x00007ffc741293a0:   8b 87 b8 0b 04 00 ff c0 3b 87 58 0b 04 00 75 17
0x00007ffc741293b0:   80 bf 78 10 04 00 00 74 0e 48 8b 87 b0 0b 04 00
0x00007ffc741293c0:   b9 00 80 00 00 09 08 4c 89 87 b0 0b 04 00 8b 87 


Stack slot to memory mapping:

stack at sp + 0 slots: 0x0000000000000010 is an unknown value
stack at sp + 1 slots: 0x0000000000000003 is an unknown value
stack at sp + 2 slots: 0x00000206cde80db0 points into unknown readable memory: 0x00000206c57e5b80 | 80 5b 7e c5 06 02 00 00
stack at sp + 3 slots: 0x5355534100000000 is an unknown value
stack at sp + 4 slots: 0x0000000200000001 is an unknown value
stack at sp + 5 slots: 0x0000000200040000 is an unknown value
stack at sp + 6 slots: 0x0000014800000001 is an unknown value
stack at sp + 7 slots: 0x0000000200000010 is an unknown value


Compiled method (n/a) 31118 1821     n 0       sun.java2d.opengl.OGLRenderQueue::flushBuffer (native)
 total in heap  [0x00000206e0dca890,0x00000206e0dcac38] = 936
 relocation     [0x00000206e0dca9e8,0x00000206e0dcaa18] = 48
 main code      [0x00000206e0dcaa20,0x00000206e0dcac32] = 530
 stub code      [0x00000206e0dcac32,0x00000206e0dcac38] = 6

[Constant Pool (empty)]

[MachCode]
[Entry Point]
  # {method} {0x00000206c1299a60} 'flushBuffer' '(JI)V' in 'sun/java2d/opengl/OGLRenderQueue'
  # this:     rdx:rdx   = 'sun/java2d/opengl/OGLRenderQueue'
  # parm0:    r8:r8     = long
  # parm1:    r9        = int
  #           [sp+0x70]  (sp of caller)
  0x00000206e0dcaa20: 448b 5208 | 49bb 0000 | 0080 0602 | 0000 4d03 | d349 3bc2 | 0f84 0600 

  0x00000206e0dcaa38: ;   {runtime_call ic_miss_stub}
  0x00000206e0dcaa38: 0000 e941 | 3d85 ff90 
[Verified Entry Point]
  0x00000206e0dcaa40: 8984 2400 | 80ff ff55 | 488b ec48 | 83ec 6090 | 4181 7f20 | 0100 0000 

  0x00000206e0dcaa58: ;   {runtime_call StubRoutines (final stubs)}
  0x00000206e0dcaa58: 7405 e881 | a283 ff48 | 8954 2420 | 4883 fa00 | 488d 5424 | 2048 0f44 | 5424 20c5 

  0x00000206e0dcaa74: ;   {internal_word}
  0x00000206e0dcaa74: f877 49ba | 73aa dce0 | 0602 0000 | 4d89 97a8 | 0300 0049 | 89a7 a003 

  0x00000206e0dcaa8c: ;   {external_word}
  0x00000206e0dcaa8c: 0000 49ba | 9c30 549e | fc7f 0000 | 4180 3a00 | 0f84 4e00 | 0000 5241 

  0x00000206e0dcaaa4: ;   {metadata({method} {0x00000206c1299a60} 'flushBuffer' '(JI)V' in 'sun/java2d/opengl/OGLRenderQueue')}
  0x00000206e0dcaaa4: 5041 5148 | ba58 9a29 | c106 0200 | 0049 8bcf | 4883 ec20 | 40f6 c40f | 0f84 1900 | 0000 4883 
  0x00000206e0dcaac4: ;   {runtime_call}
  0x00000206e0dcaac4: ec08 48b8 | 40b5 049e | fc7f 0000 | ffd0 4883 | c408 e90c 

  0x00000206e0dcaad8: ;   {runtime_call}
  0x00000206e0dcaad8: 0000 0048 | b840 b504 | 9efc 7f00 | 00ff d048 | 83c4 2041 | 5941 585a | 498d 8fc0 | 0300 0041 
  0x00000206e0dcaaf8: c787 5404 | 0000 0400 

  0x00000206e0dcab00: ;   {runtime_call}
  0x00000206e0dcab00: 0000 48b8 | f0e6 e2e1 | fc7f 0000 | ffd0 c5f8 | 7741 c787 | 5404 0000 | 0500 0000 | f083 4424 
  0x00000206e0dcab20: c000 493b | af58 0400 | 000f 870e | 0000 0041 | 83bf 5004 | 0000 000f | 8423 0000 | 00c5 f877 
  0x00000206e0dcab40: 498b cf4c | 8be4 4883 | ec20 4883 

  0x00000206e0dcab4c: ;   {runtime_call}
  0x00000206e0dcab4c: e4f0 48b8 | d01e cf9d | fc7f 0000 | ffd0 498b | e44d 33e4 | 41c7 8754 | 0400 0008 | 0000 0041 
  0x00000206e0dcab6c: 83bf d004 | 0000 020f | 8494 0000 

  0x00000206e0dcab78: ;   {external_word}
  0x00000206e0dcab78: 0049 ba9c | 3054 9efc | 7f00 0041 | 803a 000f | 8444 0000 

  0x00000206e0dcab8c: ;   {metadata({method} {0x00000206c1299a60} 'flushBuffer' '(JI)V' in 'sun/java2d/opengl/OGLRenderQueue')}
  0x00000206e0dcab8c: 0048 ba58 | 9a29 c106 | 0200 0049 | 8bcf 4883 | ec20 40f6 | c40f 0f84 | 1900 0000 | 4883 ec08 
  0x00000206e0dcabac: ;   {runtime_call}
  0x00000206e0dcabac: 48b8 40b5 | 049e fc7f | 0000 ffd0 | 4883 c408 | e90c 0000 

  0x00000206e0dcabc0: ;   {runtime_call}
  0x00000206e0dcabc0: 0048 b840 | b504 9efc | 7f00 00ff | d048 83c4 | 2049 c787 | a003 0000 | 0000 0000 | 49c7 87a8 
  0x00000206e0dcabe0: 0300 0000 | 0000 00c5 | f877 498b | 8f30 0400 | 00c7 8100 | 0100 0000 | 0000 00c9 | 4983 7f08 
  0x00000206e0dcac00: 000f 8501 | 0000 00c3 

  0x00000206e0dcac08: ;   {runtime_call StubRoutines (initial stubs)}
  0x00000206e0dcac08: e9f3 6280 | ffc5 f877 | 4c8b e448 | 83ec 2048 

  0x00000206e0dcac18: ;   {runtime_call}
  0x00000206e0dcac18: 83e4 f048 | b890 ed04 | 9efc 7f00 | 00ff d049 | 8be4 4d33 | e4e9 47ff | ffff f4f4 | f4f4 f4f4 
[/MachCode]


Compiled method (c2) 31121 2381       4       sun.java2d.opengl.OGLRenderQueue::flushBuffer (41 bytes)
 total in heap  [0x00000206e0e71d10,0x00000206e0e72470] = 1888
 relocation     [0x00000206e0e71e68,0x00000206e0e71ec0] = 88
 main code      [0x00000206e0e71ec0,0x00000206e0e72278] = 952
 stub code      [0x00000206e0e72278,0x00000206e0e722a0] = 40
 metadata       [0x00000206e0e722a0,0x00000206e0e722c8] = 40
 scopes data    [0x00000206e0e722c8,0x00000206e0e72350] = 136
 scopes pcs     [0x00000206e0e72350,0x00000206e0e72420] = 208
 dependencies   [0x00000206e0e72420,0x00000206e0e72428] = 8
 handler table  [0x00000206e0e72428,0x00000206e0e72440] = 24
 nul chk table  [0x00000206e0e72440,0x00000206e0e72470] = 48

[Constant Pool (empty)]

[MachCode]
[Entry Point]
  # {method} {0x00000206c1299b50} 'flushBuffer' '()V' in 'sun/java2d/opengl/OGLRenderQueue'
  #           [sp+0x50]  (sp of caller)
  0x00000206e0e71ec0: 448b 5208 | 49bb 0000 | 0080 0602 | 0000 4d03 | d349 3bc2 

  0x00000206e0e71ed4: ;   {runtime_call ic_miss_stub}
  0x00000206e0e71ed4: 0f85 a6c8 | 7aff 6690 | 0f1f 4000 
[Verified Entry Point]
  0x00000206e0e71ee0: 8984 2400 | 80ff ff55 | 4883 ec40 | 4181 7f20 | 0100 0000 | 0f85 7403 | 0000 488b | ea44 8b5a 
  0x00000206e0e71f00: 0c4f 8b54 | dc20 4f8b | 44dc 104d | 2bd0 458b | ca45 85c9 | 0f8e 6202 

  0x00000206e0e71f18: ;   {optimized virtual_call}
  0x00000206e0e71f18: 0000 90e8 

  0x00000206e0e71f1c: ; ImmutableOopMap {rbp=Oop }
                      ;*invokevirtual flushBuffer {reexecute=0 rethrow=0 return_oop=0}
                      ; - sun.java2d.opengl.OGLRenderQueue::flushBuffer@21 (line 148)
  0x00000206e0e71f1c: 208b f5ff 

  0x00000206e0e71f20: ;   {other}
  0x00000206e0e71f20: 0f1f 8400 | 1002 0000 | 448b 550c 

  0x00000206e0e71f2c: ; implicit exception: dispatches to 0x00000206e0e72208
  0x00000206e0e71f2c: 4f8b 5cd4 | 104f 895c | d420 8b6d | 1045 8b54 

  0x00000206e0e71f3c: ;   {metadata('java/util/HashSet')}
  0x00000206e0e71f3c: ec08 4181 | faf0 7f0b | 000f 850a | 0200 004d | 8d14 ec41 | 8b6a 0c45 | 8b54 ec08 

  0x00000206e0e71f58: ;   {metadata('java/util/HashMap')}
  0x00000206e0e71f58: 4181 fa10 | 6407 000f | 8503 0200 | 004d 8d14 | ec41 8b6a | 2441 ff42 | 1845 8b6c | ec0c 458b 
  0x00000206e0e71f78: 5a14 4585 | db0f 8eac | 0000 0045 | 8962 1445 | 85ed 0f86 | 9f00 0000 | 458d 75ff | 453b f50f 
  0x00000206e0e71f98: 83f7 0100 | 0041 807f | 3800 0f85 | 0301 0000 | 4589 64ec | 1048 c1e5 | 03bb 0100 | 0000 4183 
  0x00000206e0e71fb8: fe01 7e56 | bed0 0700 | 0041 8bfd | 2bfb ffcf | 4533 d244 | 3bf3 410f | 4cfa 81ff | d007 0000 
  0x00000206e0e71fd8: 0f47 fe03 | fb66 6690 | 4180 7f38 | 000f 8588 | 0000 0044 | 8964 9d10 | 4180 7f38 | 0075 4b44 
  0x00000206e0e71ff8: 8964 9d14 | 83c3 023b | df7c dd4d | 8b97 6004 

  0x00000206e0e72008: ; ImmutableOopMap {rbp=Oop }
                      ;*goto {reexecute=1 rethrow=0 return_oop=0}
                      ; - (reexecute) java.util.HashMap::clear@46 (line 869)
                      ; - java.util.HashSet::clear@4 (line 253)
                      ; - sun.java2d.opengl.OGLRenderQueue::flushBuffer@35 (line 153)
                      ;   {poll}
  0x00000206e0e72008: 0000 4185 | 0241 3bde | 7caf 413b | dd7d 1890 | 4180 7f38 | 000f 85c0 | 0000 0044 | 8964 9d10 
  0x00000206e0e72028: ffc3 413b | dd7c e948 | 83c4 405d 

  0x00000206e0e72034: ;   {poll_return}
  0x00000206e0e72034: 493b a758 | 0400 000f | 8717 0200 | 00c3 448b | 549d 1445 | 85d2 74ab | 4d8b 5f28 | 498b ca48 
  0x00000206e0e72054: c1e1 034d | 85db 0f84 | bb00 0000 | 4d8b 5730 | 4b89 4c1a | f849 83c3 | f84d 895f | 28eb 8444 
  0x00000206e0e72074: 8b54 9d10 | 4585 d20f | 846a ffff | ff4d 8b5f | 2849 8bca | 48c1 e103 | 4d85 db0f | 84a3 0000 
  0x00000206e0e72094: 004d 8b57 | 304b 894c | 1af8 4983 | c3f8 4d89 | 5f28 e940 | ffff ff45 | 8b54 ec10 | 4585 d20f 
  0x00000206e0e720b4: 84ef feff | ff4d 8b5f | 2849 8bca | 48c1 e103 | 4d85 db0f | 84df 0000 | 004d 8b57 | 304b 894c 
  0x00000206e0e720d4: 1af8 4983 | c3f8 4d89 | 5f28 e9c5 | feff ff44 | 8b5c 9d10 | 4585 db0f | 8432 ffff | ff4d 8b57 
  0x00000206e0e720f4: 2849 8bcb | 48c1 e103 | 4d85 d20f | 84c4 0000 | 004d 8b5f | 304b 894c | 13f8 4983 | c2f8 4d89 
  0x00000206e0e72114: 5728 e908 | ffff ff49 | 8bd7 49ba | e03e c29d | fc7f 0000 

  0x00000206e0e72128: ;   {other}
  0x00000206e0e72128: 41ff d20f | 1f84 0000 | 0000 00e9 | bffe ffff | 498b d749 | bae0 3ec2 | 9dfc 7f00 | 0041 ffd2 
  0x00000206e0e72148: ;   {other}
  0x00000206e0e72148: 0f1f 8400 | 0000 0000 | e996 feff | ffba deff 

  0x00000206e0e72158: ;   {runtime_call UncommonTrapBlob}
  0x00000206e0e72158: ffff 90e8 

  0x00000206e0e7215c: ; ImmutableOopMap {rbp=NarrowOop }
                      ;*invokeinterface clear {reexecute=0 rethrow=0 return_oop=0}
                      ; - sun.java2d.opengl.OGLRenderQueue::flushBuffer@35 (line 153)
  0x00000206e0e7215c: a024 7bff 

  0x00000206e0e72160: ;   {other}
  0x00000206e0e72160: 0f1f 8400 | 5004 0002 | bade ffff 

  0x00000206e0e7216c: ;   {runtime_call UncommonTrapBlob}
  0x00000206e0e7216c: ff66 90e8 

  0x00000206e0e72170: ; ImmutableOopMap {rbp=NarrowOop }
                      ;*invokevirtual clear {reexecute=0 rethrow=0 return_oop=0}
                      ; - java.util.HashSet::clear@4 (line 253)
                      ; - sun.java2d.opengl.OGLRenderQueue::flushBuffer@35 (line 153)
  0x00000206e0e72170: 8c24 7bff 

  0x00000206e0e72174: ;   {other}
  0x00000206e0e72174: 0f1f 8400 | 6404 0003 | ba45 ffff | ff44 894c 

  0x00000206e0e72184: ;   {runtime_call UncommonTrapBlob}
  0x00000206e0e72184: 2420 90e8 

  0x00000206e0e72188: ; ImmutableOopMap {rbp=Oop }
                      ;*ifle {reexecute=1 rethrow=0 return_oop=0}
                      ; - (reexecute) sun.java2d.opengl.OGLRenderQueue::flushBuffer@9 (line 146)
  0x00000206e0e72188: 7424 7bff 

  0x00000206e0e7218c: ;   {other}
  0x00000206e0e7218c: 0f1f 8400 | 7c04 0004 | ba76 ffff | ff44 896c 

  0x00000206e0e7219c: ;   {runtime_call UncommonTrapBlob}
  0x00000206e0e7219c: 2420 90e8 

  0x00000206e0e721a0: ; ImmutableOopMap {rbp=NarrowOop }
                      ;*if_icmpge {reexecute=1 rethrow=0 return_oop=0}
                      ; - (reexecute) java.util.HashMap::clear@36 (line 869)
                      ; - java.util.HashSet::clear@4 (line 253)
                      ; - sun.java2d.opengl.OGLRenderQueue::flushBuffer@35 (line 153)
  0x00000206e0e721a0: 5c24 7bff 

  0x00000206e0e721a4: ;   {other}
  0x00000206e0e721a4: 0f1f 8400 | 9404 0005 | 498b d749 | bae0 3ec2 | 9dfc 7f00 | 0041 ffd2 

  0x00000206e0e721bc: ;   {other}
  0x00000206e0e721bc: 0f1f 8400 | 0000 0000 | e9df fdff | ff49 8bd7 | 49ba e03e | c29d fc7f | 0000 41ff 

  0x00000206e0e721d8: ;   {other}
  0x00000206e0e721d8: d20f 1f84 | 0000 0000 | 00e9 3dfe | ffff 488b | d048 83c4 

  0x00000206e0e721ec: ;   {runtime_call _rethrow_Java}
  0x00000206e0e721ec: 405d e98d | 1691 ffba | f6ff ffff 

  0x00000206e0e721f8: ;   {runtime_call UncommonTrapBlob}
  0x00000206e0e721f8: 6666 90e8 

  0x00000206e0e721fc: ; ImmutableOopMap {}
                      ;*invokevirtual position {reexecute=0 rethrow=0 return_oop=0}
                      ; - sun.java2d.opengl.OGLRenderQueue::flushBuffer@4 (line 145)
  0x00000206e0e721fc: 0024 7bff 

  0x00000206e0e72200: ;   {other}
  0x00000206e0e72200: 0f1f 8400 | f004 0006 | baf6 ffff 

  0x00000206e0e7220c: ;   {runtime_call UncommonTrapBlob}
  0x00000206e0e7220c: ff66 90e8 

  0x00000206e0e72210: ; ImmutableOopMap {}
                      ;*invokevirtual clear {reexecute=0 rethrow=0 return_oop=0}
                      ; - sun.java2d.opengl.OGLRenderQueue::flushBuffer@28 (line 151)
  0x00000206e0e72210: ec23 7bff 

  0x00000206e0e72214: ;   {other}
  0x00000206e0e72214: 0f1f 8400 | 0405 0007 | baf6 ffff 

  0x00000206e0e72220: ;   {runtime_call UncommonTrapBlob}
  0x00000206e0e72220: ff66 90e8 

  0x00000206e0e72224: ; ImmutableOopMap {}
                      ;*invokeinterface clear {reexecute=0 rethrow=0 return_oop=0}
                      ; - sun.java2d.opengl.OGLRenderQueue::flushBuffer@35 (line 153)
  0x00000206e0e72224: d823 7bff 

  0x00000206e0e72228: ;   {other}
  0x00000206e0e72228: 0f1f 8400 | 1805 0008 | baf6 ffff 

  0x00000206e0e72234: ;   {runtime_call UncommonTrapBlob}
  0x00000206e0e72234: ff66 90e8 

  0x00000206e0e72238: ; ImmutableOopMap {}
                      ;*invokevirtual clear {reexecute=0 rethrow=0 return_oop=0}
                      ; - java.util.HashSet::clear@4 (line 253)
                      ; - sun.java2d.opengl.OGLRenderQueue::flushBuffer@35 (line 153)
  0x00000206e0e72238: c423 7bff 

  0x00000206e0e7223c: ;   {other}
  0x00000206e0e7223c: 0f1f 8400 | 2c05 0009 | ba45 ffff 

  0x00000206e0e72248: ;   {runtime_call UncommonTrapBlob}
  0x00000206e0e72248: ff66 90e8 

  0x00000206e0e7224c: ; ImmutableOopMap {rbp=NarrowOop }
                      ;*ifnull {reexecute=1 rethrow=0 return_oop=0}
                      ; - (reexecute) java.util.HashMap::clear@16 (line 867)
                      ; - java.util.HashSet::clear@4 (line 253)
                      ; - sun.java2d.opengl.OGLRenderQueue::flushBuffer@35 (line 153)
  0x00000206e0e7224c: b023 7bff 

  0x00000206e0e72250: ;   {other}
  0x00000206e0e72250: 0f1f 8400 | 4005 000a 

  0x00000206e0e72258: ;   {internal_word}
  0x00000206e0e72258: 49ba 3420 | e7e0 0602 | 0000 4d89 | 9770 0400 

  0x00000206e0e72268: ;   {runtime_call SafepointBlob}
  0x00000206e0e72268: 00e9 9234 

  0x00000206e0e7226c: ;   {runtime_call StubRoutines (final stubs)}
  0x00000206e0e7226c: 7bff e86d | 2a79 ffe9 | 82fc ffff 
[Stub Code]
  0x00000206e0e72278: ;   {no_reloc}
  0x00000206e0e72278: 48bb 0000 | 0000 0000 

  0x00000206e0e72280: ;   {runtime_call}
  0x00000206e0e72280: 0000 e9fb 

  0x00000206e0e72284: ;   {runtime_call ExceptionBlob}
  0x00000206e0e72284: ffff ffe9 | 74a9 87ff 
[Deopt Handler Code]
  0x00000206e0e7228c: e800 0000 | 0048 832c 

  0x00000206e0e72294: ;   {runtime_call DeoptimizationBlob}
  0x00000206e0e72294: 2405 e905 | 277b fff4 | f4f4 f4f4 
[/MachCode]


---------------  P R O C E S S  ---------------

Threads class SMR info:
_java_thread_list=0x00000206cd993aa0, length=19, elements={
0x00000206eff9f1d0, 0x00000206effa00f0, 0x00000206effa5ed0, 0x00000206effa8b70,
0x00000206effa9830, 0x00000206effad970, 0x00000206c5148090, 0x00000206c514ba20,
0x00000206c52bb940, 0x00000206c5414c10, 0x00000206c5415280, 0x00000206c5723650,
0x00000206cd03d300, 0x00000206cd053e40, 0x00000206cd0577f0, 0x00000206cd5ab490,
0x00000206cd277440, 0x00000206cd2e7990, 0x00000206cdd8b290
}

Java Threads: ( => current thread )
  0x00000206eff9f1d0 JavaThread "Reference Handler"          daemon [_thread_blocked, id=23188, stack(0x00000091d3100000,0x00000091d3200000) (1024K)]
  0x00000206effa00f0 JavaThread "Finalizer"                  daemon [_thread_blocked, id=25364, stack(0x00000091d3200000,0x00000091d3300000) (1024K)]
  0x00000206effa5ed0 JavaThread "Signal Dispatcher"          daemon [_thread_blocked, id=2628, stack(0x00000091d3300000,0x00000091d3400000) (1024K)]
  0x00000206effa8b70 JavaThread "Attach Listener"            daemon [_thread_blocked, id=18340, stack(0x00000091d3400000,0x00000091d3500000) (1024K)]
  0x00000206effa9830 JavaThread "Service Thread"             daemon [_thread_blocked, id=1544, stack(0x00000091d3500000,0x00000091d3600000) (1024K)]
  0x00000206effad970 JavaThread "Monitor Deflation Thread"   daemon [_thread_blocked, id=27920, stack(0x00000091d3600000,0x00000091d3700000) (1024K)]
  0x00000206c5148090 JavaThread "C2 CompilerThread0"         daemon [_thread_blocked, id=24308, stack(0x00000091d3700000,0x00000091d3800000) (1024K)]
  0x00000206c514ba20 JavaThread "C1 CompilerThread0"         daemon [_thread_blocked, id=3892, stack(0x00000091d3800000,0x00000091d3900000) (1024K)]
  0x00000206c52bb940 JavaThread "Common-Cleaner"             daemon [_thread_blocked, id=35696, stack(0x00000091d3a00000,0x00000091d3b00000) (1024K)]
  0x00000206c5414c10 JavaThread "Monitor Ctrl-Break"         daemon [_thread_in_native, id=11860, stack(0x00000091d3e00000,0x00000091d3f00000) (1024K)]
  0x00000206c5415280 JavaThread "Notification Thread"        daemon [_thread_blocked, id=29508, stack(0x00000091d3f00000,0x00000091d4000000) (1024K)]
=>0x00000206c5723650 JavaThread "Java2D Queue Flusher"       daemon [_thread_in_native, id=13184, stack(0x00000091d4000000,0x00000091d4100000) (1024K)]
  0x00000206cd03d300 JavaThread "Java2D Disposer"            daemon [_thread_blocked, id=11056, stack(0x00000091d3c00000,0x00000091d3d00000) (1024K)]
  0x00000206cd053e40 JavaThread "AWT-Shutdown"                      [_thread_blocked, id=13636, stack(0x00000091d3d00000,0x00000091d3e00000) (1024K)]
  0x00000206cd0577f0 JavaThread "AWT-Windows"                daemon [_thread_in_native, id=7832, stack(0x00000091d4500000,0x00000091d4600000) (1024K)]
  0x00000206cd5ab490 JavaThread "Thread-1"                          [_thread_blocked, id=14964, stack(0x00000091d4e00000,0x00000091d4f00000) (1024K)]
  0x00000206cd277440 JavaThread "Thread-2"                          [_thread_in_Java, id=29588, stack(0x00000091d4f00000,0x00000091d5000000) (1024K)]
  0x00000206cd2e7990 JavaThread "AWT-EventQueue-0"                  [_thread_blocked, id=35424, stack(0x00000091d5000000,0x00000091d5100000) (1024K)]
  0x00000206cdd8b290 JavaThread "DestroyJavaVM"                     [_thread_blocked, id=32756, stack(0x00000091d2900000,0x00000091d2a00000) (1024K)]
Total: 19

Other Threads:
  0x00000206eff84e00 VMThread "VM Thread"                           [id=10924, stack(0x00000091d3000000,0x00000091d3100000) (1024K)]
  0x00000206eff6af00 WatcherThread "VM Periodic Task Thread"        [id=6976, stack(0x00000091d2f00000,0x00000091d3000000) (1024K)]
  0x00000206cec5bed0 WorkerThread "GC Thread#0"                     [id=9492, stack(0x00000091d2a00000,0x00000091d2b00000) (1024K)]
  0x00000206cd0724a0 WorkerThread "GC Thread#1"                     [id=33328, stack(0x00000091d4800000,0x00000091d4900000) (1024K)]
  0x00000206cd110790 WorkerThread "GC Thread#2"                     [id=23456, stack(0x00000091d4900000,0x00000091d4a00000) (1024K)]
  0x00000206cd110f50 WorkerThread "GC Thread#3"                     [id=13356, stack(0x00000091d4a00000,0x00000091d4b00000) (1024K)]
  0x00000206cd122a30 WorkerThread "GC Thread#4"                     [id=7776, stack(0x00000091d4b00000,0x00000091d4c00000) (1024K)]
  0x00000206cd122de0 WorkerThread "GC Thread#5"                     [id=27436, stack(0x00000091d4c00000,0x00000091d4d00000) (1024K)]
  0x00000206cd123540 WorkerThread "GC Thread#6"                     [id=10880, stack(0x00000091d4d00000,0x00000091d4e00000) (1024K)]
  0x00000206cd1238f0 WorkerThread "GC Thread#7"                     [id=23764, stack(0x00000091d5400000,0x00000091d5500000) (1024K)]
  0x00000206cd123190 WorkerThread "GC Thread#8"                     [id=20824, stack(0x00000091d5500000,0x00000091d5600000) (1024K)]
  0x00000206cd1222d0 WorkerThread "GC Thread#9"                     [id=31164, stack(0x00000091d5600000,0x00000091d5700000) (1024K)]
  0x00000206cd122680 WorkerThread "GC Thread#10"                    [id=31476, stack(0x00000091d5700000,0x00000091d5800000) (1024K)]
  0x00000206f0d388a0 WorkerThread "GC Thread#11"                    [id=19952, stack(0x00000091d5800000,0x00000091d5900000) (1024K)]
  0x00000206f0d358b0 WorkerThread "GC Thread#12"                    [id=20628, stack(0x00000091d4700000,0x00000091d4800000) (1024K)]
  0x00000206d0ebbb70 ConcurrentGCThread "G1 Main Marker"            [id=19428, stack(0x00000091d2b00000,0x00000091d2c00000) (1024K)]
  0x00000206cec5e4f0 WorkerThread "G1 Conc#0"                       [id=31716, stack(0x00000091d2c00000,0x00000091d2d00000) (1024K)]
  0x00000206efe40030 ConcurrentGCThread "G1 Refine#0"               [id=35248, stack(0x00000091d2d00000,0x00000091d2e00000) (1024K)]
  0x00000206efe40860 ConcurrentGCThread "G1 Service"                [id=30392, stack(0x00000091d2e00000,0x00000091d2f00000) (1024K)]
Total: 19

Threads with active compile tasks:
Total: 0

VM state: not at safepoint (normal execution)

VM Mutex/Monitor currently owned by a thread: None

Heap address: 0x0000000705a00000, size: 4006 MB, Compressed Oops mode: Zero based, Oop shift amount: 3

CDS archive(s) mapped at: [0x0000020680000000-0x0000020680c50000-0x0000020680c50000), size 12910592, SharedBaseAddress: 0x0000020680000000, ArchiveRelocationMode: 1.
Compressed class space mapped at: 0x0000020681000000-0x00000206c1000000, reserved size: 1073741824
Narrow klass base: 0x0000020680000000, Narrow klass shift: 0, Narrow klass range: 0x41000000

GC Precious Log:
 CardTable entry size: 512
 Card Set container configuration: InlinePtr #cards 4 size 8 Array Of Cards #cards 16 size 48 Howl #buckets 8 coarsen threshold 3686 Howl Bitmap #cards 512 size 80 coarsen threshold 460 Card regions per heap region 1 cards per card region 4096
 CPUs: 16 total, 16 available
 Memory: 16016M
 Large Page Support: Disabled
 NUMA Support: Disabled
 Compressed Oops: Enabled (Zero based)
 Heap Region Size: 2M
 Heap Min Capacity: 8M
 Heap Initial Capacity: 252M
 Heap Max Capacity: 4006M
 Pre-touch: Disabled
 Parallel Workers: 13
 Concurrent Workers: 3
 Concurrent Refinement Workers: 13
 Periodic GC: Disabled

Heap:
 garbage-first heap   total reserved 4102144K, committed 258048K, used 145296K [0x0000000705a00000, 0x0000000800000000)
  region size 2048K, 59 young (120832K), 5 survivors (10240K)
 Metaspace       used 9234K, committed 9536K, reserved 1114112K
  class space    used 927K, committed 1024K, reserved 1048576K

Heap Regions: E=young(eden), S=young(survivor), O=old, HS=humongous(starts), HC=humongous(continues), CS=collection set, F=free, TAMS=top-at-mark-start, PB=parsable bottom
|   0|0x0000000705a00000, 0x0000000705c00000, 0x0000000705c00000|100%|HS|  |TAMS 0x0000000705a00000| PB 0x0000000705a00000| Complete |  0
|   1|0x0000000705c00000, 0x0000000705e00000, 0x0000000705e00000|100%|HS|  |TAMS 0x0000000705c00000| PB 0x0000000705c00000| Complete |  0
|   2|0x0000000705e00000, 0x0000000706000000, 0x0000000706000000|100%| O|  |TAMS 0x0000000705e00000| PB 0x0000000705e00000| Untracked |  0
|   3|0x0000000706000000, 0x0000000706200000, 0x0000000706200000|100%| O|  |TAMS 0x0000000706000000| PB 0x0000000706000000| Untracked |  0
|   4|0x0000000706200000, 0x0000000706400000, 0x0000000706400000|100%| O|  |TAMS 0x0000000706200000| PB 0x0000000706200000| Untracked |  0
|   5|0x0000000706400000, 0x0000000706600000, 0x0000000706600000|100%| O|  |TAMS 0x0000000706400000| PB 0x0000000706400000| Untracked |  0
|   6|0x0000000706600000, 0x0000000706800000, 0x0000000706800000|100%| O|  |TAMS 0x0000000706600000| PB 0x0000000706600000| Untracked |  0
|   7|0x0000000706800000, 0x0000000706a00000, 0x0000000706a00000|100%| O|  |TAMS 0x0000000706800000| PB 0x0000000706800000| Untracked |  0
|   8|0x0000000706a00000, 0x0000000706c00000, 0x0000000706c00000|100%| O|  |TAMS 0x0000000706a00000| PB 0x0000000706a00000| Untracked |  0
|   9|0x0000000706c00000, 0x0000000706e00000, 0x0000000706e00000|100%| O|  |TAMS 0x0000000706c00000| PB 0x0000000706c00000| Untracked |  0
|  10|0x0000000706e00000, 0x0000000707000000, 0x0000000707000000|100%| O|  |TAMS 0x0000000706e00000| PB 0x0000000706e00000| Untracked |  0
|  11|0x0000000707000000, 0x0000000707200000, 0x0000000707200000|100%| O|  |TAMS 0x0000000707000000| PB 0x0000000707000000| Untracked |  0
|  12|0x0000000707200000, 0x0000000707400000, 0x0000000707400000|100%| O|  |TAMS 0x0000000707200000| PB 0x0000000707200000| Untracked |  0
|  13|0x0000000707400000, 0x00000007074f2010, 0x0000000707600000| 47%| O|  |TAMS 0x0000000707400000| PB 0x0000000707400000| Untracked |  0
|  14|0x0000000707600000, 0x0000000707600000, 0x0000000707800000|  0%| F|  |TAMS 0x0000000707600000| PB 0x0000000707600000| Untracked |  0
|  15|0x0000000707800000, 0x0000000707800000, 0x0000000707a00000|  0%| F|  |TAMS 0x0000000707800000| PB 0x0000000707800000| Untracked |  0
|  16|0x0000000707a00000, 0x0000000707a00000, 0x0000000707c00000|  0%| F|  |TAMS 0x0000000707a00000| PB 0x0000000707a00000| Untracked |  0
|  17|0x0000000707c00000, 0x0000000707c00000, 0x0000000707e00000|  0%| F|  |TAMS 0x0000000707c00000| PB 0x0000000707c00000| Untracked |  0
|  18|0x0000000707e00000, 0x0000000707e00000, 0x0000000708000000|  0%| F|  |TAMS 0x0000000707e00000| PB 0x0000000707e00000| Untracked |  0
|  19|0x0000000708000000, 0x0000000708000000, 0x0000000708200000|  0%| F|  |TAMS 0x0000000708000000| PB 0x0000000708000000| Untracked |  0
|  20|0x0000000708200000, 0x0000000708200000, 0x0000000708400000|  0%| F|  |TAMS 0x0000000708200000| PB 0x0000000708200000| Untracked |  0
|  21|0x0000000708400000, 0x0000000708400000, 0x0000000708600000|  0%| F|  |TAMS 0x0000000708400000| PB 0x0000000708400000| Untracked |  0
|  22|0x0000000708600000, 0x0000000708600000, 0x0000000708800000|  0%| F|  |TAMS 0x0000000708600000| PB 0x0000000708600000| Untracked |  0
|  23|0x0000000708800000, 0x0000000708800000, 0x0000000708a00000|  0%| F|  |TAMS 0x0000000708800000| PB 0x0000000708800000| Untracked |  0
|  24|0x0000000708a00000, 0x0000000708a00000, 0x0000000708c00000|  0%| F|  |TAMS 0x0000000708a00000| PB 0x0000000708a00000| Untracked |  0
|  25|0x0000000708c00000, 0x0000000708c00000, 0x0000000708e00000|  0%| F|  |TAMS 0x0000000708c00000| PB 0x0000000708c00000| Untracked |  0
|  26|0x0000000708e00000, 0x0000000708e00000, 0x0000000709000000|  0%| F|  |TAMS 0x0000000708e00000| PB 0x0000000708e00000| Untracked |  0
|  27|0x0000000709000000, 0x0000000709000000, 0x0000000709200000|  0%| F|  |TAMS 0x0000000709000000| PB 0x0000000709000000| Untracked |  0
|  28|0x0000000709200000, 0x0000000709200000, 0x0000000709400000|  0%| F|  |TAMS 0x0000000709200000| PB 0x0000000709200000| Untracked |  0
|  29|0x0000000709400000, 0x0000000709400000, 0x0000000709600000|  0%| F|  |TAMS 0x0000000709400000| PB 0x0000000709400000| Untracked |  0
|  30|0x0000000709600000, 0x0000000709600000, 0x0000000709800000|  0%| F|  |TAMS 0x0000000709600000| PB 0x0000000709600000| Untracked |  0
|  31|0x0000000709800000, 0x0000000709800000, 0x0000000709a00000|  0%| F|  |TAMS 0x0000000709800000| PB 0x0000000709800000| Untracked |  0
|  32|0x0000000709a00000, 0x0000000709a00000, 0x0000000709c00000|  0%| F|  |TAMS 0x0000000709a00000| PB 0x0000000709a00000| Untracked |  0
|  33|0x0000000709c00000, 0x0000000709c00000, 0x0000000709e00000|  0%| F|  |TAMS 0x0000000709c00000| PB 0x0000000709c00000| Untracked |  0
|  34|0x0000000709e00000, 0x0000000709e00000, 0x000000070a000000|  0%| F|  |TAMS 0x0000000709e00000| PB 0x0000000709e00000| Untracked |  0
|  35|0x000000070a000000, 0x000000070a000000, 0x000000070a200000|  0%| F|  |TAMS 0x000000070a000000| PB 0x000000070a000000| Untracked |  0
|  36|0x000000070a200000, 0x000000070a200000, 0x000000070a400000|  0%| F|  |TAMS 0x000000070a200000| PB 0x000000070a200000| Untracked |  0
|  37|0x000000070a400000, 0x000000070a400000, 0x000000070a600000|  0%| F|  |TAMS 0x000000070a400000| PB 0x000000070a400000| Untracked |  0
|  38|0x000000070a600000, 0x000000070a600000, 0x000000070a800000|  0%| F|  |TAMS 0x000000070a600000| PB 0x000000070a600000| Untracked |  0
|  39|0x000000070a800000, 0x000000070a800000, 0x000000070aa00000|  0%| F|  |TAMS 0x000000070a800000| PB 0x000000070a800000| Untracked |  0
|  40|0x000000070aa00000, 0x000000070aa00000, 0x000000070ac00000|  0%| F|  |TAMS 0x000000070aa00000| PB 0x000000070aa00000| Untracked |  0
|  41|0x000000070ac00000, 0x000000070ac00000, 0x000000070ae00000|  0%| F|  |TAMS 0x000000070ac00000| PB 0x000000070ac00000| Untracked |  0
|  42|0x000000070ae00000, 0x000000070ae00000, 0x000000070b000000|  0%| F|  |TAMS 0x000000070ae00000| PB 0x000000070ae00000| Untracked |  0
|  43|0x000000070b000000, 0x000000070b000000, 0x000000070b200000|  0%| F|  |TAMS 0x000000070b000000| PB 0x000000070b000000| Untracked |  0
|  44|0x000000070b200000, 0x000000070b200000, 0x000000070b400000|  0%| F|  |TAMS 0x000000070b200000| PB 0x000000070b200000| Untracked |  0
|  45|0x000000070b400000, 0x000000070b400000, 0x000000070b600000|  0%| F|  |TAMS 0x000000070b400000| PB 0x000000070b400000| Untracked |  0
|  46|0x000000070b600000, 0x000000070b600000, 0x000000070b800000|  0%| F|  |TAMS 0x000000070b600000| PB 0x000000070b600000| Untracked |  0
|  47|0x000000070b800000, 0x000000070b800000, 0x000000070ba00000|  0%| F|  |TAMS 0x000000070b800000| PB 0x000000070b800000| Untracked |  0
|  48|0x000000070ba00000, 0x000000070ba00000, 0x000000070bc00000|  0%| F|  |TAMS 0x000000070ba00000| PB 0x000000070ba00000| Untracked |  0
|  49|0x000000070bc00000, 0x000000070bc00000, 0x000000070be00000|  0%| F|  |TAMS 0x000000070bc00000| PB 0x000000070bc00000| Untracked |  0
|  50|0x000000070be00000, 0x000000070be00000, 0x000000070c000000|  0%| F|  |TAMS 0x000000070be00000| PB 0x000000070be00000| Untracked |  0
|  51|0x000000070c000000, 0x000000070c0f2010, 0x000000070c200000| 47%| S|CS|TAMS 0x000000070c000000| PB 0x000000070c000000| Complete |  0
|  52|0x000000070c200000, 0x000000070c400000, 0x000000070c400000|100%| S|CS|TAMS 0x000000070c200000| PB 0x000000070c200000| Complete |  0
|  53|0x000000070c400000, 0x000000070c600000, 0x000000070c600000|100%| S|CS|TAMS 0x000000070c400000| PB 0x000000070c400000| Complete |  0
|  54|0x000000070c600000, 0x000000070c800000, 0x000000070c800000|100%| S|CS|TAMS 0x000000070c600000| PB 0x000000070c600000| Complete |  0
|  55|0x000000070c800000, 0x000000070ca00000, 0x000000070ca00000|100%| S|CS|TAMS 0x000000070c800000| PB 0x000000070c800000| Complete |  0
|  56|0x000000070ca00000, 0x000000070ca00000, 0x000000070cc00000|  0%| F|  |TAMS 0x000000070ca00000| PB 0x000000070ca00000| Untracked |  0
|  57|0x000000070cc00000, 0x000000070cc00000, 0x000000070ce00000|  0%| F|  |TAMS 0x000000070cc00000| PB 0x000000070cc00000| Untracked |  0
|  58|0x000000070ce00000, 0x000000070ce00000, 0x000000070d000000|  0%| F|  |TAMS 0x000000070ce00000| PB 0x000000070ce00000| Untracked |  0
|  59|0x000000070d000000, 0x000000070d000000, 0x000000070d200000|  0%| F|  |TAMS 0x000000070d000000| PB 0x000000070d000000| Untracked |  0
|  60|0x000000070d200000, 0x000000070d200000, 0x000000070d400000|  0%| F|  |TAMS 0x000000070d200000| PB 0x000000070d200000| Untracked |  0
|  61|0x000000070d400000, 0x000000070d400000, 0x000000070d600000|  0%| F|  |TAMS 0x000000070d400000| PB 0x000000070d400000| Untracked |  0
|  62|0x000000070d600000, 0x000000070d600000, 0x000000070d800000|  0%| F|  |TAMS 0x000000070d600000| PB 0x000000070d600000| Untracked |  0
|  63|0x000000070d800000, 0x000000070d800000, 0x000000070da00000|  0%| F|  |TAMS 0x000000070d800000| PB 0x000000070d800000| Untracked |  0
|  64|0x000000070da00000, 0x000000070da00000, 0x000000070dc00000|  0%| F|  |TAMS 0x000000070da00000| PB 0x000000070da00000| Untracked |  0
|  65|0x000000070dc00000, 0x000000070dc00000, 0x000000070de00000|  0%| F|  |TAMS 0x000000070dc00000| PB 0x000000070dc00000| Untracked |  0
|  66|0x000000070de00000, 0x000000070de00000, 0x000000070e000000|  0%| F|  |TAMS 0x000000070de00000| PB 0x000000070de00000| Untracked |  0
|  67|0x000000070e000000, 0x000000070e000000, 0x000000070e200000|  0%| F|  |TAMS 0x000000070e000000| PB 0x000000070e000000| Untracked |  0
|  68|0x000000070e200000, 0x000000070e200000, 0x000000070e400000|  0%| F|  |TAMS 0x000000070e200000| PB 0x000000070e200000| Untracked |  0
|  69|0x000000070e400000, 0x000000070e400000, 0x000000070e600000|  0%| F|  |TAMS 0x000000070e400000| PB 0x000000070e400000| Untracked |  0
|  70|0x000000070e600000, 0x000000070e600000, 0x000000070e800000|  0%| F|  |TAMS 0x000000070e600000| PB 0x000000070e600000| Untracked |  0
|  71|0x000000070e800000, 0x000000070e800000, 0x000000070ea00000|  0%| F|  |TAMS 0x000000070e800000| PB 0x000000070e800000| Untracked |  0
|  72|0x000000070ea00000, 0x000000070eaa57b8, 0x000000070ec00000| 32%| E|  |TAMS 0x000000070ea00000| PB 0x000000070ea00000| Complete |  0
|  73|0x000000070ec00000, 0x000000070ee00000, 0x000000070ee00000|100%| E|CS|TAMS 0x000000070ec00000| PB 0x000000070ec00000| Complete |  0
|  74|0x000000070ee00000, 0x000000070f000000, 0x000000070f000000|100%| E|CS|TAMS 0x000000070ee00000| PB 0x000000070ee00000| Complete |  0
|  75|0x000000070f000000, 0x000000070f200000, 0x000000070f200000|100%| E|CS|TAMS 0x000000070f000000| PB 0x000000070f000000| Complete |  0
|  76|0x000000070f200000, 0x000000070f400000, 0x000000070f400000|100%| E|CS|TAMS 0x000000070f200000| PB 0x000000070f200000| Complete |  0
|  77|0x000000070f400000, 0x000000070f600000, 0x000000070f600000|100%| E|CS|TAMS 0x000000070f400000| PB 0x000000070f400000| Complete |  0
|  78|0x000000070f600000, 0x000000070f800000, 0x000000070f800000|100%| E|CS|TAMS 0x000000070f600000| PB 0x000000070f600000| Complete |  0
|  79|0x000000070f800000, 0x000000070fa00000, 0x000000070fa00000|100%| E|CS|TAMS 0x000000070f800000| PB 0x000000070f800000| Complete |  0
|  80|0x000000070fa00000, 0x000000070fc00000, 0x000000070fc00000|100%| E|CS|TAMS 0x000000070fa00000| PB 0x000000070fa00000| Complete |  0
|  81|0x000000070fc00000, 0x000000070fe00000, 0x000000070fe00000|100%| E|CS|TAMS 0x000000070fc00000| PB 0x000000070fc00000| Complete |  0
|  82|0x000000070fe00000, 0x0000000710000000, 0x0000000710000000|100%| E|CS|TAMS 0x000000070fe00000| PB 0x000000070fe00000| Complete |  0
|  83|0x0000000710000000, 0x0000000710200000, 0x0000000710200000|100%| E|CS|TAMS 0x0000000710000000| PB 0x0000000710000000| Complete |  0
|  84|0x0000000710200000, 0x0000000710400000, 0x0000000710400000|100%| E|CS|TAMS 0x0000000710200000| PB 0x0000000710200000| Complete |  0
|  85|0x0000000710400000, 0x0000000710600000, 0x0000000710600000|100%| E|CS|TAMS 0x0000000710400000| PB 0x0000000710400000| Complete |  0
|  86|0x0000000710600000, 0x0000000710800000, 0x0000000710800000|100%| E|CS|TAMS 0x0000000710600000| PB 0x0000000710600000| Complete |  0
|  87|0x0000000710800000, 0x0000000710a00000, 0x0000000710a00000|100%| E|CS|TAMS 0x0000000710800000| PB 0x0000000710800000| Complete |  0
|  88|0x0000000710a00000, 0x0000000710c00000, 0x0000000710c00000|100%| E|CS|TAMS 0x0000000710a00000| PB 0x0000000710a00000| Complete |  0
|  89|0x0000000710c00000, 0x0000000710e00000, 0x0000000710e00000|100%| E|CS|TAMS 0x0000000710c00000| PB 0x0000000710c00000| Complete |  0
|  90|0x0000000710e00000, 0x0000000711000000, 0x0000000711000000|100%| E|CS|TAMS 0x0000000710e00000| PB 0x0000000710e00000| Complete |  0
|  91|0x0000000711000000, 0x0000000711200000, 0x0000000711200000|100%| E|CS|TAMS 0x0000000711000000| PB 0x0000000711000000| Complete |  0
|  92|0x0000000711200000, 0x0000000711400000, 0x0000000711400000|100%| E|CS|TAMS 0x0000000711200000| PB 0x0000000711200000| Complete |  0
|  93|0x0000000711400000, 0x0000000711600000, 0x0000000711600000|100%| E|CS|TAMS 0x0000000711400000| PB 0x0000000711400000| Complete |  0
|  94|0x0000000711600000, 0x0000000711800000, 0x0000000711800000|100%| E|CS|TAMS 0x0000000711600000| PB 0x0000000711600000| Complete |  0
|  95|0x0000000711800000, 0x0000000711a00000, 0x0000000711a00000|100%| E|CS|TAMS 0x0000000711800000| PB 0x0000000711800000| Complete |  0
|  96|0x0000000711a00000, 0x0000000711c00000, 0x0000000711c00000|100%| E|CS|TAMS 0x0000000711a00000| PB 0x0000000711a00000| Complete |  0
|  97|0x0000000711c00000, 0x0000000711e00000, 0x0000000711e00000|100%| E|CS|TAMS 0x0000000711c00000| PB 0x0000000711c00000| Complete |  0
|  98|0x0000000711e00000, 0x0000000712000000, 0x0000000712000000|100%| E|CS|TAMS 0x0000000711e00000| PB 0x0000000711e00000| Complete |  0
|  99|0x0000000712000000, 0x0000000712200000, 0x0000000712200000|100%| E|CS|TAMS 0x0000000712000000| PB 0x0000000712000000| Complete |  0
| 100|0x0000000712200000, 0x0000000712400000, 0x0000000712400000|100%| E|CS|TAMS 0x0000000712200000| PB 0x0000000712200000| Complete |  0
| 101|0x0000000712400000, 0x0000000712600000, 0x0000000712600000|100%| E|CS|TAMS 0x0000000712400000| PB 0x0000000712400000| Complete |  0
| 102|0x0000000712600000, 0x0000000712800000, 0x0000000712800000|100%| E|CS|TAMS 0x0000000712600000| PB 0x0000000712600000| Complete |  0
| 103|0x0000000712800000, 0x0000000712a00000, 0x0000000712a00000|100%| E|CS|TAMS 0x0000000712800000| PB 0x0000000712800000| Complete |  0
| 104|0x0000000712a00000, 0x0000000712c00000, 0x0000000712c00000|100%| E|CS|TAMS 0x0000000712a00000| PB 0x0000000712a00000| Complete |  0
| 105|0x0000000712c00000, 0x0000000712e00000, 0x0000000712e00000|100%| E|CS|TAMS 0x0000000712c00000| PB 0x0000000712c00000| Complete |  0
| 106|0x0000000712e00000, 0x0000000713000000, 0x0000000713000000|100%| E|CS|TAMS 0x0000000712e00000| PB 0x0000000712e00000| Complete |  0
| 107|0x0000000713000000, 0x0000000713200000, 0x0000000713200000|100%| E|CS|TAMS 0x0000000713000000| PB 0x0000000713000000| Complete |  0
| 108|0x0000000713200000, 0x0000000713400000, 0x0000000713400000|100%| E|CS|TAMS 0x0000000713200000| PB 0x0000000713200000| Complete |  0
| 109|0x0000000713400000, 0x0000000713600000, 0x0000000713600000|100%| E|CS|TAMS 0x0000000713400000| PB 0x0000000713400000| Complete |  0
| 110|0x0000000713600000, 0x0000000713800000, 0x0000000713800000|100%| E|CS|TAMS 0x0000000713600000| PB 0x0000000713600000| Complete |  0
| 111|0x0000000713800000, 0x0000000713a00000, 0x0000000713a00000|100%| E|CS|TAMS 0x0000000713800000| PB 0x0000000713800000| Complete |  0
| 112|0x0000000713a00000, 0x0000000713c00000, 0x0000000713c00000|100%| E|CS|TAMS 0x0000000713a00000| PB 0x0000000713a00000| Complete |  0
| 113|0x0000000713c00000, 0x0000000713e00000, 0x0000000713e00000|100%| E|CS|TAMS 0x0000000713c00000| PB 0x0000000713c00000| Complete |  0
| 114|0x0000000713e00000, 0x0000000714000000, 0x0000000714000000|100%| E|CS|TAMS 0x0000000713e00000| PB 0x0000000713e00000| Complete |  0
| 115|0x0000000714000000, 0x0000000714200000, 0x0000000714200000|100%| E|CS|TAMS 0x0000000714000000| PB 0x0000000714000000| Complete |  0
| 116|0x0000000714200000, 0x0000000714400000, 0x0000000714400000|100%| E|CS|TAMS 0x0000000714200000| PB 0x0000000714200000| Complete |  0
| 117|0x0000000714400000, 0x0000000714600000, 0x0000000714600000|100%| E|CS|TAMS 0x0000000714400000| PB 0x0000000714400000| Complete |  0
| 118|0x0000000714600000, 0x0000000714800000, 0x0000000714800000|100%| E|CS|TAMS 0x0000000714600000| PB 0x0000000714600000| Complete |  0
| 119|0x0000000714800000, 0x0000000714a00000, 0x0000000714a00000|100%| E|CS|TAMS 0x0000000714800000| PB 0x0000000714800000| Complete |  0
| 120|0x0000000714a00000, 0x0000000714c00000, 0x0000000714c00000|100%| E|CS|TAMS 0x0000000714a00000| PB 0x0000000714a00000| Complete |  0
| 121|0x0000000714c00000, 0x0000000714e00000, 0x0000000714e00000|100%| E|CS|TAMS 0x0000000714c00000| PB 0x0000000714c00000| Complete |  0
| 122|0x0000000714e00000, 0x0000000715000000, 0x0000000715000000|100%| E|CS|TAMS 0x0000000714e00000| PB 0x0000000714e00000| Complete |  0
| 123|0x0000000715000000, 0x0000000715200000, 0x0000000715200000|100%| E|CS|TAMS 0x0000000715000000| PB 0x0000000715000000| Complete |  0
| 124|0x0000000715200000, 0x0000000715400000, 0x0000000715400000|100%| E|CS|TAMS 0x0000000715200000| PB 0x0000000715200000| Complete |  0
| 125|0x0000000715400000, 0x0000000715600000, 0x0000000715600000|100%| E|CS|TAMS 0x0000000715400000| PB 0x0000000715400000| Complete |  0

Card table byte_map: [0x00000206e91e0000,0x00000206e99c0000] _byte_map_base: 0x00000206e59b3000

Marking Bits: (CMBitMap*) 0x00000206cec5c4f0
 Bits: [0x00000206e99c0000, 0x00000206ed858000)

Polling page: 0x00000206ceb50000

Metaspace:

Usage:
  Non-class:      8.11 MB used.
      Class:    927.89 KB used.
       Both:      9.02 MB used.

Virtual space:
  Non-class space:       64.00 MB reserved,       8.31 MB ( 13%) committed,  1 nodes.
      Class space:        1.00 GB reserved,       1.00 MB ( <1%) committed,  1 nodes.
             Both:        1.06 GB reserved,       9.31 MB ( <1%) committed. 

Chunk freelists:
   Non-Class:  7.00 MB
       Class:  15.01 MB
        Both:  22.00 MB

MaxMetaspaceSize: unlimited
CompressedClassSpaceSize: 1.00 GB
Initial GC threshold: 21.00 MB
Current GC threshold: 21.00 MB
CDS: on
 - commit_granule_bytes: 65536.
 - commit_granule_words: 8192.
 - virtual_space_node_default_size: 8388608.
 - enlarge_chunks_in_place: 1.
 - use_allocation_guard: 0.


Internal statistics:

num_allocs_failed_limit: 0.
num_arena_births: 270.
num_arena_deaths: 0.
num_vsnodes_births: 2.
num_vsnodes_deaths: 0.
num_space_committed: 149.
num_space_uncommitted: 0.
num_chunks_returned_to_freelist: 0.
num_chunks_taken_from_freelist: 376.
num_chunk_merges: 0.
num_chunk_splits: 213.
num_chunks_enlarged: 77.
num_inconsistent_stats: 0.

CodeHeap 'non-profiled nmethods': size=119168Kb used=1757Kb max_used=1757Kb free=117410Kb
 bounds [0x00000206e0d20000, 0x00000206e0f90000, 0x00000206e8180000]
CodeHeap 'profiled nmethods': size=119104Kb used=4830Kb max_used=4830Kb free=114273Kb
 bounds [0x00000206d9180000, 0x00000206d9640000, 0x00000206e05d0000]
CodeHeap 'non-nmethods': size=7488Kb used=1581Kb max_used=3319Kb free=5907Kb
 bounds [0x00000206e05d0000, 0x00000206e0920000, 0x00000206e0d20000]
 total_blobs=3336 nmethods=2693 adapters=548
 compilation: enabled
              stopped_count=0, restarted_count=0
 full_count=0

Compilation events (20 events):
Event: 17.322 Thread 0x00000206c5148090 2685       4       jdk.internal.math.FloatToDecimal::toDecimal (186 bytes)
Event: 17.333 Thread 0x00000206c5148090 nmethod 2685 0x00000206e0ed2510 code [0x00000206e0ed2700, 0x00000206e0ed3160]
Event: 18.541 Thread 0x00000206c514ba20 2686       3       sun.awt.windows.WComponentPeer::postEvent (17 bytes)
Event: 18.541 Thread 0x00000206c514ba20 nmethod 2686 0x00000206d9634090 code [0x00000206d96342a0, 0x00000206d96348f8]
Event: 18.541 Thread 0x00000206c514ba20 2687       3       sun.awt.windows.WWindowPeer::preprocessPostEvent (72 bytes)
Event: 18.542 Thread 0x00000206c514ba20 nmethod 2687 0x00000206d9634b90 code [0x00000206d9634d60, 0x00000206d9635420]
Event: 19.148 Thread 0x00000206c514ba20 2688       3       sun.awt.windows.WGlobalCursorManager::nativeUpdateCursor (8 bytes)
Event: 19.149 Thread 0x00000206c514ba20 nmethod 2688 0x00000206d9635590 code [0x00000206d9635760, 0x00000206d9635b30]
Event: 19.149 Thread 0x00000206c514ba20 2689       3       sun.awt.GlobalCursorManager::updateCursorLater (23 bytes)
Event: 19.149 Thread 0x00000206c514ba20 nmethod 2689 0x00000206d9635c90 code [0x00000206d9635e60, 0x00000206d96360d0]
Event: 19.149 Thread 0x00000206c514ba20 2690   !   3       sun.awt.GlobalCursorManager$NativeUpdater::postIfNotPending (48 bytes)
Event: 19.149 Thread 0x00000206c514ba20 nmethod 2690 0x00000206d9636210 code [0x00000206d9636400, 0x00000206d9636ae0]
Event: 20.538 Thread 0x00000206c514ba20 2691       3       javax.swing.SwingUtilities::computeUnion (149 bytes)
Event: 20.538 Thread 0x00000206c514ba20 nmethod 2691 0x00000206d9636d90 code [0x00000206d9636f40, 0x00000206d9637180]
Event: 20.905 Thread 0x00000206c5148090 2692       4       sun.awt.SunToolkit::getAppContext (42 bytes)
Event: 20.905 Thread 0x00000206c5148090 nmethod 2692 0x00000206e0ed3710 code [0x00000206e0ed38a0, 0x00000206e0ed39b8]
Event: 27.630 Thread 0x00000206c5148090 2693       4       com.findselfback.Entities.Player::update (372 bytes)
Event: 27.672 Thread 0x00000206c5148090 nmethod 2693 0x00000206e0ed3b10 code [0x00000206e0ed3ee0, 0x00000206e0ed5eb8]
Event: 28.086 Thread 0x00000206c514ba20 2694       3       java.awt.EventQueue::coalesceMouseEvent (44 bytes)
Event: 28.086 Thread 0x00000206c514ba20 nmethod 2694 0x00000206d9637290 code [0x00000206d9637460, 0x00000206d96378c0]

GC Heap History (10 events):
Event: 0.550 GC heap before
{Heap before GC invocations=0 (full 0):
 garbage-first heap   total reserved 4102144K, committed 258048K, used 26624K [0x0000000705a00000, 0x0000000800000000)
  region size 2048K, 12 young (24576K), 0 survivors (0K)
 Metaspace       used 6095K, committed 6272K, reserved 1114112K
  class space    used 612K, committed 704K, reserved 1048576K
}
Event: 0.554 GC heap after
{Heap after GC invocations=1 (full 0):
 garbage-first heap   total reserved 4102144K, committed 258048K, used 13832K [0x0000000705a00000, 0x0000000800000000)
  region size 2048K, 2 young (4096K), 2 survivors (4096K)
 Metaspace       used 6095K, committed 6272K, reserved 1114112K
  class space    used 612K, committed 704K, reserved 1048576K
}
Event: 2.156 GC heap before
{Heap before GC invocations=1 (full 0):
 garbage-first heap   total reserved 4102144K, committed 258048K, used 34312K [0x0000000705a00000, 0x0000000800000000)
  region size 2048K, 13 young (26624K), 2 survivors (4096K)
 Metaspace       used 8819K, committed 9088K, reserved 1114112K
  class space    used 916K, committed 1024K, reserved 1048576K
}
Event: 2.162 GC heap after
{Heap after GC invocations=2 (full 0):
 garbage-first heap   total reserved 4102144K, committed 258048K, used 30551K [0x0000000705a00000, 0x0000000800000000)
  region size 2048K, 2 young (4096K), 2 survivors (4096K)
 Metaspace       used 8819K, committed 9088K, reserved 1114112K
  class space    used 916K, committed 1024K, reserved 1048576K
}
Event: 4.077 GC heap before
{Heap before GC invocations=2 (full 0):
 garbage-first heap   total reserved 4102144K, committed 258048K, used 89943K [0x0000000705a00000, 0x0000000800000000)
  region size 2048K, 31 young (63488K), 2 survivors (4096K)
 Metaspace       used 9016K, committed 9216K, reserved 1114112K
  class space    used 927K, committed 1024K, reserved 1048576K
}
Event: 4.081 GC heap after
{Heap after GC invocations=3 (full 0):
 garbage-first heap   total reserved 4102144K, committed 258048K, used 35784K [0x0000000705a00000, 0x0000000800000000)
  region size 2048K, 4 young (8192K), 4 survivors (8192K)
 Metaspace       used 9016K, committed 9216K, reserved 1114112K
  class space    used 927K, committed 1024K, reserved 1048576K
}
Event: 9.089 GC heap before
{Heap before GC invocations=3 (full 0):
 garbage-first heap   total reserved 4102144K, committed 258048K, used 181192K [0x0000000705a00000, 0x0000000800000000)
  region size 2048K, 75 young (153600K), 4 survivors (8192K)
 Metaspace       used 9222K, committed 9472K, reserved 1114112K
  class space    used 927K, committed 1024K, reserved 1048576K
}
Event: 9.093 GC heap after
{Heap after GC invocations=4 (full 0):
 garbage-first heap   total reserved 4102144K, committed 258048K, used 36712K [0x0000000705a00000, 0x0000000800000000)
  region size 2048K, 5 young (10240K), 5 survivors (10240K)
 Metaspace       used 9222K, committed 9472K, reserved 1114112K
  class space    used 927K, committed 1024K, reserved 1048576K
}
Event: 13.791 GC heap before
{Heap before GC invocations=4 (full 0):
 garbage-first heap   total reserved 4102144K, committed 258048K, used 180072K [0x0000000705a00000, 0x0000000800000000)
  region size 2048K, 75 young (153600K), 5 survivors (10240K)
 Metaspace       used 9232K, committed 9536K, reserved 1114112K
  class space    used 927K, committed 1024K, reserved 1048576K
}
Event: 13.795 GC heap after
{Heap after GC invocations=5 (full 0):
 garbage-first heap   total reserved 4102144K, committed 258048K, used 36752K [0x0000000705a00000, 0x0000000800000000)
  region size 2048K, 5 young (10240K), 5 survivors (10240K)
 Metaspace       used 9232K, committed 9536K, reserved 1114112K
  class space    used 927K, committed 1024K, reserved 1048576K
}

Dll operation events (13 events):
Event: 0.008 Loaded shared library C:\Users\JulyLun\.jdks\openjdk-22.0.1-1\bin\java.dll
Event: 0.033 Loaded shared library C:\Users\JulyLun\.jdks\openjdk-22.0.1-1\bin\jsvml.dll
Event: 0.065 Loaded shared library C:\Users\JulyLun\.jdks\openjdk-22.0.1-1\bin\zip.dll
Event: 0.068 Loaded shared library C:\Users\JulyLun\.jdks\openjdk-22.0.1-1\bin\instrument.dll
Event: 0.071 Loaded shared library C:\Users\JulyLun\.jdks\openjdk-22.0.1-1\bin\net.dll
Event: 0.072 Loaded shared library C:\Users\JulyLun\.jdks\openjdk-22.0.1-1\bin\nio.dll
Event: 0.074 Loaded shared library C:\Users\JulyLun\.jdks\openjdk-22.0.1-1\bin\zip.dll
Event: 0.098 Loaded shared library D:\ApplicationData\IntelliJ IDEA 2023.3.6\bin\breakgen64.dll
Event: 0.104 Loaded shared library C:\Users\JulyLun\.jdks\openjdk-22.0.1-1\bin\extnet.dll
Event: 0.107 Loaded shared library C:\Users\JulyLun\.jdks\openjdk-22.0.1-1\bin\jimage.dll
Event: 0.123 Loaded shared library C:\Users\JulyLun\.jdks\openjdk-22.0.1-1\bin\awt.dll
Event: 0.628 Loaded shared library C:\Users\JulyLun\.jdks\openjdk-22.0.1-1\bin\freetype.dll
Event: 0.631 Loaded shared library C:\Users\JulyLun\.jdks\openjdk-22.0.1-1\bin\fontmanager.dll

Deoptimization events (20 events):
Event: 9.210 Thread 0x00000206cd2e7990 Uncommon trap: trap_request=0xfffffff4 fr.pc=0x00000206e0e8f77c relative=0x00000000000013fc
Event: 9.210 Thread 0x00000206cd2e7990 Uncommon trap: reason=null_check action=make_not_entrant pc=0x00000206e0e8f77c method=sun.java2d.opengl.OGLGeneralTransformedBlit.Transform(Lsun/java2d/SurfaceData;Lsun/java2d/SurfaceData;Ljava/awt/Composite;Lsun/java2d/pipe/Region;Ljava/awt/geom/AffineTr
Event: 9.210 Thread 0x00000206cd2e7990 DEOPT PACKING pc=0x00000206e0e8f77c sp=0x00000091d50fdc50
Event: 9.210 Thread 0x00000206cd2e7990 DEOPT UNPACKING pc=0x00000206e06246a2 sp=0x00000091d50fdb18 mode 2
Event: 9.221 Thread 0x00000206cd03d300 DEOPT PACKING pc=0x00000206d9623ee3 sp=0x00000091d3cfeb80
Event: 9.221 Thread 0x00000206cd03d300 DEOPT UNPACKING pc=0x00000206e0624e42 sp=0x00000091d3cfe040 mode 0
Event: 9.265 Thread 0x00000206cd2e7990 DEOPT PACKING pc=0x00000206d9623ee3 sp=0x00000091d50fdd90
Event: 9.265 Thread 0x00000206cd2e7990 DEOPT UNPACKING pc=0x00000206e0624e42 sp=0x00000091d50fd250 mode 0
Event: 9.549 Thread 0x00000206cd2e7990 DEOPT PACKING pc=0x00000206d94d0305 sp=0x00000091d50fe9b0
Event: 9.549 Thread 0x00000206cd2e7990 DEOPT UNPACKING pc=0x00000206e0624e42 sp=0x00000091d50fde40 mode 0
Event: 9.565 Thread 0x00000206cd277440 DEOPT PACKING pc=0x00000206d9597b14 sp=0x00000091d4fff3a0
Event: 9.565 Thread 0x00000206cd277440 DEOPT UNPACKING pc=0x00000206e0624e42 sp=0x00000091d4ffe8b0 mode 0
Event: 15.595 Thread 0x00000206cd2e7990 Uncommon trap: trap_request=0xffffff45 fr.pc=0x00000206e0e588c8 relative=0x0000000000000c88
Event: 15.595 Thread 0x00000206cd2e7990 Uncommon trap: reason=unstable_if action=reinterpret pc=0x00000206e0e588c8 method=jdk.internal.math.FloatToDecimal.toDecimal(F)I @ 103 c2
Event: 15.595 Thread 0x00000206cd2e7990 DEOPT PACKING pc=0x00000206e0e588c8 sp=0x00000091d50fe070
Event: 15.595 Thread 0x00000206cd2e7990 DEOPT UNPACKING pc=0x00000206e06246a2 sp=0x00000091d50fdfc0 mode 2
Event: 15.595 Thread 0x00000206cd2e7990 Uncommon trap: trap_request=0xffffff45 fr.pc=0x00000206e0eb4eac relative=0x00000000000009ac
Event: 15.595 Thread 0x00000206cd2e7990 Uncommon trap: reason=unstable_if action=reinterpret pc=0x00000206e0eb4eac method=jdk.internal.math.FloatToDecimal.toDecimal(III)I @ 22 c2
Event: 15.595 Thread 0x00000206cd2e7990 DEOPT PACKING pc=0x00000206e0eb4eac sp=0x00000091d50fdf90
Event: 15.595 Thread 0x00000206cd2e7990 DEOPT UNPACKING pc=0x00000206e06246a2 sp=0x00000091d50fdeb0 mode 2

Classes loaded (20 events):
Event: 1.537 Loading class sun/java2d/pipe/SpanIterator done
Event: 1.537 Loading class sun/java2d/pipe/RegionSpanIterator done
Event: 1.817 Loading class java/lang/foreign/MemorySegment
Event: 1.817 Loading class java/lang/foreign/MemorySegment done
Event: 1.918 Loading class java/awt/image/BufferedImageOp
Event: 1.918 Loading class java/awt/image/BufferedImageOp done
Event: 2.939 Loading class sun/awt/DebugSettings
Event: 2.947 Loading class sun/awt/DebugSettings done
Event: 2.947 Loading class javax/swing/JComponent$KeyboardState
Event: 2.948 Loading class javax/swing/JComponent$KeyboardState done
Event: 2.948 Loading class javax/swing/JComponent$IntVector
Event: 2.948 Loading class javax/swing/JComponent$IntVector done
Event: 2.948 Loading class javax/swing/KeyboardManager
Event: 2.948 Loading class javax/swing/KeyboardManager done
Event: 2.948 Loading class javax/swing/Popup$HeavyWeightWindow
Event: 2.948 Loading class sun/awt/ModalExclude
Event: 2.948 Loading class sun/awt/ModalExclude done
Event: 2.948 Loading class javax/swing/JWindow
Event: 2.949 Loading class javax/swing/JWindow done
Event: 2.949 Loading class javax/swing/Popup$HeavyWeightWindow done

Classes unloaded (0 events):
No events

Classes redefined (0 events):
No events

Internal exceptions (20 events):
Event: 30.655 Thread 0x00000206cd5ab490 Exception <a 'java/lang/InterruptedException'{0x000000070ea70cb8}: sleep interrupted> (0x000000070ea70cb8) 
thrown [s\open\src\hotspot\share\prims\jvm.cpp, line 3093]
Event: 30.671 Thread 0x00000206cd5ab490 Exception <a 'java/lang/InterruptedException'{0x000000070ea70fd0}: sleep interrupted> (0x000000070ea70fd0) 
thrown [s\open\src\hotspot\share\prims\jvm.cpp, line 3093]
Event: 30.688 Thread 0x00000206cd5ab490 Exception <a 'java/lang/InterruptedException'{0x000000070ea712e8}: sleep interrupted> (0x000000070ea712e8) 
thrown [s\open\src\hotspot\share\prims\jvm.cpp, line 3093]
Event: 30.705 Thread 0x00000206cd5ab490 Exception <a 'java/lang/InterruptedException'{0x000000070ea71600}: sleep interrupted> (0x000000070ea71600) 
thrown [s\open\src\hotspot\share\prims\jvm.cpp, line 3093]
Event: 30.721 Thread 0x00000206cd5ab490 Exception <a 'java/lang/InterruptedException'{0x000000070ea71918}: sleep interrupted> (0x000000070ea71918) 
thrown [s\open\src\hotspot\share\prims\jvm.cpp, line 3093]
Event: 30.738 Thread 0x00000206cd5ab490 Exception <a 'java/lang/InterruptedException'{0x000000070ea71c30}: sleep interrupted> (0x000000070ea71c30) 
thrown [s\open\src\hotspot\share\prims\jvm.cpp, line 3093]
Event: 30.755 Thread 0x00000206cd5ab490 Exception <a 'java/lang/InterruptedException'{0x000000070ea71f48}: sleep interrupted> (0x000000070ea71f48) 
thrown [s\open\src\hotspot\share\prims\jvm.cpp, line 3093]
Event: 30.771 Thread 0x00000206cd5ab490 Exception <a 'java/lang/InterruptedException'{0x000000070ea72260}: sleep interrupted> (0x000000070ea72260) 
thrown [s\open\src\hotspot\share\prims\jvm.cpp, line 3093]
Event: 30.788 Thread 0x00000206cd5ab490 Exception <a 'java/lang/InterruptedException'{0x000000070ea72578}: sleep interrupted> (0x000000070ea72578) 
thrown [s\open\src\hotspot\share\prims\jvm.cpp, line 3093]
Event: 30.805 Thread 0x00000206cd5ab490 Exception <a 'java/lang/InterruptedException'{0x000000070ea72890}: sleep interrupted> (0x000000070ea72890) 
thrown [s\open\src\hotspot\share\prims\jvm.cpp, line 3093]
Event: 30.821 Thread 0x00000206cd5ab490 Exception <a 'java/lang/InterruptedException'{0x000000070ea72ba8}: sleep interrupted> (0x000000070ea72ba8) 
thrown [s\open\src\hotspot\share\prims\jvm.cpp, line 3093]
Event: 30.838 Thread 0x00000206cd5ab490 Exception <a 'java/lang/InterruptedException'{0x000000070ea72ec0}: sleep interrupted> (0x000000070ea72ec0) 
thrown [s\open\src\hotspot\share\prims\jvm.cpp, line 3093]
Event: 30.855 Thread 0x00000206cd5ab490 Exception <a 'java/lang/InterruptedException'{0x000000070ea731d8}: sleep interrupted> (0x000000070ea731d8) 
thrown [s\open\src\hotspot\share\prims\jvm.cpp, line 3093]
Event: 30.871 Thread 0x00000206cd5ab490 Exception <a 'java/lang/InterruptedException'{0x000000070ea734f0}: sleep interrupted> (0x000000070ea734f0) 
thrown [s\open\src\hotspot\share\prims\jvm.cpp, line 3093]
Event: 30.888 Thread 0x00000206cd5ab490 Exception <a 'java/lang/InterruptedException'{0x000000070ea73808}: sleep interrupted> (0x000000070ea73808) 
thrown [s\open\src\hotspot\share\prims\jvm.cpp, line 3093]
Event: 30.905 Thread 0x00000206cd5ab490 Exception <a 'java/lang/InterruptedException'{0x000000070ea73b20}: sleep interrupted> (0x000000070ea73b20) 
thrown [s\open\src\hotspot\share\prims\jvm.cpp, line 3093]
Event: 30.921 Thread 0x00000206cd5ab490 Exception <a 'java/lang/InterruptedException'{0x000000070ea73e38}: sleep interrupted> (0x000000070ea73e38) 
thrown [s\open\src\hotspot\share\prims\jvm.cpp, line 3093]
Event: 30.938 Thread 0x00000206cd5ab490 Exception <a 'java/lang/InterruptedException'{0x000000070ea74150}: sleep interrupted> (0x000000070ea74150) 
thrown [s\open\src\hotspot\share\prims\jvm.cpp, line 3093]
Event: 30.955 Thread 0x00000206cd5ab490 Exception <a 'java/lang/InterruptedException'{0x000000070ea74468}: sleep interrupted> (0x000000070ea74468) 
thrown [s\open\src\hotspot\share\prims\jvm.cpp, line 3093]
Event: 30.971 Thread 0x00000206cd5ab490 Exception <a 'java/lang/InterruptedException'{0x000000070ea74780}: sleep interrupted> (0x000000070ea74780) 
thrown [s\open\src\hotspot\share\prims\jvm.cpp, line 3093]

ZGC Phase Switch (0 events):
No events

VM Operations (20 events):
Event: 8.082 Executing VM operation: Cleanup
Event: 8.082 Executing VM operation: Cleanup done
Event: 9.082 Executing VM operation: Cleanup
Event: 9.083 Executing VM operation: Cleanup done
Event: 9.089 Executing VM operation: G1CollectForAllocation (G1 Evacuation Pause)
Event: 9.093 Executing VM operation: G1CollectForAllocation (G1 Evacuation Pause) done
Event: 10.094 Executing VM operation: Cleanup
Event: 10.094 Executing VM operation: Cleanup done
Event: 11.095 Executing VM operation: Cleanup
Event: 11.095 Executing VM operation: Cleanup done
Event: 12.095 Executing VM operation: Cleanup
Event: 12.095 Executing VM operation: Cleanup done
Event: 13.095 Executing VM operation: Cleanup
Event: 13.096 Executing VM operation: Cleanup done
Event: 13.791 Executing VM operation: G1CollectForAllocation (G1 Evacuation Pause)
Event: 13.795 Executing VM operation: G1CollectForAllocation (G1 Evacuation Pause) done
Event: 15.794 Executing VM operation: Cleanup
Event: 15.795 Executing VM operation: Cleanup done
Event: 16.795 Executing VM operation: Cleanup
Event: 16.795 Executing VM operation: Cleanup done

Events (20 events):
Event: 1.221 Thread 0x00000206c514e9d0 Thread exited: 0x00000206c514e9d0
Event: 1.538 Thread 0x00000206c514e9d0 Thread added: 0x00000206c514e9d0
Event: 1.832 Thread 0x00000206c514ce90 Thread added: 0x00000206c514ce90
Event: 1.898 Thread 0x00000206c514dc30 Thread added: 0x00000206c514dc30
Event: 1.898 Thread 0x00000206c514f0a0 Thread added: 0x00000206c514f0a0
Event: 2.175 Thread 0x00000206c514f0a0 Thread exited: 0x00000206c514f0a0
Event: 2.175 Thread 0x00000206c514dc30 Thread exited: 0x00000206c514dc30
Event: 2.270 Thread 0x00000206c514ce90 Thread exited: 0x00000206c514ce90
Event: 2.477 Thread 0x00000206c514e9d0 Thread exited: 0x00000206c514e9d0
Event: 5.445 Thread 0x00000206c514c7c0 Thread exited: 0x00000206c514c7c0
Event: 5.445 Thread 0x00000206c514c0f0 Thread exited: 0x00000206c514c0f0
Event: 5.448 Thread 0x00000206c514e300 Thread exited: 0x00000206c514e300
Event: 8.308 Thread 0x00000206c514c0f0 Thread added: 0x00000206c514c0f0
Event: 8.400 Thread 0x00000206c514dc30 Thread added: 0x00000206c514dc30
Event: 9.094 Thread 0x00000206c514e300 Thread added: 0x00000206c514e300
Event: 9.710 Thread 0x00000206c514e300 Thread exited: 0x00000206c514e300
Event: 9.710 Thread 0x00000206c514dc30 Thread exited: 0x00000206c514dc30
Event: 9.710 Thread 0x00000206c514c0f0 Thread exited: 0x00000206c514c0f0
Event: 12.920 Thread 0x00000206c514ce90 Thread added: 0x00000206c514ce90
Event: 13.084 Thread 0x00000206c514ce90 Thread exited: 0x00000206c514ce90


Dynamic libraries:
0x00007ff7ab780000 - 0x00007ff7ab78e000 	C:\Users\JulyLun\.jdks\openjdk-22.0.1-1\bin\java.exe
0x00007ffd28030000 - 0x00007ffd28247000 	C:\Windows\SYSTEM32\ntdll.dll
0x00007ffd25ea0000 - 0x00007ffd25f64000 	C:\Windows\System32\KERNEL32.DLL
0x00007ffd255e0000 - 0x00007ffd25987000 	C:\Windows\System32\KERNELBASE.dll
0x00007ffd25990000 - 0x00007ffd25aa1000 	C:\Windows\System32\ucrtbase.dll
0x00007ffd1c110000 - 0x00007ffd1c127000 	C:\Users\JulyLun\.jdks\openjdk-22.0.1-1\bin\jli.dll
0x00007ffd194a0000 - 0x00007ffd194bb000 	C:\Users\JulyLun\.jdks\openjdk-22.0.1-1\bin\VCRUNTIME140.dll
0x00007ffd263c0000 - 0x00007ffd2656e000 	C:\Windows\System32\USER32.dll
0x00007ffd255b0000 - 0x00007ffd255d6000 	C:\Windows\System32\win32u.dll
0x00007ffd09a80000 - 0x00007ffd09d13000 	C:\Windows\WinSxS\amd64_microsoft.windows.common-controls_6595b64144ccf1df_6.0.22621.3527_none_270e469b73872a76\COMCTL32.dll
0x00007ffd26070000 - 0x00007ffd26099000 	C:\Windows\System32\GDI32.dll
0x00007ffd25de0000 - 0x00007ffd25e87000 	C:\Windows\System32\msvcrt.dll
0x00007ffd25bc0000 - 0x00007ffd25cd9000 	C:\Windows\System32\gdi32full.dll
0x00007ffd25b20000 - 0x00007ffd25bba000 	C:\Windows\System32\msvcp_win.dll
0x00007ffd26610000 - 0x00007ffd26641000 	C:\Windows\System32\IMM32.DLL
0x00007ffd1dd10000 - 0x00007ffd1dd1c000 	C:\Users\JulyLun\.jdks\openjdk-22.0.1-1\bin\vcruntime140_1.dll
0x00007ffcf6b40000 - 0x00007ffcf6bce000 	C:\Users\JulyLun\.jdks\openjdk-22.0.1-1\bin\msvcp140.dll
0x00007ffc9d900000 - 0x00007ffc9e647000 	C:\Users\JulyLun\.jdks\openjdk-22.0.1-1\bin\server\jvm.dll
0x00007ffd26650000 - 0x00007ffd26702000 	C:\Windows\System32\ADVAPI32.dll
0x00007ffd25f70000 - 0x00007ffd26018000 	C:\Windows\System32\sechost.dll
0x00007ffd25350000 - 0x00007ffd25378000 	C:\Windows\System32\bcrypt.dll
0x00007ffd27260000 - 0x00007ffd27375000 	C:\Windows\System32\RPCRT4.dll
0x00007ffd25d60000 - 0x00007ffd25dd1000 	C:\Windows\System32\WS2_32.dll
0x00007ffd24c40000 - 0x00007ffd24c8d000 	C:\Windows\SYSTEM32\POWRPROF.dll
0x00007ffd0a690000 - 0x00007ffd0a69a000 	C:\Windows\SYSTEM32\VERSION.dll
0x00007ffd18d30000 - 0x00007ffd18d64000 	C:\Windows\SYSTEM32\WINMM.dll
0x00007ffd24bf0000 - 0x00007ffd24c03000 	C:\Windows\SYSTEM32\UMPDC.dll
0x00007ffd24370000 - 0x00007ffd24388000 	C:\Windows\SYSTEM32\kernel.appcore.dll
0x00007ffd1dd00000 - 0x00007ffd1dd0a000 	C:\Users\JulyLun\.jdks\openjdk-22.0.1-1\bin\jimage.dll
0x00007ffd229e0000 - 0x00007ffd22c12000 	C:\Windows\SYSTEM32\DBGHELP.DLL
0x00007ffd27aa0000 - 0x00007ffd27e28000 	C:\Windows\System32\combase.dll
0x00007ffd27380000 - 0x00007ffd27457000 	C:\Windows\System32\OLEAUT32.dll
0x00007ffd09230000 - 0x00007ffd09262000 	C:\Windows\SYSTEM32\dbgcore.DLL
0x00007ffd25ce0000 - 0x00007ffd25d59000 	C:\Windows\System32\bcryptPrimitives.dll
0x00007ffd1cee0000 - 0x00007ffd1ceef000 	C:\Users\JulyLun\.jdks\openjdk-22.0.1-1\bin\instrument.dll
0x00007ffd1ce30000 - 0x00007ffd1ce4e000 	C:\Users\JulyLun\.jdks\openjdk-22.0.1-1\bin\java.dll
0x00007ffd26770000 - 0x00007ffd26fcc000 	C:\Windows\System32\SHELL32.dll
0x00007ffd278f0000 - 0x00007ffd27a95000 	C:\Windows\System32\ole32.dll
0x00007ffd23290000 - 0x00007ffd23b86000 	C:\Windows\SYSTEM32\windows.storage.dll
0x00007ffd23150000 - 0x00007ffd2328e000 	C:\Windows\SYSTEM32\wintypes.dll
0x00007ffd27160000 - 0x00007ffd27255000 	C:\Windows\System32\SHCORE.dll
0x00007ffd260c0000 - 0x00007ffd2611e000 	C:\Windows\System32\shlwapi.dll
0x00007ffd25280000 - 0x00007ffd252a1000 	C:\Windows\SYSTEM32\profapi.dll
0x00007ffcdfe00000 - 0x00007ffcdfed7000 	C:\Users\JulyLun\.jdks\openjdk-22.0.1-1\bin\jsvml.dll
0x00007ffd193f0000 - 0x00007ffd19407000 	C:\Users\JulyLun\.jdks\openjdk-22.0.1-1\bin\zip.dll
0x00007ffd1dcf0000 - 0x00007ffd1dd00000 	C:\Users\JulyLun\.jdks\openjdk-22.0.1-1\bin\net.dll
0x00007ffd247e0000 - 0x00007ffd24849000 	C:\Windows\system32\mswsock.dll
0x00007ffd19480000 - 0x00007ffd19496000 	C:\Users\JulyLun\.jdks\openjdk-22.0.1-1\bin\nio.dll
0x00007ffd1ce80000 - 0x00007ffd1ce9a000 	D:\ApplicationData\IntelliJ IDEA 2023.3.6\bin\breakgen64.dll
0x00007ffd1d420000 - 0x00007ffd1d429000 	C:\Users\JulyLun\.jdks\openjdk-22.0.1-1\bin\extnet.dll
0x00007ffce1dd0000 - 0x00007ffce1f5d000 	C:\Users\JulyLun\.jdks\openjdk-22.0.1-1\bin\awt.dll
0x00007ffd217c0000 - 0x00007ffd21857000 	C:\Windows\SYSTEM32\apphelp.dll
0x00007ffc9d590000 - 0x00007ffc9d690000 	C:\Windows\system32\opengl32.dll
0x00007ffca1670000 - 0x00007ffca169d000 	C:\Windows\SYSTEM32\GLU32.dll
0x00007ffd225a0000 - 0x00007ffd225d9000 	C:\Windows\SYSTEM32\dxcore.dll
0x00007ffd22710000 - 0x00007ffd2273b000 	C:\Windows\system32\DWMAPI.DLL
0x00007ffd22250000 - 0x00007ffd222fb000 	C:\Windows\system32\uxtheme.dll
0x00007ffcdf4f0000 - 0x00007ffcdf51b000 	C:\Program Files (x86)\UltraViewer\uvh64.dll
0x00007ffd26130000 - 0x00007ffd26283000 	C:\Windows\System32\MSCTF.dll
0x00007ffd1ae70000 - 0x00007ffd1aeba000 	C:\Windows\SYSTEM32\directxdatabasehelper.dll
0x00007ffd26290000 - 0x00007ffd26340000 	C:\Windows\System32\clbcatq.dll
0x00007ffc73f30000 - 0x00007ffc75054000 	C:\Windows\System32\DriverStore\FileRepository\iigd_dch.inf_amd64_9741ef1f4093481f\igxelpicd64.dll
0x00007ffd225e0000 - 0x00007ffd226d7000 	C:\Windows\system32\dxgi.dll
0x00007ffce0110000 - 0x00007ffce025c000 	C:\Windows\System32\DriverStore\FileRepository\iigd_dch.inf_amd64_9741ef1f4093481f\igdml64.dll
0x00007ffd14b40000 - 0x00007ffd14f57000 	C:\Windows\System32\DriverStore\FileRepository\iigd_dch.inf_amd64_9741ef1f4093481f\igdgmm64.dll
0x00007ffd25020000 - 0x00007ffd2506e000 	C:\Windows\SYSTEM32\CFGMGR32.dll
0x00007ffd25070000 - 0x00007ffd2509c000 	C:\Windows\SYSTEM32\DEVOBJ.dll
0x00007ffd25ab0000 - 0x00007ffd25b1b000 	C:\Windows\System32\WINTRUST.dll
0x00007ffd25440000 - 0x00007ffd255a8000 	C:\Windows\System32\CRYPT32.dll
0x00007ffd24fe0000 - 0x00007ffd24ff2000 	C:\Windows\SYSTEM32\MSASN1.dll
0x00007ffd10e40000 - 0x00007ffd14b3c000 	C:\Windows\System32\DriverStore\FileRepository\iigd_dch.inf_amd64_9741ef1f4093481f\igc64.dll
0x00007ffce1350000 - 0x00007ffce13d7000 	C:\Users\JulyLun\.jdks\openjdk-22.0.1-1\bin\freetype.dll
0x00007ffce0030000 - 0x00007ffce0107000 	C:\Users\JulyLun\.jdks\openjdk-22.0.1-1\bin\fontmanager.dll
0x00007ffd1d2d0000 - 0x00007ffd1d41b000 	C:\Windows\SYSTEM32\textinputframework.dll
0x00007ffd1cbd0000 - 0x00007ffd1cc1b000 	C:\Windows\system32\ApplicationTargetedFeatureDatabase.dll
0x00007ffd17cb0000 - 0x00007ffd17f3b000 	C:\Windows\System32\twinapi.appcore.dll
0x00007ffd20a10000 - 0x00007ffd20b43000 	C:\Windows\SYSTEM32\CoreMessaging.dll
0x00007ffd1a620000 - 0x00007ffd1a98c000 	C:\Windows\SYSTEM32\CoreUIComponents.dll
0x00007ffd24ad0000 - 0x00007ffd24adc000 	C:\Windows\SYSTEM32\CRYPTBASE.DLL

dbghelp: loaded successfully - version: 4.0.5 - missing functions: none
symbol engine: initialized successfully - sym options: 0x614 - pdb path: .;C:\Users\JulyLun\.jdks\openjdk-22.0.1-1\bin;C:\Windows\SYSTEM32;C:\Windows\WinSxS\amd64_microsoft.windows.common-controls_6595b64144ccf1df_6.0.22621.3527_none_270e469b73872a76;C:\Users\JulyLun\.jdks\openjdk-22.0.1-1\bin\server;D:\ApplicationData\IntelliJ IDEA 2023.3.6\bin;C:\Program Files (x86)\UltraViewer;C:\Windows\System32\DriverStore\FileRepository\iigd_dch.inf_amd64_9741ef1f4093481f

VM Arguments:
jvm_args: -javaagent:D:\ApplicationData\IntelliJ IDEA 2023.3.6\lib\idea_rt.jar=56894:D:\ApplicationData\IntelliJ IDEA 2023.3.6\bin -Dfile.encoding=UTF-8 -Dsun.stdout.encoding=UTF-8 -Dsun.stderr.encoding=UTF-8 
java_command: com.findselfback.FindSelfBack
java_class_path (initial): D:\Working\University\Study\Nam 1\Ki 2\DoAnCoSo1\FindSelfBack_Work\FindSelfBack\target\classes;C:\Users\JulyLun\.m2\repository\org\apache\maven\plugins\maven-compiler-plugin\3.8.1\maven-compiler-plugin-3.8.1.jar;C:\Users\JulyLun\.m2\repository\org\apache\maven\maven-plugin-api\3.0\maven-plugin-api-3.0.jar;C:\Users\JulyLun\.m2\repository\org\apache\maven\maven-model\3.0\maven-model-3.0.jar;C:\Users\JulyLun\.m2\repository\org\sonatype\sisu\sisu-inject-plexus\1.4.2\sisu-inject-plexus-1.4.2.jar;C:\Users\JulyLun\.m2\repository\org\sonatype\sisu\sisu-inject-bean\1.4.2\sisu-inject-bean-1.4.2.jar;C:\Users\JulyLun\.m2\repository\org\sonatype\sisu\sisu-guice\2.1.7\sisu-guice-2.1.7-noaop.jar;C:\Users\JulyLun\.m2\repository\org\apache\maven\maven-artifact\3.0\maven-artifact-3.0.jar;C:\Users\JulyLun\.m2\repository\org\codehaus\plexus\plexus-utils\2.0.4\plexus-utils-2.0.4.jar;C:\Users\JulyLun\.m2\repository\org\apache\maven\maven-core\3.0\maven-core-3.0.jar;C:\Users\JulyLun\.m2\repository\org\apache\maven\maven-settings\3.0\maven-settings-3.0.jar;C:\Users\JulyLun\.m2\repository\org\apache\maven\maven-settings-builder\3.0\maven-settings-builder-3.0.jar;C:\Users\JulyLun\.m2\repository\org\apache\maven\maven-repository-metadata\3.0\maven-repository-metadata-3.0.jar;C:\Users\JulyLun\.m2\repository\org\apache\maven\maven-model-builder\3.0\maven-model-builder-3.0.jar;C:\Users\JulyLun\.m2\repository\org\apache\maven\maven-aether-provider\3.0\maven-aether-provider-3.0.jar;C:\Users\JulyLun\.m2\repository\org\sonatype\aether\aether-impl\1.7\aether-impl-1.7.jar;C:\Users\JulyLun\.m2\repository\org\sonatype\aether\aether-spi\1.7\aether-spi-1.7.jar;C:\Users\JulyLun\.m2\repository\org\sonatype\aether\aether-api\1.7\aether-api-1.7.jar;C:\Users\JulyLun\.m2\repository\org\sonatype\aether\aether-util\1.7\aether-util-1.7.jar;C:\Users\JulyLun\.m2\repository\org\codehaus\plexus\plexus-interpolation\1.14\plexus-interpolation-1.14.jar;C:\Users\JulyLun\.m2\repository\org\codehaus\plexus\plexus-classworlds\2.2.3\plexus-classworlds-2.2.3.jar;C:\Users\JulyLun\.m2\repository\org\codehaus\plexus\plexus-component-annotations\1.5.5\plexus-component-annotations-1.5.5.jar;C:\Users\JulyLun\.m2\repository\org\sonatype\plexus\plexus-sec-dispatcher\1.3\plexus-sec-dispatcher-1.3.jar;C:\Users\JulyLun\.m2\repository\org\sonatype\plexus\plexus-cipher\1.4\plexus-cipher-1.4.jar;C:\Users\JulyLun\.m2\repository\org\apache\maven\shared\maven-shared-utils\3.2.1\maven-shared-utils-3.2.1.jar;C:\Users\JulyLun\.m2\repository\commons-io\commons-io\2.5\commons-io-2.5.jar;C:\Users\JulyLun\.m2\repository\org\apache\maven\shared\maven-shared-incremental\1.1\maven-shared-incremental-1.1.jar;C:\Users\JulyLun\.m2\repository\org\codehaus\plexus\plexus-java\0.9.10\plexus-java-0.9.10.jar;C:\Users\JulyLun\.m2\repository\org\ow2\asm\asm\6.2\asm-6.2.jar;C:\Users\JulyLun\.m2\repository\com\thoughtworks\qdox\qdox\2.0-M8\qdox-2.0-M8.jar;C:\Users\JulyLun\.m2\repository\org\codehaus\plexus\plexus-compiler-api\2.8.4\plexus-compiler-api-2.8.4.jar;C:\Users\JulyLun\.m2\repository\org\codehaus\plexus\plexus-compiler-manager\2.8.4\plexus-compiler-manager-2.8.4.jar;C:\Users\JulyLun\.m2\repository\org\codehaus\plexus\plexus-compiler-javac\2.8.4\plexus-compiler-javac-2.8.4.jar;C:\Users\JulyLun\.m2\repository\javazoom\jlayer\1.0.1\jlayer-1.0.1.jar;C:\Users\JulyLun\.m2\repository\com\googlecode\soundlibs\basicplayer\3.0.0.0\basicplayer-3.0.0.0.jar;C:\Users\JulyLun\.m2\repository\com\googlecode\soundlibs\mp3spi\1.9.5.4\mp3spi-1.9.5.4.jar;C:\Users\JulyLun\.m2\repository\com\googlecode\soundlibs\jlayer\1.0.1.4\jlayer-1.0.1.4.jar;C:\Users\JulyLun\.m2\repository\junit\junit\3.8.2\junit-3.8.2.jar;C:\Users\JulyLun\.m2\repository\com\googlecode\soundlibs\tritonus-share\0.3.7.4\tritonus-share-0.3.7.4.jar;C:\Users\JulyLun\.m2\repository\org\slf4j\slf4j-api\1.7.12\slf4j-api-1.7.12.jar;C:\Users\JulyLun\.m2\repository\com\github\gwenn\sqlite-dialect\0.1.1\sqlite-dialect-0.1.1.jar;C:\Users\JulyLun\.m2\repository\org\hibernate\hibernate-core\5.2.12.Final\hibernate-core-5.2.12.Final.jar;C:\Users\JulyLun\.m2\repository\org\jboss\logging\jboss-logging\3.3.0.Final\jboss-logging-3.3.0.Final.jar;C:\Users\JulyLun\.m2\repository\org\hibernate\javax\persistence\hibernate-jpa-2.1-api\1.0.0.Final\hibernate-jpa-2.1-api-1.0.0.Final.jar;C:\Users\JulyLun\.m2\repository\org\javassist\javassist\3.20.0-GA\javassist-3.20.0-GA.jar;C:\Users\JulyLun\.m2\repository\antlr\antlr\2.7.7\antlr-2.7.7.jar;C:\Users\JulyLun\.m2\repository\org\jboss\spec\javax\transaction\jboss-transaction-api_1.2_spec\1.0.1.Final\jboss-transaction-api_1.2_spec-1.0.1.Final.jar;C:\Users\JulyLun\.m2\repository\org\jboss\jandex\2.0.3.Final\jandex-2.0.3.Final.jar;C:\Users\JulyLun\.m2\repository\com\fasterxml\classmate\1.3.0\classmate-1.3.0.jar;C:\Users\JulyLun\.m2\repository\dom4j\dom4j\1.6.1\dom4j-1.6.1.jar;C:\Users\JulyLun\.m2\repository\org\hibernate\common\hibernate-commons-annotations\5.0.1.Final\hibernate-commons-annotations-5.0.1.Final.jar;C:\Users\JulyLun\.m2\repository\org\xerial\sqlite-jdbc\3.30.1\sqlite-jdbc-3.30.1.jar;C:\Users\JulyLun\.m2\repository\jakarta\mvc\jakarta.mvc-api\2.0.0\jakarta.mvc-api-2.0.0.jar
Launcher Type: SUN_STANDARD

[Global flags]
     intx CICompilerCount                          = 12                                        {product} {ergonomic}
     uint ConcGCThreads                            = 3                                         {product} {ergonomic}
     uint G1ConcRefinementThreads                  = 13                                        {product} {ergonomic}
   size_t G1HeapRegionSize                         = 2097152                                   {product} {ergonomic}
   size_t InitialHeapSize                          = 264241152                                 {product} {ergonomic}
   size_t MarkStackSize                            = 4194304                                   {product} {ergonomic}
   size_t MaxHeapSize                              = 4200595456                                {product} {ergonomic}
   size_t MaxNewSize                               = 2518679552                                {product} {ergonomic}
   size_t MinHeapDeltaBytes                        = 2097152                                   {product} {ergonomic}
   size_t MinHeapSize                              = 8388608                                   {product} {ergonomic}
    uintx NonNMethodCodeHeapSize                   = 7602480                                {pd product} {ergonomic}
    uintx NonProfiledCodeHeapSize                  = 122027880                              {pd product} {ergonomic}
    uintx ProfiledCodeHeapSize                     = 122027880                              {pd product} {ergonomic}
    uintx ReservedCodeCacheSize                    = 251658240                              {pd product} {ergonomic}
     bool SegmentedCodeCache                       = true                                      {product} {ergonomic}
   size_t SoftMaxHeapSize                          = 4200595456                             {manageable} {ergonomic}
     bool UseCompressedOops                        = true                           {product lp64_product} {ergonomic}
     bool UseG1GC                                  = true                                      {product} {ergonomic}
     bool UseLargePagesIndividualAllocation        = false                                  {pd product} {ergonomic}

Logging:
Log output configuration:
 #0: stdout all=warning uptime,level,tags foldmultilines=false
 #1: stderr all=off uptime,level,tags foldmultilines=false

Environment Variables:
JAVA_HOME=C:\Program Files\Java\jdk-21
PATH=C:\Program Files\Common Files\Oracle\Java\javapath;C:\Program Files (x86)\VMware\VMware Workstation\bin\;C:\Program Files (x86)\Common Files\Oracle\Java\javapath;C:\msys64\ucrt64\bin;C:\Program Files\Microsoft\jdk-11.0.16.101-hotspot\bin;C:\Windows\system32;C:\Windows;C:\Windows\System32\Wbem;C:\Windows\System32\WindowsPowerShell\v1.0\;C:\Windows\System32\OpenSSH\;C:\Program Files\Microsoft SQL Server\150\Tools\Binn\;C:\Program Files\dotnet\;C:\Program Files (x86)\Windows Kits\10\Windows Performance Toolkit\;C:\xampp\php;C:\xampp;C:\Program Files (x86)\Microsoft SQL Server\160\Tools\Binn\;C:\Program Files\Microsoft SQL Server\160\Tools\Binn\;C:\Program Files\Microsoft SQL Server\Client SDK\ODBC\170\Tools\Binn\;C:\Program Files\Microsoft SQL Server\160\DTS\Binn\;C:\Program Files (x86)\Microsoft SQL Server\160\DTS\Binn\;C:\Program Files\Azure Data Studio\bin;C:\Program Files\Git\cmd;C:\Program Files\Git LFS;C:\Program Files\MySQL\MySQL Shell 8.0\bin\;C:\xampp\php;C:\Users\JulyLun\AppData\Local\Programs\Python\Launcher\;C:\Users\JulyLun\AppData\Local\Microsoft\WindowsApps;C:\Users\JulyLun\AppData\Local\Programs\Microsoft VS Code\bin;D:\ApplicationData\IntelliJ IDEA 2023.3.6\bin;;C:\Users\JulyLun\.dotnet\tools;C:\Program Files\Azure Data Studio\bin;C:\Program Files\Java\jdk-21\bin;
USERNAME=JulyLun
OS=Windows_NT
PROCESSOR_IDENTIFIER=Intel64 Family 6 Model 186 Stepping 2, GenuineIntel
TMP=C:\Users\JulyLun\AppData\Local\Temp
TEMP=C:\Users\JulyLun\AppData\Local\Temp




Periodic native trim disabled

---------------  S Y S T E M  ---------------

OS:
 Windows 11 , 64 bit Build 22621 (10.0.22621.3527)
OS uptime: 2 days 15:47 hours

CPU: total 16 (initial active 16) (8 cores per cpu, 2 threads per core) family 6 model 186 stepping 2 microcode 0x410e, cx8, cmov, fxsr, ht, mmx, 3dnowpref, sse, sse2, sse3, ssse3, sse4.1, sse4.2, popcnt, lzcnt, tsc, tscinvbit, avx, avx2, aes, erms, clmul, bmi1, bmi2, adx, sha, fma, vzeroupper, clflush, clflushopt, clwb, serialize, rdtscp, rdpid, fsrm, f16c, pku, cet_ibt, cet_ss
Processor Information for processor 0
  Max Mhz: 2600, Current Mhz: 2600, Mhz Limit: 2600
Processor Information for processor 1
  Max Mhz: 2600, Current Mhz: 2600, Mhz Limit: 2600
Processor Information for processor 2
  Max Mhz: 2600, Current Mhz: 2600, Mhz Limit: 2600
Processor Information for processor 3
  Max Mhz: 2600, Current Mhz: 2600, Mhz Limit: 2600
Processor Information for processor 4
  Max Mhz: 2600, Current Mhz: 2600, Mhz Limit: 2600
Processor Information for processor 5
  Max Mhz: 2600, Current Mhz: 2600, Mhz Limit: 2600
Processor Information for processor 6
  Max Mhz: 2600, Current Mhz: 2600, Mhz Limit: 2600
Processor Information for processor 7
  Max Mhz: 2600, Current Mhz: 2600, Mhz Limit: 2600
Processor Information for processor 8
  Max Mhz: 2600, Current Mhz: 1900, Mhz Limit: 1898
Processor Information for processor 9
  Max Mhz: 2600, Current Mhz: 1900, Mhz Limit: 1898
Processor Information for processor 10
  Max Mhz: 2600, Current Mhz: 1900, Mhz Limit: 1898
Processor Information for processor 11
  Max Mhz: 2600, Current Mhz: 1900, Mhz Limit: 1898
Processor Information for processor 12
  Max Mhz: 2600, Current Mhz: 1900, Mhz Limit: 1898
Processor Information for processor 13
  Max Mhz: 2600, Current Mhz: 1900, Mhz Limit: 1898
Processor Information for processor 14
  Max Mhz: 2600, Current Mhz: 1900, Mhz Limit: 1898
Processor Information for processor 15
  Max Mhz: 2600, Current Mhz: 1900, Mhz Limit: 1898

Memory: 4k page, system-wide physical 16016M (954M free)
TotalPageFile size 46016M (AvailPageFile size 14528M)
current process WorkingSet (physical memory assigned to process): 591M, peak: 600M
current process commit charge ("private bytes"): 714M, peak: 726M

vm_info: OpenJDK 64-Bit Server VM (22.0.1+8-16) for windows-amd64 JRE (22.0.1+8-16), built on 2024-03-12T10:33:16Z by "mach5one" with MS VC++ 17.6 (VS2022)

END.
