#
# A fatal error has been detected by the Java Runtime Environment:
#
#  EXCEPTION_ACCESS_VIOLATION (0xc0000005) at pc=0x00007ffc57a692d0, pid=28188, tid=23640
#
# JRE version: OpenJDK Runtime Environment (22.0.1+8) (build 22.0.1+8-16)
# Java VM: OpenJDK 64-Bit Server VM (22.0.1+8-16, mixed mode, sharing, tiered, compressed oops, compressed class ptrs, g1 gc, windows-amd64)
# Problematic frame:
# C  [igxelpicd64.dll+0x1f92d0]
#
# No core dump will be written. Minidumps are not enabled by default on client versions of Windows
#
# If you would like to submit a bug report, please visit:
#   https://bugreport.java.com/bugreport/crash.jsp
# The crash happened outside the Java Virtual Machine in native code.
# See problematic frame for where to report the bug.
#

---------------  S U M M A R Y ------------

Command Line: -javaagent:D:\ApplicationData\IntelliJ IDEA 2023.3.6\lib\idea_rt.jar=57727:D:\ApplicationData\IntelliJ IDEA 2023.3.6\bin -Dfile.encoding=UTF-8 -Dsun.stdout.encoding=UTF-8 -Dsun.stderr.encoding=UTF-8 com.findselfback.FindSelfBack

Host: 13th Gen Intel(R) Core(TM) i5-13500H, 16 cores, 15G,  Windows 11 , 64 bit Build 22621 (10.0.22621.3527)
Time: Sat Jun  1 15:34:56 2024 SE Asia Standard Time elapsed time: 41.788325 seconds (0d 0h 0m 41s)

---------------  T H R E A D  ---------------

Current thread (0x000002381d17c140):  JavaThread "Java2D Queue Flusher" daemon [_thread_in_native, id=23640, stack(0x0000006926e00000,0x0000006926f00000) (1024K)]

Stack: [0x0000006926e00000,0x0000006926f00000],  sp=0x0000006926eb3700,  free space=717k
Native frames: (J=compiled Java code, j=interpreted, Vv=VM code, C=native code)
C  [igxelpicd64.dll+0x1f92d0]  (no source info available)
C  [igxelpicd64.dll+0x44ceb]  (no source info available)
C  [igxelpicd64.dll+0x18c23]  (no source info available)
C  [igxelpicd64.dll+0x22360a]  (no source info available)
C  [igxelpicd64.dll+0x2240ab]  (no source info available)
C  [igxelpicd64.dll+0x8bfc6]  (no source info available)
C  [igxelpicd64.dll+0xab77f2]  (no source info available)
C  [awt.dll+0x57eeb]  (no source info available)
C  [awt.dll+0x5ec43]  (no source info available)
C  0x00000237c7c5dc0e  (no source info available)

The last pc belongs to native nmethod (printed below).
Java frames: (J=compiled Java code, j=interpreted, Vv=VM code)
J 2098  sun.java2d.opengl.OGLRenderQueue.flushBuffer(JI)V java.desktop@22.0.1 (0 bytes) @ 0x00000237c7c5db73 [0x00000237c7c5db20+0x0000000000000053]
J 2423 c2 sun.java2d.opengl.OGLRenderQueue.flushBuffer()V java.desktop@22.0.1 (41 bytes) @ 0x00000237c7cac2a0 [0x00000237c7cac240+0x0000000000000060]
j  sun.java2d.opengl.OGLRenderQueue$QueueFlusher.run()V+81 java.desktop@22.0.1
j  java.lang.Thread.runWith(Ljava/lang/Object;Ljava/lang/Runnable;)V+5 java.base@22.0.1
j  java.lang.Thread.run()V+19 java.base@22.0.1
v  ~StubRoutines::call_stub 0x00000237c745100d

siginfo: EXCEPTION_ACCESS_VIOLATION (0xc0000005), writing address 0x0000000000000018


Registers:
RAX=0x0000000078080003, RBX=0x0000000000000018, RCX=0x0000000000000010, RDX=0x0000000000000034
RSP=0x0000006926eb3700, RBP=0x0000006926eb3800, RSI=0x0000000000000003, RDI=0x000002381d688f40
R8 =0x000002381d6b4008, R9 =0x0000000000000000, R10=0x000002381d74a8d0, R11=0x0000000000000003
R12=0x0000000000000000, R13=0x000002381d738560, R14=0x0000000000000000, R15=0x0000000000000002
RIP=0x00007ffc57a692d0, EFLAGS=0x0000000000010202


Register to memory mapping:

RAX=0x0000000078080003 is an unknown value
RBX=0x0000000000000018 is an unknown value
RCX=0x0000000000000010 is an unknown value
RDX=0x0000000000000034 is an unknown value
RSP=0x0000006926eb3700 is pointing into the stack for thread: 0x000002381d17c140
RBP=0x0000006926eb3800 is pointing into the stack for thread: 0x000002381d17c140
RSI=0x0000000000000003 is an unknown value
RDI=0x000002381d688f40 points into unknown readable memory: 0x000002381d1b1180 | 80 11 1b 1d 38 02 00 00
R8 =0x000002381d6b4008 points into unknown readable memory: 0x0025000000250000 | 00 00 25 00 00 00 25 00
R9 =0x0 is null
R10=0x000002381d74a8d0 points into unknown readable memory: 0x0200000078090005 | 05 00 09 78 00 00 00 02
R11=0x0000000000000003 is an unknown value
R12=0x0 is null
R13=0x000002381d738560 points into unknown readable memory: 0x0000b13411000001 | 01 00 00 11 34 b1 00 00
R14=0x0 is null
R15=0x0000000000000002 is an unknown value

Top of Stack: (sp=0x0000006926eb3700)
0x0000006926eb3700:   0000000000000010 0000000000000003
0x0000006926eb3710:   0000023824e74c80 000000000000000b
0x0000006926eb3720:   0000000200000001 0000000200040000
0x0000006926eb3730:   0000014800000001 0000000200000010
0x0000006926eb3740:   0000020000000002 00000002ffffffff
0x0000006926eb3750:   00000003ffffff00 0000000000200000
0x0000006926eb3760:   000000001d6b4001 0000000300000010
0x0000006926eb3770:   0000000000000003 00000003ffffffff
0x0000006926eb3780:   00000200ffffffff 00007ffc00000003
0x0000006926eb3790:   000002381d6b40fa 000002381d6b2a88
0x0000006926eb37a0:   0000000000000040 000002381d6b3e00
0x0000006926eb37b0:   000002381d680000 0000006926eb6e90
0x0000006926eb37c0:   000002381d738560 0000000000000000
0x0000006926eb37d0:   0000023800000000 0000000000000018
0x0000006926eb37e0:   000002381d6b23f0 0000006900000004
0x0000006926eb37f0:   0000000000000002 00000238251252f0
0x0000006926eb3800:   000002381d74a8d0 0000006926eb6e98
0x0000006926eb3810:   000002381d688f40 0000006926eb6e9c
0x0000006926eb3820:   0000006926eb6e9c 0000006926eb6e98
0x0000006926eb3830:   000000000000003c 00000003ffffffff
0x0000006926eb3840:   00000000ffffffff 0000000000000000
0x0000006926eb3850:   000002381d6b40fa 000000181d6b2a88
0x0000006926eb3860:   0000000000000040 000002381d6b3e00
0x0000006926eb3870:   000002381d680000 0000006926eb6f50
0x0000006926eb3880:   000002381d738560 0000000000000000
0x0000006926eb3890:   0000023800000000 0000023821b65164
0x0000006926eb38a0:   000002381d6b23f0 00007ffc00000004
0x0000006926eb38b0:   0000000000000002 00000238251252f0
0x0000006926eb38c0:   000002381d74a8d0 0000006926eb6f58
0x0000006926eb38d0:   000002381d688f40 0000006926eb6f5c
0x0000006926eb38e0:   0000006926eb6f5c 0000006926eb6f58
0x0000006926eb38f0:   0000023821b65188 0000000000000003 

Instructions: (pc=0x00007ffc57a692d0)
0x00007ffc57a691d0:   23 01 00 eb 0c 4c 8b 6d c0 4c 8b 55 00 8b 74 24
0x00007ffc57a691e0:   7c 41 0f be 85 a8 24 01 00 89 45 80 41 0f be 9d
0x00007ffc57a691f0:   a9 24 01 00 89 5c 24 78 45 85 db 0f 85 97 00 00
0x00007ffc57a69200:   00 49 8b 8d 90 24 01 00 49 39 4a 04 74 0e 49 89
0x00007ffc57a69210:   4a 04 81 8f d0 fe 03 00 00 00 00 02 45 33 f6 44
0x00007ffc57a69220:   89 75 80 45 39 b5 38 22 01 00 75 09 45 39 b5 3c
0x00007ffc57a69230:   22 01 00 74 5a 44 8b 45 88 4b 8d 0c 40 f2 0f 10
0x00007ffc57a69240:   05 fb 3b b1 00 f2 0f 11 84 8d 30 03 00 00 8b 05
0x00007ffc57a69250:   f4 3b b1 00 89 84 8d 38 03 00 00 81 a4 8d 34 03
0x00007ffc57a69260:   00 00 c0 fe ff ff 44 89 b4 8d 38 03 00 00 4d 89
0x00007ffc57a69270:   b5 38 22 01 00 49 8b 85 50 23 01 00 48 0f ba e8
0x00007ffc57a69280:   00 49 89 85 50 23 01 00 41 ff c0 44 89 45 88 44
0x00007ffc57a69290:   88 b7 b9 b1 02 00 eb 03 45 33 f6 80 bf b9 b1 02
0x00007ffc57a692a0:   00 00 0f 85 65 0d 00 00 48 c7 87 ac b1 02 00 00
0x00007ffc57a692b0:   00 00 00 85 f6 0f 84 8b 04 00 00 0f ae e8 8b d6
0x00007ffc57a692c0:   c1 e2 04 83 c2 04 8b 05 94 a7 d7 00 48 8b 5d d8
0x00007ffc57a692d0:   89 03 8b c2 c1 e8 02 2c 02 88 03 48 8d 8d 20 19
0x00007ffc57a692e0:   00 00 e8 21 3c e6 ff 48 8b 85 20 19 00 00 80 b8
0x00007ffc57a692f0:   d0 33 04 00 00 74 10 48 8d 95 28 19 00 00 4c 8b
0x00007ffc57a69300:   85 40 1d 00 00 eb 0a 48 8b 95 50 1d 00 00 4c 8b
0x00007ffc57a69310:   c2 0f b6 8f c4 0c 04 00 48 8b 05 e1 b0 d5 00 83
0x00007ffc57a69320:   b8 c0 08 00 00 00 74 62 84 c9 0f 84 aa 00 00 00
0x00007ffc57a69330:   83 bf 0c 0e 04 00 00 0f 85 9d 00 00 00 80 bf bc
0x00007ffc57a69340:   0b 04 00 00 74 33 8b 87 b8 0b 04 00 ff c0 3b 87
0x00007ffc57a69350:   58 0b 04 00 75 23 80 bf 78 10 04 00 00 74 1a b8
0x00007ffc57a69360:   00 80 00 00 09 87 a8 0b 04 00 8b 8f a8 0b 04 00
0x00007ffc57a69370:   48 8b 87 b0 0b 04 00 89 08 4c 89 87 b0 0b 04 00
0x00007ffc57a69380:   8b 02 89 87 a8 0b 04 00 eb 44 84 c9 74 4c 83 bf
0x00007ffc57a69390:   0c 0e 04 00 00 75 43 80 bf bc 0b 04 00 00 74 27
0x00007ffc57a693a0:   8b 87 b8 0b 04 00 ff c0 3b 87 58 0b 04 00 75 17
0x00007ffc57a693b0:   80 bf 78 10 04 00 00 74 0e 48 8b 87 b0 0b 04 00
0x00007ffc57a693c0:   b9 00 80 00 00 09 08 4c 89 87 b0 0b 04 00 8b 87 


Stack slot to memory mapping:

stack at sp + 0 slots: 0x0000000000000010 is an unknown value
stack at sp + 1 slots: 0x0000000000000003 is an unknown value
stack at sp + 2 slots: 0x0000023824e74c80 points into unknown readable memory: 0x000002381d23eeb0 | b0 ee 23 1d 38 02 00 00
stack at sp + 3 slots: 0x000000000000000b is an unknown value
stack at sp + 4 slots: 0x0000000200000001 is an unknown value
stack at sp + 5 slots: 0x0000000200040000 is an unknown value
stack at sp + 6 slots: 0x0000014800000001 is an unknown value
stack at sp + 7 slots: 0x0000000200000010 is an unknown value


Compiled method (n/a) 41867 2098     n 0       sun.java2d.opengl.OGLRenderQueue::flushBuffer (native)
 total in heap  [0x00000237c7c5d990,0x00000237c7c5dd38] = 936
 relocation     [0x00000237c7c5dae8,0x00000237c7c5db18] = 48
 main code      [0x00000237c7c5db20,0x00000237c7c5dd32] = 530
 stub code      [0x00000237c7c5dd32,0x00000237c7c5dd38] = 6

[Constant Pool (empty)]

[MachCode]
[Entry Point]
  # {method} {0x00000238192997f8} 'flushBuffer' '(JI)V' in 'sun/java2d/opengl/OGLRenderQueue'
  # this:     rdx:rdx   = 'sun/java2d/opengl/OGLRenderQueue'
  # parm0:    r8:r8     = long
  # parm1:    r9        = int
  #           [sp+0x70]  (sp of caller)
  0x00000237c7c5db20: 448b 5208 | 49bb 0000 | 00d8 3702 | 0000 4d03 | d349 3bc2 | 0f84 0600 

  0x00000237c7c5db38: ;   {runtime_call ic_miss_stub}
  0x00000237c7c5db38: 0000 e941 | 0c84 ff90 
[Verified Entry Point]
  0x00000237c7c5db40: 8984 2400 | 80ff ff55 | 488b ec48 | 83ec 6090 | 4181 7f20 | 0100 0000 

  0x00000237c7c5db58: ;   {runtime_call StubRoutines (final stubs)}
  0x00000237c7c5db58: 7405 e881 | 7182 ff48 | 8954 2420 | 4883 fa00 | 488d 5424 | 2048 0f44 | 5424 20c5 

  0x00000237c7c5db74: ;   {internal_word}
  0x00000237c7c5db74: f877 49ba | 73db c5c7 | 3702 0000 | 4d89 97a8 | 0300 0049 | 89a7 a003 

  0x00000237c7c5db8c: ;   {external_word}
  0x00000237c7c5db8c: 0000 49ba | 9c30 549e | fc7f 0000 | 4180 3a00 | 0f84 4e00 | 0000 5241 

  0x00000237c7c5dba4: ;   {metadata({method} {0x00000238192997f8} 'flushBuffer' '(JI)V' in 'sun/java2d/opengl/OGLRenderQueue')}
  0x00000237c7c5dba4: 5041 5148 | baf0 9729 | 1938 0200 | 0049 8bcf | 4883 ec20 | 40f6 c40f | 0f84 1900 | 0000 4883 
  0x00000237c7c5dbc4: ;   {runtime_call}
  0x00000237c7c5dbc4: ec08 48b8 | 40b5 049e | fc7f 0000 | ffd0 4883 | c408 e90c 

  0x00000237c7c5dbd8: ;   {runtime_call}
  0x00000237c7c5dbd8: 0000 0048 | b840 b504 | 9efc 7f00 | 00ff d048 | 83c4 2041 | 5941 585a | 498d 8fc0 | 0300 0041 
  0x00000237c7c5dbf8: c787 5404 | 0000 0400 

  0x00000237c7c5dc00: ;   {runtime_call}
  0x00000237c7c5dc00: 0000 48b8 | f0e6 e873 | fc7f 0000 | ffd0 c5f8 | 7741 c787 | 5404 0000 | 0500 0000 | f083 4424 
  0x00000237c7c5dc20: c000 493b | af58 0400 | 000f 870e | 0000 0041 | 83bf 5004 | 0000 000f | 8423 0000 | 00c5 f877 
  0x00000237c7c5dc40: 498b cf4c | 8be4 4883 | ec20 4883 

  0x00000237c7c5dc4c: ;   {runtime_call}
  0x00000237c7c5dc4c: e4f0 48b8 | d01e cf9d | fc7f 0000 | ffd0 498b | e44d 33e4 | 41c7 8754 | 0400 0008 | 0000 0041 
  0x00000237c7c5dc6c: 83bf d004 | 0000 020f | 8494 0000 

  0x00000237c7c5dc78: ;   {external_word}
  0x00000237c7c5dc78: 0049 ba9c | 3054 9efc | 7f00 0041 | 803a 000f | 8444 0000 

  0x00000237c7c5dc8c: ;   {metadata({method} {0x00000238192997f8} 'flushBuffer' '(JI)V' in 'sun/java2d/opengl/OGLRenderQueue')}
  0x00000237c7c5dc8c: 0048 baf0 | 9729 1938 | 0200 0049 | 8bcf 4883 | ec20 40f6 | c40f 0f84 | 1900 0000 | 4883 ec08 
  0x00000237c7c5dcac: ;   {runtime_call}
  0x00000237c7c5dcac: 48b8 40b5 | 049e fc7f | 0000 ffd0 | 4883 c408 | e90c 0000 

  0x00000237c7c5dcc0: ;   {runtime_call}
  0x00000237c7c5dcc0: 0048 b840 | b504 9efc | 7f00 00ff | d048 83c4 | 2049 c787 | a003 0000 | 0000 0000 | 49c7 87a8 
  0x00000237c7c5dce0: 0300 0000 | 0000 00c5 | f877 498b | 8f30 0400 | 00c7 8100 | 0100 0000 | 0000 00c9 | 4983 7f08 
  0x00000237c7c5dd00: 000f 8501 | 0000 00c3 

  0x00000237c7c5dd08: ;   {runtime_call StubRoutines (initial stubs)}
  0x00000237c7c5dd08: e9f3 317f | ffc5 f877 | 4c8b e448 | 83ec 2048 

  0x00000237c7c5dd18: ;   {runtime_call}
  0x00000237c7c5dd18: 83e4 f048 | b890 ed04 | 9efc 7f00 | 00ff d049 | 8be4 4d33 | e4e9 47ff | ffff f4f4 | f4f4 f4f4 
[/MachCode]


Compiled method (c2) 41870 2423       4       sun.java2d.opengl.OGLRenderQueue::flushBuffer (41 bytes)
 total in heap  [0x00000237c7cac090,0x00000237c7cac7f0] = 1888
 relocation     [0x00000237c7cac1e8,0x00000237c7cac240] = 88
 main code      [0x00000237c7cac240,0x00000237c7cac5f8] = 952
 stub code      [0x00000237c7cac5f8,0x00000237c7cac620] = 40
 metadata       [0x00000237c7cac620,0x00000237c7cac648] = 40
 scopes data    [0x00000237c7cac648,0x00000237c7cac6d0] = 136
 scopes pcs     [0x00000237c7cac6d0,0x00000237c7cac7a0] = 208
 dependencies   [0x00000237c7cac7a0,0x00000237c7cac7a8] = 8
 handler table  [0x00000237c7cac7a8,0x00000237c7cac7c0] = 24
 nul chk table  [0x00000237c7cac7c0,0x00000237c7cac7f0] = 48

[Constant Pool (empty)]

[MachCode]
[Entry Point]
  # {method} {0x00000238192998e8} 'flushBuffer' '()V' in 'sun/java2d/opengl/OGLRenderQueue'
  #           [sp+0x50]  (sp of caller)
  0x00000237c7cac240: 448b 5208 | 49bb 0000 | 00d8 3702 | 0000 4d03 | d349 3bc2 

  0x00000237c7cac254: ;   {runtime_call ic_miss_stub}
  0x00000237c7cac254: 0f85 2625 | 7fff 6690 | 0f1f 4000 
[Verified Entry Point]
  0x00000237c7cac260: 8984 2400 | 80ff ff55 | 4883 ec40 | 4181 7f20 | 0100 0000 | 0f85 7403 | 0000 488b | ea44 8b5a 
  0x00000237c7cac280: 0c4f 8b54 | dc20 4f8b | 44dc 104d | 2bd0 458b | ca45 85c9 | 0f8e 6202 

  0x00000237c7cac298: ;   {optimized virtual_call}
  0x00000237c7cac298: 0000 90e8 

  0x00000237c7cac29c: ; ImmutableOopMap {rbp=Oop }
                      ;*invokevirtual flushBuffer {reexecute=0 rethrow=0 return_oop=0}
                      ; - sun.java2d.opengl.OGLRenderQueue::flushBuffer@21 (line 148)
  0x00000237c7cac29c: a018 fbff 

  0x00000237c7cac2a0: ;   {other}
  0x00000237c7cac2a0: 0f1f 8400 | 1002 0000 | 448b 550c 

  0x00000237c7cac2ac: ; implicit exception: dispatches to 0x00000237c7cac588
  0x00000237c7cac2ac: 4f8b 5cd4 | 104f 895c | d420 8b6d | 1045 8b54 

  0x00000237c7cac2bc: ;   {metadata('java/util/HashSet')}
  0x00000237c7cac2bc: ec08 4181 | faf0 7f0b | 000f 850a | 0200 004d | 8d14 ec41 | 8b6a 0c45 | 8b54 ec08 

  0x00000237c7cac2d8: ;   {metadata('java/util/HashMap')}
  0x00000237c7cac2d8: 4181 fa10 | 6407 000f | 8503 0200 | 004d 8d14 | ec41 8b6a | 2441 ff42 | 1845 8b6c | ec0c 458b 
  0x00000237c7cac2f8: 5a14 4585 | db0f 8eac | 0000 0045 | 8962 1445 | 85ed 0f86 | 9f00 0000 | 458d 75ff | 453b f50f 
  0x00000237c7cac318: 83f7 0100 | 0041 807f | 3800 0f85 | 0301 0000 | 4589 64ec | 1048 c1e5 | 03bb 0100 | 0000 4183 
  0x00000237c7cac338: fe01 7e56 | bed0 0700 | 0041 8bfd | 2bfb ffcf | 4533 d244 | 3bf3 410f | 4cfa 81ff | d007 0000 
  0x00000237c7cac358: 0f47 fe03 | fb66 6690 | 4180 7f38 | 000f 8588 | 0000 0044 | 8964 9d10 | 4180 7f38 | 0075 4b44 
  0x00000237c7cac378: 8964 9d14 | 83c3 023b | df7c dd4d | 8b97 6004 

  0x00000237c7cac388: ; ImmutableOopMap {rbp=Oop }
                      ;*goto {reexecute=1 rethrow=0 return_oop=0}
                      ; - (reexecute) java.util.HashMap::clear@46 (line 869)
                      ; - java.util.HashSet::clear@4 (line 253)
                      ; - sun.java2d.opengl.OGLRenderQueue::flushBuffer@35 (line 153)
                      ;   {poll}
  0x00000237c7cac388: 0000 4185 | 0241 3bde | 7caf 413b | dd7d 1890 | 4180 7f38 | 000f 85c0 | 0000 0044 | 8964 9d10 
  0x00000237c7cac3a8: ffc3 413b | dd7c e948 | 83c4 405d 

  0x00000237c7cac3b4: ;   {poll_return}
  0x00000237c7cac3b4: 493b a758 | 0400 000f | 8717 0200 | 00c3 448b | 549d 1445 | 85d2 74ab | 4d8b 5f28 | 498b ca48 
  0x00000237c7cac3d4: c1e1 034d | 85db 0f84 | bb00 0000 | 4d8b 5730 | 4b89 4c1a | f849 83c3 | f84d 895f | 28eb 8444 
  0x00000237c7cac3f4: 8b54 9d10 | 4585 d20f | 846a ffff | ff4d 8b5f | 2849 8bca | 48c1 e103 | 4d85 db0f | 84a3 0000 
  0x00000237c7cac414: 004d 8b57 | 304b 894c | 1af8 4983 | c3f8 4d89 | 5f28 e940 | ffff ff45 | 8b54 ec10 | 4585 d20f 
  0x00000237c7cac434: 84ef feff | ff4d 8b5f | 2849 8bca | 48c1 e103 | 4d85 db0f | 84df 0000 | 004d 8b57 | 304b 894c 
  0x00000237c7cac454: 1af8 4983 | c3f8 4d89 | 5f28 e9c5 | feff ff44 | 8b5c 9d10 | 4585 db0f | 8432 ffff | ff4d 8b57 
  0x00000237c7cac474: 2849 8bcb | 48c1 e103 | 4d85 d20f | 84c4 0000 | 004d 8b5f | 304b 894c | 13f8 4983 | c2f8 4d89 
  0x00000237c7cac494: 5728 e908 | ffff ff49 | 8bd7 49ba | e03e c29d | fc7f 0000 

  0x00000237c7cac4a8: ;   {other}
  0x00000237c7cac4a8: 41ff d20f | 1f84 0000 | 0000 00e9 | bffe ffff | 498b d749 | bae0 3ec2 | 9dfc 7f00 | 0041 ffd2 
  0x00000237c7cac4c8: ;   {other}
  0x00000237c7cac4c8: 0f1f 8400 | 0000 0000 | e996 feff | ffba deff 

  0x00000237c7cac4d8: ;   {runtime_call UncommonTrapBlob}
  0x00000237c7cac4d8: ffff 90e8 

  0x00000237c7cac4dc: ; ImmutableOopMap {rbp=NarrowOop }
                      ;*invokeinterface clear {reexecute=0 rethrow=0 return_oop=0}
                      ; - sun.java2d.opengl.OGLRenderQueue::flushBuffer@35 (line 153)
  0x00000237c7cac4dc: 2081 7fff 

  0x00000237c7cac4e0: ;   {other}
  0x00000237c7cac4e0: 0f1f 8400 | 5004 0002 | bade ffff 

  0x00000237c7cac4ec: ;   {runtime_call UncommonTrapBlob}
  0x00000237c7cac4ec: ff66 90e8 

  0x00000237c7cac4f0: ; ImmutableOopMap {rbp=NarrowOop }
                      ;*invokevirtual clear {reexecute=0 rethrow=0 return_oop=0}
                      ; - java.util.HashSet::clear@4 (line 253)
                      ; - sun.java2d.opengl.OGLRenderQueue::flushBuffer@35 (line 153)
  0x00000237c7cac4f0: 0c81 7fff 

  0x00000237c7cac4f4: ;   {other}
  0x00000237c7cac4f4: 0f1f 8400 | 6404 0003 | ba45 ffff | ff44 894c 

  0x00000237c7cac504: ;   {runtime_call UncommonTrapBlob}
  0x00000237c7cac504: 2420 90e8 

  0x00000237c7cac508: ; ImmutableOopMap {rbp=Oop }
                      ;*ifle {reexecute=1 rethrow=0 return_oop=0}
                      ; - (reexecute) sun.java2d.opengl.OGLRenderQueue::flushBuffer@9 (line 146)
  0x00000237c7cac508: f480 7fff 

  0x00000237c7cac50c: ;   {other}
  0x00000237c7cac50c: 0f1f 8400 | 7c04 0004 | ba76 ffff | ff44 896c 

  0x00000237c7cac51c: ;   {runtime_call UncommonTrapBlob}
  0x00000237c7cac51c: 2420 90e8 

  0x00000237c7cac520: ; ImmutableOopMap {rbp=NarrowOop }
                      ;*if_icmpge {reexecute=1 rethrow=0 return_oop=0}
                      ; - (reexecute) java.util.HashMap::clear@36 (line 869)
                      ; - java.util.HashSet::clear@4 (line 253)
                      ; - sun.java2d.opengl.OGLRenderQueue::flushBuffer@35 (line 153)
  0x00000237c7cac520: dc80 7fff 

  0x00000237c7cac524: ;   {other}
  0x00000237c7cac524: 0f1f 8400 | 9404 0005 | 498b d749 | bae0 3ec2 | 9dfc 7f00 | 0041 ffd2 

  0x00000237c7cac53c: ;   {other}
  0x00000237c7cac53c: 0f1f 8400 | 0000 0000 | e9df fdff | ff49 8bd7 | 49ba e03e | c29d fc7f | 0000 41ff 

  0x00000237c7cac558: ;   {other}
  0x00000237c7cac558: d20f 1f84 | 0000 0000 | 00e9 3dfe | ffff 488b | d048 83c4 

  0x00000237c7cac56c: ;   {runtime_call _rethrow_Java}
  0x00000237c7cac56c: 405d e98d | 168c ffba | f6ff ffff 

  0x00000237c7cac578: ;   {runtime_call UncommonTrapBlob}
  0x00000237c7cac578: 6666 90e8 

  0x00000237c7cac57c: ; ImmutableOopMap {}
                      ;*invokevirtual position {reexecute=0 rethrow=0 return_oop=0}
                      ; - sun.java2d.opengl.OGLRenderQueue::flushBuffer@4 (line 145)
  0x00000237c7cac57c: 8080 7fff 

  0x00000237c7cac580: ;   {other}
  0x00000237c7cac580: 0f1f 8400 | f004 0006 | baf6 ffff 

  0x00000237c7cac58c: ;   {runtime_call UncommonTrapBlob}
  0x00000237c7cac58c: ff66 90e8 

  0x00000237c7cac590: ; ImmutableOopMap {}
                      ;*invokevirtual clear {reexecute=0 rethrow=0 return_oop=0}
                      ; - sun.java2d.opengl.OGLRenderQueue::flushBuffer@28 (line 151)
  0x00000237c7cac590: 6c80 7fff 

  0x00000237c7cac594: ;   {other}
  0x00000237c7cac594: 0f1f 8400 | 0405 0007 | baf6 ffff 

  0x00000237c7cac5a0: ;   {runtime_call UncommonTrapBlob}
  0x00000237c7cac5a0: ff66 90e8 

  0x00000237c7cac5a4: ; ImmutableOopMap {}
                      ;*invokeinterface clear {reexecute=0 rethrow=0 return_oop=0}
                      ; - sun.java2d.opengl.OGLRenderQueue::flushBuffer@35 (line 153)
  0x00000237c7cac5a4: 5880 7fff 

  0x00000237c7cac5a8: ;   {other}
  0x00000237c7cac5a8: 0f1f 8400 | 1805 0008 | baf6 ffff 

  0x00000237c7cac5b4: ;   {runtime_call UncommonTrapBlob}
  0x00000237c7cac5b4: ff66 90e8 

  0x00000237c7cac5b8: ; ImmutableOopMap {}
                      ;*invokevirtual clear {reexecute=0 rethrow=0 return_oop=0}
                      ; - java.util.HashSet::clear@4 (line 253)
                      ; - sun.java2d.opengl.OGLRenderQueue::flushBuffer@35 (line 153)
  0x00000237c7cac5b8: 4480 7fff 

  0x00000237c7cac5bc: ;   {other}
  0x00000237c7cac5bc: 0f1f 8400 | 2c05 0009 | ba45 ffff 

  0x00000237c7cac5c8: ;   {runtime_call UncommonTrapBlob}
  0x00000237c7cac5c8: ff66 90e8 

  0x00000237c7cac5cc: ; ImmutableOopMap {rbp=NarrowOop }
                      ;*ifnull {reexecute=1 rethrow=0 return_oop=0}
                      ; - (reexecute) java.util.HashMap::clear@16 (line 867)
                      ; - java.util.HashSet::clear@4 (line 253)
                      ; - sun.java2d.opengl.OGLRenderQueue::flushBuffer@35 (line 153)
  0x00000237c7cac5cc: 3080 7fff 

  0x00000237c7cac5d0: ;   {other}
  0x00000237c7cac5d0: 0f1f 8400 | 4005 000a 

  0x00000237c7cac5d8: ;   {internal_word}
  0x00000237c7cac5d8: 49ba b4c3 | cac7 3702 | 0000 4d89 | 9770 0400 

  0x00000237c7cac5e8: ;   {runtime_call SafepointBlob}
  0x00000237c7cac5e8: 00e9 1291 

  0x00000237c7cac5ec: ;   {runtime_call StubRoutines (final stubs)}
  0x00000237c7cac5ec: 7fff e8ed | 867d ffe9 | 82fc ffff 
[Stub Code]
  0x00000237c7cac5f8: ;   {no_reloc}
  0x00000237c7cac5f8: 48bb 0000 | 0000 0000 

  0x00000237c7cac600: ;   {runtime_call}
  0x00000237c7cac600: 0000 e9fb 

  0x00000237c7cac604: ;   {runtime_call ExceptionBlob}
  0x00000237c7cac604: ffff ffe9 | f4e8 8bff 
[Deopt Handler Code]
  0x00000237c7cac60c: e800 0000 | 0048 832c 

  0x00000237c7cac614: ;   {runtime_call DeoptimizationBlob}
  0x00000237c7cac614: 2405 e985 | 837f fff4 | f4f4 f4f4 
[/MachCode]


---------------  P R O C E S S  ---------------

Threads class SMR info:
_java_thread_list=0x00000238250eebc0, length=19, elements={
0x00000237d7774580, 0x00000237d77754a0, 0x00000237d77788b0, 0x00000237d777c430,
0x00000237d777ce90, 0x00000237d777e900, 0x00000237d777faa0, 0x00000237d7782560,
0x00000237d79a5380, 0x000002381d077120, 0x00000237d7c01940, 0x000002381d17c140,
0x00000237d7c12c60, 0x000002381d61afe0, 0x000002381d61bce0, 0x0000023825068cf0,
0x0000023824b19080, 0x0000023824f5af70, 0x0000023824fed700
}

Java Threads: ( => current thread )
  0x00000237d7774580 JavaThread "Reference Handler"          daemon [_thread_blocked, id=33476, stack(0x0000006926000000,0x0000006926100000) (1024K)]
  0x00000237d77754a0 JavaThread "Finalizer"                  daemon [_thread_blocked, id=34880, stack(0x0000006926100000,0x0000006926200000) (1024K)]
  0x00000237d77788b0 JavaThread "Signal Dispatcher"          daemon [_thread_blocked, id=18004, stack(0x0000006926200000,0x0000006926300000) (1024K)]
  0x00000237d777c430 JavaThread "Attach Listener"            daemon [_thread_blocked, id=25440, stack(0x0000006926300000,0x0000006926400000) (1024K)]
  0x00000237d777ce90 JavaThread "Service Thread"             daemon [_thread_blocked, id=8556, stack(0x0000006926400000,0x0000006926500000) (1024K)]
  0x00000237d777e900 JavaThread "Monitor Deflation Thread"   daemon [_thread_blocked, id=32484, stack(0x0000006926500000,0x0000006926600000) (1024K)]
  0x00000237d777faa0 JavaThread "C2 CompilerThread0"         daemon [_thread_blocked, id=5616, stack(0x0000006926600000,0x0000006926700000) (1024K)]
  0x00000237d7782560 JavaThread "C1 CompilerThread0"         daemon [_thread_blocked, id=21752, stack(0x0000006926700000,0x0000006926800000) (1024K)]
  0x00000237d79a5380 JavaThread "Common-Cleaner"             daemon [_thread_blocked, id=36716, stack(0x0000006926800000,0x0000006926900000) (1024K)]
  0x000002381d077120 JavaThread "Monitor Ctrl-Break"         daemon [_thread_in_native, id=18024, stack(0x0000006926c00000,0x0000006926d00000) (1024K)]
  0x00000237d7c01940 JavaThread "Notification Thread"        daemon [_thread_blocked, id=18336, stack(0x0000006926d00000,0x0000006926e00000) (1024K)]
=>0x000002381d17c140 JavaThread "Java2D Queue Flusher"       daemon [_thread_in_native, id=23640, stack(0x0000006926e00000,0x0000006926f00000) (1024K)]
  0x00000237d7c12c60 JavaThread "Java2D Disposer"            daemon [_thread_blocked, id=22000, stack(0x0000006926b00000,0x0000006926c00000) (1024K)]
  0x000002381d61afe0 JavaThread "AWT-Shutdown"                      [_thread_blocked, id=35244, stack(0x0000006927300000,0x0000006927400000) (1024K)]
  0x000002381d61bce0 JavaThread "AWT-Windows"                daemon [_thread_in_native, id=9776, stack(0x0000006927400000,0x0000006927500000) (1024K)]
  0x0000023825068cf0 JavaThread "Thread-1"                          [_thread_blocked, id=33044, stack(0x0000006927f00000,0x0000006928000000) (1024K)]
  0x0000023824b19080 JavaThread "Thread-2"                          [_thread_in_Java, id=16904, stack(0x0000006928000000,0x0000006928100000) (1024K)]
  0x0000023824f5af70 JavaThread "AWT-EventQueue-0"                  [_thread_blocked, id=36316, stack(0x0000006928100000,0x0000006928200000) (1024K)]
  0x0000023824fed700 JavaThread "DestroyJavaVM"                     [_thread_blocked, id=33564, stack(0x0000006925800000,0x0000006925900000) (1024K)]
Total: 19

Other Threads:
  0x00000237d7757a30 VMThread "VM Thread"                           [id=23260, stack(0x0000006925f00000,0x0000006926000000) (1024K)]
  0x00000237d773df50 WatcherThread "VM Periodic Task Thread"        [id=2072, stack(0x0000006925e00000,0x0000006925f00000) (1024K)]
  0x00000237b7d2b1b0 WorkerThread "GC Thread#0"                     [id=33788, stack(0x0000006925900000,0x0000006925a00000) (1024K)]
  0x00000238246a90e0 WorkerThread "GC Thread#1"                     [id=22512, stack(0x0000006927700000,0x0000006927800000) (1024K)]
  0x00000238246a85d0 WorkerThread "GC Thread#2"                     [id=21812, stack(0x0000006927800000,0x0000006927900000) (1024K)]
  0x00000238246a7ac0 WorkerThread "GC Thread#3"                     [id=22368, stack(0x0000006927900000,0x0000006927a00000) (1024K)]
  0x00000238246a8d30 WorkerThread "GC Thread#4"                     [id=21860, stack(0x0000006927a00000,0x0000006927b00000) (1024K)]
  0x00000238246a7e70 WorkerThread "GC Thread#5"                     [id=16648, stack(0x0000006927b00000,0x0000006927c00000) (1024K)]
  0x00000238246a9490 WorkerThread "GC Thread#6"                     [id=36240, stack(0x0000006927c00000,0x0000006927d00000) (1024K)]
  0x00000238246a8220 WorkerThread "GC Thread#7"                     [id=15932, stack(0x0000006927d00000,0x0000006927e00000) (1024K)]
  0x00000238246a8980 WorkerThread "GC Thread#8"                     [id=13572, stack(0x0000006927e00000,0x0000006927f00000) (1024K)]
  0x00000238278a38c0 WorkerThread "GC Thread#9"                     [id=24748, stack(0x0000006926900000,0x0000006926a00000) (1024K)]
  0x00000238278a2650 WorkerThread "GC Thread#10"                    [id=19032, stack(0x0000006926a00000,0x0000006926b00000) (1024K)]
  0x00000238278a4ee0 WorkerThread "GC Thread#11"                    [id=34100, stack(0x0000006927500000,0x0000006927600000) (1024K)]
  0x00000237b7d3cdb0 ConcurrentGCThread "G1 Main Marker"            [id=16756, stack(0x0000006925a00000,0x0000006925b00000) (1024K)]
  0x00000237b7d3dcd0 WorkerThread "G1 Conc#0"                       [id=5268, stack(0x0000006925b00000,0x0000006925c00000) (1024K)]
  0x00000237d7612eb0 ConcurrentGCThread "G1 Refine#0"               [id=35652, stack(0x0000006925c00000,0x0000006925d00000) (1024K)]
  0x00000237d7613a30 ConcurrentGCThread "G1 Service"                [id=28520, stack(0x0000006925d00000,0x0000006925e00000) (1024K)]
Total: 18

Threads with active compile tasks:
Total: 0

VM state: not at safepoint (normal execution)

VM Mutex/Monitor currently owned by a thread: None

Heap address: 0x0000000705a00000, size: 4006 MB, Compressed Oops mode: Zero based, Oop shift amount: 3

CDS archive(s) mapped at: [0x00000237d8000000-0x00000237d8c50000-0x00000237d8c50000), size 12910592, SharedBaseAddress: 0x00000237d8000000, ArchiveRelocationMode: 1.
Compressed class space mapped at: 0x00000237d9000000-0x0000023819000000, reserved size: 1073741824
Narrow klass base: 0x00000237d8000000, Narrow klass shift: 0, Narrow klass range: 0x41000000

GC Precious Log:
 CardTable entry size: 512
 Card Set container configuration: InlinePtr #cards 4 size 8 Array Of Cards #cards 16 size 48 Howl #buckets 8 coarsen threshold 3686 Howl Bitmap #cards 512 size 80 coarsen threshold 460 Card regions per heap region 1 cards per card region 4096
 CPUs: 16 total, 16 available
 Memory: 16016M
 Large Page Support: Disabled
 NUMA Support: Disabled
 Compressed Oops: Enabled (Zero based)
 Heap Region Size: 2M
 Heap Min Capacity: 8M
 Heap Initial Capacity: 252M
 Heap Max Capacity: 4006M
 Pre-touch: Disabled
 Parallel Workers: 13
 Concurrent Workers: 3
 Concurrent Refinement Workers: 13
 Periodic GC: Disabled

Heap:
 garbage-first heap   total reserved 4102144K, committed 258048K, used 70412K [0x0000000705a00000, 0x0000000800000000)
  region size 2048K, 24 young (49152K), 2 survivors (4096K)
 Metaspace       used 9137K, committed 9408K, reserved 1114112K
  class space    used 926K, committed 1024K, reserved 1048576K

Heap Regions: E=young(eden), S=young(survivor), O=old, HS=humongous(starts), HC=humongous(continues), CS=collection set, F=free, TAMS=top-at-mark-start, PB=parsable bottom
|   0|0x0000000705a00000, 0x0000000705c00000, 0x0000000705c00000|100%|HS|  |TAMS 0x0000000705a00000| PB 0x0000000705a00000| Complete |  0
|   1|0x0000000705c00000, 0x0000000705e00000, 0x0000000705e00000|100%| O|  |TAMS 0x0000000705c00000| PB 0x0000000705c00000| Untracked |  0
|   2|0x0000000705e00000, 0x0000000706000000, 0x0000000706000000|100%| O|  |TAMS 0x0000000705e00000| PB 0x0000000705e00000| Untracked |  0
|   3|0x0000000706000000, 0x0000000706200000, 0x0000000706200000|100%| O|  |TAMS 0x0000000706000000| PB 0x0000000706000000| Untracked |  0
|   4|0x0000000706200000, 0x0000000706400000, 0x0000000706400000|100%| O|  |TAMS 0x0000000706200000| PB 0x0000000706200000| Untracked |  0
|   5|0x0000000706400000, 0x0000000706600000, 0x0000000706600000|100%|HS|  |TAMS 0x0000000706400000| PB 0x0000000706400000| Complete |  0
|   6|0x0000000706600000, 0x0000000706800000, 0x0000000706800000|100%| O|  |TAMS 0x0000000706600000| PB 0x0000000706600000| Untracked |  0
|   7|0x0000000706800000, 0x0000000706a00000, 0x0000000706a00000|100%| O|  |TAMS 0x0000000706800000| PB 0x0000000706800000| Untracked |  0
|   8|0x0000000706a00000, 0x0000000706c00000, 0x0000000706c00000|100%| O|  |TAMS 0x0000000706a00000| PB 0x0000000706a00000| Untracked |  0
|   9|0x0000000706c00000, 0x0000000706e00000, 0x0000000706e00000|100%| O|  |TAMS 0x0000000706c00000| PB 0x0000000706c00000| Untracked |  0
|  10|0x0000000706e00000, 0x0000000707000000, 0x0000000707000000|100%| O|  |TAMS 0x0000000706e00000| PB 0x0000000706e00000| Untracked |  0
|  11|0x0000000707000000, 0x00000007070c3010, 0x0000000707200000| 38%| O|  |TAMS 0x0000000707000000| PB 0x0000000707000000| Untracked |  0
|  12|0x0000000707200000, 0x0000000707200000, 0x0000000707400000|  0%| F|  |TAMS 0x0000000707200000| PB 0x0000000707200000| Untracked |  0
|  13|0x0000000707400000, 0x0000000707400000, 0x0000000707600000|  0%| F|  |TAMS 0x0000000707400000| PB 0x0000000707400000| Untracked |  0
|  14|0x0000000707600000, 0x0000000707600000, 0x0000000707800000|  0%| F|  |TAMS 0x0000000707600000| PB 0x0000000707600000| Untracked |  0
|  15|0x0000000707800000, 0x0000000707800000, 0x0000000707a00000|  0%| F|  |TAMS 0x0000000707800000| PB 0x0000000707800000| Untracked |  0
|  16|0x0000000707a00000, 0x0000000707a00000, 0x0000000707c00000|  0%| F|  |TAMS 0x0000000707a00000| PB 0x0000000707a00000| Untracked |  0
|  17|0x0000000707c00000, 0x0000000707c00000, 0x0000000707e00000|  0%| F|  |TAMS 0x0000000707c00000| PB 0x0000000707c00000| Untracked |  0
|  18|0x0000000707e00000, 0x0000000707e00000, 0x0000000708000000|  0%| F|  |TAMS 0x0000000707e00000| PB 0x0000000707e00000| Untracked |  0
|  19|0x0000000708000000, 0x0000000708000000, 0x0000000708200000|  0%| F|  |TAMS 0x0000000708000000| PB 0x0000000708000000| Untracked |  0
|  20|0x0000000708200000, 0x0000000708200000, 0x0000000708400000|  0%| F|  |TAMS 0x0000000708200000| PB 0x0000000708200000| Untracked |  0
|  21|0x0000000708400000, 0x0000000708400000, 0x0000000708600000|  0%| F|  |TAMS 0x0000000708400000| PB 0x0000000708400000| Untracked |  0
|  22|0x0000000708600000, 0x0000000708600000, 0x0000000708800000|  0%| F|  |TAMS 0x0000000708600000| PB 0x0000000708600000| Untracked |  0
|  23|0x0000000708800000, 0x0000000708800000, 0x0000000708a00000|  0%| F|  |TAMS 0x0000000708800000| PB 0x0000000708800000| Untracked |  0
|  24|0x0000000708a00000, 0x0000000708a00000, 0x0000000708c00000|  0%| F|  |TAMS 0x0000000708a00000| PB 0x0000000708a00000| Untracked |  0
|  25|0x0000000708c00000, 0x0000000708c00000, 0x0000000708e00000|  0%| F|  |TAMS 0x0000000708c00000| PB 0x0000000708c00000| Untracked |  0
|  26|0x0000000708e00000, 0x0000000708e00000, 0x0000000709000000|  0%| F|  |TAMS 0x0000000708e00000| PB 0x0000000708e00000| Untracked |  0
|  27|0x0000000709000000, 0x0000000709000000, 0x0000000709200000|  0%| F|  |TAMS 0x0000000709000000| PB 0x0000000709000000| Untracked |  0
|  28|0x0000000709200000, 0x0000000709200000, 0x0000000709400000|  0%| F|  |TAMS 0x0000000709200000| PB 0x0000000709200000| Untracked |  0
|  29|0x0000000709400000, 0x0000000709400000, 0x0000000709600000|  0%| F|  |TAMS 0x0000000709400000| PB 0x0000000709400000| Untracked |  0
|  30|0x0000000709600000, 0x0000000709600000, 0x0000000709800000|  0%| F|  |TAMS 0x0000000709600000| PB 0x0000000709600000| Untracked |  0
|  31|0x0000000709800000, 0x0000000709800000, 0x0000000709a00000|  0%| F|  |TAMS 0x0000000709800000| PB 0x0000000709800000| Untracked |  0
|  32|0x0000000709a00000, 0x0000000709a00000, 0x0000000709c00000|  0%| F|  |TAMS 0x0000000709a00000| PB 0x0000000709a00000| Untracked |  0
|  33|0x0000000709c00000, 0x0000000709c00000, 0x0000000709e00000|  0%| F|  |TAMS 0x0000000709c00000| PB 0x0000000709c00000| Untracked |  0
|  34|0x0000000709e00000, 0x0000000709e00000, 0x000000070a000000|  0%| F|  |TAMS 0x0000000709e00000| PB 0x0000000709e00000| Untracked |  0
|  35|0x000000070a000000, 0x000000070a000000, 0x000000070a200000|  0%| F|  |TAMS 0x000000070a000000| PB 0x000000070a000000| Untracked |  0
|  36|0x000000070a200000, 0x000000070a200000, 0x000000070a400000|  0%| F|  |TAMS 0x000000070a200000| PB 0x000000070a200000| Untracked |  0
|  37|0x000000070a400000, 0x000000070a400000, 0x000000070a600000|  0%| F|  |TAMS 0x000000070a400000| PB 0x000000070a400000| Untracked |  0
|  38|0x000000070a600000, 0x000000070a600000, 0x000000070a800000|  0%| F|  |TAMS 0x000000070a600000| PB 0x000000070a600000| Untracked |  0
|  39|0x000000070a800000, 0x000000070a800000, 0x000000070aa00000|  0%| F|  |TAMS 0x000000070a800000| PB 0x000000070a800000| Untracked |  0
|  40|0x000000070aa00000, 0x000000070aa00000, 0x000000070ac00000|  0%| F|  |TAMS 0x000000070aa00000| PB 0x000000070aa00000| Untracked |  0
|  41|0x000000070ac00000, 0x000000070ac00000, 0x000000070ae00000|  0%| F|  |TAMS 0x000000070ac00000| PB 0x000000070ac00000| Untracked |  0
|  42|0x000000070ae00000, 0x000000070ae00000, 0x000000070b000000|  0%| F|  |TAMS 0x000000070ae00000| PB 0x000000070ae00000| Untracked |  0
|  43|0x000000070b000000, 0x000000070b000000, 0x000000070b200000|  0%| F|  |TAMS 0x000000070b000000| PB 0x000000070b000000| Untracked |  0
|  44|0x000000070b200000, 0x000000070b200000, 0x000000070b400000|  0%| F|  |TAMS 0x000000070b200000| PB 0x000000070b200000| Untracked |  0
|  45|0x000000070b400000, 0x000000070b400000, 0x000000070b600000|  0%| F|  |TAMS 0x000000070b400000| PB 0x000000070b400000| Untracked |  0
|  46|0x000000070b600000, 0x000000070b600000, 0x000000070b800000|  0%| F|  |TAMS 0x000000070b600000| PB 0x000000070b600000| Untracked |  0
|  47|0x000000070b800000, 0x000000070b800000, 0x000000070ba00000|  0%| F|  |TAMS 0x000000070b800000| PB 0x000000070b800000| Untracked |  0
|  48|0x000000070ba00000, 0x000000070ba00000, 0x000000070bc00000|  0%| F|  |TAMS 0x000000070ba00000| PB 0x000000070ba00000| Untracked |  0
|  49|0x000000070bc00000, 0x000000070bc00000, 0x000000070be00000|  0%| F|  |TAMS 0x000000070bc00000| PB 0x000000070bc00000| Untracked |  0
|  50|0x000000070be00000, 0x000000070be00000, 0x000000070c000000|  0%| F|  |TAMS 0x000000070be00000| PB 0x000000070be00000| Untracked |  0
|  51|0x000000070c000000, 0x000000070c000000, 0x000000070c200000|  0%| F|  |TAMS 0x000000070c000000| PB 0x000000070c000000| Untracked |  0
|  52|0x000000070c200000, 0x000000070c200000, 0x000000070c400000|  0%| F|  |TAMS 0x000000070c200000| PB 0x000000070c200000| Untracked |  0
|  53|0x000000070c400000, 0x000000070c400000, 0x000000070c600000|  0%| F|  |TAMS 0x000000070c400000| PB 0x000000070c400000| Untracked |  0
|  54|0x000000070c600000, 0x000000070c600000, 0x000000070c800000|  0%| F|  |TAMS 0x000000070c600000| PB 0x000000070c600000| Untracked |  0
|  55|0x000000070c800000, 0x000000070c800000, 0x000000070ca00000|  0%| F|  |TAMS 0x000000070c800000| PB 0x000000070c800000| Untracked |  0
|  56|0x000000070ca00000, 0x000000070ca00000, 0x000000070cc00000|  0%| F|  |TAMS 0x000000070ca00000| PB 0x000000070ca00000| Untracked |  0
|  57|0x000000070cc00000, 0x000000070cc00000, 0x000000070ce00000|  0%| F|  |TAMS 0x000000070cc00000| PB 0x000000070cc00000| Untracked |  0
|  58|0x000000070ce00000, 0x000000070ce00000, 0x000000070d000000|  0%| F|  |TAMS 0x000000070ce00000| PB 0x000000070ce00000| Untracked |  0
|  59|0x000000070d000000, 0x000000070d000000, 0x000000070d200000|  0%| F|  |TAMS 0x000000070d000000| PB 0x000000070d000000| Untracked |  0
|  60|0x000000070d200000, 0x000000070d200000, 0x000000070d400000|  0%| F|  |TAMS 0x000000070d200000| PB 0x000000070d200000| Untracked |  0
|  61|0x000000070d400000, 0x000000070d400000, 0x000000070d600000|  0%| F|  |TAMS 0x000000070d400000| PB 0x000000070d400000| Untracked |  0
|  62|0x000000070d600000, 0x000000070d600000, 0x000000070d800000|  0%| F|  |TAMS 0x000000070d600000| PB 0x000000070d600000| Untracked |  0
|  63|0x000000070d800000, 0x000000070d800000, 0x000000070da00000|  0%| F|  |TAMS 0x000000070d800000| PB 0x000000070d800000| Untracked |  0
|  64|0x000000070da00000, 0x000000070da00000, 0x000000070dc00000|  0%| F|  |TAMS 0x000000070da00000| PB 0x000000070da00000| Untracked |  0
|  65|0x000000070dc00000, 0x000000070dc00000, 0x000000070de00000|  0%| F|  |TAMS 0x000000070dc00000| PB 0x000000070dc00000| Untracked |  0
|  66|0x000000070de00000, 0x000000070de00000, 0x000000070e000000|  0%| F|  |TAMS 0x000000070de00000| PB 0x000000070de00000| Untracked |  0
|  67|0x000000070e000000, 0x000000070e000000, 0x000000070e200000|  0%| F|  |TAMS 0x000000070e000000| PB 0x000000070e000000| Untracked |  0
|  68|0x000000070e200000, 0x000000070e200000, 0x000000070e400000|  0%| F|  |TAMS 0x000000070e200000| PB 0x000000070e200000| Untracked |  0
|  69|0x000000070e400000, 0x000000070e400000, 0x000000070e600000|  0%| F|  |TAMS 0x000000070e400000| PB 0x000000070e400000| Untracked |  0
|  70|0x000000070e600000, 0x000000070e600000, 0x000000070e800000|  0%| F|  |TAMS 0x000000070e600000| PB 0x000000070e600000| Untracked |  0
|  71|0x000000070e800000, 0x000000070e800000, 0x000000070ea00000|  0%| F|  |TAMS 0x000000070e800000| PB 0x000000070e800000| Untracked |  0
|  72|0x000000070ea00000, 0x000000070ea00000, 0x000000070ec00000|  0%| F|  |TAMS 0x000000070ea00000| PB 0x000000070ea00000| Untracked |  0
|  73|0x000000070ec00000, 0x000000070ec00000, 0x000000070ee00000|  0%| F|  |TAMS 0x000000070ec00000| PB 0x000000070ec00000| Untracked |  0
|  74|0x000000070ee00000, 0x000000070ee00000, 0x000000070f000000|  0%| F|  |TAMS 0x000000070ee00000| PB 0x000000070ee00000| Untracked |  0
|  75|0x000000070f000000, 0x000000070f000000, 0x000000070f200000|  0%| F|  |TAMS 0x000000070f000000| PB 0x000000070f000000| Untracked |  0
|  76|0x000000070f200000, 0x000000070f200000, 0x000000070f400000|  0%| F|  |TAMS 0x000000070f200000| PB 0x000000070f200000| Untracked |  0
|  77|0x000000070f400000, 0x000000070f400000, 0x000000070f600000|  0%| F|  |TAMS 0x000000070f400000| PB 0x000000070f400000| Untracked |  0
|  78|0x000000070f600000, 0x000000070f600000, 0x000000070f800000|  0%| F|  |TAMS 0x000000070f600000| PB 0x000000070f600000| Untracked |  0
|  79|0x000000070f800000, 0x000000070f800000, 0x000000070fa00000|  0%| F|  |TAMS 0x000000070f800000| PB 0x000000070f800000| Untracked |  0
|  80|0x000000070fa00000, 0x000000070fa00000, 0x000000070fc00000|  0%| F|  |TAMS 0x000000070fa00000| PB 0x000000070fa00000| Untracked |  0
|  81|0x000000070fc00000, 0x000000070fc00000, 0x000000070fe00000|  0%| F|  |TAMS 0x000000070fc00000| PB 0x000000070fc00000| Untracked |  0
|  82|0x000000070fe00000, 0x000000070fe00000, 0x0000000710000000|  0%| F|  |TAMS 0x000000070fe00000| PB 0x000000070fe00000| Untracked |  0
|  83|0x0000000710000000, 0x0000000710000000, 0x0000000710200000|  0%| F|  |TAMS 0x0000000710000000| PB 0x0000000710000000| Untracked |  0
|  84|0x0000000710200000, 0x0000000710200000, 0x0000000710400000|  0%| F|  |TAMS 0x0000000710200000| PB 0x0000000710200000| Untracked |  0
|  85|0x0000000710400000, 0x0000000710400000, 0x0000000710600000|  0%| F|  |TAMS 0x0000000710400000| PB 0x0000000710400000| Untracked |  0
|  86|0x0000000710600000, 0x0000000710600000, 0x0000000710800000|  0%| F|  |TAMS 0x0000000710600000| PB 0x0000000710600000| Untracked |  0
|  87|0x0000000710800000, 0x0000000710800000, 0x0000000710a00000|  0%| F|  |TAMS 0x0000000710800000| PB 0x0000000710800000| Untracked |  0
|  88|0x0000000710a00000, 0x0000000710a00000, 0x0000000710c00000|  0%| F|  |TAMS 0x0000000710a00000| PB 0x0000000710a00000| Untracked |  0
|  89|0x0000000710c00000, 0x0000000710c00000, 0x0000000710e00000|  0%| F|  |TAMS 0x0000000710c00000| PB 0x0000000710c00000| Untracked |  0
|  90|0x0000000710e00000, 0x0000000710e00000, 0x0000000711000000|  0%| F|  |TAMS 0x0000000710e00000| PB 0x0000000710e00000| Untracked |  0
|  91|0x0000000711000000, 0x0000000711000000, 0x0000000711200000|  0%| F|  |TAMS 0x0000000711000000| PB 0x0000000711000000| Untracked |  0
|  92|0x0000000711200000, 0x0000000711200000, 0x0000000711400000|  0%| F|  |TAMS 0x0000000711200000| PB 0x0000000711200000| Untracked |  0
|  93|0x0000000711400000, 0x0000000711400000, 0x0000000711600000|  0%| F|  |TAMS 0x0000000711400000| PB 0x0000000711400000| Untracked |  0
|  94|0x0000000711600000, 0x0000000711600000, 0x0000000711800000|  0%| F|  |TAMS 0x0000000711600000| PB 0x0000000711600000| Untracked |  0
|  95|0x0000000711800000, 0x0000000711800000, 0x0000000711a00000|  0%| F|  |TAMS 0x0000000711800000| PB 0x0000000711800000| Untracked |  0
|  96|0x0000000711a00000, 0x0000000711a00000, 0x0000000711c00000|  0%| F|  |TAMS 0x0000000711a00000| PB 0x0000000711a00000| Untracked |  0
|  97|0x0000000711c00000, 0x0000000711c00000, 0x0000000711e00000|  0%| F|  |TAMS 0x0000000711c00000| PB 0x0000000711c00000| Untracked |  0
|  98|0x0000000711e00000, 0x0000000711e00000, 0x0000000712000000|  0%| F|  |TAMS 0x0000000711e00000| PB 0x0000000711e00000| Untracked |  0
|  99|0x0000000712000000, 0x0000000712000000, 0x0000000712200000|  0%| F|  |TAMS 0x0000000712000000| PB 0x0000000712000000| Untracked |  0
| 100|0x0000000712200000, 0x0000000712200000, 0x0000000712400000|  0%| F|  |TAMS 0x0000000712200000| PB 0x0000000712200000| Untracked |  0
| 101|0x0000000712400000, 0x0000000712400000, 0x0000000712600000|  0%| F|  |TAMS 0x0000000712400000| PB 0x0000000712400000| Untracked |  0
| 102|0x0000000712600000, 0x00000007127c6698, 0x0000000712800000| 88%| E|  |TAMS 0x0000000712600000| PB 0x0000000712600000| Complete |  0
| 103|0x0000000712800000, 0x0000000712a00000, 0x0000000712a00000|100%| E|CS|TAMS 0x0000000712800000| PB 0x0000000712800000| Complete |  0
| 104|0x0000000712a00000, 0x0000000712c00000, 0x0000000712c00000|100%| E|CS|TAMS 0x0000000712a00000| PB 0x0000000712a00000| Complete |  0
| 105|0x0000000712c00000, 0x0000000712e00000, 0x0000000712e00000|100%| E|CS|TAMS 0x0000000712c00000| PB 0x0000000712c00000| Complete |  0
| 106|0x0000000712e00000, 0x0000000713000000, 0x0000000713000000|100%| E|CS|TAMS 0x0000000712e00000| PB 0x0000000712e00000| Complete |  0
| 107|0x0000000713000000, 0x0000000713200000, 0x0000000713200000|100%| E|CS|TAMS 0x0000000713000000| PB 0x0000000713000000| Complete |  0
| 108|0x0000000713200000, 0x0000000713400000, 0x0000000713400000|100%| E|CS|TAMS 0x0000000713200000| PB 0x0000000713200000| Complete |  0
| 109|0x0000000713400000, 0x0000000713600000, 0x0000000713600000|100%| E|CS|TAMS 0x0000000713400000| PB 0x0000000713400000| Complete |  0
| 110|0x0000000713600000, 0x0000000713800000, 0x0000000713800000|100%| E|CS|TAMS 0x0000000713600000| PB 0x0000000713600000| Complete |  0
| 111|0x0000000713800000, 0x0000000713a00000, 0x0000000713a00000|100%| E|CS|TAMS 0x0000000713800000| PB 0x0000000713800000| Complete |  0
| 112|0x0000000713a00000, 0x0000000713c00000, 0x0000000713c00000|100%| E|CS|TAMS 0x0000000713a00000| PB 0x0000000713a00000| Complete |  0
| 113|0x0000000713c00000, 0x0000000713e00000, 0x0000000713e00000|100%| E|CS|TAMS 0x0000000713c00000| PB 0x0000000713c00000| Complete |  0
| 114|0x0000000713e00000, 0x0000000714000000, 0x0000000714000000|100%| S|CS|TAMS 0x0000000713e00000| PB 0x0000000713e00000| Complete |  0
| 115|0x0000000714000000, 0x0000000714200000, 0x0000000714200000|100%| S|CS|TAMS 0x0000000714000000| PB 0x0000000714000000| Complete |  0
| 116|0x0000000714200000, 0x0000000714400000, 0x0000000714400000|100%| E|CS|TAMS 0x0000000714200000| PB 0x0000000714200000| Complete |  0
| 117|0x0000000714400000, 0x0000000714600000, 0x0000000714600000|100%| E|CS|TAMS 0x0000000714400000| PB 0x0000000714400000| Complete |  0
| 118|0x0000000714600000, 0x0000000714800000, 0x0000000714800000|100%| E|CS|TAMS 0x0000000714600000| PB 0x0000000714600000| Complete |  0
| 119|0x0000000714800000, 0x0000000714a00000, 0x0000000714a00000|100%| E|CS|TAMS 0x0000000714800000| PB 0x0000000714800000| Complete |  0
| 120|0x0000000714a00000, 0x0000000714c00000, 0x0000000714c00000|100%| E|CS|TAMS 0x0000000714a00000| PB 0x0000000714a00000| Complete |  0
| 121|0x0000000714c00000, 0x0000000714e00000, 0x0000000714e00000|100%| E|CS|TAMS 0x0000000714c00000| PB 0x0000000714c00000| Complete |  0
| 122|0x0000000714e00000, 0x0000000715000000, 0x0000000715000000|100%| E|CS|TAMS 0x0000000714e00000| PB 0x0000000714e00000| Complete |  0
| 123|0x0000000715000000, 0x0000000715200000, 0x0000000715200000|100%| E|CS|TAMS 0x0000000715000000| PB 0x0000000715000000| Complete |  0
| 124|0x0000000715200000, 0x0000000715400000, 0x0000000715400000|100%| E|CS|TAMS 0x0000000715200000| PB 0x0000000715200000| Complete |  0
| 125|0x0000000715400000, 0x0000000715600000, 0x0000000715600000|100%| E|CS|TAMS 0x0000000715400000| PB 0x0000000715400000| Complete |  0

Card table byte_map: [0x00000237d0070000,0x00000237d0850000] _byte_map_base: 0x00000237cc843000

Marking Bits: (CMBitMap*) 0x00000237b7d2b8c0
 Bits: [0x00000237d0850000, 0x00000237d46e8000)

Polling page: 0x00000237b7480000

Metaspace:

Usage:
  Non-class:      8.02 MB used.
      Class:    926.91 KB used.
       Both:      8.92 MB used.

Virtual space:
  Non-class space:       64.00 MB reserved,       8.19 MB ( 13%) committed,  1 nodes.
      Class space:        1.00 GB reserved,       1.00 MB ( <1%) committed,  1 nodes.
             Both:        1.06 GB reserved,       9.19 MB ( <1%) committed. 

Chunk freelists:
   Non-Class:  6.98 MB
       Class:  15.00 MB
        Both:  21.99 MB

MaxMetaspaceSize: unlimited
CompressedClassSpaceSize: 1.00 GB
Initial GC threshold: 21.00 MB
Current GC threshold: 21.00 MB
CDS: on
 - commit_granule_bytes: 65536.
 - commit_granule_words: 8192.
 - virtual_space_node_default_size: 8388608.
 - enlarge_chunks_in_place: 1.
 - use_allocation_guard: 0.


Internal statistics:

num_allocs_failed_limit: 0.
num_arena_births: 270.
num_arena_deaths: 0.
num_vsnodes_births: 2.
num_vsnodes_deaths: 0.
num_space_committed: 147.
num_space_uncommitted: 0.
num_chunks_returned_to_freelist: 0.
num_chunks_taken_from_freelist: 379.
num_chunk_merges: 0.
num_chunk_splits: 215.
num_chunks_enlarged: 77.
num_inconsistent_stats: 0.

CodeHeap 'non-profiled nmethods': size=119168Kb used=1170Kb max_used=1170Kb free=117998Kb
 bounds [0x00000237c7ba0000, 0x00000237c7e10000, 0x00000237cf000000]
CodeHeap 'profiled nmethods': size=119104Kb used=4258Kb max_used=4258Kb free=114845Kb
 bounds [0x00000237c0000000, 0x00000237c0430000, 0x00000237c7450000]
CodeHeap 'non-nmethods': size=7488Kb used=1579Kb max_used=3298Kb free=5908Kb
 bounds [0x00000237c7450000, 0x00000237c77a0000, 0x00000237c7ba0000]
 total_blobs=3112 nmethods=2469 adapters=548
 compilation: enabled
              stopped_count=0, restarted_count=0
 full_count=0

Compilation events (20 events):
Event: 28.074 Thread 0x00000237d7782560 2460   !   3       sun.java2d.pipe.DrawImage::renderImageCopy (128 bytes)
Event: 28.074 Thread 0x00000237d7782560 nmethod 2460 0x00000237c0425f90 code [0x00000237c04261e0, 0x00000237c0426cb8]
Event: 28.074 Thread 0x00000237d7782560 2461       3       sun.java2d.opengl.OGLSurfaceData::isOnScreen (14 bytes)
Event: 28.075 Thread 0x00000237d7782560 nmethod 2461 0x00000237c0427190 code [0x00000237c0427320, 0x00000237c0427498]
Event: 28.234 Thread 0x00000237d7782560 2462       3       sun.java2d.pipe.Region::getIntersection (132 bytes)
Event: 28.235 Thread 0x00000237d7782560 nmethod 2462 0x00000237c0427510 code [0x00000237c0427720, 0x00000237c0427d58]
Event: 28.342 Thread 0x00000237d777faa0 2463       4       sun.java2d.pipe.DrawImage::isBgOperation (22 bytes)
Event: 28.342 Thread 0x00000237d777faa0 nmethod 2463 0x00000237c7cbfc90 code [0x00000237c7cbfe00, 0x00000237c7cbfea8]
Event: 28.345 Thread 0x00000237d7782560 2464   !   3       sun.awt.AWTAutoShutdown::notifyThreadBusy (88 bytes)
Event: 28.346 Thread 0x00000237d7782560 nmethod 2464 0x00000237c0427f10 code [0x00000237c0428120, 0x00000237c04286e0]
Event: 31.786 Thread 0x00000237d777faa0 2465       4       com.findselfback.Entities.Player::update (372 bytes)
Event: 31.812 Thread 0x00000237d777faa0 nmethod 2465 0x00000237c7cbff90 code [0x00000237c7cc0340, 0x00000237c7cc2140]
Event: 32.195 Thread 0x00000237d777faa0 2466       4       sun.awt.SunToolkit::getAppContext (42 bytes)
Event: 32.196 Thread 0x00000237d777faa0 nmethod 2466 0x00000237c7cc3910 code [0x00000237c7cc3aa0, 0x00000237c7cc3bb8]
Event: 36.495 Thread 0x00000237d777faa0 2467       4       jdk.internal.util.random.RandomSupport::boundedNextInt (109 bytes)
Event: 36.497 Thread 0x00000237d777faa0 nmethod 2467 0x00000237c7cc3d10 code [0x00000237c7cc3ea0, 0x00000237c7cc40a0]
Event: 39.312 Thread 0x00000237d777faa0 2468       4       javax.swing.JComponent::getWidth (5 bytes)
Event: 39.313 Thread 0x00000237d777faa0 nmethod 2468 0x00000237c7cc4210 code [0x00000237c7cc4380, 0x00000237c7cc4408]
Event: 39.313 Thread 0x00000237d777faa0 2469       4       javax.swing.JComponent::getHeight (5 bytes)
Event: 39.313 Thread 0x00000237d777faa0 nmethod 2469 0x00000237c7cc4510 code [0x00000237c7cc4680, 0x00000237c7cc4708]

GC Heap History (4 events):
Event: 1.347 GC heap before
{Heap before GC invocations=0 (full 0):
 garbage-first heap   total reserved 4102144K, committed 258048K, used 24576K [0x0000000705a00000, 0x0000000800000000)
  region size 2048K, 12 young (24576K), 0 survivors (0K)
 Metaspace       used 6303K, committed 6592K, reserved 1114112K
  class space    used 630K, committed 768K, reserved 1048576K
}
Event: 1.355 GC heap after
{Heap after GC invocations=1 (full 0):
 garbage-first heap   total reserved 4102144K, committed 258048K, used 13182K [0x0000000705a00000, 0x0000000800000000)
  region size 2048K, 2 young (4096K), 2 survivors (4096K)
 Metaspace       used 6303K, committed 6592K, reserved 1114112K
  class space    used 630K, committed 768K, reserved 1048576K
}
Event: 17.959 GC heap before
{Heap before GC invocations=1 (full 0):
 garbage-first heap   total reserved 4102144K, committed 258048K, used 33662K [0x0000000705a00000, 0x0000000800000000)
  region size 2048K, 12 young (24576K), 2 survivors (4096K)
 Metaspace       used 8953K, committed 9216K, reserved 1114112K
  class space    used 916K, committed 1024K, reserved 1048576K
}
Event: 17.967 GC heap after
{Heap after GC invocations=2 (full 0):
 garbage-first heap   total reserved 4102144K, committed 258048K, used 27404K [0x0000000705a00000, 0x0000000800000000)
  region size 2048K, 2 young (4096K), 2 survivors (4096K)
 Metaspace       used 8953K, committed 9216K, reserved 1114112K
  class space    used 916K, committed 1024K, reserved 1048576K
}

Dll operation events (13 events):
Event: 0.034 Loaded shared library C:\Users\JulyLun\.jdks\openjdk-22.0.1-1\bin\java.dll
Event: 0.123 Loaded shared library C:\Users\JulyLun\.jdks\openjdk-22.0.1-1\bin\jsvml.dll
Event: 0.231 Loaded shared library C:\Users\JulyLun\.jdks\openjdk-22.0.1-1\bin\zip.dll
Event: 0.238 Loaded shared library C:\Users\JulyLun\.jdks\openjdk-22.0.1-1\bin\instrument.dll
Event: 0.244 Loaded shared library C:\Users\JulyLun\.jdks\openjdk-22.0.1-1\bin\net.dll
Event: 0.247 Loaded shared library C:\Users\JulyLun\.jdks\openjdk-22.0.1-1\bin\nio.dll
Event: 0.250 Loaded shared library C:\Users\JulyLun\.jdks\openjdk-22.0.1-1\bin\zip.dll
Event: 0.341 Loaded shared library D:\ApplicationData\IntelliJ IDEA 2023.3.6\bin\breakgen64.dll
Event: 0.369 Loaded shared library C:\Users\JulyLun\.jdks\openjdk-22.0.1-1\bin\extnet.dll
Event: 0.381 Loaded shared library C:\Users\JulyLun\.jdks\openjdk-22.0.1-1\bin\jimage.dll
Event: 0.437 Loaded shared library C:\Users\JulyLun\.jdks\openjdk-22.0.1-1\bin\awt.dll
Event: 1.596 Loaded shared library C:\Users\JulyLun\.jdks\openjdk-22.0.1-1\bin\freetype.dll
Event: 1.599 Loaded shared library C:\Users\JulyLun\.jdks\openjdk-22.0.1-1\bin\fontmanager.dll

Deoptimization events (20 events):
Event: 23.567 Thread 0x0000023824f5af70 DEOPT PACKING pc=0x00000237c7c91738 sp=0x00000069281fe0b0
Event: 23.567 Thread 0x0000023824f5af70 DEOPT UNPACKING pc=0x00000237c74a46a2 sp=0x00000069281fe028 mode 2
Event: 23.567 Thread 0x0000023824f5af70 Uncommon trap: trap_request=0xffffffde fr.pc=0x00000237c7c91738 relative=0x0000000000000118
Event: 23.567 Thread 0x0000023824f5af70 Uncommon trap: reason=class_check action=maybe_recompile pc=0x00000237c7c91738 method=jdk.internal.misc.Unsafe.allocateUninitializedArray(Ljava/lang/Class;I)Ljava/lang/Object; @ 51 c2
Event: 23.567 Thread 0x0000023824f5af70 DEOPT PACKING pc=0x00000237c7c91738 sp=0x00000069281fe090
Event: 23.567 Thread 0x0000023824f5af70 DEOPT UNPACKING pc=0x00000237c74a46a2 sp=0x00000069281fe008 mode 2
Event: 23.567 Thread 0x0000023824f5af70 Uncommon trap: trap_request=0xffffffde fr.pc=0x00000237c7c91738 relative=0x0000000000000118
Event: 23.567 Thread 0x0000023824f5af70 Uncommon trap: reason=class_check action=maybe_recompile pc=0x00000237c7c91738 method=jdk.internal.misc.Unsafe.allocateUninitializedArray(Ljava/lang/Class;I)Ljava/lang/Object; @ 51 c2
Event: 23.567 Thread 0x0000023824f5af70 DEOPT PACKING pc=0x00000237c7c91738 sp=0x00000069281fe0b0
Event: 23.567 Thread 0x0000023824f5af70 DEOPT UNPACKING pc=0x00000237c74a46a2 sp=0x00000069281fe028 mode 2
Event: 24.810 Thread 0x0000023824f5af70 DEOPT PACKING pc=0x00000237c03bfc9b sp=0x00000069281fe220
Event: 24.810 Thread 0x0000023824f5af70 DEOPT UNPACKING pc=0x00000237c74a4e42 sp=0x00000069281fd6f0 mode 0
Event: 26.565 Thread 0x0000023824f5af70 Uncommon trap: trap_request=0xffffffde fr.pc=0x00000237c7c3afc8 relative=0x00000000000002e8
Event: 26.565 Thread 0x0000023824f5af70 Uncommon trap: reason=class_check action=maybe_recompile pc=0x00000237c7c3afc8 method=java.util.HashMap.getNode(Ljava/lang/Object;)Ljava/util/HashMap$Node; @ 128 c2
Event: 26.566 Thread 0x0000023824f5af70 DEOPT PACKING pc=0x00000237c7c3afc8 sp=0x00000069281fe570
Event: 26.566 Thread 0x0000023824f5af70 DEOPT UNPACKING pc=0x00000237c74a46a2 sp=0x00000069281fe478 mode 2
Event: 26.566 Thread 0x0000023824f5af70 Uncommon trap: trap_request=0xffffffde fr.pc=0x00000237c7c2bff8 relative=0x0000000000000298
Event: 26.566 Thread 0x0000023824f5af70 Uncommon trap: reason=class_check action=maybe_recompile pc=0x00000237c7c2bff8 method=java.util.HashMap.getNode(Ljava/lang/Object;)Ljava/util/HashMap$Node; @ 63 c2
Event: 26.566 Thread 0x0000023824f5af70 DEOPT PACKING pc=0x00000237c7c2bff8 sp=0x00000069281fe4f0
Event: 26.566 Thread 0x0000023824f5af70 DEOPT UNPACKING pc=0x00000237c74a46a2 sp=0x00000069281fe468 mode 2

Classes loaded (20 events):
Event: 8.059 Loading class sun/java2d/pipe/RegionSpanIterator
Event: 8.060 Loading class sun/java2d/pipe/SpanIterator
Event: 8.060 Loading class sun/java2d/pipe/SpanIterator done
Event: 8.060 Loading class sun/java2d/pipe/RegionSpanIterator done
Event: 15.156 Loading class java/awt/image/BufferedImageOp
Event: 15.156 Loading class java/awt/image/BufferedImageOp done
Event: 21.694 Loading class sun/awt/DebugSettings
Event: 21.899 Loading class sun/awt/DebugSettings done
Event: 21.900 Loading class javax/swing/JComponent$KeyboardState
Event: 22.110 Loading class javax/swing/JComponent$KeyboardState done
Event: 22.111 Loading class javax/swing/JComponent$IntVector
Event: 22.111 Loading class javax/swing/JComponent$IntVector done
Event: 22.111 Loading class javax/swing/KeyboardManager
Event: 22.310 Loading class javax/swing/KeyboardManager done
Event: 22.310 Loading class javax/swing/Popup$HeavyWeightWindow
Event: 22.546 Loading class sun/awt/ModalExclude
Event: 22.546 Loading class sun/awt/ModalExclude done
Event: 22.546 Loading class javax/swing/JWindow
Event: 22.751 Loading class javax/swing/JWindow done
Event: 22.751 Loading class javax/swing/Popup$HeavyWeightWindow done

Classes unloaded (0 events):
No events

Classes redefined (0 events):
No events

Internal exceptions (20 events):
Event: 41.462 Thread 0x0000023825068cf0 Exception <a 'java/lang/InterruptedException'{0x000000071278a740}: sleep interrupted> (0x000000071278a740) 
thrown [s\open\src\hotspot\share\prims\jvm.cpp, line 3093]
Event: 41.479 Thread 0x0000023825068cf0 Exception <a 'java/lang/InterruptedException'{0x000000071278aa58}: sleep interrupted> (0x000000071278aa58) 
thrown [s\open\src\hotspot\share\prims\jvm.cpp, line 3093]
Event: 41.495 Thread 0x0000023825068cf0 Exception <a 'java/lang/InterruptedException'{0x000000071278ad70}: sleep interrupted> (0x000000071278ad70) 
thrown [s\open\src\hotspot\share\prims\jvm.cpp, line 3093]
Event: 41.512 Thread 0x0000023825068cf0 Exception <a 'java/lang/InterruptedException'{0x000000071278b088}: sleep interrupted> (0x000000071278b088) 
thrown [s\open\src\hotspot\share\prims\jvm.cpp, line 3093]
Event: 41.529 Thread 0x0000023825068cf0 Exception <a 'java/lang/InterruptedException'{0x000000071278b3a0}: sleep interrupted> (0x000000071278b3a0) 
thrown [s\open\src\hotspot\share\prims\jvm.cpp, line 3093]
Event: 41.545 Thread 0x0000023825068cf0 Exception <a 'java/lang/InterruptedException'{0x000000071278b6b8}: sleep interrupted> (0x000000071278b6b8) 
thrown [s\open\src\hotspot\share\prims\jvm.cpp, line 3093]
Event: 41.562 Thread 0x0000023825068cf0 Exception <a 'java/lang/InterruptedException'{0x000000071278b9d0}: sleep interrupted> (0x000000071278b9d0) 
thrown [s\open\src\hotspot\share\prims\jvm.cpp, line 3093]
Event: 41.579 Thread 0x0000023825068cf0 Exception <a 'java/lang/InterruptedException'{0x000000071278bce8}: sleep interrupted> (0x000000071278bce8) 
thrown [s\open\src\hotspot\share\prims\jvm.cpp, line 3093]
Event: 41.595 Thread 0x0000023825068cf0 Exception <a 'java/lang/InterruptedException'{0x000000071278c000}: sleep interrupted> (0x000000071278c000) 
thrown [s\open\src\hotspot\share\prims\jvm.cpp, line 3093]
Event: 41.612 Thread 0x0000023825068cf0 Exception <a 'java/lang/InterruptedException'{0x000000071278c318}: sleep interrupted> (0x000000071278c318) 
thrown [s\open\src\hotspot\share\prims\jvm.cpp, line 3093]
Event: 41.629 Thread 0x0000023825068cf0 Exception <a 'java/lang/InterruptedException'{0x000000071278c630}: sleep interrupted> (0x000000071278c630) 
thrown [s\open\src\hotspot\share\prims\jvm.cpp, line 3093]
Event: 41.645 Thread 0x0000023825068cf0 Exception <a 'java/lang/InterruptedException'{0x000000071278c948}: sleep interrupted> (0x000000071278c948) 
thrown [s\open\src\hotspot\share\prims\jvm.cpp, line 3093]
Event: 41.662 Thread 0x0000023825068cf0 Exception <a 'java/lang/InterruptedException'{0x000000071278cc60}: sleep interrupted> (0x000000071278cc60) 
thrown [s\open\src\hotspot\share\prims\jvm.cpp, line 3093]
Event: 41.679 Thread 0x0000023825068cf0 Exception <a 'java/lang/InterruptedException'{0x000000071278cf78}: sleep interrupted> (0x000000071278cf78) 
thrown [s\open\src\hotspot\share\prims\jvm.cpp, line 3093]
Event: 41.695 Thread 0x0000023825068cf0 Exception <a 'java/lang/InterruptedException'{0x000000071278d290}: sleep interrupted> (0x000000071278d290) 
thrown [s\open\src\hotspot\share\prims\jvm.cpp, line 3093]
Event: 41.712 Thread 0x0000023825068cf0 Exception <a 'java/lang/InterruptedException'{0x000000071278d5a8}: sleep interrupted> (0x000000071278d5a8) 
thrown [s\open\src\hotspot\share\prims\jvm.cpp, line 3093]
Event: 41.729 Thread 0x0000023825068cf0 Exception <a 'java/lang/InterruptedException'{0x000000071278d8c0}: sleep interrupted> (0x000000071278d8c0) 
thrown [s\open\src\hotspot\share\prims\jvm.cpp, line 3093]
Event: 41.745 Thread 0x0000023825068cf0 Exception <a 'java/lang/InterruptedException'{0x000000071278dbd8}: sleep interrupted> (0x000000071278dbd8) 
thrown [s\open\src\hotspot\share\prims\jvm.cpp, line 3093]
Event: 41.762 Thread 0x0000023825068cf0 Exception <a 'java/lang/InterruptedException'{0x000000071278def0}: sleep interrupted> (0x000000071278def0) 
thrown [s\open\src\hotspot\share\prims\jvm.cpp, line 3093]
Event: 41.779 Thread 0x0000023825068cf0 Exception <a 'java/lang/InterruptedException'{0x000000071278e208}: sleep interrupted> (0x000000071278e208) 
thrown [s\open\src\hotspot\share\prims\jvm.cpp, line 3093]

ZGC Phase Switch (0 events):
No events

VM Operations (20 events):
Event: 17.958 Executing VM operation: G1CollectForAllocation (G1 Evacuation Pause)
Event: 17.967 Executing VM operation: G1CollectForAllocation (G1 Evacuation Pause) done
Event: 18.967 Executing VM operation: Cleanup
Event: 18.968 Executing VM operation: Cleanup done
Event: 20.968 Executing VM operation: Cleanup
Event: 20.968 Executing VM operation: Cleanup done
Event: 21.969 Executing VM operation: Cleanup
Event: 22.111 Executing VM operation: Cleanup done
Event: 23.111 Executing VM operation: Cleanup
Event: 23.111 Executing VM operation: Cleanup done
Event: 26.113 Executing VM operation: Cleanup
Event: 26.113 Executing VM operation: Cleanup done
Event: 27.114 Executing VM operation: Cleanup
Event: 27.115 Executing VM operation: Cleanup done
Event: 28.115 Executing VM operation: Cleanup
Event: 28.115 Executing VM operation: Cleanup done
Event: 29.116 Executing VM operation: Cleanup
Event: 29.116 Executing VM operation: Cleanup done
Event: 40.123 Executing VM operation: Cleanup
Event: 40.123 Executing VM operation: Cleanup done

Events (20 events):
Event: 1.536 Thread 0x0000023824917790 Thread exited: 0x0000023824917790
Event: 1.543 Thread 0x0000023825068cf0 Thread added: 0x0000023825068cf0
Event: 1.545 Thread 0x0000023824b19080 Thread added: 0x0000023824b19080
Event: 1.570 Thread 0x0000023824f5af70 Thread added: 0x0000023824f5af70
Event: 1.720 Thread 0x00000237b7cc3de0 Thread exited: 0x00000237b7cc3de0
Event: 1.720 Thread 0x0000023824fed700 Thread added: 0x0000023824fed700
Event: 1.775 Thread 0x0000023824871600 Thread exited: 0x0000023824871600
Event: 10.205 Thread 0x000002382481eb30 Thread exited: 0x000002382481eb30
Event: 10.285 Thread 0x00000237d79c5000 Thread exited: 0x00000237d79c5000
Event: 11.312 Thread 0x00000237d79ac3a0 Thread exited: 0x00000237d79ac3a0
Event: 13.288 Thread 0x00000237d79ac3a0 Thread added: 0x00000237d79ac3a0
Event: 13.289 Thread 0x000002382481eb30 Thread added: 0x000002382481eb30
Event: 13.289 Thread 0x000002382502d7e0 Thread added: 0x000002382502d7e0
Event: 14.917 Thread 0x0000023827884600 Thread added: 0x0000023827884600
Event: 15.603 Thread 0x0000023827884600 Thread exited: 0x0000023827884600
Event: 16.009 Thread 0x00000238278945e0 Thread added: 0x00000238278945e0
Event: 16.168 Thread 0x000002382502d7e0 Thread exited: 0x000002382502d7e0
Event: 16.168 Thread 0x000002382481eb30 Thread exited: 0x000002382481eb30
Event: 16.376 Thread 0x00000238278945e0 Thread exited: 0x00000238278945e0
Event: 17.449 Thread 0x00000237d79ac3a0 Thread exited: 0x00000237d79ac3a0


Dynamic libraries:
0x00007ff7ab780000 - 0x00007ff7ab78e000 	C:\Users\JulyLun\.jdks\openjdk-22.0.1-1\bin\java.exe
0x00007ffd28030000 - 0x00007ffd28247000 	C:\Windows\SYSTEM32\ntdll.dll
0x00007ffd25ea0000 - 0x00007ffd25f64000 	C:\Windows\System32\KERNEL32.DLL
0x00007ffd255e0000 - 0x00007ffd25987000 	C:\Windows\System32\KERNELBASE.dll
0x00007ffd25990000 - 0x00007ffd25aa1000 	C:\Windows\System32\ucrtbase.dll
0x00007ffd1c110000 - 0x00007ffd1c127000 	C:\Users\JulyLun\.jdks\openjdk-22.0.1-1\bin\jli.dll
0x00007ffd194a0000 - 0x00007ffd194bb000 	C:\Users\JulyLun\.jdks\openjdk-22.0.1-1\bin\VCRUNTIME140.dll
0x00007ffd263c0000 - 0x00007ffd2656e000 	C:\Windows\System32\USER32.dll
0x00007ffd255b0000 - 0x00007ffd255d6000 	C:\Windows\System32\win32u.dll
0x00007ffd09a80000 - 0x00007ffd09d13000 	C:\Windows\WinSxS\amd64_microsoft.windows.common-controls_6595b64144ccf1df_6.0.22621.3527_none_270e469b73872a76\COMCTL32.dll
0x00007ffd26070000 - 0x00007ffd26099000 	C:\Windows\System32\GDI32.dll
0x00007ffd25bc0000 - 0x00007ffd25cd9000 	C:\Windows\System32\gdi32full.dll
0x00007ffd25de0000 - 0x00007ffd25e87000 	C:\Windows\System32\msvcrt.dll
0x00007ffd25b20000 - 0x00007ffd25bba000 	C:\Windows\System32\msvcp_win.dll
0x00007ffd26610000 - 0x00007ffd26641000 	C:\Windows\System32\IMM32.DLL
0x00007ffd1dd10000 - 0x00007ffd1dd1c000 	C:\Users\JulyLun\.jdks\openjdk-22.0.1-1\bin\vcruntime140_1.dll
0x00007ffcf6b40000 - 0x00007ffcf6bce000 	C:\Users\JulyLun\.jdks\openjdk-22.0.1-1\bin\msvcp140.dll
0x00007ffc9d900000 - 0x00007ffc9e647000 	C:\Users\JulyLun\.jdks\openjdk-22.0.1-1\bin\server\jvm.dll
0x00007ffd26650000 - 0x00007ffd26702000 	C:\Windows\System32\ADVAPI32.dll
0x00007ffd25f70000 - 0x00007ffd26018000 	C:\Windows\System32\sechost.dll
0x00007ffd25350000 - 0x00007ffd25378000 	C:\Windows\System32\bcrypt.dll
0x00007ffd27260000 - 0x00007ffd27375000 	C:\Windows\System32\RPCRT4.dll
0x00007ffd25d60000 - 0x00007ffd25dd1000 	C:\Windows\System32\WS2_32.dll
0x00007ffd18d30000 - 0x00007ffd18d64000 	C:\Windows\SYSTEM32\WINMM.dll
0x00007ffd24c40000 - 0x00007ffd24c8d000 	C:\Windows\SYSTEM32\POWRPROF.dll
0x00007ffd0a690000 - 0x00007ffd0a69a000 	C:\Windows\SYSTEM32\VERSION.dll
0x00007ffd24bf0000 - 0x00007ffd24c03000 	C:\Windows\SYSTEM32\UMPDC.dll
0x00007ffd24370000 - 0x00007ffd24388000 	C:\Windows\SYSTEM32\kernel.appcore.dll
0x00007ffd1dd00000 - 0x00007ffd1dd0a000 	C:\Users\JulyLun\.jdks\openjdk-22.0.1-1\bin\jimage.dll
0x00007ffd229e0000 - 0x00007ffd22c12000 	C:\Windows\SYSTEM32\DBGHELP.DLL
0x00007ffd27aa0000 - 0x00007ffd27e28000 	C:\Windows\System32\combase.dll
0x00007ffd27380000 - 0x00007ffd27457000 	C:\Windows\System32\OLEAUT32.dll
0x00007ffd09230000 - 0x00007ffd09262000 	C:\Windows\SYSTEM32\dbgcore.DLL
0x00007ffd25ce0000 - 0x00007ffd25d59000 	C:\Windows\System32\bcryptPrimitives.dll
0x00007ffd205d0000 - 0x00007ffd205df000 	C:\Users\JulyLun\.jdks\openjdk-22.0.1-1\bin\instrument.dll
0x00007ffd1ce30000 - 0x00007ffd1ce4e000 	C:\Users\JulyLun\.jdks\openjdk-22.0.1-1\bin\java.dll
0x00007ffd26770000 - 0x00007ffd26fcc000 	C:\Windows\System32\SHELL32.dll
0x00007ffd278f0000 - 0x00007ffd27a95000 	C:\Windows\System32\ole32.dll
0x00007ffd23290000 - 0x00007ffd23b86000 	C:\Windows\SYSTEM32\windows.storage.dll
0x00007ffd23150000 - 0x00007ffd2328e000 	C:\Windows\SYSTEM32\wintypes.dll
0x00007ffd27160000 - 0x00007ffd27255000 	C:\Windows\System32\SHCORE.dll
0x00007ffd260c0000 - 0x00007ffd2611e000 	C:\Windows\System32\shlwapi.dll
0x00007ffd25280000 - 0x00007ffd252a1000 	C:\Windows\SYSTEM32\profapi.dll
0x00007ffcdfe00000 - 0x00007ffcdfed7000 	C:\Users\JulyLun\.jdks\openjdk-22.0.1-1\bin\jsvml.dll
0x00007ffd193f0000 - 0x00007ffd19407000 	C:\Users\JulyLun\.jdks\openjdk-22.0.1-1\bin\zip.dll
0x00007ffd1dcf0000 - 0x00007ffd1dd00000 	C:\Users\JulyLun\.jdks\openjdk-22.0.1-1\bin\net.dll
0x00007ffd247e0000 - 0x00007ffd24849000 	C:\Windows\system32\mswsock.dll
0x00007ffd19480000 - 0x00007ffd19496000 	C:\Users\JulyLun\.jdks\openjdk-22.0.1-1\bin\nio.dll
0x00007ffd1dc50000 - 0x00007ffd1dc6a000 	D:\ApplicationData\IntelliJ IDEA 2023.3.6\bin\breakgen64.dll
0x00007ffd1d420000 - 0x00007ffd1d429000 	C:\Users\JulyLun\.jdks\openjdk-22.0.1-1\bin\extnet.dll
0x00007ffc73e30000 - 0x00007ffc73fbd000 	C:\Users\JulyLun\.jdks\openjdk-22.0.1-1\bin\awt.dll
0x00007ffd217c0000 - 0x00007ffd21857000 	C:\Windows\SYSTEM32\apphelp.dll
0x00007ffc9d590000 - 0x00007ffc9d690000 	C:\Windows\system32\opengl32.dll
0x00007ffca1670000 - 0x00007ffca169d000 	C:\Windows\SYSTEM32\GLU32.dll
0x00007ffd225a0000 - 0x00007ffd225d9000 	C:\Windows\SYSTEM32\dxcore.dll
0x00007ffd22710000 - 0x00007ffd2273b000 	C:\Windows\system32\DWMAPI.DLL
0x00007ffd22250000 - 0x00007ffd222fb000 	C:\Windows\system32\uxtheme.dll
0x00007ffcdf4f0000 - 0x00007ffcdf51b000 	C:\Program Files (x86)\UltraViewer\uvh64.dll
0x00007ffd26130000 - 0x00007ffd26283000 	C:\Windows\System32\MSCTF.dll
0x00007ffd1ae70000 - 0x00007ffd1aeba000 	C:\Windows\SYSTEM32\directxdatabasehelper.dll
0x00007ffd26290000 - 0x00007ffd26340000 	C:\Windows\System32\clbcatq.dll
0x00007ffc57870000 - 0x00007ffc58994000 	C:\Windows\System32\DriverStore\FileRepository\iigd_dch.inf_amd64_9741ef1f4093481f\igxelpicd64.dll
0x00007ffd225e0000 - 0x00007ffd226d7000 	C:\Windows\system32\dxgi.dll
0x00007ffcdfee0000 - 0x00007ffce002c000 	C:\Windows\System32\DriverStore\FileRepository\iigd_dch.inf_amd64_9741ef1f4093481f\igdml64.dll
0x00007ffd14b40000 - 0x00007ffd14f57000 	C:\Windows\System32\DriverStore\FileRepository\iigd_dch.inf_amd64_9741ef1f4093481f\igdgmm64.dll
0x00007ffd25020000 - 0x00007ffd2506e000 	C:\Windows\SYSTEM32\CFGMGR32.dll
0x00007ffd25070000 - 0x00007ffd2509c000 	C:\Windows\SYSTEM32\DEVOBJ.dll
0x00007ffd25ab0000 - 0x00007ffd25b1b000 	C:\Windows\System32\WINTRUST.dll
0x00007ffd25440000 - 0x00007ffd255a8000 	C:\Windows\System32\CRYPT32.dll
0x00007ffd24fe0000 - 0x00007ffd24ff2000 	C:\Windows\SYSTEM32\MSASN1.dll
0x00007ffd10e40000 - 0x00007ffd14b3c000 	C:\Windows\System32\DriverStore\FileRepository\iigd_dch.inf_amd64_9741ef1f4093481f\igc64.dll
0x00007ffcdfc20000 - 0x00007ffcdfca7000 	C:\Users\JulyLun\.jdks\openjdk-22.0.1-1\bin\freetype.dll
0x00007ffcdfb40000 - 0x00007ffcdfc17000 	C:\Users\JulyLun\.jdks\openjdk-22.0.1-1\bin\fontmanager.dll
0x00007ffd1d2d0000 - 0x00007ffd1d41b000 	C:\Windows\SYSTEM32\textinputframework.dll
0x00007ffd1cbd0000 - 0x00007ffd1cc1b000 	C:\Windows\system32\ApplicationTargetedFeatureDatabase.dll
0x00007ffd17cb0000 - 0x00007ffd17f3b000 	C:\Windows\System32\twinapi.appcore.dll
0x00007ffd20a10000 - 0x00007ffd20b43000 	C:\Windows\SYSTEM32\CoreMessaging.dll
0x00007ffd1a620000 - 0x00007ffd1a98c000 	C:\Windows\SYSTEM32\CoreUIComponents.dll
0x00007ffd24ad0000 - 0x00007ffd24adc000 	C:\Windows\SYSTEM32\CRYPTBASE.DLL

dbghelp: loaded successfully - version: 4.0.5 - missing functions: none
symbol engine: initialized successfully - sym options: 0x614 - pdb path: .;C:\Users\JulyLun\.jdks\openjdk-22.0.1-1\bin;C:\Windows\SYSTEM32;C:\Windows\WinSxS\amd64_microsoft.windows.common-controls_6595b64144ccf1df_6.0.22621.3527_none_270e469b73872a76;C:\Users\JulyLun\.jdks\openjdk-22.0.1-1\bin\server;D:\ApplicationData\IntelliJ IDEA 2023.3.6\bin;C:\Program Files (x86)\UltraViewer;C:\Windows\System32\DriverStore\FileRepository\iigd_dch.inf_amd64_9741ef1f4093481f

VM Arguments:
jvm_args: -javaagent:D:\ApplicationData\IntelliJ IDEA 2023.3.6\lib\idea_rt.jar=57727:D:\ApplicationData\IntelliJ IDEA 2023.3.6\bin -Dfile.encoding=UTF-8 -Dsun.stdout.encoding=UTF-8 -Dsun.stderr.encoding=UTF-8 
java_command: com.findselfback.FindSelfBack
java_class_path (initial): D:\Working\University\Study\Nam 1\Ki 2\DoAnCoSo1\FindSelfBack_Work\FindSelfBack\target\classes;C:\Users\JulyLun\.m2\repository\org\apache\maven\plugins\maven-compiler-plugin\3.8.1\maven-compiler-plugin-3.8.1.jar;C:\Users\JulyLun\.m2\repository\org\apache\maven\maven-plugin-api\3.0\maven-plugin-api-3.0.jar;C:\Users\JulyLun\.m2\repository\org\apache\maven\maven-model\3.0\maven-model-3.0.jar;C:\Users\JulyLun\.m2\repository\org\sonatype\sisu\sisu-inject-plexus\1.4.2\sisu-inject-plexus-1.4.2.jar;C:\Users\JulyLun\.m2\repository\org\sonatype\sisu\sisu-inject-bean\1.4.2\sisu-inject-bean-1.4.2.jar;C:\Users\JulyLun\.m2\repository\org\sonatype\sisu\sisu-guice\2.1.7\sisu-guice-2.1.7-noaop.jar;C:\Users\JulyLun\.m2\repository\org\apache\maven\maven-artifact\3.0\maven-artifact-3.0.jar;C:\Users\JulyLun\.m2\repository\org\codehaus\plexus\plexus-utils\2.0.4\plexus-utils-2.0.4.jar;C:\Users\JulyLun\.m2\repository\org\apache\maven\maven-core\3.0\maven-core-3.0.jar;C:\Users\JulyLun\.m2\repository\org\apache\maven\maven-settings\3.0\maven-settings-3.0.jar;C:\Users\JulyLun\.m2\repository\org\apache\maven\maven-settings-builder\3.0\maven-settings-builder-3.0.jar;C:\Users\JulyLun\.m2\repository\org\apache\maven\maven-repository-metadata\3.0\maven-repository-metadata-3.0.jar;C:\Users\JulyLun\.m2\repository\org\apache\maven\maven-model-builder\3.0\maven-model-builder-3.0.jar;C:\Users\JulyLun\.m2\repository\org\apache\maven\maven-aether-provider\3.0\maven-aether-provider-3.0.jar;C:\Users\JulyLun\.m2\repository\org\sonatype\aether\aether-impl\1.7\aether-impl-1.7.jar;C:\Users\JulyLun\.m2\repository\org\sonatype\aether\aether-spi\1.7\aether-spi-1.7.jar;C:\Users\JulyLun\.m2\repository\org\sonatype\aether\aether-api\1.7\aether-api-1.7.jar;C:\Users\JulyLun\.m2\repository\org\sonatype\aether\aether-util\1.7\aether-util-1.7.jar;C:\Users\JulyLun\.m2\repository\org\codehaus\plexus\plexus-interpolation\1.14\plexus-interpolation-1.14.jar;C:\Users\JulyLun\.m2\repository\org\codehaus\plexus\plexus-classworlds\2.2.3\plexus-classworlds-2.2.3.jar;C:\Users\JulyLun\.m2\repository\org\codehaus\plexus\plexus-component-annotations\1.5.5\plexus-component-annotations-1.5.5.jar;C:\Users\JulyLun\.m2\repository\org\sonatype\plexus\plexus-sec-dispatcher\1.3\plexus-sec-dispatcher-1.3.jar;C:\Users\JulyLun\.m2\repository\org\sonatype\plexus\plexus-cipher\1.4\plexus-cipher-1.4.jar;C:\Users\JulyLun\.m2\repository\org\apache\maven\shared\maven-shared-utils\3.2.1\maven-shared-utils-3.2.1.jar;C:\Users\JulyLun\.m2\repository\commons-io\commons-io\2.5\commons-io-2.5.jar;C:\Users\JulyLun\.m2\repository\org\apache\maven\shared\maven-shared-incremental\1.1\maven-shared-incremental-1.1.jar;C:\Users\JulyLun\.m2\repository\org\codehaus\plexus\plexus-java\0.9.10\plexus-java-0.9.10.jar;C:\Users\JulyLun\.m2\repository\org\ow2\asm\asm\6.2\asm-6.2.jar;C:\Users\JulyLun\.m2\repository\com\thoughtworks\qdox\qdox\2.0-M8\qdox-2.0-M8.jar;C:\Users\JulyLun\.m2\repository\org\codehaus\plexus\plexus-compiler-api\2.8.4\plexus-compiler-api-2.8.4.jar;C:\Users\JulyLun\.m2\repository\org\codehaus\plexus\plexus-compiler-manager\2.8.4\plexus-compiler-manager-2.8.4.jar;C:\Users\JulyLun\.m2\repository\org\codehaus\plexus\plexus-compiler-javac\2.8.4\plexus-compiler-javac-2.8.4.jar;C:\Users\JulyLun\.m2\repository\javazoom\jlayer\1.0.1\jlayer-1.0.1.jar;C:\Users\JulyLun\.m2\repository\com\googlecode\soundlibs\basicplayer\3.0.0.0\basicplayer-3.0.0.0.jar;C:\Users\JulyLun\.m2\repository\com\googlecode\soundlibs\mp3spi\1.9.5.4\mp3spi-1.9.5.4.jar;C:\Users\JulyLun\.m2\repository\com\googlecode\soundlibs\jlayer\1.0.1.4\jlayer-1.0.1.4.jar;C:\Users\JulyLun\.m2\repository\junit\junit\3.8.2\junit-3.8.2.jar;C:\Users\JulyLun\.m2\repository\com\googlecode\soundlibs\tritonus-share\0.3.7.4\tritonus-share-0.3.7.4.jar;C:\Users\JulyLun\.m2\repository\org\slf4j\slf4j-api\1.7.12\slf4j-api-1.7.12.jar;C:\Users\JulyLun\.m2\repository\com\github\gwenn\sqlite-dialect\0.1.1\sqlite-dialect-0.1.1.jar;C:\Users\JulyLun\.m2\repository\org\hibernate\hibernate-core\5.2.12.Final\hibernate-core-5.2.12.Final.jar;C:\Users\JulyLun\.m2\repository\org\jboss\logging\jboss-logging\3.3.0.Final\jboss-logging-3.3.0.Final.jar;C:\Users\JulyLun\.m2\repository\org\hibernate\javax\persistence\hibernate-jpa-2.1-api\1.0.0.Final\hibernate-jpa-2.1-api-1.0.0.Final.jar;C:\Users\JulyLun\.m2\repository\org\javassist\javassist\3.20.0-GA\javassist-3.20.0-GA.jar;C:\Users\JulyLun\.m2\repository\antlr\antlr\2.7.7\antlr-2.7.7.jar;C:\Users\JulyLun\.m2\repository\org\jboss\spec\javax\transaction\jboss-transaction-api_1.2_spec\1.0.1.Final\jboss-transaction-api_1.2_spec-1.0.1.Final.jar;C:\Users\JulyLun\.m2\repository\org\jboss\jandex\2.0.3.Final\jandex-2.0.3.Final.jar;C:\Users\JulyLun\.m2\repository\com\fasterxml\classmate\1.3.0\classmate-1.3.0.jar;C:\Users\JulyLun\.m2\repository\dom4j\dom4j\1.6.1\dom4j-1.6.1.jar;C:\Users\JulyLun\.m2\repository\org\hibernate\common\hibernate-commons-annotations\5.0.1.Final\hibernate-commons-annotations-5.0.1.Final.jar;C:\Users\JulyLun\.m2\repository\org\xerial\sqlite-jdbc\3.30.1\sqlite-jdbc-3.30.1.jar;C:\Users\JulyLun\.m2\repository\jakarta\mvc\jakarta.mvc-api\2.0.0\jakarta.mvc-api-2.0.0.jar
Launcher Type: SUN_STANDARD

[Global flags]
     intx CICompilerCount                          = 12                                        {product} {ergonomic}
     uint ConcGCThreads                            = 3                                         {product} {ergonomic}
     uint G1ConcRefinementThreads                  = 13                                        {product} {ergonomic}
   size_t G1HeapRegionSize                         = 2097152                                   {product} {ergonomic}
   size_t InitialHeapSize                          = 264241152                                 {product} {ergonomic}
   size_t MarkStackSize                            = 4194304                                   {product} {ergonomic}
   size_t MaxHeapSize                              = 4200595456                                {product} {ergonomic}
   size_t MaxNewSize                               = 2518679552                                {product} {ergonomic}
   size_t MinHeapDeltaBytes                        = 2097152                                   {product} {ergonomic}
   size_t MinHeapSize                              = 8388608                                   {product} {ergonomic}
    uintx NonNMethodCodeHeapSize                   = 7602480                                {pd product} {ergonomic}
    uintx NonProfiledCodeHeapSize                  = 122027880                              {pd product} {ergonomic}
    uintx ProfiledCodeHeapSize                     = 122027880                              {pd product} {ergonomic}
    uintx ReservedCodeCacheSize                    = 251658240                              {pd product} {ergonomic}
     bool SegmentedCodeCache                       = true                                      {product} {ergonomic}
   size_t SoftMaxHeapSize                          = 4200595456                             {manageable} {ergonomic}
     bool UseCompressedOops                        = true                           {product lp64_product} {ergonomic}
     bool UseG1GC                                  = true                                      {product} {ergonomic}
     bool UseLargePagesIndividualAllocation        = false                                  {pd product} {ergonomic}

Logging:
Log output configuration:
 #0: stdout all=warning uptime,level,tags foldmultilines=false
 #1: stderr all=off uptime,level,tags foldmultilines=false

Environment Variables:
JAVA_HOME=C:\Program Files\Java\jdk-21
PATH=C:\Program Files\Common Files\Oracle\Java\javapath;C:\Program Files (x86)\VMware\VMware Workstation\bin\;C:\Program Files (x86)\Common Files\Oracle\Java\javapath;C:\msys64\ucrt64\bin;C:\Program Files\Microsoft\jdk-11.0.16.101-hotspot\bin;C:\Windows\system32;C:\Windows;C:\Windows\System32\Wbem;C:\Windows\System32\WindowsPowerShell\v1.0\;C:\Windows\System32\OpenSSH\;C:\Program Files\Microsoft SQL Server\150\Tools\Binn\;C:\Program Files\dotnet\;C:\Program Files (x86)\Windows Kits\10\Windows Performance Toolkit\;C:\xampp\php;C:\xampp;C:\Program Files (x86)\Microsoft SQL Server\160\Tools\Binn\;C:\Program Files\Microsoft SQL Server\160\Tools\Binn\;C:\Program Files\Microsoft SQL Server\Client SDK\ODBC\170\Tools\Binn\;C:\Program Files\Microsoft SQL Server\160\DTS\Binn\;C:\Program Files (x86)\Microsoft SQL Server\160\DTS\Binn\;C:\Program Files\Azure Data Studio\bin;C:\Program Files\Git\cmd;C:\Program Files\Git LFS;C:\Program Files\MySQL\MySQL Shell 8.0\bin\;C:\xampp\php;C:\Users\JulyLun\AppData\Local\Programs\Python\Launcher\;C:\Users\JulyLun\AppData\Local\Microsoft\WindowsApps;C:\Users\JulyLun\AppData\Local\Programs\Microsoft VS Code\bin;D:\ApplicationData\IntelliJ IDEA 2023.3.6\bin;;C:\Users\JulyLun\.dotnet\tools;C:\Program Files\Azure Data Studio\bin;C:\Program Files\Java\jdk-21\bin;
USERNAME=JulyLun
OS=Windows_NT
PROCESSOR_IDENTIFIER=Intel64 Family 6 Model 186 Stepping 2, GenuineIntel
TMP=C:\Users\JulyLun\AppData\Local\Temp
TEMP=C:\Users\JulyLun\AppData\Local\Temp




Periodic native trim disabled

---------------  S Y S T E M  ---------------

OS:
 Windows 11 , 64 bit Build 22621 (10.0.22621.3527)
OS uptime: 2 days 15:52 hours

CPU: total 16 (initial active 16) (8 cores per cpu, 2 threads per core) family 6 model 186 stepping 2 microcode 0x410e, cx8, cmov, fxsr, ht, mmx, 3dnowpref, sse, sse2, sse3, ssse3, sse4.1, sse4.2, popcnt, lzcnt, tsc, tscinvbit, avx, avx2, aes, erms, clmul, bmi1, bmi2, adx, sha, fma, vzeroupper, clflush, clflushopt, clwb, serialize, rdtscp, rdpid, fsrm, f16c, pku, cet_ibt, cet_ss
Processor Information for processor 0
  Max Mhz: 2600, Current Mhz: 2600, Mhz Limit: 2600
Processor Information for processor 1
  Max Mhz: 2600, Current Mhz: 2600, Mhz Limit: 2600
Processor Information for processor 2
  Max Mhz: 2600, Current Mhz: 2600, Mhz Limit: 2600
Processor Information for processor 3
  Max Mhz: 2600, Current Mhz: 2600, Mhz Limit: 2600
Processor Information for processor 4
  Max Mhz: 2600, Current Mhz: 2600, Mhz Limit: 2600
Processor Information for processor 5
  Max Mhz: 2600, Current Mhz: 2600, Mhz Limit: 2600
Processor Information for processor 6
  Max Mhz: 2600, Current Mhz: 2600, Mhz Limit: 2600
Processor Information for processor 7
  Max Mhz: 2600, Current Mhz: 2600, Mhz Limit: 2600
Processor Information for processor 8
  Max Mhz: 2600, Current Mhz: 1900, Mhz Limit: 1898
Processor Information for processor 9
  Max Mhz: 2600, Current Mhz: 1500, Mhz Limit: 1898
Processor Information for processor 10
  Max Mhz: 2600, Current Mhz: 1500, Mhz Limit: 1898
Processor Information for processor 11
  Max Mhz: 2600, Current Mhz: 1900, Mhz Limit: 1898
Processor Information for processor 12
  Max Mhz: 2600, Current Mhz: 1900, Mhz Limit: 1898
Processor Information for processor 13
  Max Mhz: 2600, Current Mhz: 1900, Mhz Limit: 1898
Processor Information for processor 14
  Max Mhz: 2600, Current Mhz: 1500, Mhz Limit: 1898
Processor Information for processor 15
  Max Mhz: 2600, Current Mhz: 1900, Mhz Limit: 1898

Memory: 4k page, system-wide physical 16016M (651M free)
TotalPageFile size 46016M (AvailPageFile size 16168M)
current process WorkingSet (physical memory assigned to process): 483M, peak: 487M
current process commit charge ("private bytes"): 723M, peak: 728M

vm_info: OpenJDK 64-Bit Server VM (22.0.1+8-16) for windows-amd64 JRE (22.0.1+8-16), built on 2024-03-12T10:33:16Z by "mach5one" with MS VC++ 17.6 (VS2022)

END.
