#
# There is insufficient memory for the Java Runtime Environment to continue.
# Native memory allocation (mmap) failed to map 65536 bytes. Error detail: Failed to commit metaspace.
# Possible reasons:
#   The system is out of physical RAM or swap space
#   This process is running with CompressedOops enabled, and the Java Heap may be blocking the growth of the native heap
# Possible solutions:
#   Reduce memory load on the system
#   Increase physical memory or swap space
#   Check if swap backing store is full
#   Decrease Java heap size (-Xmx/-Xms)
#   Decrease number of Java threads
#   Decrease Java thread stack sizes (-Xss)
#   Set larger code cache with -XX:ReservedCodeCacheSize=
#   JVM is running with Zero Based Compressed Oops mode in which the Java heap is
#     placed in the first 32GB address space. The Java Heap base address is the
#     maximum limit for the native heap growth. Please use -XX:HeapBaseMinAddress
#     to set the Java Heap base and to place the Java Heap above 32GB virtual address.
# This output file may be truncated or incomplete.
#
#  Out of Memory Error (virtualSpaceNode.cpp:112), pid=20764, tid=24980
#
# JRE version: OpenJDK Runtime Environment (22.0.1+8) (build 22.0.1+8-16)
# Java VM: OpenJDK 64-Bit Server VM (22.0.1+8-16, mixed mode, sharing, tiered, compressed oops, compressed class ptrs, g1 gc, windows-amd64)
# No core dump will be written. Minidumps are not enabled by default on client versions of Windows
#

---------------  S U M M A R Y ------------

Command Line: -javaagent:D:\ApplicationData\IntelliJ IDEA 2023.3.6\lib\idea_rt.jar=50872:D:\ApplicationData\IntelliJ IDEA 2023.3.6\bin -Dfile.encoding=UTF-8 -Dsun.stdout.encoding=UTF-8 -Dsun.stderr.encoding=UTF-8 com.findselfback.FindSelfBack

Host: 13th Gen Intel(R) Core(TM) i5-13500H, 16 cores, 15G,  Windows 11 , 64 bit Build 22621 (10.0.22621.3672)
Time: Sun Jun  2 14:55:00 2024 SE Asia Standard Time elapsed time: 6.936505 seconds (0d 0h 0m 6s)

---------------  T H R E A D  ---------------

Current thread (0x00000151d00c70b0):  JavaThread "C1 CompilerThread1" daemon [_thread_in_vm, id=24980, stack(0x0000001911d00000,0x0000001911e00000) (1024K)]


Current CompileTask:
C1:6936 3258       3       sun.font.AttributeValues::i_validate (507 bytes)

Stack: [0x0000001911d00000,0x0000001911e00000]
Native frames: (J=compiled Java code, j=interpreted, Vv=VM code, C=native code)
V  [jvm.dll+0x6e2279]  (no source info available)
V  [jvm.dll+0x874e33]  (no source info available)
V  [jvm.dll+0x87725e]  (no source info available)
V  [jvm.dll+0x877933]  (no source info available)
V  [jvm.dll+0x27fd76]  (no source info available)
V  [jvm.dll+0x870a7e]  (no source info available)
V  [jvm.dll+0x6852e5]  (no source info available)
V  [jvm.dll+0x68534a]  (no source info available)
V  [jvm.dll+0x687b8a]  (no source info available)
V  [jvm.dll+0x2250ac]  (no source info available)
V  [jvm.dll+0x685cfe]  (no source info available)
V  [jvm.dll+0x6973da]  (no source info available)
V  [jvm.dll+0x690262]  (no source info available)
V  [jvm.dll+0x1f1c60]  (no source info available)
V  [jvm.dll+0x1f1e48]  (no source info available)
V  [jvm.dll+0x165fde]  (no source info available)
V  [jvm.dll+0x165e26]  (no source info available)
V  [jvm.dll+0x15d70a]  (no source info available)
V  [jvm.dll+0x15f96d]  (no source info available)
V  [jvm.dll+0x15dfa5]  (no source info available)
V  [jvm.dll+0x166941]  (no source info available)
V  [jvm.dll+0x165e26]  (no source info available)
V  [jvm.dll+0x15d70a]  (no source info available)
V  [jvm.dll+0x15f96d]  (no source info available)
V  [jvm.dll+0x15dfa5]  (no source info available)
V  [jvm.dll+0x157a2f]  (no source info available)
V  [jvm.dll+0x167a86]  (no source info available)
V  [jvm.dll+0x1530bb]  (no source info available)
V  [jvm.dll+0x153507]  (no source info available)
V  [jvm.dll+0x1538a0]  (no source info available)
V  [jvm.dll+0x152c1d]  (no source info available)
V  [jvm.dll+0x154add]  (no source info available)
V  [jvm.dll+0x2569fe]  (no source info available)
V  [jvm.dll+0x254cba]  (no source info available)
V  [jvm.dll+0x3f5336]  (no source info available)
V  [jvm.dll+0x81d44b]  (no source info available)
V  [jvm.dll+0x6e0915]  (no source info available)
C  [ucrtbase.dll+0x29333]  (no source info available)
C  [KERNEL32.DLL+0x1257d]  (no source info available)
C  [ntdll.dll+0x5aa48]  (no source info available)


---------------  P R O C E S S  ---------------

Threads class SMR info:
_java_thread_list=0x00000151ae4a05f0, length=27, elements={
0x00000151d00a6180, 0x00000151d00a72b0, 0x00000151d00a91a0, 0x00000151d00ad3a0,
0x00000151d00ae770, 0x00000151d00b0670, 0x00000151d00b9950, 0x00000151d00c8520,
0x00000151d02e71b0, 0x00000151d068ef00, 0x00000151d05ea970, 0x00000151d0792c00,
0x00000151d0798710, 0x00000151d079a780, 0x00000151d07a64b0, 0x00000151ae4c9000,
0x00000151d07bff10, 0x00000151d00c70b0, 0x00000151d00c8bf0, 0x000001521dbad0a0,
0x000001521dbe7bf0, 0x000001521dc3a680, 0x000001521dc385b0, 0x000001521dc38c40,
0x000001521dc39960, 0x000001521dc37890, 0x000001521dc37200
}

Java Threads: ( => current thread )
  0x00000151d00a6180 JavaThread "Reference Handler"          daemon [_thread_blocked, id=31484, stack(0x0000001911400000,0x0000001911500000) (1024K)]
  0x00000151d00a72b0 JavaThread "Finalizer"                  daemon [_thread_blocked, id=26460, stack(0x0000001911500000,0x0000001911600000) (1024K)]
  0x00000151d00a91a0 JavaThread "Signal Dispatcher"          daemon [_thread_blocked, id=26216, stack(0x0000001911600000,0x0000001911700000) (1024K)]
  0x00000151d00ad3a0 JavaThread "Attach Listener"            daemon [_thread_blocked, id=17332, stack(0x0000001911700000,0x0000001911800000) (1024K)]
  0x00000151d00ae770 JavaThread "Service Thread"             daemon [_thread_blocked, id=22048, stack(0x0000001911800000,0x0000001911900000) (1024K)]
  0x00000151d00b0670 JavaThread "Monitor Deflation Thread"   daemon [_thread_blocked, id=21372, stack(0x0000001911900000,0x0000001911a00000) (1024K)]
  0x00000151d00b9950 JavaThread "C2 CompilerThread0"         daemon [_thread_blocked, id=6904, stack(0x0000001911a00000,0x0000001911b00000) (1024K)]
  0x00000151d00c8520 JavaThread "C1 CompilerThread0"         daemon [_thread_blocked, id=31488, stack(0x0000001911b00000,0x0000001911c00000) (1024K)]
  0x00000151d02e71b0 JavaThread "Common-Cleaner"             daemon [_thread_blocked, id=31572, stack(0x0000001911c00000,0x0000001911d00000) (1024K)]
  0x00000151d068ef00 JavaThread "Monitor Ctrl-Break"         daemon [_thread_in_native, id=27356, stack(0x0000001911f00000,0x0000001912000000) (1024K)]
  0x00000151d05ea970 JavaThread "Notification Thread"        daemon [_thread_blocked, id=25388, stack(0x0000001912000000,0x0000001912100000) (1024K)]
  0x00000151d0792c00 JavaThread "Java2D Disposer"            daemon [_thread_blocked, id=19284, stack(0x0000001912100000,0x0000001912200000) (1024K)]
  0x00000151d0798710 JavaThread "AWT-Shutdown"                      [_thread_blocked, id=22828, stack(0x0000001912200000,0x0000001912300000) (1024K)]
  0x00000151d079a780 JavaThread "AWT-Windows"                daemon [_thread_in_native, id=26264, stack(0x0000001912300000,0x0000001912400000) (1024K)]
  0x00000151d07a64b0 JavaThread "AWT-EventQueue-0"                  [_thread_in_vm, id=26836, stack(0x0000001912400000,0x0000001912500000) (1024K)]
  0x00000151ae4c9000 JavaThread "DestroyJavaVM"                     [_thread_blocked, id=22576, stack(0x0000001910c00000,0x0000001910d00000) (1024K)]
  0x00000151d07bff10 JavaThread "Java2D Queue Flusher"       daemon [_thread_blocked, id=25176, stack(0x0000001912500000,0x0000001912600000) (1024K)]
=>0x00000151d00c70b0 JavaThread "C1 CompilerThread1"         daemon [_thread_in_vm, id=24980, stack(0x0000001911d00000,0x0000001911e00000) (1024K)]
  0x00000151d00c8bf0 JavaThread "C1 CompilerThread2"         daemon [_thread_blocked, id=12268, stack(0x0000001911e00000,0x0000001911f00000) (1024K)]
  0x000001521dbad0a0 JavaThread "Java Sound Event Dispatcher" daemon [_thread_blocked, id=8588, stack(0x0000001912b00000,0x0000001912c00000) (1024K)]
  0x000001521dbe7bf0 JavaThread "Direct Clip"                daemon [_thread_blocked, id=28648, stack(0x0000001912f00000,0x0000001913000000) (1024K)]
  0x000001521dc3a680 JavaThread "Direct Clip"                daemon [_thread_blocked, id=32004, stack(0x0000001913000000,0x0000001913100000) (1024K)]
  0x000001521dc385b0 JavaThread "Image Animator 3"           daemon [_thread_blocked, id=10556, stack(0x0000001913a00000,0x0000001913b00000) (1024K)]
  0x000001521dc38c40 JavaThread "Thread-0"                          [_thread_blocked, id=29912, stack(0x0000001913b00000,0x0000001913c00000) (1024K)]
  0x000001521dc39960 JavaThread "Thread-2"                          [_thread_in_Java, id=17376, stack(0x0000001913d00000,0x0000001913e00000) (1024K)]
  0x000001521dc37890 JavaThread "Thread-3"                          [_thread_in_Java, id=3280, stack(0x0000001913e00000,0x0000001913f00000) (1024K)]
  0x000001521dc37200 JavaThread "Thread-4"                          [_thread_blocked, id=24248, stack(0x0000001913c00000,0x0000001913d00000) (1024K)]
Total: 27

Other Threads:
  0x00000151d008c160 VMThread "VM Thread"                           [id=23300, stack(0x0000001911300000,0x0000001911400000) (1024K)]
  0x00000151d00704a0 WatcherThread "VM Periodic Task Thread"        [id=13032, stack(0x0000001911200000,0x0000001911300000) (1024K)]
  0x00000151ae739bc0 WorkerThread "GC Thread#0"                     [id=30852, stack(0x0000001910d00000,0x0000001910e00000) (1024K)]
  0x00000151d008d3d0 WorkerThread "GC Thread#1"                     [id=31772, stack(0x0000001913100000,0x0000001913200000) (1024K)]
  0x00000151d008d780 WorkerThread "GC Thread#2"                     [id=10516, stack(0x0000001913200000,0x0000001913300000) (1024K)]
  0x00000151d008db30 WorkerThread "GC Thread#3"                     [id=17904, stack(0x0000001913300000,0x0000001913400000) (1024K)]
  0x00000151d008c510 WorkerThread "GC Thread#4"                     [id=17784, stack(0x0000001913400000,0x0000001913500000) (1024K)]
  0x00000151d008c8c0 WorkerThread "GC Thread#5"                     [id=25992, stack(0x0000001913500000,0x0000001913600000) (1024K)]
  0x00000151d008cc70 WorkerThread "GC Thread#6"                     [id=27512, stack(0x0000001913600000,0x0000001913700000) (1024K)]
  0x00000151d008d020 WorkerThread "GC Thread#7"                     [id=28104, stack(0x0000001913700000,0x0000001913800000) (1024K)]
  0x000001521dc72860 WorkerThread "GC Thread#8"                     [id=31780, stack(0x0000001913800000,0x0000001913900000) (1024K)]
  0x000001521dc6ffd0 WorkerThread "GC Thread#9"                     [id=31644, stack(0x0000001913900000,0x0000001913a00000) (1024K)]
  0x000001521dc72100 WorkerThread "GC Thread#10"                    [id=28948, stack(0x0000001914100000,0x0000001914200000) (1024K)]
  0x000001521dc72fc0 WorkerThread "GC Thread#11"                    [id=24752, stack(0x0000001914200000,0x0000001914300000) (1024K)]
  0x000001521dc724b0 WorkerThread "GC Thread#12"                    [id=10264, stack(0x0000001914300000,0x0000001914400000) (1024K)]
  0x00000151ae74a7b0 ConcurrentGCThread "G1 Main Marker"            [id=10220, stack(0x0000001910e00000,0x0000001910f00000) (1024K)]
  0x00000151ae74ee80 WorkerThread "G1 Conc#0"                       [id=27100, stack(0x0000001910f00000,0x0000001911000000) (1024K)]
  0x00000151cff3ece0 ConcurrentGCThread "G1 Refine#0"               [id=32664, stack(0x0000001911000000,0x0000001911100000) (1024K)]
  0x00000151cff3f510 ConcurrentGCThread "G1 Service"                [id=26664, stack(0x0000001911100000,0x0000001911200000) (1024K)]
Total: 19

Threads with active compile tasks:
C1 CompilerThread1  6970 3258       3       sun.font.AttributeValues::i_validate (507 bytes)
Total: 1

VM state: not at safepoint (normal execution)

VM Mutex/Monitor currently owned by a thread:  ([mutex/lock_event])
[0x00007ffe27f29b38] Metaspace_lock - owner thread: 0x00000151d00c70b0

Heap address: 0x0000000705a00000, size: 4006 MB, Compressed Oops mode: Zero based, Oop shift amount: 3

CDS archive(s) mapped at: [0x00000151d1000000-0x00000151d1c50000-0x00000151d1c50000), size 12910592, SharedBaseAddress: 0x00000151d1000000, ArchiveRelocationMode: 1.
Compressed class space mapped at: 0x00000151d2000000-0x0000015212000000, reserved size: 1073741824
Narrow klass base: 0x00000151d1000000, Narrow klass shift: 0, Narrow klass range: 0x41000000

GC Precious Log:
 CardTable entry size: 512
 Card Set container configuration: InlinePtr #cards 4 size 8 Array Of Cards #cards 16 size 48 Howl #buckets 8 coarsen threshold 3686 Howl Bitmap #cards 512 size 80 coarsen threshold 460 Card regions per heap region 1 cards per card region 4096
 CPUs: 16 total, 16 available
 Memory: 16016M
 Large Page Support: Disabled
 NUMA Support: Disabled
 Compressed Oops: Enabled (Zero based)
 Heap Region Size: 2M
 Heap Min Capacity: 8M
 Heap Initial Capacity: 252M
 Heap Max Capacity: 4006M
 Pre-touch: Disabled
 Parallel Workers: 13
 Concurrent Workers: 3
 Concurrent Refinement Workers: 13
 Periodic GC: Disabled

Heap:
 garbage-first heap   total reserved 4102144K, committed 258048K, used 69459K [0x0000000705a00000, 0x0000000800000000)
  region size 2048K, 18 young (36864K), 2 survivors (4096K)
 Metaspace       used 14682K, committed 15296K, reserved 1114112K
  class space    used 1652K, committed 1920K, reserved 1048576K

Heap Regions: E=young(eden), S=young(survivor), O=old, HS=humongous(starts), HC=humongous(continues), CS=collection set, F=free, TAMS=top-at-mark-start, PB=parsable bottom
|   0|0x0000000705a00000, 0x0000000705c00000, 0x0000000705c00000|100%|HS|  |TAMS 0x0000000705a00000| PB 0x0000000705a00000| Complete |  0
|   1|0x0000000705c00000, 0x0000000705e00000, 0x0000000705e00000|100%|HS|  |TAMS 0x0000000705c00000| PB 0x0000000705c00000| Complete |  0
|   2|0x0000000705e00000, 0x0000000706000000, 0x0000000706000000|100%| O|  |TAMS 0x0000000705e00000| PB 0x0000000705e00000| Untracked |  0
|   3|0x0000000706000000, 0x0000000706200000, 0x0000000706200000|100%| O|  |TAMS 0x0000000706000000| PB 0x0000000706000000| Untracked |  0
|   4|0x0000000706200000, 0x0000000706400000, 0x0000000706400000|100%| O|  |TAMS 0x0000000706200000| PB 0x0000000706200000| Untracked |  0
|   5|0x0000000706400000, 0x0000000706600000, 0x0000000706600000|100%| O|  |TAMS 0x0000000706400000| PB 0x0000000706400000| Untracked |  0
|   6|0x0000000706600000, 0x0000000706800000, 0x0000000706800000|100%| O|  |TAMS 0x0000000706600000| PB 0x0000000706600000| Untracked |  0
|   7|0x0000000706800000, 0x0000000706a00000, 0x0000000706a00000|100%| O|  |TAMS 0x0000000706800000| PB 0x0000000706800000| Untracked |  0
|   8|0x0000000706a00000, 0x0000000706c00000, 0x0000000706c00000|100%| O|  |TAMS 0x0000000706a00000| PB 0x0000000706a00000| Untracked |  0
|   9|0x0000000706c00000, 0x0000000706e00000, 0x0000000706e00000|100%| O|  |TAMS 0x0000000706c00000| PB 0x0000000706c00000| Untracked |  0
|  10|0x0000000706e00000, 0x0000000707000000, 0x0000000707000000|100%| O|  |TAMS 0x0000000706e00000| PB 0x0000000706e00000| Untracked |  0
|  11|0x0000000707000000, 0x0000000707200000, 0x0000000707200000|100%| O|  |TAMS 0x0000000707000000| PB 0x0000000707000000| Untracked |  0
|  12|0x0000000707200000, 0x0000000707400000, 0x0000000707400000|100%| O|  |TAMS 0x0000000707200000| PB 0x0000000707200000| Untracked |  0
|  13|0x0000000707400000, 0x00000007075d4c10, 0x0000000707600000| 91%| O|  |TAMS 0x0000000707400000| PB 0x0000000707400000| Untracked |  0
|  14|0x0000000707600000, 0x0000000707800000, 0x0000000707800000|100%|HS|  |TAMS 0x0000000707600000| PB 0x0000000707600000| Complete |  0
|  15|0x0000000707800000, 0x0000000707a00000, 0x0000000707a00000|100%|HS|  |TAMS 0x0000000707800000| PB 0x0000000707800000| Complete |  0
|  16|0x0000000707a00000, 0x0000000707c00000, 0x0000000707c00000|100%|HC|  |TAMS 0x0000000707a00000| PB 0x0000000707a00000| Complete |  0
|  17|0x0000000707c00000, 0x0000000707c00000, 0x0000000707e00000|  0%| F|  |TAMS 0x0000000707c00000| PB 0x0000000707c00000| Untracked |  0
|  18|0x0000000707e00000, 0x0000000707e00000, 0x0000000708000000|  0%| F|  |TAMS 0x0000000707e00000| PB 0x0000000707e00000| Untracked |  0
|  19|0x0000000708000000, 0x0000000708000000, 0x0000000708200000|  0%| F|  |TAMS 0x0000000708000000| PB 0x0000000708000000| Untracked |  0
|  20|0x0000000708200000, 0x0000000708200000, 0x0000000708400000|  0%| F|  |TAMS 0x0000000708200000| PB 0x0000000708200000| Untracked |  0
|  21|0x0000000708400000, 0x0000000708400000, 0x0000000708600000|  0%| F|  |TAMS 0x0000000708400000| PB 0x0000000708400000| Untracked |  0
|  22|0x0000000708600000, 0x0000000708600000, 0x0000000708800000|  0%| F|  |TAMS 0x0000000708600000| PB 0x0000000708600000| Untracked |  0
|  23|0x0000000708800000, 0x0000000708800000, 0x0000000708a00000|  0%| F|  |TAMS 0x0000000708800000| PB 0x0000000708800000| Untracked |  0
|  24|0x0000000708a00000, 0x0000000708a00000, 0x0000000708c00000|  0%| F|  |TAMS 0x0000000708a00000| PB 0x0000000708a00000| Untracked |  0
|  25|0x0000000708c00000, 0x0000000708c00000, 0x0000000708e00000|  0%| F|  |TAMS 0x0000000708c00000| PB 0x0000000708c00000| Untracked |  0
|  26|0x0000000708e00000, 0x0000000708e00000, 0x0000000709000000|  0%| F|  |TAMS 0x0000000708e00000| PB 0x0000000708e00000| Untracked |  0
|  27|0x0000000709000000, 0x0000000709000000, 0x0000000709200000|  0%| F|  |TAMS 0x0000000709000000| PB 0x0000000709000000| Untracked |  0
|  28|0x0000000709200000, 0x0000000709200000, 0x0000000709400000|  0%| F|  |TAMS 0x0000000709200000| PB 0x0000000709200000| Untracked |  0
|  29|0x0000000709400000, 0x0000000709400000, 0x0000000709600000|  0%| F|  |TAMS 0x0000000709400000| PB 0x0000000709400000| Untracked |  0
|  30|0x0000000709600000, 0x0000000709600000, 0x0000000709800000|  0%| F|  |TAMS 0x0000000709600000| PB 0x0000000709600000| Untracked |  0
|  31|0x0000000709800000, 0x0000000709800000, 0x0000000709a00000|  0%| F|  |TAMS 0x0000000709800000| PB 0x0000000709800000| Untracked |  0
|  32|0x0000000709a00000, 0x0000000709a00000, 0x0000000709c00000|  0%| F|  |TAMS 0x0000000709a00000| PB 0x0000000709a00000| Untracked |  0
|  33|0x0000000709c00000, 0x0000000709c00000, 0x0000000709e00000|  0%| F|  |TAMS 0x0000000709c00000| PB 0x0000000709c00000| Untracked |  0
|  34|0x0000000709e00000, 0x0000000709e00000, 0x000000070a000000|  0%| F|  |TAMS 0x0000000709e00000| PB 0x0000000709e00000| Untracked |  0
|  35|0x000000070a000000, 0x000000070a000000, 0x000000070a200000|  0%| F|  |TAMS 0x000000070a000000| PB 0x000000070a000000| Untracked |  0
|  36|0x000000070a200000, 0x000000070a200000, 0x000000070a400000|  0%| F|  |TAMS 0x000000070a200000| PB 0x000000070a200000| Untracked |  0
|  37|0x000000070a400000, 0x000000070a400000, 0x000000070a600000|  0%| F|  |TAMS 0x000000070a400000| PB 0x000000070a400000| Untracked |  0
|  38|0x000000070a600000, 0x000000070a600000, 0x000000070a800000|  0%| F|  |TAMS 0x000000070a600000| PB 0x000000070a600000| Untracked |  0
|  39|0x000000070a800000, 0x000000070a800000, 0x000000070aa00000|  0%| F|  |TAMS 0x000000070a800000| PB 0x000000070a800000| Untracked |  0
|  40|0x000000070aa00000, 0x000000070aa00000, 0x000000070ac00000|  0%| F|  |TAMS 0x000000070aa00000| PB 0x000000070aa00000| Untracked |  0
|  41|0x000000070ac00000, 0x000000070ac00000, 0x000000070ae00000|  0%| F|  |TAMS 0x000000070ac00000| PB 0x000000070ac00000| Untracked |  0
|  42|0x000000070ae00000, 0x000000070ae00000, 0x000000070b000000|  0%| F|  |TAMS 0x000000070ae00000| PB 0x000000070ae00000| Untracked |  0
|  43|0x000000070b000000, 0x000000070b000000, 0x000000070b200000|  0%| F|  |TAMS 0x000000070b000000| PB 0x000000070b000000| Untracked |  0
|  44|0x000000070b200000, 0x000000070b200000, 0x000000070b400000|  0%| F|  |TAMS 0x000000070b200000| PB 0x000000070b200000| Untracked |  0
|  45|0x000000070b400000, 0x000000070b400000, 0x000000070b600000|  0%| F|  |TAMS 0x000000070b400000| PB 0x000000070b400000| Untracked |  0
|  46|0x000000070b600000, 0x000000070b600000, 0x000000070b800000|  0%| F|  |TAMS 0x000000070b600000| PB 0x000000070b600000| Untracked |  0
|  47|0x000000070b800000, 0x000000070b800000, 0x000000070ba00000|  0%| F|  |TAMS 0x000000070b800000| PB 0x000000070b800000| Untracked |  0
|  48|0x000000070ba00000, 0x000000070ba00000, 0x000000070bc00000|  0%| F|  |TAMS 0x000000070ba00000| PB 0x000000070ba00000| Untracked |  0
|  49|0x000000070bc00000, 0x000000070bc00000, 0x000000070be00000|  0%| F|  |TAMS 0x000000070bc00000| PB 0x000000070bc00000| Untracked |  0
|  50|0x000000070be00000, 0x000000070be00000, 0x000000070c000000|  0%| F|  |TAMS 0x000000070be00000| PB 0x000000070be00000| Untracked |  0
|  51|0x000000070c000000, 0x000000070c000000, 0x000000070c200000|  0%| F|  |TAMS 0x000000070c000000| PB 0x000000070c000000| Untracked |  0
|  52|0x000000070c200000, 0x000000070c200000, 0x000000070c400000|  0%| F|  |TAMS 0x000000070c200000| PB 0x000000070c200000| Untracked |  0
|  53|0x000000070c400000, 0x000000070c400000, 0x000000070c600000|  0%| F|  |TAMS 0x000000070c400000| PB 0x000000070c400000| Untracked |  0
|  54|0x000000070c600000, 0x000000070c600000, 0x000000070c800000|  0%| F|  |TAMS 0x000000070c600000| PB 0x000000070c600000| Untracked |  0
|  55|0x000000070c800000, 0x000000070c800000, 0x000000070ca00000|  0%| F|  |TAMS 0x000000070c800000| PB 0x000000070c800000| Untracked |  0
|  56|0x000000070ca00000, 0x000000070ca00000, 0x000000070cc00000|  0%| F|  |TAMS 0x000000070ca00000| PB 0x000000070ca00000| Untracked |  0
|  57|0x000000070cc00000, 0x000000070cc00000, 0x000000070ce00000|  0%| F|  |TAMS 0x000000070cc00000| PB 0x000000070cc00000| Untracked |  0
|  58|0x000000070ce00000, 0x000000070ce00000, 0x000000070d000000|  0%| F|  |TAMS 0x000000070ce00000| PB 0x000000070ce00000| Untracked |  0
|  59|0x000000070d000000, 0x000000070d000000, 0x000000070d200000|  0%| F|  |TAMS 0x000000070d000000| PB 0x000000070d000000| Untracked |  0
|  60|0x000000070d200000, 0x000000070d200000, 0x000000070d400000|  0%| F|  |TAMS 0x000000070d200000| PB 0x000000070d200000| Untracked |  0
|  61|0x000000070d400000, 0x000000070d400000, 0x000000070d600000|  0%| F|  |TAMS 0x000000070d400000| PB 0x000000070d400000| Untracked |  0
|  62|0x000000070d600000, 0x000000070d600000, 0x000000070d800000|  0%| F|  |TAMS 0x000000070d600000| PB 0x000000070d600000| Untracked |  0
|  63|0x000000070d800000, 0x000000070d800000, 0x000000070da00000|  0%| F|  |TAMS 0x000000070d800000| PB 0x000000070d800000| Untracked |  0
|  64|0x000000070da00000, 0x000000070da00000, 0x000000070dc00000|  0%| F|  |TAMS 0x000000070da00000| PB 0x000000070da00000| Untracked |  0
|  65|0x000000070dc00000, 0x000000070dc00000, 0x000000070de00000|  0%| F|  |TAMS 0x000000070dc00000| PB 0x000000070dc00000| Untracked |  0
|  66|0x000000070de00000, 0x000000070de00000, 0x000000070e000000|  0%| F|  |TAMS 0x000000070de00000| PB 0x000000070de00000| Untracked |  0
|  67|0x000000070e000000, 0x000000070e000000, 0x000000070e200000|  0%| F|  |TAMS 0x000000070e000000| PB 0x000000070e000000| Untracked |  0
|  68|0x000000070e200000, 0x000000070e200000, 0x000000070e400000|  0%| F|  |TAMS 0x000000070e200000| PB 0x000000070e200000| Untracked |  0
|  69|0x000000070e400000, 0x000000070e400000, 0x000000070e600000|  0%| F|  |TAMS 0x000000070e400000| PB 0x000000070e400000| Untracked |  0
|  70|0x000000070e600000, 0x000000070e600000, 0x000000070e800000|  0%| F|  |TAMS 0x000000070e600000| PB 0x000000070e600000| Untracked |  0
|  71|0x000000070e800000, 0x000000070e800000, 0x000000070ea00000|  0%| F|  |TAMS 0x000000070e800000| PB 0x000000070e800000| Untracked |  0
|  72|0x000000070ea00000, 0x000000070ea00000, 0x000000070ec00000|  0%| F|  |TAMS 0x000000070ea00000| PB 0x000000070ea00000| Untracked |  0
|  73|0x000000070ec00000, 0x000000070ec00000, 0x000000070ee00000|  0%| F|  |TAMS 0x000000070ec00000| PB 0x000000070ec00000| Untracked |  0
|  74|0x000000070ee00000, 0x000000070ee00000, 0x000000070f000000|  0%| F|  |TAMS 0x000000070ee00000| PB 0x000000070ee00000| Untracked |  0
|  75|0x000000070f000000, 0x000000070f000000, 0x000000070f200000|  0%| F|  |TAMS 0x000000070f000000| PB 0x000000070f000000| Untracked |  0
|  76|0x000000070f200000, 0x000000070f200000, 0x000000070f400000|  0%| F|  |TAMS 0x000000070f200000| PB 0x000000070f200000| Untracked |  0
|  77|0x000000070f400000, 0x000000070f400000, 0x000000070f600000|  0%| F|  |TAMS 0x000000070f400000| PB 0x000000070f400000| Untracked |  0
|  78|0x000000070f600000, 0x000000070f600000, 0x000000070f800000|  0%| F|  |TAMS 0x000000070f600000| PB 0x000000070f600000| Untracked |  0
|  79|0x000000070f800000, 0x000000070f800000, 0x000000070fa00000|  0%| F|  |TAMS 0x000000070f800000| PB 0x000000070f800000| Untracked |  0
|  80|0x000000070fa00000, 0x000000070fa00000, 0x000000070fc00000|  0%| F|  |TAMS 0x000000070fa00000| PB 0x000000070fa00000| Untracked |  0
|  81|0x000000070fc00000, 0x000000070fc00000, 0x000000070fe00000|  0%| F|  |TAMS 0x000000070fc00000| PB 0x000000070fc00000| Untracked |  0
|  82|0x000000070fe00000, 0x000000070fe00000, 0x0000000710000000|  0%| F|  |TAMS 0x000000070fe00000| PB 0x000000070fe00000| Untracked |  0
|  83|0x0000000710000000, 0x0000000710000000, 0x0000000710200000|  0%| F|  |TAMS 0x0000000710000000| PB 0x0000000710000000| Untracked |  0
|  84|0x0000000710200000, 0x0000000710200000, 0x0000000710400000|  0%| F|  |TAMS 0x0000000710200000| PB 0x0000000710200000| Untracked |  0
|  85|0x0000000710400000, 0x0000000710400000, 0x0000000710600000|  0%| F|  |TAMS 0x0000000710400000| PB 0x0000000710400000| Untracked |  0
|  86|0x0000000710600000, 0x0000000710600000, 0x0000000710800000|  0%| F|  |TAMS 0x0000000710600000| PB 0x0000000710600000| Untracked |  0
|  87|0x0000000710800000, 0x0000000710800000, 0x0000000710a00000|  0%| F|  |TAMS 0x0000000710800000| PB 0x0000000710800000| Untracked |  0
|  88|0x0000000710a00000, 0x0000000710a00000, 0x0000000710c00000|  0%| F|  |TAMS 0x0000000710a00000| PB 0x0000000710a00000| Untracked |  0
|  89|0x0000000710c00000, 0x0000000710c00000, 0x0000000710e00000|  0%| F|  |TAMS 0x0000000710c00000| PB 0x0000000710c00000| Untracked |  0
|  90|0x0000000710e00000, 0x0000000710e00000, 0x0000000711000000|  0%| F|  |TAMS 0x0000000710e00000| PB 0x0000000710e00000| Untracked |  0
|  91|0x0000000711000000, 0x0000000711000000, 0x0000000711200000|  0%| F|  |TAMS 0x0000000711000000| PB 0x0000000711000000| Untracked |  0
|  92|0x0000000711200000, 0x0000000711200000, 0x0000000711400000|  0%| F|  |TAMS 0x0000000711200000| PB 0x0000000711200000| Untracked |  0
|  93|0x0000000711400000, 0x0000000711400000, 0x0000000711600000|  0%| F|  |TAMS 0x0000000711400000| PB 0x0000000711400000| Untracked |  0
|  94|0x0000000711600000, 0x0000000711600000, 0x0000000711800000|  0%| F|  |TAMS 0x0000000711600000| PB 0x0000000711600000| Untracked |  0
|  95|0x0000000711800000, 0x0000000711800000, 0x0000000711a00000|  0%| F|  |TAMS 0x0000000711800000| PB 0x0000000711800000| Untracked |  0
|  96|0x0000000711a00000, 0x0000000711a00000, 0x0000000711c00000|  0%| F|  |TAMS 0x0000000711a00000| PB 0x0000000711a00000| Untracked |  0
|  97|0x0000000711c00000, 0x0000000711c00000, 0x0000000711e00000|  0%| F|  |TAMS 0x0000000711c00000| PB 0x0000000711c00000| Untracked |  0
|  98|0x0000000711e00000, 0x0000000711e00000, 0x0000000712000000|  0%| F|  |TAMS 0x0000000711e00000| PB 0x0000000711e00000| Untracked |  0
|  99|0x0000000712000000, 0x0000000712000000, 0x0000000712200000|  0%| F|  |TAMS 0x0000000712000000| PB 0x0000000712000000| Untracked |  0
| 100|0x0000000712200000, 0x0000000712200000, 0x0000000712400000|  0%| F|  |TAMS 0x0000000712200000| PB 0x0000000712200000| Untracked |  0
| 101|0x0000000712400000, 0x0000000712400000, 0x0000000712600000|  0%| F|  |TAMS 0x0000000712400000| PB 0x0000000712400000| Untracked |  0
| 102|0x0000000712600000, 0x0000000712600000, 0x0000000712800000|  0%| F|  |TAMS 0x0000000712600000| PB 0x0000000712600000| Untracked |  0
| 103|0x0000000712800000, 0x0000000712800000, 0x0000000712a00000|  0%| F|  |TAMS 0x0000000712800000| PB 0x0000000712800000| Untracked |  0
| 104|0x0000000712a00000, 0x0000000712a00000, 0x0000000712c00000|  0%| F|  |TAMS 0x0000000712a00000| PB 0x0000000712a00000| Untracked |  0
| 105|0x0000000712c00000, 0x0000000712c00000, 0x0000000712e00000|  0%| F|  |TAMS 0x0000000712c00000| PB 0x0000000712c00000| Untracked |  0
| 106|0x0000000712e00000, 0x0000000712e00000, 0x0000000713000000|  0%| F|  |TAMS 0x0000000712e00000| PB 0x0000000712e00000| Untracked |  0
| 107|0x0000000713000000, 0x0000000713000000, 0x0000000713200000|  0%| F|  |TAMS 0x0000000713000000| PB 0x0000000713000000| Untracked |  0
| 108|0x0000000713200000, 0x0000000713274198, 0x0000000713400000| 22%| E|  |TAMS 0x0000000713200000| PB 0x0000000713200000| Complete |  0
| 109|0x0000000713400000, 0x0000000713600000, 0x0000000713600000|100%| E|CS|TAMS 0x0000000713400000| PB 0x0000000713400000| Complete |  0
| 110|0x0000000713600000, 0x0000000713800000, 0x0000000713800000|100%| E|CS|TAMS 0x0000000713600000| PB 0x0000000713600000| Complete |  0
| 111|0x0000000713800000, 0x0000000713a00000, 0x0000000713a00000|100%| S|CS|TAMS 0x0000000713800000| PB 0x0000000713800000| Complete |  0
| 112|0x0000000713a00000, 0x0000000713c00000, 0x0000000713c00000|100%| E|CS|TAMS 0x0000000713a00000| PB 0x0000000713a00000| Complete |  0
| 113|0x0000000713c00000, 0x0000000713e00000, 0x0000000713e00000|100%| E|CS|TAMS 0x0000000713c00000| PB 0x0000000713c00000| Complete |  0
| 114|0x0000000713e00000, 0x0000000714000000, 0x0000000714000000|100%| S|CS|TAMS 0x0000000713e00000| PB 0x0000000713e00000| Complete |  0
| 115|0x0000000714000000, 0x0000000714200000, 0x0000000714200000|100%| E|CS|TAMS 0x0000000714000000| PB 0x0000000714000000| Complete |  0
| 116|0x0000000714200000, 0x0000000714400000, 0x0000000714400000|100%| E|CS|TAMS 0x0000000714200000| PB 0x0000000714200000| Complete |  0
| 117|0x0000000714400000, 0x0000000714600000, 0x0000000714600000|100%| E|CS|TAMS 0x0000000714400000| PB 0x0000000714400000| Complete |  0
| 118|0x0000000714600000, 0x0000000714800000, 0x0000000714800000|100%| E|CS|TAMS 0x0000000714600000| PB 0x0000000714600000| Complete |  0
| 119|0x0000000714800000, 0x0000000714a00000, 0x0000000714a00000|100%| E|CS|TAMS 0x0000000714800000| PB 0x0000000714800000| Complete |  0
| 120|0x0000000714a00000, 0x0000000714c00000, 0x0000000714c00000|100%| E|CS|TAMS 0x0000000714a00000| PB 0x0000000714a00000| Complete |  0
| 121|0x0000000714c00000, 0x0000000714e00000, 0x0000000714e00000|100%| E|CS|TAMS 0x0000000714c00000| PB 0x0000000714c00000| Complete |  0
| 122|0x0000000714e00000, 0x0000000715000000, 0x0000000715000000|100%| E|CS|TAMS 0x0000000714e00000| PB 0x0000000714e00000| Complete |  0
| 123|0x0000000715000000, 0x0000000715200000, 0x0000000715200000|100%| E|CS|TAMS 0x0000000715000000| PB 0x0000000715000000| Complete |  0
| 124|0x0000000715200000, 0x0000000715400000, 0x0000000715400000|100%| E|CS|TAMS 0x0000000715200000| PB 0x0000000715200000| Complete |  0
| 125|0x0000000715400000, 0x0000000715600000, 0x0000000715600000|100%| E|CS|TAMS 0x0000000715400000| PB 0x0000000715400000| Complete |  0

Card table byte_map: [0x00000151c89c0000,0x00000151c91a0000] _byte_map_base: 0x00000151c5193000

Marking Bits: (CMBitMap*) 0x00000151ae73a2d0
 Bits: [0x00000151c91a0000, 0x00000151cd038000)

Polling page: 0x00000151ae790000

Metaspace:

Usage:
  Non-class:     12.72 MB used.
      Class:      1.61 MB used.
       Both:     14.34 MB used.

Virtual space:
  Non-class space:       64.00 MB reserved,      13.06 MB ( 20%) committed,  1 nodes.
      Class space:        1.00 GB reserved,       1.88 MB ( <1%) committed,  1 nodes.
             Both:        1.06 GB reserved,      14.94 MB (  1%) committed. 

Chunk freelists:
   Non-Class:  2.86 MB
       Class:  14.05 MB
        Both:  16.91 MB

MaxMetaspaceSize: unlimited
CompressedClassSpaceSize: 1.00 GB
Initial GC threshold: 21.00 MB
Current GC threshold: 21.00 MB
CDS: on
 - commit_granule_bytes: 65536.
 - commit_granule_words: 8192.
 - virtual_space_node_default_size: 8388608.
 - enlarge_chunks_in_place: 1.
 - use_allocation_guard: 0.


Internal statistics:

num_allocs_failed_limit: 0.
num_arena_births: 834.
num_arena_deaths: 0.
num_vsnodes_births: 2.
num_vsnodes_deaths: 0.
num_space_committed: 239.
num_space_uncommitted: 0.
num_chunks_returned_to_freelist: 0.
num_chunks_taken_from_freelist: 1071.
num_chunk_merges: 0.
num_chunk_splits: 654.
num_chunks_enlarged: 277.
num_inconsistent_stats: 0.

CodeHeap 'non-profiled nmethods': size=119168Kb used=1685Kb max_used=1685Kb free=117482Kb
 bounds [0x00000151bfdb0000, 0x00000151c0020000, 0x00000151c7210000]
CodeHeap 'profiled nmethods': size=119104Kb used=5664Kb max_used=5664Kb free=113439Kb
 bounds [0x00000151b8210000, 0x00000151b87a0000, 0x00000151bf660000]
CodeHeap 'non-nmethods': size=7488Kb used=2897Kb max_used=2946Kb free=4590Kb
 bounds [0x00000151bf660000, 0x00000151bf980000, 0x00000151bfdb0000]
 total_blobs=4052 nmethods=3250 adapters=693
 compilation: enabled
              stopped_count=0, restarted_count=0
 full_count=0

Compilation events (20 events):
Event: 6.934 Thread 0x00000151d00c70b0 3258       3       sun.font.AttributeValues::i_validate (507 bytes)
Event: 6.934 Thread 0x00000151d00c8bf0 nmethod 3255 0x00000151b8795b10 code [0x00000151b8795d60, 0x00000151b87967d0]
Event: 6.934 Thread 0x00000151d00c8520 nmethod 3254 0x00000151b8796b10 code [0x00000151b8796da0, 0x00000151b8797c08]
Event: 6.934 Thread 0x00000151d00c8bf0 3256       1       sun.font.StandardTextSource::getFont (5 bytes)
Event: 6.934 Thread 0x00000151d00c8520 3259       1       sun.font.StandardTextSource::getCoreMetrics (5 bytes)
Event: 6.934 Thread 0x00000151d00c8bf0 nmethod 3256 0x00000151bff53590 code [0x00000151bff53720, 0x00000151bff537f0]
Event: 6.934 Thread 0x00000151d00c8bf0 3260       1       sun.font.StandardTextSource::getFRC (5 bytes)
Event: 6.934 Thread 0x00000151d00c8520 nmethod 3259 0x00000151bff53890 code [0x00000151bff53a20, 0x00000151bff53af0]
Event: 6.934 Thread 0x00000151d00c8520 3261       1       sun.font.StandardTextSource::getLayoutFlags (5 bytes)
Event: 6.934 Thread 0x00000151d00c8bf0 nmethod 3260 0x00000151bff53b90 code [0x00000151bff53d20, 0x00000151bff53df0]
Event: 6.934 Thread 0x00000151d00c8bf0 3262       1       sun.font.StandardTextSource::getChars (5 bytes)
Event: 6.934 Thread 0x00000151d00c8520 nmethod 3261 0x00000151bff53e90 code [0x00000151bff54020, 0x00000151bff540e8]
Event: 6.934 Thread 0x00000151d00c8520 3263       1       sun.font.StandardTextSource::getStart (5 bytes)
Event: 6.934 Thread 0x00000151d00c8bf0 nmethod 3262 0x00000151bff54190 code [0x00000151bff54320, 0x00000151bff543f0]
Event: 6.934 Thread 0x00000151d00c8bf0 3264       1       sun.font.GlyphLayout$SDCache$SDKey::hashCode (5 bytes)
Event: 6.934 Thread 0x00000151d00c8520 nmethod 3263 0x00000151bff54490 code [0x00000151bff54620, 0x00000151bff546e8]
Event: 6.934 Thread 0x00000151d00c8520 3265       1       sun.font.ScriptRun::getScriptLimit (5 bytes)
Event: 6.934 Thread 0x00000151d00c8bf0 nmethod 3264 0x00000151bff54790 code [0x00000151bff54920, 0x00000151bff549e8]
Event: 6.934 Thread 0x00000151d00c8bf0 3266       1       sun.font.ScriptRun::getScriptCode (5 bytes)
Event: 6.934 Thread 0x00000151d00c8520 nmethod 3265 0x00000151bff54a90 code [0x00000151bff54c20, 0x00000151bff54ce8]

GC Heap History (4 events):
Event: 1.823 GC heap before
{Heap before GC invocations=0 (full 0):
 garbage-first heap   total reserved 4102144K, committed 258048K, used 32768K [0x0000000705a00000, 0x0000000800000000)
  region size 2048K, 12 young (24576K), 0 survivors (0K)
 Metaspace       used 7339K, committed 7488K, reserved 1114112K
  class space    used 759K, committed 832K, reserved 1048576K
}
Event: 1.837 GC heap after
{Heap after GC invocations=1 (full 0):
 garbage-first heap   total reserved 4102144K, committed 258048K, used 14002K [0x0000000705a00000, 0x0000000800000000)
  region size 2048K, 2 young (4096K), 2 survivors (4096K)
 Metaspace       used 7339K, committed 7488K, reserved 1114112K
  class space    used 759K, committed 832K, reserved 1048576K
}
Event: 3.756 GC heap before
{Heap before GC invocations=1 (full 0):
 garbage-first heap   total reserved 4102144K, committed 258048K, used 36530K [0x0000000705a00000, 0x0000000800000000)
  region size 2048K, 13 young (26624K), 2 survivors (4096K)
 Metaspace       used 10571K, committed 10880K, reserved 1114112K
  class space    used 1121K, committed 1280K, reserved 1048576K
}
Event: 3.762 GC heap after
{Heap after GC invocations=2 (full 0):
 garbage-first heap   total reserved 4102144K, committed 258048K, used 32595K [0x0000000705a00000, 0x0000000800000000)
  region size 2048K, 2 young (4096K), 2 survivors (4096K)
 Metaspace       used 10571K, committed 10880K, reserved 1114112K
  class space    used 1121K, committed 1280K, reserved 1048576K
}

Dll operation events (17 events):
Event: 0.015 Loaded shared library C:\Users\JulyLun\.jdks\openjdk-22.0.1-1\bin\java.dll
Event: 0.053 Loaded shared library C:\Users\JulyLun\.jdks\openjdk-22.0.1-1\bin\jsvml.dll
Event: 0.119 Loaded shared library C:\Users\JulyLun\.jdks\openjdk-22.0.1-1\bin\zip.dll
Event: 0.123 Loaded shared library C:\Users\JulyLun\.jdks\openjdk-22.0.1-1\bin\instrument.dll
Event: 0.128 Loaded shared library C:\Users\JulyLun\.jdks\openjdk-22.0.1-1\bin\net.dll
Event: 0.130 Loaded shared library C:\Users\JulyLun\.jdks\openjdk-22.0.1-1\bin\nio.dll
Event: 0.133 Loaded shared library C:\Users\JulyLun\.jdks\openjdk-22.0.1-1\bin\zip.dll
Event: 0.185 Loaded shared library D:\ApplicationData\IntelliJ IDEA 2023.3.6\bin\breakgen64.dll
Event: 0.195 Loaded shared library C:\Users\JulyLun\.jdks\openjdk-22.0.1-1\bin\extnet.dll
Event: 0.202 Loaded shared library C:\Users\JulyLun\.jdks\openjdk-22.0.1-1\bin\jimage.dll
Event: 0.213 Loaded shared library C:\Users\JulyLun\.jdks\openjdk-22.0.1-1\bin\awt.dll
Event: 1.416 Loaded shared library C:\Users\JulyLun\.jdks\openjdk-22.0.1-1\bin\verify.dll
Event: 1.490 Loaded shared library C:\Users\JulyLun\.jdks\openjdk-22.0.1-1\bin\jsound.dll
Event: 2.094 Loaded shared library C:\Users\JulyLun\.jdks\openjdk-22.0.1-1\bin\freetype.dll
Event: 2.102 Loaded shared library C:\Users\JulyLun\.jdks\openjdk-22.0.1-1\bin\fontmanager.dll
Event: 3.776 Loaded shared library C:\Windows\System32\ucrtbase.dll
Event: 3.778 Loaded shared library C:\Users\JulyLun\.jdks\openjdk-22.0.1-1\bin\syslookup.dll

Deoptimization events (20 events):
Event: 5.601 Thread 0x000001521dc37200 DEOPT PACKING pc=0x00000151b8634aca sp=0x0000001913cff080
Event: 5.601 Thread 0x000001521dc37200 DEOPT UNPACKING pc=0x00000151bf6b4e42 sp=0x0000001913cfe530 mode 0
Event: 5.729 Thread 0x000001521dc37200 DEOPT PACKING pc=0x00000151b86413c5 sp=0x0000001913cfefd0
Event: 5.729 Thread 0x000001521dc37200 DEOPT UNPACKING pc=0x00000151bf6b4e42 sp=0x0000001913cfe478 mode 0
Event: 5.730 Thread 0x000001521dc37200 DEOPT PACKING pc=0x00000151b8585b10 sp=0x0000001913cff000
Event: 5.730 Thread 0x000001521dc37200 DEOPT UNPACKING pc=0x00000151bf6b4e42 sp=0x0000001913cfe4a8 mode 0
Event: 5.886 Thread 0x00000151d07a64b0 Uncommon trap: trap_request=0xffffff5c fr.pc=0x00000151bff1a774 relative=0x0000000000000074
Event: 5.886 Thread 0x00000151d07a64b0 Uncommon trap: reason=speculate_null_check action=make_not_entrant pc=0x00000151bff1a774 method=jdk.internal.misc.Unsafe.getIntUnaligned(Ljava/lang/Object;JZ)I @ 5 c2
Event: 5.886 Thread 0x00000151d07a64b0 DEOPT PACKING pc=0x00000151bff1a774 sp=0x00000019124fc390
Event: 5.886 Thread 0x00000151d07a64b0 DEOPT UNPACKING pc=0x00000151bf6b46a2 sp=0x00000019124fc2e8 mode 2
Event: 6.185 Thread 0x00000151d07a64b0 DEOPT PACKING pc=0x00000151b87245e7 sp=0x00000019124fe420
Event: 6.185 Thread 0x00000151d07a64b0 DEOPT UNPACKING pc=0x00000151bf6b4e42 sp=0x00000019124fd8f0 mode 0
Event: 6.507 Thread 0x000001521dc385b0 Uncommon trap: trap_request=0xffffff45 fr.pc=0x00000151bfee4390 relative=0x0000000000000b70
Event: 6.507 Thread 0x000001521dc385b0 Uncommon trap: reason=unstable_if action=reinterpret pc=0x00000151bfee4390 method=sun.awt.image.ByteInterleavedRaster.putByteData(IIII[B)V @ 107 c2
Event: 6.507 Thread 0x000001521dc385b0 DEOPT PACKING pc=0x00000151bfee4390 sp=0x0000001913afe9d0
Event: 6.507 Thread 0x000001521dc385b0 DEOPT UNPACKING pc=0x00000151bf6b46a2 sp=0x0000001913afe948 mode 2
Event: 6.867 Thread 0x000001521dc39960 Uncommon trap: trap_request=0xffffff45 fr.pc=0x00000151bff2e820 relative=0x0000000000001dc0
Event: 6.867 Thread 0x000001521dc39960 Uncommon trap: reason=unstable_if action=reinterpret pc=0x00000151bff2e820 method=com.findselfback.Entities.Snow.update()V @ 35 c2
Event: 6.867 Thread 0x000001521dc39960 DEOPT PACKING pc=0x00000151bff2e820 sp=0x0000001913dff4a0
Event: 6.867 Thread 0x000001521dc39960 DEOPT UNPACKING pc=0x00000151bf6b46a2 sp=0x0000001913dff4a8 mode 2

Classes loaded (20 events):
Event: 4.114 Loading class sun/java2d/pipe/AATileGenerator done
Event: 4.114 Loading class sun/java2d/marlin/MarlinTileGenerator done
Event: 4.114 Loading class sun/java2d/marlin/Stroker
Event: 4.114 Loading class sun/java2d/marlin/Stroker done
Event: 4.115 Loading class sun/java2d/marlin/Dasher
Event: 4.115 Loading class sun/java2d/marlin/Dasher done
Event: 4.115 Loading class sun/java2d/marlin/Dasher$LengthIterator
Event: 4.115 Loading class sun/java2d/marlin/Dasher$LengthIterator done
Event: 4.115 Loading class sun/java2d/marlin/MergeSort
Event: 4.115 Loading class sun/java2d/marlin/MergeSort done
Event: 4.116 Loading class sun/java2d/marlin/MarlinUtils
Event: 4.116 Loading class sun/java2d/marlin/MarlinUtils done
Event: 4.116 Loading class sun/java2d/marlin/DPQSSorterContext
Event: 4.116 Loading class sun/java2d/marlin/DPQSSorterContext done
Event: 4.116 Loading class java/awt/geom/Path2D$Float$TxIterator
Event: 4.116 Loading class java/awt/geom/Path2D$Float$TxIterator done
Event: 4.116 Loading class sun/java2d/marlin/Helpers
Event: 4.116 Loading class sun/java2d/marlin/Helpers done
Event: 5.177 Loading class java/awt/image/BufferedImageOp
Event: 5.179 Loading class java/awt/image/BufferedImageOp done

Classes unloaded (0 events):
No events

Classes redefined (0 events):
No events

Internal exceptions (20 events):
Event: 6.607 Thread 0x000001521dc38c40 Exception <a 'java/lang/InterruptedException'{0x00000007136cca28}: sleep interrupted> (0x00000007136cca28) 
thrown [s\open\src\hotspot\share\prims\jvm.cpp, line 3093]
Event: 6.624 Thread 0x000001521dc38c40 Exception <a 'java/lang/InterruptedException'{0x00000007136ccd40}: sleep interrupted> (0x00000007136ccd40) 
thrown [s\open\src\hotspot\share\prims\jvm.cpp, line 3093]
Event: 6.641 Thread 0x000001521dc38c40 Exception <a 'java/lang/InterruptedException'{0x00000007136cd058}: sleep interrupted> (0x00000007136cd058) 
thrown [s\open\src\hotspot\share\prims\jvm.cpp, line 3093]
Event: 6.657 Thread 0x000001521dc38c40 Exception <a 'java/lang/InterruptedException'{0x00000007136cd370}: sleep interrupted> (0x00000007136cd370) 
thrown [s\open\src\hotspot\share\prims\jvm.cpp, line 3093]
Event: 6.674 Thread 0x000001521dc38c40 Exception <a 'java/lang/InterruptedException'{0x00000007136cd688}: sleep interrupted> (0x00000007136cd688) 
thrown [s\open\src\hotspot\share\prims\jvm.cpp, line 3093]
Event: 6.691 Thread 0x000001521dc38c40 Exception <a 'java/lang/InterruptedException'{0x00000007136cd9a0}: sleep interrupted> (0x00000007136cd9a0) 
thrown [s\open\src\hotspot\share\prims\jvm.cpp, line 3093]
Event: 6.707 Thread 0x000001521dc38c40 Exception <a 'java/lang/InterruptedException'{0x00000007136cdcb8}: sleep interrupted> (0x00000007136cdcb8) 
thrown [s\open\src\hotspot\share\prims\jvm.cpp, line 3093]
Event: 6.724 Thread 0x000001521dc38c40 Exception <a 'java/lang/InterruptedException'{0x00000007136cdfd0}: sleep interrupted> (0x00000007136cdfd0) 
thrown [s\open\src\hotspot\share\prims\jvm.cpp, line 3093]
Event: 6.740 Thread 0x000001521dc38c40 Exception <a 'java/lang/InterruptedException'{0x00000007136ce2e8}: sleep interrupted> (0x00000007136ce2e8) 
thrown [s\open\src\hotspot\share\prims\jvm.cpp, line 3093]
Event: 6.757 Thread 0x000001521dc38c40 Exception <a 'java/lang/InterruptedException'{0x00000007136ce600}: sleep interrupted> (0x00000007136ce600) 
thrown [s\open\src\hotspot\share\prims\jvm.cpp, line 3093]
Event: 6.774 Thread 0x000001521dc38c40 Exception <a 'java/lang/InterruptedException'{0x00000007136ce918}: sleep interrupted> (0x00000007136ce918) 
thrown [s\open\src\hotspot\share\prims\jvm.cpp, line 3093]
Event: 6.791 Thread 0x000001521dc38c40 Exception <a 'java/lang/InterruptedException'{0x00000007136cec30}: sleep interrupted> (0x00000007136cec30) 
thrown [s\open\src\hotspot\share\prims\jvm.cpp, line 3093]
Event: 6.807 Thread 0x000001521dc38c40 Exception <a 'java/lang/InterruptedException'{0x00000007136cef48}: sleep interrupted> (0x00000007136cef48) 
thrown [s\open\src\hotspot\share\prims\jvm.cpp, line 3093]
Event: 6.824 Thread 0x000001521dc38c40 Exception <a 'java/lang/InterruptedException'{0x00000007136cf260}: sleep interrupted> (0x00000007136cf260) 
thrown [s\open\src\hotspot\share\prims\jvm.cpp, line 3093]
Event: 6.840 Thread 0x000001521dc38c40 Exception <a 'java/lang/InterruptedException'{0x00000007136cf578}: sleep interrupted> (0x00000007136cf578) 
thrown [s\open\src\hotspot\share\prims\jvm.cpp, line 3093]
Event: 6.857 Thread 0x000001521dc38c40 Exception <a 'java/lang/InterruptedException'{0x00000007136cf890}: sleep interrupted> (0x00000007136cf890) 
thrown [s\open\src\hotspot\share\prims\jvm.cpp, line 3093]
Event: 6.874 Thread 0x000001521dc38c40 Exception <a 'java/lang/InterruptedException'{0x00000007136cfba8}: sleep interrupted> (0x00000007136cfba8) 
thrown [s\open\src\hotspot\share\prims\jvm.cpp, line 3093]
Event: 6.891 Thread 0x000001521dc38c40 Exception <a 'java/lang/InterruptedException'{0x00000007136cfec0}: sleep interrupted> (0x00000007136cfec0) 
thrown [s\open\src\hotspot\share\prims\jvm.cpp, line 3093]
Event: 6.907 Thread 0x000001521dc38c40 Exception <a 'java/lang/InterruptedException'{0x00000007136d01d8}: sleep interrupted> (0x00000007136d01d8) 
thrown [s\open\src\hotspot\share\prims\jvm.cpp, line 3093]
Event: 6.924 Thread 0x000001521dc38c40 Exception <a 'java/lang/InterruptedException'{0x00000007136d04f0}: sleep interrupted> (0x00000007136d04f0) 
thrown [s\open\src\hotspot\share\prims\jvm.cpp, line 3093]

ZGC Phase Switch (0 events):
No events

VM Operations (20 events):
Event: 3.588 Executing VM operation: Cleanup
Event: 3.588 Executing VM operation: Cleanup done
Event: 3.751 Executing VM operation: HandshakeAllThreads (Deoptimize)
Event: 3.751 Executing VM operation: HandshakeAllThreads (Deoptimize) done
Event: 3.756 Executing VM operation: G1CollectForAllocation (G1 Evacuation Pause)
Event: 3.762 Executing VM operation: G1CollectForAllocation (G1 Evacuation Pause) done
Event: 3.771 Executing VM operation: HandshakeAllThreads (Deoptimize)
Event: 3.771 Executing VM operation: HandshakeAllThreads (Deoptimize) done
Event: 3.773 Executing VM operation: HandshakeAllThreads (Deoptimize)
Event: 3.773 Executing VM operation: HandshakeAllThreads (Deoptimize) done
Event: 4.037 Executing VM operation: HandshakeAllThreads (Deoptimize)
Event: 4.037 Executing VM operation: HandshakeAllThreads (Deoptimize) done
Event: 4.103 Executing VM operation: HandshakeAllThreads (Deoptimize)
Event: 4.103 Executing VM operation: HandshakeAllThreads (Deoptimize) done
Event: 4.543 Executing VM operation: ICBufferFull
Event: 4.543 Executing VM operation: ICBufferFull done
Event: 5.543 Executing VM operation: Cleanup
Event: 5.543 Executing VM operation: Cleanup done
Event: 6.545 Executing VM operation: Cleanup
Event: 6.545 Executing VM operation: Cleanup done

Events (20 events):
Event: 0.333 Thread 0x00000151d07a64b0 Thread added: 0x00000151d07a64b0
Event: 0.334 Thread 0x00000151ae4c9000 Thread exited: 0x00000151ae4c9000
Event: 0.334 Thread 0x00000151ae4c9000 Thread added: 0x00000151ae4c9000
Event: 0.364 Thread 0x00000151d07bff10 Thread added: 0x00000151d07bff10
Event: 0.951 Thread 0x00000151d00c92c0 Thread exited: 0x00000151d00c92c0
Event: 0.951 Thread 0x00000151d00c69e0 Thread exited: 0x00000151d00c69e0
Event: 1.117 Thread 0x00000151d00c70b0 Thread added: 0x00000151d00c70b0
Event: 1.242 Thread 0x00000151d00c8bf0 Thread added: 0x00000151d00c8bf0
Event: 1.677 Thread 0x000001521dbad0a0 Thread added: 0x000001521dbad0a0
Event: 1.725 Thread 0x000001521dbe7bf0 Thread added: 0x000001521dbe7bf0
Event: 1.755 Thread 0x000001521dc3a680 Thread added: 0x000001521dc3a680
Event: 2.020 Thread 0x000001521dc385b0 Thread added: 0x000001521dc385b0
Event: 2.052 Thread 0x000001521dc38c40 Thread added: 0x000001521dc38c40
Event: 2.054 Thread 0x000001521dc392d0 Thread added: 0x000001521dc392d0
Event: 2.056 Thread 0x000001521dc39960 Thread added: 0x000001521dc39960
Event: 2.057 Thread 0x000001521dc37890 Thread added: 0x000001521dc37890
Event: 2.057 Thread 0x000001521dc392d0 Thread exited: 0x000001521dc392d0
Event: 3.530 Thread 0x000001521dc37200 Thread added: 0x000001521dc37200
Event: 5.711 Thread 0x00000151d00c92c0 Thread added: 0x00000151d00c92c0
Event: 6.706 Thread 0x00000151d00c92c0 Thread exited: 0x00000151d00c92c0


Dynamic libraries:
0x00007ff67b450000 - 0x00007ff67b45e000 	C:\Users\JulyLun\.jdks\openjdk-22.0.1-1\bin\java.exe
0x00007ffec7db0000 - 0x00007ffec7fc7000 	C:\Windows\SYSTEM32\ntdll.dll
0x00007ffec6f70000 - 0x00007ffec7034000 	C:\Windows\System32\KERNEL32.DLL
0x00007ffec5420000 - 0x00007ffec57cc000 	C:\Windows\System32\KERNELBASE.dll
0x00007ffec5800000 - 0x00007ffec5911000 	C:\Windows\System32\ucrtbase.dll
0x00007ffebbb50000 - 0x00007ffebbb67000 	C:\Users\JulyLun\.jdks\openjdk-22.0.1-1\bin\jli.dll
0x00007ffeb8670000 - 0x00007ffeb868b000 	C:\Users\JulyLun\.jdks\openjdk-22.0.1-1\bin\VCRUNTIME140.dll
0x00007ffec5cb0000 - 0x00007ffec5e5e000 	C:\Windows\System32\USER32.dll
0x00007ffec57d0000 - 0x00007ffec57f6000 	C:\Windows\System32\win32u.dll
0x00007ffeb0da0000 - 0x00007ffeb1033000 	C:\Windows\WinSxS\amd64_microsoft.windows.common-controls_6595b64144ccf1df_6.0.22621.3672_none_2713b9d173822955\COMCTL32.dll
0x00007ffec5f80000 - 0x00007ffec5fa9000 	C:\Windows\System32\GDI32.dll
0x00007ffec5b00000 - 0x00007ffec5ba7000 	C:\Windows\System32\msvcrt.dll
0x00007ffec5920000 - 0x00007ffec5a39000 	C:\Windows\System32\gdi32full.dll
0x00007ffec52c0000 - 0x00007ffec535a000 	C:\Windows\System32\msvcp_win.dll
0x00007ffec71b0000 - 0x00007ffec71e1000 	C:\Windows\System32\IMM32.DLL
0x00007ffec2d30000 - 0x00007ffec2d3c000 	C:\Users\JulyLun\.jdks\openjdk-22.0.1-1\bin\vcruntime140_1.dll
0x00007ffe88370000 - 0x00007ffe883fe000 	C:\Users\JulyLun\.jdks\openjdk-22.0.1-1\bin\msvcp140.dll
0x00007ffe272c0000 - 0x00007ffe28007000 	C:\Users\JulyLun\.jdks\openjdk-22.0.1-1\bin\server\jvm.dll
0x00007ffec5fc0000 - 0x00007ffec6072000 	C:\Windows\System32\ADVAPI32.dll
0x00007ffec7100000 - 0x00007ffec71a8000 	C:\Windows\System32\sechost.dll
0x00007ffec5ac0000 - 0x00007ffec5ae8000 	C:\Windows\System32\bcrypt.dll
0x00007ffec5e60000 - 0x00007ffec5f75000 	C:\Windows\System32\RPCRT4.dll
0x00007ffec62d0000 - 0x00007ffec6341000 	C:\Windows\System32\WS2_32.dll
0x00007ffec4b40000 - 0x00007ffec4b8d000 	C:\Windows\SYSTEM32\POWRPROF.dll
0x00007ffebc0c0000 - 0x00007ffebc0f4000 	C:\Windows\SYSTEM32\WINMM.dll
0x00007ffeb7cd0000 - 0x00007ffeb7cda000 	C:\Windows\SYSTEM32\VERSION.dll
0x00007ffec4a30000 - 0x00007ffec4a43000 	C:\Windows\SYSTEM32\UMPDC.dll
0x00007ffec4110000 - 0x00007ffec4128000 	C:\Windows\SYSTEM32\kernel.appcore.dll
0x00007ffebbb40000 - 0x00007ffebbb4a000 	C:\Users\JulyLun\.jdks\openjdk-22.0.1-1\bin\jimage.dll
0x00007ffec2ab0000 - 0x00007ffec2ce2000 	C:\Windows\SYSTEM32\DBGHELP.DLL
0x00007ffec68c0000 - 0x00007ffec6c48000 	C:\Windows\System32\combase.dll
0x00007ffec6360000 - 0x00007ffec6437000 	C:\Windows\System32\OLEAUT32.dll
0x00007ffeb8a30000 - 0x00007ffeb8a62000 	C:\Windows\SYSTEM32\dbgcore.DLL
0x00007ffec5a40000 - 0x00007ffec5abb000 	C:\Windows\System32\bcryptPrimitives.dll
0x00007ffeb8230000 - 0x00007ffeb823f000 	C:\Users\JulyLun\.jdks\openjdk-22.0.1-1\bin\instrument.dll
0x00007ffeb6210000 - 0x00007ffeb622e000 	C:\Users\JulyLun\.jdks\openjdk-22.0.1-1\bin\java.dll
0x00007ffec71f0000 - 0x00007ffec7a4c000 	C:\Windows\System32\SHELL32.dll
0x00007ffec7ba0000 - 0x00007ffec7d45000 	C:\Windows\System32\ole32.dll
0x00007ffec3030000 - 0x00007ffec3927000 	C:\Windows\SYSTEM32\windows.storage.dll
0x00007ffec2ef0000 - 0x00007ffec302f000 	C:\Windows\SYSTEM32\wintypes.dll
0x00007ffec7aa0000 - 0x00007ffec7b94000 	C:\Windows\System32\SHCORE.dll
0x00007ffec70a0000 - 0x00007ffec70fe000 	C:\Windows\System32\shlwapi.dll
0x00007ffec5010000 - 0x00007ffec5031000 	C:\Windows\SYSTEM32\profapi.dll
0x00007ffe5dd90000 - 0x00007ffe5de67000 	C:\Users\JulyLun\.jdks\openjdk-22.0.1-1\bin\jsvml.dll
0x00007ffeb61d0000 - 0x00007ffeb61e7000 	C:\Users\JulyLun\.jdks\openjdk-22.0.1-1\bin\zip.dll
0x00007ffeb8220000 - 0x00007ffeb8230000 	C:\Users\JulyLun\.jdks\openjdk-22.0.1-1\bin\net.dll
0x00007ffec4580000 - 0x00007ffec45e9000 	C:\Windows\system32\mswsock.dll
0x00007ffea3dc0000 - 0x00007ffea3dd6000 	C:\Users\JulyLun\.jdks\openjdk-22.0.1-1\bin\nio.dll
0x00007ffe92310000 - 0x00007ffe9232a000 	D:\ApplicationData\IntelliJ IDEA 2023.3.6\bin\breakgen64.dll
0x00007ffeb6320000 - 0x00007ffeb6329000 	C:\Users\JulyLun\.jdks\openjdk-22.0.1-1\bin\extnet.dll
0x00007ffdc6ad0000 - 0x00007ffdc6c5d000 	C:\Users\JulyLun\.jdks\openjdk-22.0.1-1\bin\awt.dll
0x00007ffebbf90000 - 0x00007ffebc027000 	C:\Windows\SYSTEM32\apphelp.dll
0x00007ffec2030000 - 0x00007ffec20da000 	C:\Windows\system32\uxtheme.dll
0x00007ffec6d60000 - 0x00007ffec6eb3000 	C:\Windows\System32\MSCTF.dll
0x00007ffeb83f0000 - 0x00007ffeb84f0000 	C:\Windows\system32\opengl32.dll
0x00007ffeb86e0000 - 0x00007ffeb870d000 	C:\Windows\SYSTEM32\GLU32.dll
0x00007ffec2510000 - 0x00007ffec2549000 	C:\Windows\SYSTEM32\dxcore.dll
0x00007ffec2740000 - 0x00007ffec276b000 	C:\Windows\system32\DWMAPI.DLL
0x00007ffea29b0000 - 0x00007ffea29f9000 	C:\Windows\SYSTEM32\directxdatabasehelper.dll
0x00007ffec6cb0000 - 0x00007ffec6d60000 	C:\Windows\System32\clbcatq.dll
0x00007ffebc930000 - 0x00007ffebca6e000 	C:\Windows\System32\AppXDeploymentClient.dll
0x00007ffddf410000 - 0x00007ffde0534000 	C:\Windows\System32\DriverStore\FileRepository\iigd_dch.inf_amd64_9741ef1f4093481f\igxelpicd64.dll
0x00007ffec2550000 - 0x00007ffec2647000 	C:\Windows\system32\dxgi.dll
0x00007ffe932b0000 - 0x00007ffe933fc000 	C:\Windows\System32\DriverStore\FileRepository\iigd_dch.inf_amd64_9741ef1f4093481f\igdml64.dll
0x00007ffe9d240000 - 0x00007ffe9d657000 	C:\Windows\System32\DriverStore\FileRepository\iigd_dch.inf_amd64_9741ef1f4093481f\igdgmm64.dll
0x00007ffec4de0000 - 0x00007ffec4e2e000 	C:\Windows\SYSTEM32\CFGMGR32.dll
0x00007ffec4db0000 - 0x00007ffec4ddc000 	C:\Windows\SYSTEM32\DEVOBJ.dll
0x00007ffec5250000 - 0x00007ffec52bb000 	C:\Windows\System32\WINTRUST.dll
0x00007ffec50e0000 - 0x00007ffec5247000 	C:\Windows\System32\CRYPT32.dll
0x00007ffec4d70000 - 0x00007ffec4d82000 	C:\Windows\SYSTEM32\MSASN1.dll
0x00007ffe99540000 - 0x00007ffe9d23c000 	C:\Windows\System32\DriverStore\FileRepository\iigd_dch.inf_amd64_9741ef1f4093481f\igc64.dll
0x00007ffeb52f0000 - 0x00007ffeb5300000 	C:\Users\JulyLun\.jdks\openjdk-22.0.1-1\bin\verify.dll
0x00007ffe89b90000 - 0x00007ffe89ba2000 	C:\Users\JulyLun\.jdks\openjdk-22.0.1-1\bin\jsound.dll
0x00007ffdc6a20000 - 0x00007ffdc6ac2000 	C:\Windows\SYSTEM32\DSOUND.dll
0x00007ffeb34f0000 - 0x00007ffeb3519000 	C:\Windows\SYSTEM32\winmmbase.dll
0x00007ffe20b40000 - 0x00007ffe20bf1000 	C:\Windows\SYSTEM32\ResampleDmo.DLL
0x00007ffeb1900000 - 0x00007ffeb190b000 	C:\Windows\SYSTEM32\msdmo.dll
0x00007ffeb8780000 - 0x00007ffeb881d000 	C:\Windows\System32\MMDevApi.dll
0x00007ffebda00000 - 0x00007ffebda46000 	C:\Windows\SYSTEM32\wdmaud.drv
0x00007ffebd270000 - 0x00007ffebd27b000 	C:\Windows\SYSTEM32\AVRT.dll
0x00007ffeb4320000 - 0x00007ffeb4329000 	C:\Windows\SYSTEM32\ksuser.dll
0x00007ffeac220000 - 0x00007ffeac40c000 	C:\Windows\SYSTEM32\AUDIOSES.DLL
0x00007ffeb8640000 - 0x00007ffeb864e000 	C:\Windows\SYSTEM32\msacm32.drv
0x00007ffeb6f70000 - 0x00007ffeb6f8e000 	C:\Windows\SYSTEM32\MSACM32.dll
0x00007ffeb8630000 - 0x00007ffeb863b000 	C:\Windows\SYSTEM32\midimap.dll
0x00007ffea1e80000 - 0x00007ffea1ff5000 	C:\Windows\System32\Windows.UI.dll
0x00007ffec27c0000 - 0x00007ffec27d5000 	C:\Windows\SYSTEM32\resourcepolicyclient.dll
0x00007ffe01830000 - 0x00007ffe018b7000 	C:\Users\JulyLun\.jdks\openjdk-22.0.1-1\bin\freetype.dll
0x00007ffdc6940000 - 0x00007ffdc6a17000 	C:\Users\JulyLun\.jdks\openjdk-22.0.1-1\bin\fontmanager.dll
0x00007ffea2700000 - 0x00007ffea284d000 	C:\Windows\SYSTEM32\textinputframework.dll
0x00007ffe97d90000 - 0x00007ffe97ddb000 	C:\Windows\system32\ApplicationTargetedFeatureDatabase.dll
0x00007ffebc120000 - 0x00007ffebc3aa000 	C:\Windows\System32\twinapi.appcore.dll
0x00007ffebb510000 - 0x00007ffebb643000 	C:\Windows\SYSTEM32\CoreMessaging.dll
0x00007ffea1870000 - 0x00007ffea1bdd000 	C:\Windows\SYSTEM32\CoreUIComponents.dll
0x00007ffec4800000 - 0x00007ffec480c000 	C:\Windows\SYSTEM32\CRYPTBASE.DLL
0x00007ffeb5250000 - 0x00007ffeb5259000 	C:\Users\JulyLun\.jdks\openjdk-22.0.1-1\bin\syslookup.dll

dbghelp: loaded successfully - version: 4.0.5 - missing functions: none
symbol engine: initialized successfully - sym options: 0x614 - pdb path: .;C:\Users\JulyLun\.jdks\openjdk-22.0.1-1\bin;C:\Windows\SYSTEM32;C:\Windows\WinSxS\amd64_microsoft.windows.common-controls_6595b64144ccf1df_6.0.22621.3672_none_2713b9d173822955;C:\Users\JulyLun\.jdks\openjdk-22.0.1-1\bin\server;D:\ApplicationData\IntelliJ IDEA 2023.3.6\bin;C:\Windows\System32\DriverStore\FileRepository\iigd_dch.inf_amd64_9741ef1f4093481f

VM Arguments:
jvm_args: -javaagent:D:\ApplicationData\IntelliJ IDEA 2023.3.6\lib\idea_rt.jar=50872:D:\ApplicationData\IntelliJ IDEA 2023.3.6\bin -Dfile.encoding=UTF-8 -Dsun.stdout.encoding=UTF-8 -Dsun.stderr.encoding=UTF-8 
java_command: com.findselfback.FindSelfBack
java_class_path (initial): D:\Working\University\Study\Nam 1\Ki 2\DoAnCoSo1\FindSelfBack_Work\FindSelfBack\target\classes;C:\Users\JulyLun\.m2\repository\org\apache\maven\plugins\maven-compiler-plugin\3.8.1\maven-compiler-plugin-3.8.1.jar;C:\Users\JulyLun\.m2\repository\org\apache\maven\maven-plugin-api\3.0\maven-plugin-api-3.0.jar;C:\Users\JulyLun\.m2\repository\org\apache\maven\maven-model\3.0\maven-model-3.0.jar;C:\Users\JulyLun\.m2\repository\org\sonatype\sisu\sisu-inject-plexus\1.4.2\sisu-inject-plexus-1.4.2.jar;C:\Users\JulyLun\.m2\repository\org\sonatype\sisu\sisu-inject-bean\1.4.2\sisu-inject-bean-1.4.2.jar;C:\Users\JulyLun\.m2\repository\org\sonatype\sisu\sisu-guice\2.1.7\sisu-guice-2.1.7-noaop.jar;C:\Users\JulyLun\.m2\repository\org\apache\maven\maven-artifact\3.0\maven-artifact-3.0.jar;C:\Users\JulyLun\.m2\repository\org\codehaus\plexus\plexus-utils\2.0.4\plexus-utils-2.0.4.jar;C:\Users\JulyLun\.m2\repository\org\apache\maven\maven-core\3.0\maven-core-3.0.jar;C:\Users\JulyLun\.m2\repository\org\apache\maven\maven-settings\3.0\maven-settings-3.0.jar;C:\Users\JulyLun\.m2\repository\org\apache\maven\maven-settings-builder\3.0\maven-settings-builder-3.0.jar;C:\Users\JulyLun\.m2\repository\org\apache\maven\maven-repository-metadata\3.0\maven-repository-metadata-3.0.jar;C:\Users\JulyLun\.m2\repository\org\apache\maven\maven-model-builder\3.0\maven-model-builder-3.0.jar;C:\Users\JulyLun\.m2\repository\org\apache\maven\maven-aether-provider\3.0\maven-aether-provider-3.0.jar;C:\Users\JulyLun\.m2\repository\org\sonatype\aether\aether-impl\1.7\aether-impl-1.7.jar;C:\Users\JulyLun\.m2\repository\org\sonatype\aether\aether-spi\1.7\aether-spi-1.7.jar;C:\Users\JulyLun\.m2\repository\org\sonatype\aether\aether-api\1.7\aether-api-1.7.jar;C:\Users\JulyLun\.m2\repository\org\sonatype\aether\aether-util\1.7\aether-util-1.7.jar;C:\Users\JulyLun\.m2\repository\org\codehaus\plexus\plexus-interpolation\1.14\plexus-interpolation-1.14.jar;C:\Users\JulyLun\.m2\repository\org\codehaus\plexus\plexus-classworlds\2.2.3\plexus-classworlds-2.2.3.jar;C:\Users\JulyLun\.m2\repository\org\codehaus\plexus\plexus-component-annotations\1.5.5\plexus-component-annotations-1.5.5.jar;C:\Users\JulyLun\.m2\repository\org\sonatype\plexus\plexus-sec-dispatcher\1.3\plexus-sec-dispatcher-1.3.jar;C:\Users\JulyLun\.m2\repository\org\sonatype\plexus\plexus-cipher\1.4\plexus-cipher-1.4.jar;C:\Users\JulyLun\.m2\repository\org\apache\maven\shared\maven-shared-utils\3.2.1\maven-shared-utils-3.2.1.jar;C:\Users\JulyLun\.m2\repository\commons-io\commons-io\2.5\commons-io-2.5.jar;C:\Users\JulyLun\.m2\repository\org\apache\maven\shared\maven-shared-incremental\1.1\maven-shared-incremental-1.1.jar;C:\Users\JulyLun\.m2\repository\org\codehaus\plexus\plexus-java\0.9.10\plexus-java-0.9.10.jar;C:\Users\JulyLun\.m2\repository\org\ow2\asm\asm\6.2\asm-6.2.jar;C:\Users\JulyLun\.m2\repository\com\thoughtworks\qdox\qdox\2.0-M8\qdox-2.0-M8.jar;C:\Users\JulyLun\.m2\repository\org\codehaus\plexus\plexus-compiler-api\2.8.4\plexus-compiler-api-2.8.4.jar;C:\Users\JulyLun\.m2\repository\org\codehaus\plexus\plexus-compiler-manager\2.8.4\plexus-compiler-manager-2.8.4.jar;C:\Users\JulyLun\.m2\repository\org\codehaus\plexus\plexus-compiler-javac\2.8.4\plexus-compiler-javac-2.8.4.jar;C:\Users\JulyLun\.m2\repository\javazoom\jlayer\1.0.1\jlayer-1.0.1.jar;C:\Users\JulyLun\.m2\repository\com\googlecode\soundlibs\basicplayer\3.0.0.0\basicplayer-3.0.0.0.jar;C:\Users\JulyLun\.m2\repository\com\googlecode\soundlibs\mp3spi\1.9.5.4\mp3spi-1.9.5.4.jar;C:\Users\JulyLun\.m2\repository\com\googlecode\soundlibs\jlayer\1.0.1.4\jlayer-1.0.1.4.jar;C:\Users\JulyLun\.m2\repository\junit\junit\3.8.2\junit-3.8.2.jar;C:\Users\JulyLun\.m2\repository\com\googlecode\soundlibs\tritonus-share\0.3.7.4\tritonus-share-0.3.7.4.jar;C:\Users\JulyLun\.m2\repository\org\slf4j\slf4j-api\1.7.12\slf4j-api-1.7.12.jar;C:\Users\JulyLun\.m2\repository\com\github\gwenn\sqlite-dialect\0.1.1\sqlite-dialect-0.1.1.jar;C:\Users\JulyLun\.m2\repository\org\hibernate\hibernate-core\5.2.12.Final\hibernate-core-5.2.12.Final.jar;C:\Users\JulyLun\.m2\repository\org\jboss\logging\jboss-logging\3.3.0.Final\jboss-logging-3.3.0.Final.jar;C:\Users\JulyLun\.m2\repository\org\hibernate\javax\persistence\hibernate-jpa-2.1-api\1.0.0.Final\hibernate-jpa-2.1-api-1.0.0.Final.jar;C:\Users\JulyLun\.m2\repository\org\javassist\javassist\3.20.0-GA\javassist-3.20.0-GA.jar;C:\Users\JulyLun\.m2\repository\antlr\antlr\2.7.7\antlr-2.7.7.jar;C:\Users\JulyLun\.m2\repository\org\jboss\spec\javax\transaction\jboss-transaction-api_1.2_spec\1.0.1.Final\jboss-transaction-api_1.2_spec-1.0.1.Final.jar;C:\Users\JulyLun\.m2\repository\org\jboss\jandex\2.0.3.Final\jandex-2.0.3.Final.jar;C:\Users\JulyLun\.m2\repository\com\fasterxml\classmate\1.3.0\classmate-1.3.0.jar;C:\Users\JulyLun\.m2\repository\dom4j\dom4j\1.6.1\dom4j-1.6.1.jar;C:\Users\JulyLun\.m2\repository\org\hibernate\common\hibernate-commons-annotations\5.0.1.Final\hibernate-commons-annotations-5.0.1.Final.jar;C:\Users\JulyLun\.m2\repository\org\xerial\sqlite-jdbc\3.30.1\sqlite-jdbc-3.30.1.jar;C:\Users\JulyLun\.m2\repository\jakarta\mvc\jakarta.mvc-api\2.0.0\jakarta.mvc-api-2.0.0.jar
Launcher Type: SUN_STANDARD

[Global flags]
     intx CICompilerCount                          = 12                                        {product} {ergonomic}
     uint ConcGCThreads                            = 3                                         {product} {ergonomic}
     uint G1ConcRefinementThreads                  = 13                                        {product} {ergonomic}
   size_t G1HeapRegionSize                         = 2097152                                   {product} {ergonomic}
   size_t InitialHeapSize                          = 264241152                                 {product} {ergonomic}
   size_t MarkStackSize                            = 4194304                                   {product} {ergonomic}
   size_t MaxHeapSize                              = 4200595456                                {product} {ergonomic}
   size_t MaxNewSize                               = 2518679552                                {product} {ergonomic}
   size_t MinHeapDeltaBytes                        = 2097152                                   {product} {ergonomic}
   size_t MinHeapSize                              = 8388608                                   {product} {ergonomic}
    uintx NonNMethodCodeHeapSize                   = 7602480                                {pd product} {ergonomic}
    uintx NonProfiledCodeHeapSize                  = 122027880                              {pd product} {ergonomic}
    uintx ProfiledCodeHeapSize                     = 122027880                              {pd product} {ergonomic}
    uintx ReservedCodeCacheSize                    = 251658240                              {pd product} {ergonomic}
     bool SegmentedCodeCache                       = true                                      {product} {ergonomic}
   size_t SoftMaxHeapSize                          = 4200595456                             {manageable} {ergonomic}
     bool UseCompressedOops                        = true                           {product lp64_product} {ergonomic}
     bool UseG1GC                                  = true                                      {product} {ergonomic}
     bool UseLargePagesIndividualAllocation        = false                                  {pd product} {ergonomic}

Logging:
Log output configuration:
 #0: stdout all=warning uptime,level,tags foldmultilines=false
 #1: stderr all=off uptime,level,tags foldmultilines=false

Environment Variables:
JAVA_HOME=C:\Program Files\Java\jdk-21
PATH=C:\Program Files\Common Files\Oracle\Java\javapath;C:\Program Files (x86)\VMware\VMware Workstation\bin\;C:\Program Files (x86)\Common Files\Oracle\Java\javapath;C:\msys64\ucrt64\bin;C:\Program Files\Microsoft\jdk-11.0.16.101-hotspot\bin;C:\Windows\system32;C:\Windows;C:\Windows\System32\Wbem;C:\Windows\System32\WindowsPowerShell\v1.0\;C:\Windows\System32\OpenSSH\;C:\Program Files\Microsoft SQL Server\150\Tools\Binn\;C:\Program Files\dotnet\;C:\Program Files (x86)\Windows Kits\10\Windows Performance Toolkit\;C:\xampp\php;C:\xampp;C:\Program Files (x86)\Microsoft SQL Server\160\Tools\Binn\;C:\Program Files\Microsoft SQL Server\160\Tools\Binn\;C:\Program Files\Microsoft SQL Server\Client SDK\ODBC\170\Tools\Binn\;C:\Program Files\Microsoft SQL Server\160\DTS\Binn\;C:\Program Files (x86)\Microsoft SQL Server\160\DTS\Binn\;C:\Program Files\Azure Data Studio\bin;C:\Program Files\Git\cmd;C:\Program Files\Git LFS;C:\Program Files\MySQL\MySQL Shell 8.0\bin\;C:\xampp\php;C:\Users\JulyLun\AppData\Local\Programs\Python\Launcher\;C:\Users\JulyLun\AppData\Local\Microsoft\WindowsApps;C:\Users\JulyLun\AppData\Local\Programs\Microsoft VS Code\bin;D:\ApplicationData\IntelliJ IDEA 2023.3.6\bin;;C:\Users\JulyLun\.dotnet\tools;C:\Program Files\Azure Data Studio\bin;C:\Program Files\Java\jdk-21\bin;
USERNAME=JulyLun
OS=Windows_NT
PROCESSOR_IDENTIFIER=Intel64 Family 6 Model 186 Stepping 2, GenuineIntel
TMP=C:\Users\JulyLun\AppData\Local\Temp
TEMP=C:\Users\JulyLun\AppData\Local\Temp




Periodic native trim disabled

---------------  S Y S T E M  ---------------

OS:
 Windows 11 , 64 bit Build 22621 (10.0.22621.3672)
OS uptime: 0 days 16:57 hours

CPU: total 16 (initial active 16) (8 cores per cpu, 2 threads per core) family 6 model 186 stepping 2 microcode 0x410e, cx8, cmov, fxsr, ht, mmx, 3dnowpref, sse, sse2, sse3, ssse3, sse4.1, sse4.2, popcnt, lzcnt, tsc, tscinvbit, avx, avx2, aes, erms, clmul, bmi1, bmi2, adx, sha, fma, vzeroupper, clflush, clflushopt, clwb, serialize, rdtscp, rdpid, fsrm, f16c, pku, cet_ibt, cet_ss
Processor Information for processor 0
  Max Mhz: 2600, Current Mhz: 2600, Mhz Limit: 2600
Processor Information for processor 1
  Max Mhz: 2600, Current Mhz: 2600, Mhz Limit: 2600
Processor Information for processor 2
  Max Mhz: 2600, Current Mhz: 2600, Mhz Limit: 2600
Processor Information for processor 3
  Max Mhz: 2600, Current Mhz: 2600, Mhz Limit: 2600
Processor Information for processor 4
  Max Mhz: 2600, Current Mhz: 2600, Mhz Limit: 2600
Processor Information for processor 5
  Max Mhz: 2600, Current Mhz: 2600, Mhz Limit: 2600
Processor Information for processor 6
  Max Mhz: 2600, Current Mhz: 2600, Mhz Limit: 2600
Processor Information for processor 7
  Max Mhz: 2600, Current Mhz: 2600, Mhz Limit: 2600
Processor Information for processor 8
  Max Mhz: 2600, Current Mhz: 1500, Mhz Limit: 1898
Processor Information for processor 9
  Max Mhz: 2600, Current Mhz: 1500, Mhz Limit: 1898
Processor Information for processor 10
  Max Mhz: 2600, Current Mhz: 1500, Mhz Limit: 1898
Processor Information for processor 11
  Max Mhz: 2600, Current Mhz: 1900, Mhz Limit: 1898
Processor Information for processor 12
  Max Mhz: 2600, Current Mhz: 1500, Mhz Limit: 1898
Processor Information for processor 13
  Max Mhz: 2600, Current Mhz: 1500, Mhz Limit: 1898
Processor Information for processor 14
  Max Mhz: 2600, Current Mhz: 1500, Mhz Limit: 1898
Processor Information for processor 15
  Max Mhz: 2600, Current Mhz: 1500, Mhz Limit: 1898

Memory: 4k page, system-wide physical 16016M (495M free)
TotalPageFile size 66016M (AvailPageFile size 0M)
current process WorkingSet (physical memory assigned to process): 408M, peak: 408M
current process commit charge ("private bytes"): 624M, peak: 624M

vm_info: OpenJDK 64-Bit Server VM (22.0.1+8-16) for windows-amd64 JRE (22.0.1+8-16), built on 2024-03-12T10:33:16Z by "mach5one" with MS VC++ 17.6 (VS2022)

END.
