#
# A fatal error has been detected by the Java Runtime Environment:
#
#  EXCEPTION_ACCESS_VIOLATION (0xc0000005) at pc=0x00007ffc741292d0, pid=23264, tid=13056
#
# JRE version: OpenJDK Runtime Environment (22.0.1+8) (build 22.0.1+8-16)
# Java VM: OpenJDK 64-Bit Server VM (22.0.1+8-16, mixed mode, sharing, tiered, compressed oops, compressed class ptrs, g1 gc, windows-amd64)
# Problematic frame:
# C  [igxelpicd64.dll+0x1f92d0]
#
# No core dump will be written. Minidumps are not enabled by default on client versions of Windows
#
# If you would like to submit a bug report, please visit:
#   https://bugreport.java.com/bugreport/crash.jsp
# The crash happened outside the Java Virtual Machine in native code.
# See problematic frame for where to report the bug.
#

---------------  S U M M A R Y ------------

Command Line: -javaagent:D:\ApplicationData\IntelliJ IDEA 2023.3.6\lib\idea_rt.jar=57145:D:\ApplicationData\IntelliJ IDEA 2023.3.6\bin -Dfile.encoding=UTF-8 -Dsun.stdout.encoding=UTF-8 -Dsun.stderr.encoding=UTF-8 com.findselfback.FindSelfBack

Host: 13th Gen Intel(R) Core(TM) i5-13500H, 16 cores, 15G,  Windows 11 , 64 bit Build 22621 (10.0.22621.3527)
Time: Sat Jun  1 15:30:49 2024 SE Asia Standard Time elapsed time: 16.697771 seconds (0d 0h 0m 16s)

---------------  T H R E A D  ---------------

Current thread (0x0000024a7e1f4230):  JavaThread "Java2D Queue Flusher" daemon [_thread_in_native, id=13056, stack(0x000000fba8900000,0x000000fba8a00000) (1024K)]

Stack: [0x000000fba8900000,0x000000fba8a00000],  sp=0x000000fba89b39d0,  free space=718k
Native frames: (J=compiled Java code, j=interpreted, Vv=VM code, C=native code)
C  [igxelpicd64.dll+0x1f92d0]  (no source info available)
C  [igxelpicd64.dll+0x44ceb]  (no source info available)
C  [igxelpicd64.dll+0x18c23]  (no source info available)
C  [igxelpicd64.dll+0x22360a]  (no source info available)
C  [igxelpicd64.dll+0x2240ab]  (no source info available)
C  [igxelpicd64.dll+0x8bfc6]  (no source info available)
C  [igxelpicd64.dll+0xab77f2]  (no source info available)
C  [awt.dll+0x57eeb]  (no source info available)
C  [awt.dll+0x5ec43]  (no source info available)
C  0x0000024a28937f8e  (no source info available)

The last pc belongs to native nmethod (printed below).
Java frames: (J=compiled Java code, j=interpreted, Vv=VM code)
J 1831  sun.java2d.opengl.OGLRenderQueue.flushBuffer(JI)V java.desktop@22.0.1 (0 bytes) @ 0x0000024a28937ef3 [0x0000024a28937ea0+0x0000000000000053]
J 1829 c1 sun.java2d.opengl.OGLRenderQueue.flushBuffer()V java.desktop@22.0.1 (41 bytes) @ 0x0000024a20fcde0c [0x0000024a20fcdce0+0x000000000000012c]
j  sun.java2d.opengl.OGLRenderQueue$QueueFlusher.run()V+81 java.desktop@22.0.1
j  java.lang.Thread.runWith(Ljava/lang/Object;Ljava/lang/Runnable;)V+5 java.base@22.0.1
j  java.lang.Thread.run()V+19 java.base@22.0.1
v  ~StubRoutines::call_stub 0x0000024a2814100d

siginfo: EXCEPTION_ACCESS_VIOLATION (0xc0000005), writing address 0x0000000000000018


Registers:
RAX=0x0000000078080003, RBX=0x0000000000000018, RCX=0x0000000000000002, RDX=0x0000000000000024
RSP=0x000000fba89b39d0, RBP=0x000000fba89b3ad0, RSI=0x0000000000000002, RDI=0x0000024a7e70b640
R8 =0x0000024a7e736708, R9 =0x0000000000000002, R10=0x0000024a7e7c7af0, R11=0x0000000000000003
R12=0x0000000000000000, R13=0x0000024a7e7b5780, R14=0x0000000000000000, R15=0x0000000000000015
RIP=0x00007ffc741292d0, EFLAGS=0x0000000000010206


Register to memory mapping:

RAX=0x0000000078080003 is an unknown value
RBX=0x0000000000000018 is an unknown value
RCX=0x0000000000000002 is an unknown value
RDX=0x0000000000000024 is an unknown value
RSP=0x000000fba89b39d0 is pointing into the stack for thread: 0x0000024a7e1f4230
RBP=0x000000fba89b3ad0 is pointing into the stack for thread: 0x0000024a7e1f4230
RSI=0x0000000000000002 is an unknown value
RDI=0x0000024a7e70b640 points into unknown readable memory: 0x0000024a7e220200 | 00 02 22 7e 4a 02 00 00
R8 =0x0000024a7e736708 points into unknown readable memory: 0x0025000000250000 | 00 00 25 00 00 00 25 00
R9 =0x0000000000000002 is an unknown value
R10=0x0000024a7e7c7af0 points into unknown readable memory: 0x0200000078090005 | 05 00 09 78 00 00 00 02
R11=0x0000000000000003 is an unknown value
R12=0x0 is null
R13=0x0000024a7e7b5780 points into unknown readable memory: 0x0000b13411000001 | 01 00 00 11 34 b1 00 00
R14=0x0 is null
R15=0x0000000000000015 is an unknown value

Top of Stack: (sp=0x000000fba89b39d0)
0x000000fba89b39d0:   0000000000000010 0000000000000003
0x000000fba89b39e0:   0000024a09f636b0 0000024a09d48678
0x000000fba89b39f0:   0000000000000001 0000024a07dc9bd0
0x000000fba89b3a00:   0000000000200000 0000000000000000
0x000000fba89b3a10:   0000024a7e735188 00007ffc7413ff4a
0x000000fba89b3a20:   00000003ffffff00 0000000000200000
0x000000fba89b3a30:   000000007e736701 0000000300000010
0x000000fba89b3a40:   0000000000000003 00000002ffffffff
0x000000fba89b3a50:   00000200ffffffff 000000fb00000003
0x000000fba89b3a60:   0000024a7e7367fa 0000024a7e735188
0x000000fba89b3a70:   0000000000000040 0000024a7e736500
0x000000fba89b3a80:   0000024a7e700000 000000fba89b7160
0x000000fba89b3a90:   0000024a7e7b5780 0000000000000000
0x000000fba89b3aa0:   0000024a00000000 0000000000000018
0x000000fba89b3ab0:   0000024a7e734af0 000000fb00000004
0x000000fba89b3ac0:   0000000000000002 0000024a080e1470
0x000000fba89b3ad0:   0000024a7e7c7af0 000000fba89b7168
0x000000fba89b3ae0:   0000024a7e70b640 000000fba89b716c
0x000000fba89b3af0:   000000fba89b716c 000000fba89b7168
0x000000fba89b3b00:   000000000000003c 00000003ffffffff
0x000000fba89b3b10:   00000000ffffffff 0000000000000000
0x000000fba89b3b20:   0000024a7e7367fa 000000187e735188
0x000000fba89b3b30:   0000000000000040 0000024a7e736500
0x000000fba89b3b40:   0000024a7e700000 000000fba89b7220
0x000000fba89b3b50:   0000024a7e7b5780 0000000000000000
0x000000fba89b3b60:   0000024a00000000 0000024a02502d4c
0x000000fba89b3b70:   0000024a7e734af0 00007ffc00000004
0x000000fba89b3b80:   0000000000000002 0000024a080e1470
0x000000fba89b3b90:   0000024a7e7c7af0 000000fba89b7228
0x000000fba89b3ba0:   0000024a7e70b640 000000fba89b722c
0x000000fba89b3bb0:   000000fba89b722c 000000fba89b7228
0x000000fba89b3bc0:   0000024a02502d70 0000000000000003 

Instructions: (pc=0x00007ffc741292d0)
0x00007ffc741291d0:   23 01 00 eb 0c 4c 8b 6d c0 4c 8b 55 00 8b 74 24
0x00007ffc741291e0:   7c 41 0f be 85 a8 24 01 00 89 45 80 41 0f be 9d
0x00007ffc741291f0:   a9 24 01 00 89 5c 24 78 45 85 db 0f 85 97 00 00
0x00007ffc74129200:   00 49 8b 8d 90 24 01 00 49 39 4a 04 74 0e 49 89
0x00007ffc74129210:   4a 04 81 8f d0 fe 03 00 00 00 00 02 45 33 f6 44
0x00007ffc74129220:   89 75 80 45 39 b5 38 22 01 00 75 09 45 39 b5 3c
0x00007ffc74129230:   22 01 00 74 5a 44 8b 45 88 4b 8d 0c 40 f2 0f 10
0x00007ffc74129240:   05 fb 3b b1 00 f2 0f 11 84 8d 30 03 00 00 8b 05
0x00007ffc74129250:   f4 3b b1 00 89 84 8d 38 03 00 00 81 a4 8d 34 03
0x00007ffc74129260:   00 00 c0 fe ff ff 44 89 b4 8d 38 03 00 00 4d 89
0x00007ffc74129270:   b5 38 22 01 00 49 8b 85 50 23 01 00 48 0f ba e8
0x00007ffc74129280:   00 49 89 85 50 23 01 00 41 ff c0 44 89 45 88 44
0x00007ffc74129290:   88 b7 b9 b1 02 00 eb 03 45 33 f6 80 bf b9 b1 02
0x00007ffc741292a0:   00 00 0f 85 65 0d 00 00 48 c7 87 ac b1 02 00 00
0x00007ffc741292b0:   00 00 00 85 f6 0f 84 8b 04 00 00 0f ae e8 8b d6
0x00007ffc741292c0:   c1 e2 04 83 c2 04 8b 05 94 a7 d7 00 48 8b 5d d8
0x00007ffc741292d0:   89 03 8b c2 c1 e8 02 2c 02 88 03 48 8d 8d 20 19
0x00007ffc741292e0:   00 00 e8 21 3c e6 ff 48 8b 85 20 19 00 00 80 b8
0x00007ffc741292f0:   d0 33 04 00 00 74 10 48 8d 95 28 19 00 00 4c 8b
0x00007ffc74129300:   85 40 1d 00 00 eb 0a 48 8b 95 50 1d 00 00 4c 8b
0x00007ffc74129310:   c2 0f b6 8f c4 0c 04 00 48 8b 05 e1 b0 d5 00 83
0x00007ffc74129320:   b8 c0 08 00 00 00 74 62 84 c9 0f 84 aa 00 00 00
0x00007ffc74129330:   83 bf 0c 0e 04 00 00 0f 85 9d 00 00 00 80 bf bc
0x00007ffc74129340:   0b 04 00 00 74 33 8b 87 b8 0b 04 00 ff c0 3b 87
0x00007ffc74129350:   58 0b 04 00 75 23 80 bf 78 10 04 00 00 74 1a b8
0x00007ffc74129360:   00 80 00 00 09 87 a8 0b 04 00 8b 8f a8 0b 04 00
0x00007ffc74129370:   48 8b 87 b0 0b 04 00 89 08 4c 89 87 b0 0b 04 00
0x00007ffc74129380:   8b 02 89 87 a8 0b 04 00 eb 44 84 c9 74 4c 83 bf
0x00007ffc74129390:   0c 0e 04 00 00 75 43 80 bf bc 0b 04 00 00 74 27
0x00007ffc741293a0:   8b 87 b8 0b 04 00 ff c0 3b 87 58 0b 04 00 75 17
0x00007ffc741293b0:   80 bf 78 10 04 00 00 74 0e 48 8b 87 b0 0b 04 00
0x00007ffc741293c0:   b9 00 80 00 00 09 08 4c 89 87 b0 0b 04 00 8b 87 


Stack slot to memory mapping:

stack at sp + 0 slots: 0x0000000000000010 is an unknown value
stack at sp + 1 slots: 0x0000000000000003 is an unknown value
stack at sp + 2 slots: 0x0000024a09f636b0 points into unknown readable memory: 0x0000024a7e2b7f50 | 50 7f 2b 7e 4a 02 00 00
stack at sp + 3 slots: 0x0000024a09d48678 points into unknown readable memory: 0x0000000000000000 | 00 00 00 00 00 00 00 00
stack at sp + 4 slots: 0x0000000000000001 is an unknown value
stack at sp + 5 slots: 0x0000024a07dc9bd0 points into unknown readable memory: 0x00007ffc74b00d88 | 88 0d b0 74 fc 7f 00 00
stack at sp + 6 slots: 0x0000000000200000 is an unknown value
stack at sp + 7 slots: 0x0 is null


Compiled method (n/a) 16801 1831     n 0       sun.java2d.opengl.OGLRenderQueue::flushBuffer (native)
 total in heap  [0x0000024a28937d10,0x0000024a289380b8] = 936
 relocation     [0x0000024a28937e68,0x0000024a28937e98] = 48
 main code      [0x0000024a28937ea0,0x0000024a289380b2] = 530
 stub code      [0x0000024a289380b2,0x0000024a289380b8] = 6

[Constant Pool (empty)]

[MachCode]
[Entry Point]
  # {method} {0x0000024a7a299898} 'flushBuffer' '(JI)V' in 'sun/java2d/opengl/OGLRenderQueue'
  # this:     rdx:rdx   = 'sun/java2d/opengl/OGLRenderQueue'
  # parm0:    r8:r8     = long
  # parm1:    r9        = int
  #           [sp+0x70]  (sp of caller)
  0x0000024a28937ea0: 448b 5208 | 49bb 0000 | 0039 4a02 | 0000 4d03 | d349 3bc2 | 0f84 0600 

  0x0000024a28937eb8: ;   {runtime_call ic_miss_stub}
  0x0000024a28937eb8: 0000 e9c1 | 6885 ff90 
[Verified Entry Point]
  0x0000024a28937ec0: 8984 2400 | 80ff ff55 | 488b ec48 | 83ec 6090 | 4181 7f20 | 0100 0000 

  0x0000024a28937ed8: ;   {runtime_call StubRoutines (final stubs)}
  0x0000024a28937ed8: 7405 e801 | ce83 ff48 | 8954 2420 | 4883 fa00 | 488d 5424 | 2048 0f44 | 5424 20c5 

  0x0000024a28937ef4: ;   {internal_word}
  0x0000024a28937ef4: f877 49ba | f37e 9328 | 4a02 0000 | 4d89 97a8 | 0300 0049 | 89a7 a003 

  0x0000024a28937f0c: ;   {external_word}
  0x0000024a28937f0c: 0000 49ba | 9c30 549e | fc7f 0000 | 4180 3a00 | 0f84 4e00 | 0000 5241 

  0x0000024a28937f24: ;   {metadata({method} {0x0000024a7a299898} 'flushBuffer' '(JI)V' in 'sun/java2d/opengl/OGLRenderQueue')}
  0x0000024a28937f24: 5041 5148 | ba90 9829 | 7a4a 0200 | 0049 8bcf | 4883 ec20 | 40f6 c40f | 0f84 1900 | 0000 4883 
  0x0000024a28937f44: ;   {runtime_call}
  0x0000024a28937f44: ec08 48b8 | 40b5 049e | fc7f 0000 | ffd0 4883 | c408 e90c 

  0x0000024a28937f58: ;   {runtime_call}
  0x0000024a28937f58: 0000 0048 | b840 b504 | 9efc 7f00 | 00ff d048 | 83c4 2041 | 5941 585a | 498d 8fc0 | 0300 0041 
  0x0000024a28937f78: c787 5404 | 0000 0400 

  0x0000024a28937f80: ;   {runtime_call}
  0x0000024a28937f80: 0000 48b8 | f0e6 9ee0 | fc7f 0000 | ffd0 c5f8 | 7741 c787 | 5404 0000 | 0500 0000 | f083 4424 
  0x0000024a28937fa0: c000 493b | af58 0400 | 000f 870e | 0000 0041 | 83bf 5004 | 0000 000f | 8423 0000 | 00c5 f877 
  0x0000024a28937fc0: 498b cf4c | 8be4 4883 | ec20 4883 

  0x0000024a28937fcc: ;   {runtime_call}
  0x0000024a28937fcc: e4f0 48b8 | d01e cf9d | fc7f 0000 | ffd0 498b | e44d 33e4 | 41c7 8754 | 0400 0008 | 0000 0041 
  0x0000024a28937fec: 83bf d004 | 0000 020f | 8494 0000 

  0x0000024a28937ff8: ;   {external_word}
  0x0000024a28937ff8: 0049 ba9c | 3054 9efc | 7f00 0041 | 803a 000f | 8444 0000 

  0x0000024a2893800c: ;   {metadata({method} {0x0000024a7a299898} 'flushBuffer' '(JI)V' in 'sun/java2d/opengl/OGLRenderQueue')}
  0x0000024a2893800c: 0048 ba90 | 9829 7a4a | 0200 0049 | 8bcf 4883 | ec20 40f6 | c40f 0f84 | 1900 0000 | 4883 ec08 
  0x0000024a2893802c: ;   {runtime_call}
  0x0000024a2893802c: 48b8 40b5 | 049e fc7f | 0000 ffd0 | 4883 c408 | e90c 0000 

  0x0000024a28938040: ;   {runtime_call}
  0x0000024a28938040: 0048 b840 | b504 9efc | 7f00 00ff | d048 83c4 | 2049 c787 | a003 0000 | 0000 0000 | 49c7 87a8 
  0x0000024a28938060: 0300 0000 | 0000 00c5 | f877 498b | 8f30 0400 | 00c7 8100 | 0100 0000 | 0000 00c9 | 4983 7f08 
  0x0000024a28938080: 000f 8501 | 0000 00c3 

  0x0000024a28938088: ;   {runtime_call StubRoutines (initial stubs)}
  0x0000024a28938088: e973 8e80 | ffc5 f877 | 4c8b e448 | 83ec 2048 

  0x0000024a28938098: ;   {runtime_call}
  0x0000024a28938098: 83e4 f048 | b890 ed04 | 9efc 7f00 | 00ff d049 | 8be4 4d33 | e4e9 47ff | ffff f4f4 | f4f4 f4f4 
[/MachCode]


Compiled method (c1) 16805 1829       3       sun.java2d.opengl.OGLRenderQueue::flushBuffer (41 bytes)
 total in heap  [0x0000024a20fcdb10,0x0000024a20fce178] = 1640
 relocation     [0x0000024a20fcdc68,0x0000024a20fcdcd0] = 104
 main code      [0x0000024a20fcdce0,0x0000024a20fcdfe0] = 768
 stub code      [0x0000024a20fcdfe0,0x0000024a20fce038] = 88
 metadata       [0x0000024a20fce038,0x0000024a20fce060] = 40
 scopes data    [0x0000024a20fce060,0x0000024a20fce0b0] = 80
 scopes pcs     [0x0000024a20fce0b0,0x0000024a20fce150] = 160
 dependencies   [0x0000024a20fce150,0x0000024a20fce158] = 8
 nul chk table  [0x0000024a20fce158,0x0000024a20fce178] = 32

[Constant Pool (empty)]

[MachCode]
[Entry Point]
  # {method} {0x0000024a7a299988} 'flushBuffer' '()V' in 'sun/java2d/opengl/OGLRenderQueue'
  #           [sp+0x70]  (sp of caller)
  0x0000024a20fcdce0: 448b 5208 | 49bb 0000 | 0039 4a02 | 0000 4d03 | d34c 3bd0 

  0x0000024a20fcdcf4: ;   {runtime_call ic_miss_stub}
  0x0000024a20fcdcf4: 0f85 860a | 1c07 660f | 1f44 0000 
[Verified Entry Point]
  0x0000024a20fcdd00: 8984 2400 | 80ff ff55 | 4883 ec60 | 4181 7f20 | 0100 0000 

  0x0000024a20fcdd14: ;   {runtime_call StubRoutines (final stubs)}
  0x0000024a20fcdd14: 7405 e8c5 

  0x0000024a20fcdd18: ;   {metadata(method data for {method} {0x0000024a7a299988} 'flushBuffer' '()V' in 'sun/java2d/opengl/OGLRenderQueue')}
  0x0000024a20fcdd18: 6f1a 0749 | b808 ac75 | 7a4a 0200 | 0045 8b88 | cc00 0000 | 4183 c102 | 4589 88cc | 0000 0041 
  0x0000024a20fcdd38: 81e1 fe07 | 0000 4585 | c90f 84e8 | 0100 0044 | 8b42 0c49 | c1e0 0349 | 3b00 4d8b 

  0x0000024a20fcdd54: ;   {metadata(method data for {method} {0x0000024a7a299988} 'flushBuffer' '()V' in 'sun/java2d/opengl/OGLRenderQueue')}
  0x0000024a20fcdd54: c848 be08 | ac75 7a4a | 0200 0048 | 8386 1801 

  0x0000024a20fcdd64: ;   {metadata(method data for {method} {0x0000024a7a29ba30} 'position' '()I' in 'sun/java2d/pipe/RenderBuffer')}
  0x0000024a20fcdd64: 0000 0149 | b900 8478 | 7a4a 0200 | 0041 8bb1 | cc00 0000 | 83c6 0241 | 89b1 cc00 | 0000 81e6 
  0x0000024a20fcdd84: feff 1f00 | 85f6 0f84 | c501 0000 | 4d8b 4820 | 498b 7010 | 4c2b ce45 | 8bc9 4585 

  0x0000024a20fcdda0: ;   {metadata(method data for {method} {0x0000024a7a299988} 'flushBuffer' '()V' in 'sun/java2d/opengl/OGLRenderQueue')}
  0x0000024a20fcdda0: c948 bf08 | ac75 7a4a | 0200 0048 | c7c3 4801 | 0000 7e07 | 48c7 c358 | 0100 0048 | 8b04 1f48 
  0x0000024a20fcddc0: 8d40 0148 | 8904 1f0f | 8e4c 0000 

  0x0000024a20fcddcc: ;   {metadata(method data for {method} {0x0000024a7a299988} 'flushBuffer' '()V' in 'sun/java2d/opengl/OGLRenderQueue')}
  0x0000024a20fcddcc: 0048 bf08 | ac75 7a4a | 0200 0048 | 8387 6801 | 0000 014c 

  0x0000024a20fcdde0: ;   {metadata(method data for {method} {0x0000024a7a299988} 'flushBuffer' '()V' in 'sun/java2d/opengl/OGLRenderQueue')}
  0x0000024a20fcdde0: 8bc2 48bf | 08ac 757a | 4a02 0000 | 4883 8798 | 0100 0001 | 4c8b c648 | 8bf2 488b | d648 8974 
  0x0000024a20fcde00: 2450 0f1f 

  0x0000024a20fcde04: ;   {optimized virtual_call}
  0x0000024a20fcde04: 4400 00e8 

  0x0000024a20fcde08: ; ImmutableOopMap {[80]=Oop }
                      ;*invokevirtual flushBuffer {reexecute=0 rethrow=0 return_oop=0}
                      ; - sun.java2d.opengl.OGLRenderQueue::flushBuffer@21 (line 148)
  0x0000024a20fcde08: b4a0 9607 

  0x0000024a20fcde0c: ;   {other}
  0x0000024a20fcde0c: 0f1f 8400 | fc02 0000 | 488b 5424 | 508b 720c | 48c1 e603 

  0x0000024a20fcde20: ; implicit exception: dispatches to 0x0000024a20fcdf76
  0x0000024a20fcde20: 483b 0648 

  0x0000024a20fcde24: ;   {metadata(method data for {method} {0x0000024a7a299988} 'flushBuffer' '()V' in 'sun/java2d/opengl/OGLRenderQueue')}
  0x0000024a20fcde24: 8bfe 48bb | 08ac 757a | 4a02 0000 | 4883 83c8 | 0100 0001 

  0x0000024a20fcde38: ;   {metadata(method data for {method} {0x0000024a7a29bba0} 'clear' '()V' in 'sun/java2d/pipe/RenderBuffer')}
  0x0000024a20fcde38: 48bf 70ae | 757a 4a02 | 0000 8b9f | cc00 0000 | 83c3 0289 | 9fcc 0000 | 0081 e3fe | ff1f 0085 
  0x0000024a20fcde58: db0f 841c | 0100 0048 | 8b7e 1048 | 897e 208b | 5210 48c1 | e203 483b | 0248 8bf2 

  0x0000024a20fcde74: ;   {metadata(method data for {method} {0x0000024a7a299988} 'flushBuffer' '()V' in 'sun/java2d/opengl/OGLRenderQueue')}
  0x0000024a20fcde74: 48bf 08ac | 757a 4a02 | 0000 8b76 | 0849 ba00 | 0000 394a | 0200 0049 | 03f2 483b | b700 0200 
  0x0000024a20fcde94: 0075 0d48 | 8387 0802 | 0000 01e9 | 6000 0000 | 483b b710 | 0200 0075 | 0d48 8387 | 1802 0000 
  0x0000024a20fcdeb4: 01e9 4a00 | 0000 4883 | bf00 0200 | 0000 7517 | 4889 b700 | 0200 0048 | c787 0802 | 0000 0100 
  0x0000024a20fcded4: 0000 e929 | 0000 0048 | 83bf 1002 | 0000 0075 | 1748 89b7 | 1002 0000 | 48c7 8718 | 0200 0001 
  0x0000024a20fcdef4: 0000 00e9 | 0800 0000 | 4883 87f8 | 0100 0001 | 9048 b8f0 | 7f0b 394a 

  0x0000024a20fcdf0c: ;   {virtual_call}
  0x0000024a20fcdf0c: 0200 00e8 

  0x0000024a20fcdf10: ; ImmutableOopMap {}
                      ;*invokeinterface clear {reexecute=0 rethrow=0 return_oop=0}
                      ; - sun.java2d.opengl.OGLRenderQueue::flushBuffer@35 (line 153)
  0x0000024a20fcdf10: 2cf6 ffff 

  0x0000024a20fcdf14: ;   {other}
  0x0000024a20fcdf14: 0f1f 8400 | 0404 0001 | 4883 c460 

  0x0000024a20fcdf20: ;   {poll_return}
  0x0000024a20fcdf20: 5d49 3ba7 | 5804 0000 | 0f87 7300 

  0x0000024a20fcdf2c: ;   {metadata({method} {0x0000024a7a299988} 'flushBuffer' '()V' in 'sun/java2d/opengl/OGLRenderQueue')}
  0x0000024a20fcdf2c: 0000 c349 | ba80 9929 | 7a4a 0200 | 004c 8954 | 2408 48c7 | 0424 ffff 

  0x0000024a20fcdf44: ;   {runtime_call counter_overflow Runtime1 stub}
  0x0000024a20fcdf44: ffff e835 

  0x0000024a20fcdf48: ; ImmutableOopMap {rdx=Oop }
                      ;*synchronization entry
                      ; - sun.java2d.opengl.OGLRenderQueue::flushBuffer@-1 (line 145)
  0x0000024a20fcdf48: ba28 07e9 | f7fd ffff 

  0x0000024a20fcdf50: ;   {runtime_call throw_null_pointer_exception Runtime1 stub}
  0x0000024a20fcdf50: e82b 5a28 

  0x0000024a20fcdf54: ; ImmutableOopMap {rdx=Oop r8=Oop }
                      ;*invokevirtual position {reexecute=0 rethrow=0 return_oop=0}
                      ; - sun.java2d.opengl.OGLRenderQueue::flushBuffer@4 (line 145)
                      ;   {metadata({method} {0x0000024a7a29ba30} 'position' '()I' in 'sun/java2d/pipe/RenderBuffer')}
  0x0000024a20fcdf54: 0749 ba28 | ba29 7a4a | 0200 004c | 8954 2408 | 48c7 0424 | ffff ffff 

  0x0000024a20fcdf6c: ;   {runtime_call counter_overflow Runtime1 stub}
  0x0000024a20fcdf6c: e80f ba28 

  0x0000024a20fcdf70: ; ImmutableOopMap {rdx=Oop r8=Oop }
                      ;*synchronization entry
                      ; - sun.java2d.pipe.RenderBuffer::position@-1 (line 110)
                      ; - sun.java2d.opengl.OGLRenderQueue::flushBuffer@4 (line 145)
  0x0000024a20fcdf70: 07e9 1afe 

  0x0000024a20fcdf74: ;   {runtime_call throw_null_pointer_exception Runtime1 stub}
  0x0000024a20fcdf74: ffff e805 

  0x0000024a20fcdf78: ; ImmutableOopMap {rdx=Oop rsi=Oop }
                      ;*invokevirtual clear {reexecute=0 rethrow=0 return_oop=0}
                      ; - sun.java2d.opengl.OGLRenderQueue::flushBuffer@28 (line 151)
                      ;   {metadata({method} {0x0000024a7a29bba0} 'clear' '()V' in 'sun/java2d/pipe/RenderBuffer')}
  0x0000024a20fcdf78: 5a28 0749 | ba98 bb29 | 7a4a 0200 | 004c 8954 | 2408 48c7 | 0424 ffff 

  0x0000024a20fcdf90: ;   {runtime_call counter_overflow Runtime1 stub}
  0x0000024a20fcdf90: ffff e8e9 

  0x0000024a20fcdf94: ; ImmutableOopMap {rdx=Oop rsi=Oop }
                      ;*synchronization entry
                      ; - sun.java2d.pipe.RenderBuffer::clear@-1 (line 118)
                      ; - sun.java2d.opengl.OGLRenderQueue::flushBuffer@28 (line 151)
  0x0000024a20fcdf94: b928 07e9 | c3fe ffff 

  0x0000024a20fcdf9c: ;   {runtime_call throw_null_pointer_exception Runtime1 stub}
  0x0000024a20fcdf9c: e8df 5928 

  0x0000024a20fcdfa0: ; ImmutableOopMap {rdx=Oop }
                      ;*invokeinterface clear {reexecute=0 rethrow=0 return_oop=0}
                      ; - sun.java2d.opengl.OGLRenderQueue::flushBuffer@35 (line 153)
                      ;   {internal_word}
  0x0000024a20fcdfa0: 0749 ba21 | dffc 204a | 0200 004d | 8997 7004 

  0x0000024a20fcdfb0: ;   {runtime_call SafepointBlob}
  0x0000024a20fcdfb0: 0000 e949 | 771c 0749 | 8b87 0805 | 0000 49c7 | 8708 0500 | 0000 0000 | 0049 c787 | 1005 0000 
  0x0000024a20fcdfd0: 0000 0000 | 4883 c460 

  0x0000024a20fcdfd8: ;   {runtime_call unwind_exception Runtime1 stub}
  0x0000024a20fcdfd8: 5de9 a237 | 2807 f4f4 
[Stub Code]
  0x0000024a20fcdfe0: ;   {no_reloc}
  0x0000024a20fcdfe0: 0f1f 4400 

  0x0000024a20fcdfe4: ;   {static_stub}
  0x0000024a20fcdfe4: 0048 bb00 | 0000 0000 

  0x0000024a20fcdfec: ;   {runtime_call}
  0x0000024a20fcdfec: 0000 00e9 | fbff ffff 

  0x0000024a20fcdff4: ;   {static_stub}
  0x0000024a20fcdff4: 48bb 0000 | 0000 0000 

  0x0000024a20fcdffc: ;   {runtime_call}
  0x0000024a20fcdffc: 0000 e9fb 

  0x0000024a20fce000: ;   {runtime_call handle_exception_from_callee Runtime1 stub}
  0x0000024a20fce000: ffff ffe8 | f87b 2807 

  0x0000024a20fce008: ;   {external_word}
  0x0000024a20fce008: 48b9 d018 | 2c9e fc7f | 0000 4883 

  0x0000024a20fce014: ;   {runtime_call}
  0x0000024a20fce014: e4f0 48b8 | c094 f39d | fc7f 0000 

  0x0000024a20fce020: ;   {section_word}
  0x0000024a20fce020: ffd0 f449 | ba23 e0fc | 204a 0200 

  0x0000024a20fce02c: ;   {runtime_call DeoptimizationBlob}
  0x0000024a20fce02c: 0041 52e9 | 6c69 1c07 | f4f4 f4f4 
[/MachCode]


---------------  P R O C E S S  ---------------

Threads class SMR info:
_java_thread_list=0x0000024a07c7e220, length=19, elements={
0x0000024a38393430, 0x0000024a38393f60, 0x0000024a38395940, 0x0000024a383a4750,
0x0000024a38398a10, 0x0000024a3839a1c0, 0x0000024a3839ab60, 0x0000024a3839b5b0,
0x0000024a38594f40, 0x0000024a38845460, 0x0000024a38729ce0, 0x0000024a7e1f4230,
0x0000024a075a1b00, 0x0000024a075b1fe0, 0x0000024a075b5110, 0x0000024a07d2c700,
0x0000024a07dd8d70, 0x0000024a07ea0ee0, 0x0000024a083b6470
}

Java Threads: ( => current thread )
  0x0000024a38393430 JavaThread "Reference Handler"          daemon [_thread_blocked, id=34148, stack(0x000000fba7900000,0x000000fba7a00000) (1024K)]
  0x0000024a38393f60 JavaThread "Finalizer"                  daemon [_thread_blocked, id=3556, stack(0x000000fba7a00000,0x000000fba7b00000) (1024K)]
  0x0000024a38395940 JavaThread "Signal Dispatcher"          daemon [_thread_blocked, id=2604, stack(0x000000fba7b00000,0x000000fba7c00000) (1024K)]
  0x0000024a383a4750 JavaThread "Attach Listener"            daemon [_thread_blocked, id=25788, stack(0x000000fba7c00000,0x000000fba7d00000) (1024K)]
  0x0000024a38398a10 JavaThread "Service Thread"             daemon [_thread_blocked, id=16432, stack(0x000000fba7d00000,0x000000fba7e00000) (1024K)]
  0x0000024a3839a1c0 JavaThread "Monitor Deflation Thread"   daemon [_thread_blocked, id=18024, stack(0x000000fba7e00000,0x000000fba7f00000) (1024K)]
  0x0000024a3839ab60 JavaThread "C2 CompilerThread0"         daemon [_thread_blocked, id=18972, stack(0x000000fba7f00000,0x000000fba8000000) (1024K)]
  0x0000024a3839b5b0 JavaThread "C1 CompilerThread0"         daemon [_thread_blocked, id=5508, stack(0x000000fba8000000,0x000000fba8100000) (1024K)]
  0x0000024a38594f40 JavaThread "Common-Cleaner"             daemon [_thread_blocked, id=27928, stack(0x000000fba8200000,0x000000fba8300000) (1024K)]
  0x0000024a38845460 JavaThread "Monitor Ctrl-Break"         daemon [_thread_in_native, id=4364, stack(0x000000fba8700000,0x000000fba8800000) (1024K)]
  0x0000024a38729ce0 JavaThread "Notification Thread"        daemon [_thread_blocked, id=22492, stack(0x000000fba8800000,0x000000fba8900000) (1024K)]
=>0x0000024a7e1f4230 JavaThread "Java2D Queue Flusher"       daemon [_thread_in_native, id=13056, stack(0x000000fba8900000,0x000000fba8a00000) (1024K)]
  0x0000024a075a1b00 JavaThread "Java2D Disposer"            daemon [_thread_blocked, id=31448, stack(0x000000fba8500000,0x000000fba8600000) (1024K)]
  0x0000024a075b1fe0 JavaThread "AWT-Shutdown"                      [_thread_blocked, id=1316, stack(0x000000fba8600000,0x000000fba8700000) (1024K)]
  0x0000024a075b5110 JavaThread "AWT-Windows"                daemon [_thread_in_native, id=27096, stack(0x000000fba8e00000,0x000000fba8f00000) (1024K)]
  0x0000024a07d2c700 JavaThread "Thread-1"                          [_thread_blocked, id=36716, stack(0x000000fba9600000,0x000000fba9700000) (1024K)]
  0x0000024a07dd8d70 JavaThread "Thread-2"                          [_thread_in_Java, id=28520, stack(0x000000fba9700000,0x000000fba9800000) (1024K)]
  0x0000024a07ea0ee0 JavaThread "AWT-EventQueue-0"                  [_thread_blocked, id=28432, stack(0x000000fba9800000,0x000000fba9900000) (1024K)]
  0x0000024a083b6470 JavaThread "DestroyJavaVM"                     [_thread_blocked, id=3528, stack(0x000000fba7100000,0x000000fba7200000) (1024K)]
Total: 19

Other Threads:
  0x0000024a38379a80 VMThread "VM Thread"                           [id=25440, stack(0x000000fba7800000,0x000000fba7900000) (1024K)]
  0x0000024a3835de90 WatcherThread "VM Periodic Task Thread"        [id=34780, stack(0x000000fba7700000,0x000000fba7800000) (1024K)]
  0x0000024a18a19090 WorkerThread "GC Thread#0"                     [id=17984, stack(0x000000fba7200000,0x000000fba7300000) (1024K)]
  0x0000024a38379e30 WorkerThread "GC Thread#1"                     [id=10952, stack(0x000000fba9000000,0x000000fba9100000) (1024K)]
  0x0000024a38379320 WorkerThread "GC Thread#2"                     [id=17756, stack(0x000000fba9100000,0x000000fba9200000) (1024K)]
  0x0000024a383796d0 WorkerThread "GC Thread#3"                     [id=36244, stack(0x000000fba9200000,0x000000fba9300000) (1024K)]
  0x0000024a38378810 WorkerThread "GC Thread#4"                     [id=22764, stack(0x000000fba9300000,0x000000fba9400000) (1024K)]
  0x0000024a38378460 WorkerThread "GC Thread#5"                     [id=30916, stack(0x000000fba9400000,0x000000fba9500000) (1024K)]
  0x0000024a38378bc0 WorkerThread "GC Thread#6"                     [id=9964, stack(0x000000fba9500000,0x000000fba9600000) (1024K)]
  0x0000024a09d57ca0 WorkerThread "GC Thread#7"                     [id=15592, stack(0x000000fba8100000,0x000000fba8200000) (1024K)]
  0x0000024a09d55f20 WorkerThread "GC Thread#8"                     [id=11140, stack(0x000000fba8300000,0x000000fba8400000) (1024K)]
  0x0000024a09d578f0 WorkerThread "GC Thread#9"                     [id=14952, stack(0x000000fba8400000,0x000000fba8500000) (1024K)]
  0x0000024a09d55410 WorkerThread "GC Thread#10"                    [id=5420, stack(0x000000fba8f00000,0x000000fba9000000) (1024K)]
  0x0000024a09d557c0 WorkerThread "GC Thread#11"                    [id=28416, stack(0x000000fba9900000,0x000000fba9a00000) (1024K)]
  0x0000024a18a29ad0 ConcurrentGCThread "G1 Main Marker"            [id=11208, stack(0x000000fba7300000,0x000000fba7400000) (1024K)]
  0x0000024a18a2b5f0 WorkerThread "G1 Conc#0"                       [id=8996, stack(0x000000fba7400000,0x000000fba7500000) (1024K)]
  0x0000024a3822d4c0 ConcurrentGCThread "G1 Refine#0"               [id=12224, stack(0x000000fba7500000,0x000000fba7600000) (1024K)]
  0x0000024a3822fc60 ConcurrentGCThread "G1 Service"                [id=20644, stack(0x000000fba7600000,0x000000fba7700000) (1024K)]
Total: 18

Threads with active compile tasks:
Total: 0

VM state: not at safepoint (normal execution)

VM Mutex/Monitor currently owned by a thread: None

Heap address: 0x0000000705a00000, size: 4006 MB, Compressed Oops mode: Zero based, Oop shift amount: 3

CDS archive(s) mapped at: [0x0000024a39000000-0x0000024a39c50000-0x0000024a39c50000), size 12910592, SharedBaseAddress: 0x0000024a39000000, ArchiveRelocationMode: 1.
Compressed class space mapped at: 0x0000024a3a000000-0x0000024a7a000000, reserved size: 1073741824
Narrow klass base: 0x0000024a39000000, Narrow klass shift: 0, Narrow klass range: 0x41000000

GC Precious Log:
 CardTable entry size: 512
 Card Set container configuration: InlinePtr #cards 4 size 8 Array Of Cards #cards 16 size 48 Howl #buckets 8 coarsen threshold 3686 Howl Bitmap #cards 512 size 80 coarsen threshold 460 Card regions per heap region 1 cards per card region 4096
 CPUs: 16 total, 16 available
 Memory: 16016M
 Large Page Support: Disabled
 NUMA Support: Disabled
 Compressed Oops: Enabled (Zero based)
 Heap Region Size: 2M
 Heap Min Capacity: 8M
 Heap Initial Capacity: 252M
 Heap Max Capacity: 4006M
 Pre-touch: Disabled
 Parallel Workers: 13
 Concurrent Workers: 3
 Concurrent Refinement Workers: 13
 Periodic GC: Disabled

Heap:
 garbage-first heap   total reserved 4102144K, committed 258048K, used 31600K [0x0000000705a00000, 0x0000000800000000)
  region size 2048K, 3 young (6144K), 2 survivors (4096K)
 Metaspace       used 8793K, committed 9024K, reserved 1114112K
  class space    used 916K, committed 1024K, reserved 1048576K

Heap Regions: E=young(eden), S=young(survivor), O=old, HS=humongous(starts), HC=humongous(continues), CS=collection set, F=free, TAMS=top-at-mark-start, PB=parsable bottom
|   0|0x0000000705a00000, 0x0000000705c00000, 0x0000000705c00000|100%|HS|  |TAMS 0x0000000705a00000| PB 0x0000000705a00000| Complete |  0
|   1|0x0000000705c00000, 0x0000000705e00000, 0x0000000705e00000|100%| O|  |TAMS 0x0000000705c00000| PB 0x0000000705c00000| Untracked |  0
|   2|0x0000000705e00000, 0x0000000706000000, 0x0000000706000000|100%| O|  |TAMS 0x0000000705e00000| PB 0x0000000705e00000| Untracked |  0
|   3|0x0000000706000000, 0x0000000706200000, 0x0000000706200000|100%| O|  |TAMS 0x0000000706000000| PB 0x0000000706000000| Untracked |  0
|   4|0x0000000706200000, 0x0000000706400000, 0x0000000706400000|100%|HS|  |TAMS 0x0000000706200000| PB 0x0000000706200000| Complete |  0
|   5|0x0000000706400000, 0x0000000706600000, 0x0000000706600000|100%| O|  |TAMS 0x0000000706400000| PB 0x0000000706400000| Untracked |  0
|   6|0x0000000706600000, 0x0000000706800000, 0x0000000706800000|100%| O|  |TAMS 0x0000000706600000| PB 0x0000000706600000| Untracked |  0
|   7|0x0000000706800000, 0x0000000706a00000, 0x0000000706a00000|100%| O|  |TAMS 0x0000000706800000| PB 0x0000000706800000| Untracked |  0
|   8|0x0000000706a00000, 0x0000000706c00000, 0x0000000706c00000|100%| O|  |TAMS 0x0000000706a00000| PB 0x0000000706a00000| Untracked |  0
|   9|0x0000000706c00000, 0x0000000706e00000, 0x0000000706e00000|100%| O|  |TAMS 0x0000000706c00000| PB 0x0000000706c00000| Untracked |  0
|  10|0x0000000706e00000, 0x0000000707000000, 0x0000000707000000|100%| O|  |TAMS 0x0000000706e00000| PB 0x0000000706e00000| Untracked |  0
|  11|0x0000000707000000, 0x0000000707200000, 0x0000000707200000|100%| O|  |TAMS 0x0000000707000000| PB 0x0000000707000000| Untracked |  0
|  12|0x0000000707200000, 0x0000000707400000, 0x0000000707400000|100%| O|  |TAMS 0x0000000707200000| PB 0x0000000707200000| Untracked |  0
|  13|0x0000000707400000, 0x00000007074dc010, 0x0000000707600000| 42%| O|  |TAMS 0x0000000707400000| PB 0x0000000707400000| Untracked |  0
|  14|0x0000000707600000, 0x0000000707600000, 0x0000000707800000|  0%| F|  |TAMS 0x0000000707600000| PB 0x0000000707600000| Untracked |  0
|  15|0x0000000707800000, 0x0000000707800000, 0x0000000707a00000|  0%| F|  |TAMS 0x0000000707800000| PB 0x0000000707800000| Untracked |  0
|  16|0x0000000707a00000, 0x0000000707a00000, 0x0000000707c00000|  0%| F|  |TAMS 0x0000000707a00000| PB 0x0000000707a00000| Untracked |  0
|  17|0x0000000707c00000, 0x0000000707c00000, 0x0000000707e00000|  0%| F|  |TAMS 0x0000000707c00000| PB 0x0000000707c00000| Untracked |  0
|  18|0x0000000707e00000, 0x0000000707e00000, 0x0000000708000000|  0%| F|  |TAMS 0x0000000707e00000| PB 0x0000000707e00000| Untracked |  0
|  19|0x0000000708000000, 0x0000000708000000, 0x0000000708200000|  0%| F|  |TAMS 0x0000000708000000| PB 0x0000000708000000| Untracked |  0
|  20|0x0000000708200000, 0x0000000708200000, 0x0000000708400000|  0%| F|  |TAMS 0x0000000708200000| PB 0x0000000708200000| Untracked |  0
|  21|0x0000000708400000, 0x0000000708400000, 0x0000000708600000|  0%| F|  |TAMS 0x0000000708400000| PB 0x0000000708400000| Untracked |  0
|  22|0x0000000708600000, 0x0000000708600000, 0x0000000708800000|  0%| F|  |TAMS 0x0000000708600000| PB 0x0000000708600000| Untracked |  0
|  23|0x0000000708800000, 0x0000000708800000, 0x0000000708a00000|  0%| F|  |TAMS 0x0000000708800000| PB 0x0000000708800000| Untracked |  0
|  24|0x0000000708a00000, 0x0000000708a00000, 0x0000000708c00000|  0%| F|  |TAMS 0x0000000708a00000| PB 0x0000000708a00000| Untracked |  0
|  25|0x0000000708c00000, 0x0000000708c00000, 0x0000000708e00000|  0%| F|  |TAMS 0x0000000708c00000| PB 0x0000000708c00000| Untracked |  0
|  26|0x0000000708e00000, 0x0000000708e00000, 0x0000000709000000|  0%| F|  |TAMS 0x0000000708e00000| PB 0x0000000708e00000| Untracked |  0
|  27|0x0000000709000000, 0x0000000709000000, 0x0000000709200000|  0%| F|  |TAMS 0x0000000709000000| PB 0x0000000709000000| Untracked |  0
|  28|0x0000000709200000, 0x0000000709200000, 0x0000000709400000|  0%| F|  |TAMS 0x0000000709200000| PB 0x0000000709200000| Untracked |  0
|  29|0x0000000709400000, 0x0000000709400000, 0x0000000709600000|  0%| F|  |TAMS 0x0000000709400000| PB 0x0000000709400000| Untracked |  0
|  30|0x0000000709600000, 0x0000000709600000, 0x0000000709800000|  0%| F|  |TAMS 0x0000000709600000| PB 0x0000000709600000| Untracked |  0
|  31|0x0000000709800000, 0x0000000709800000, 0x0000000709a00000|  0%| F|  |TAMS 0x0000000709800000| PB 0x0000000709800000| Untracked |  0
|  32|0x0000000709a00000, 0x0000000709a00000, 0x0000000709c00000|  0%| F|  |TAMS 0x0000000709a00000| PB 0x0000000709a00000| Untracked |  0
|  33|0x0000000709c00000, 0x0000000709c00000, 0x0000000709e00000|  0%| F|  |TAMS 0x0000000709c00000| PB 0x0000000709c00000| Untracked |  0
|  34|0x0000000709e00000, 0x0000000709e00000, 0x000000070a000000|  0%| F|  |TAMS 0x0000000709e00000| PB 0x0000000709e00000| Untracked |  0
|  35|0x000000070a000000, 0x000000070a000000, 0x000000070a200000|  0%| F|  |TAMS 0x000000070a000000| PB 0x000000070a000000| Untracked |  0
|  36|0x000000070a200000, 0x000000070a200000, 0x000000070a400000|  0%| F|  |TAMS 0x000000070a200000| PB 0x000000070a200000| Untracked |  0
|  37|0x000000070a400000, 0x000000070a400000, 0x000000070a600000|  0%| F|  |TAMS 0x000000070a400000| PB 0x000000070a400000| Untracked |  0
|  38|0x000000070a600000, 0x000000070a600000, 0x000000070a800000|  0%| F|  |TAMS 0x000000070a600000| PB 0x000000070a600000| Untracked |  0
|  39|0x000000070a800000, 0x000000070a800000, 0x000000070aa00000|  0%| F|  |TAMS 0x000000070a800000| PB 0x000000070a800000| Untracked |  0
|  40|0x000000070aa00000, 0x000000070aa00000, 0x000000070ac00000|  0%| F|  |TAMS 0x000000070aa00000| PB 0x000000070aa00000| Untracked |  0
|  41|0x000000070ac00000, 0x000000070ac00000, 0x000000070ae00000|  0%| F|  |TAMS 0x000000070ac00000| PB 0x000000070ac00000| Untracked |  0
|  42|0x000000070ae00000, 0x000000070ae00000, 0x000000070b000000|  0%| F|  |TAMS 0x000000070ae00000| PB 0x000000070ae00000| Untracked |  0
|  43|0x000000070b000000, 0x000000070b000000, 0x000000070b200000|  0%| F|  |TAMS 0x000000070b000000| PB 0x000000070b000000| Untracked |  0
|  44|0x000000070b200000, 0x000000070b200000, 0x000000070b400000|  0%| F|  |TAMS 0x000000070b200000| PB 0x000000070b200000| Untracked |  0
|  45|0x000000070b400000, 0x000000070b400000, 0x000000070b600000|  0%| F|  |TAMS 0x000000070b400000| PB 0x000000070b400000| Untracked |  0
|  46|0x000000070b600000, 0x000000070b600000, 0x000000070b800000|  0%| F|  |TAMS 0x000000070b600000| PB 0x000000070b600000| Untracked |  0
|  47|0x000000070b800000, 0x000000070b800000, 0x000000070ba00000|  0%| F|  |TAMS 0x000000070b800000| PB 0x000000070b800000| Untracked |  0
|  48|0x000000070ba00000, 0x000000070ba00000, 0x000000070bc00000|  0%| F|  |TAMS 0x000000070ba00000| PB 0x000000070ba00000| Untracked |  0
|  49|0x000000070bc00000, 0x000000070bc00000, 0x000000070be00000|  0%| F|  |TAMS 0x000000070bc00000| PB 0x000000070bc00000| Untracked |  0
|  50|0x000000070be00000, 0x000000070be00000, 0x000000070c000000|  0%| F|  |TAMS 0x000000070be00000| PB 0x000000070be00000| Untracked |  0
|  51|0x000000070c000000, 0x000000070c000000, 0x000000070c200000|  0%| F|  |TAMS 0x000000070c000000| PB 0x000000070c000000| Untracked |  0
|  52|0x000000070c200000, 0x000000070c200000, 0x000000070c400000|  0%| F|  |TAMS 0x000000070c200000| PB 0x000000070c200000| Untracked |  0
|  53|0x000000070c400000, 0x000000070c400000, 0x000000070c600000|  0%| F|  |TAMS 0x000000070c400000| PB 0x000000070c400000| Untracked |  0
|  54|0x000000070c600000, 0x000000070c600000, 0x000000070c800000|  0%| F|  |TAMS 0x000000070c600000| PB 0x000000070c600000| Untracked |  0
|  55|0x000000070c800000, 0x000000070c800000, 0x000000070ca00000|  0%| F|  |TAMS 0x000000070c800000| PB 0x000000070c800000| Untracked |  0
|  56|0x000000070ca00000, 0x000000070ca00000, 0x000000070cc00000|  0%| F|  |TAMS 0x000000070ca00000| PB 0x000000070ca00000| Untracked |  0
|  57|0x000000070cc00000, 0x000000070cc00000, 0x000000070ce00000|  0%| F|  |TAMS 0x000000070cc00000| PB 0x000000070cc00000| Untracked |  0
|  58|0x000000070ce00000, 0x000000070ce00000, 0x000000070d000000|  0%| F|  |TAMS 0x000000070ce00000| PB 0x000000070ce00000| Untracked |  0
|  59|0x000000070d000000, 0x000000070d000000, 0x000000070d200000|  0%| F|  |TAMS 0x000000070d000000| PB 0x000000070d000000| Untracked |  0
|  60|0x000000070d200000, 0x000000070d200000, 0x000000070d400000|  0%| F|  |TAMS 0x000000070d200000| PB 0x000000070d200000| Untracked |  0
|  61|0x000000070d400000, 0x000000070d400000, 0x000000070d600000|  0%| F|  |TAMS 0x000000070d400000| PB 0x000000070d400000| Untracked |  0
|  62|0x000000070d600000, 0x000000070d600000, 0x000000070d800000|  0%| F|  |TAMS 0x000000070d600000| PB 0x000000070d600000| Untracked |  0
|  63|0x000000070d800000, 0x000000070d800000, 0x000000070da00000|  0%| F|  |TAMS 0x000000070d800000| PB 0x000000070d800000| Untracked |  0
|  64|0x000000070da00000, 0x000000070da00000, 0x000000070dc00000|  0%| F|  |TAMS 0x000000070da00000| PB 0x000000070da00000| Untracked |  0
|  65|0x000000070dc00000, 0x000000070dc00000, 0x000000070de00000|  0%| F|  |TAMS 0x000000070dc00000| PB 0x000000070dc00000| Untracked |  0
|  66|0x000000070de00000, 0x000000070de00000, 0x000000070e000000|  0%| F|  |TAMS 0x000000070de00000| PB 0x000000070de00000| Untracked |  0
|  67|0x000000070e000000, 0x000000070e000000, 0x000000070e200000|  0%| F|  |TAMS 0x000000070e000000| PB 0x000000070e000000| Untracked |  0
|  68|0x000000070e200000, 0x000000070e200000, 0x000000070e400000|  0%| F|  |TAMS 0x000000070e200000| PB 0x000000070e200000| Untracked |  0
|  69|0x000000070e400000, 0x000000070e400000, 0x000000070e600000|  0%| F|  |TAMS 0x000000070e400000| PB 0x000000070e400000| Untracked |  0
|  70|0x000000070e600000, 0x000000070e600000, 0x000000070e800000|  0%| F|  |TAMS 0x000000070e600000| PB 0x000000070e600000| Untracked |  0
|  71|0x000000070e800000, 0x000000070e800000, 0x000000070ea00000|  0%| F|  |TAMS 0x000000070e800000| PB 0x000000070e800000| Untracked |  0
|  72|0x000000070ea00000, 0x000000070ea00000, 0x000000070ec00000|  0%| F|  |TAMS 0x000000070ea00000| PB 0x000000070ea00000| Untracked |  0
|  73|0x000000070ec00000, 0x000000070ec00000, 0x000000070ee00000|  0%| F|  |TAMS 0x000000070ec00000| PB 0x000000070ec00000| Untracked |  0
|  74|0x000000070ee00000, 0x000000070ee00000, 0x000000070f000000|  0%| F|  |TAMS 0x000000070ee00000| PB 0x000000070ee00000| Untracked |  0
|  75|0x000000070f000000, 0x000000070f000000, 0x000000070f200000|  0%| F|  |TAMS 0x000000070f000000| PB 0x000000070f000000| Untracked |  0
|  76|0x000000070f200000, 0x000000070f200000, 0x000000070f400000|  0%| F|  |TAMS 0x000000070f200000| PB 0x000000070f200000| Untracked |  0
|  77|0x000000070f400000, 0x000000070f400000, 0x000000070f600000|  0%| F|  |TAMS 0x000000070f400000| PB 0x000000070f400000| Untracked |  0
|  78|0x000000070f600000, 0x000000070f600000, 0x000000070f800000|  0%| F|  |TAMS 0x000000070f600000| PB 0x000000070f600000| Untracked |  0
|  79|0x000000070f800000, 0x000000070f800000, 0x000000070fa00000|  0%| F|  |TAMS 0x000000070f800000| PB 0x000000070f800000| Untracked |  0
|  80|0x000000070fa00000, 0x000000070fa00000, 0x000000070fc00000|  0%| F|  |TAMS 0x000000070fa00000| PB 0x000000070fa00000| Untracked |  0
|  81|0x000000070fc00000, 0x000000070fc00000, 0x000000070fe00000|  0%| F|  |TAMS 0x000000070fc00000| PB 0x000000070fc00000| Untracked |  0
|  82|0x000000070fe00000, 0x000000070fe00000, 0x0000000710000000|  0%| F|  |TAMS 0x000000070fe00000| PB 0x000000070fe00000| Untracked |  0
|  83|0x0000000710000000, 0x0000000710000000, 0x0000000710200000|  0%| F|  |TAMS 0x0000000710000000| PB 0x0000000710000000| Untracked |  0
|  84|0x0000000710200000, 0x0000000710200000, 0x0000000710400000|  0%| F|  |TAMS 0x0000000710200000| PB 0x0000000710200000| Untracked |  0
|  85|0x0000000710400000, 0x0000000710400000, 0x0000000710600000|  0%| F|  |TAMS 0x0000000710400000| PB 0x0000000710400000| Untracked |  0
|  86|0x0000000710600000, 0x0000000710600000, 0x0000000710800000|  0%| F|  |TAMS 0x0000000710600000| PB 0x0000000710600000| Untracked |  0
|  87|0x0000000710800000, 0x0000000710800000, 0x0000000710a00000|  0%| F|  |TAMS 0x0000000710800000| PB 0x0000000710800000| Untracked |  0
|  88|0x0000000710a00000, 0x0000000710a00000, 0x0000000710c00000|  0%| F|  |TAMS 0x0000000710a00000| PB 0x0000000710a00000| Untracked |  0
|  89|0x0000000710c00000, 0x0000000710c00000, 0x0000000710e00000|  0%| F|  |TAMS 0x0000000710c00000| PB 0x0000000710c00000| Untracked |  0
|  90|0x0000000710e00000, 0x0000000710e00000, 0x0000000711000000|  0%| F|  |TAMS 0x0000000710e00000| PB 0x0000000710e00000| Untracked |  0
|  91|0x0000000711000000, 0x0000000711000000, 0x0000000711200000|  0%| F|  |TAMS 0x0000000711000000| PB 0x0000000711000000| Untracked |  0
|  92|0x0000000711200000, 0x0000000711200000, 0x0000000711400000|  0%| F|  |TAMS 0x0000000711200000| PB 0x0000000711200000| Untracked |  0
|  93|0x0000000711400000, 0x0000000711400000, 0x0000000711600000|  0%| F|  |TAMS 0x0000000711400000| PB 0x0000000711400000| Untracked |  0
|  94|0x0000000711600000, 0x0000000711600000, 0x0000000711800000|  0%| F|  |TAMS 0x0000000711600000| PB 0x0000000711600000| Untracked |  0
|  95|0x0000000711800000, 0x0000000711800000, 0x0000000711a00000|  0%| F|  |TAMS 0x0000000711800000| PB 0x0000000711800000| Untracked |  0
|  96|0x0000000711a00000, 0x0000000711a00000, 0x0000000711c00000|  0%| F|  |TAMS 0x0000000711a00000| PB 0x0000000711a00000| Untracked |  0
|  97|0x0000000711c00000, 0x0000000711c00000, 0x0000000711e00000|  0%| F|  |TAMS 0x0000000711c00000| PB 0x0000000711c00000| Untracked |  0
|  98|0x0000000711e00000, 0x0000000711e00000, 0x0000000712000000|  0%| F|  |TAMS 0x0000000711e00000| PB 0x0000000711e00000| Untracked |  0
|  99|0x0000000712000000, 0x0000000712000000, 0x0000000712200000|  0%| F|  |TAMS 0x0000000712000000| PB 0x0000000712000000| Untracked |  0
| 100|0x0000000712200000, 0x0000000712200000, 0x0000000712400000|  0%| F|  |TAMS 0x0000000712200000| PB 0x0000000712200000| Untracked |  0
| 101|0x0000000712400000, 0x0000000712400000, 0x0000000712600000|  0%| F|  |TAMS 0x0000000712400000| PB 0x0000000712400000| Untracked |  0
| 102|0x0000000712600000, 0x0000000712600000, 0x0000000712800000|  0%| F|  |TAMS 0x0000000712600000| PB 0x0000000712600000| Untracked |  0
| 103|0x0000000712800000, 0x0000000712800000, 0x0000000712a00000|  0%| F|  |TAMS 0x0000000712800000| PB 0x0000000712800000| Untracked |  0
| 104|0x0000000712a00000, 0x0000000712a00000, 0x0000000712c00000|  0%| F|  |TAMS 0x0000000712a00000| PB 0x0000000712a00000| Untracked |  0
| 105|0x0000000712c00000, 0x0000000712c00000, 0x0000000712e00000|  0%| F|  |TAMS 0x0000000712c00000| PB 0x0000000712c00000| Untracked |  0
| 106|0x0000000712e00000, 0x0000000712e00000, 0x0000000713000000|  0%| F|  |TAMS 0x0000000712e00000| PB 0x0000000712e00000| Untracked |  0
| 107|0x0000000713000000, 0x0000000713000000, 0x0000000713200000|  0%| F|  |TAMS 0x0000000713000000| PB 0x0000000713000000| Untracked |  0
| 108|0x0000000713200000, 0x0000000713200000, 0x0000000713400000|  0%| F|  |TAMS 0x0000000713200000| PB 0x0000000713200000| Untracked |  0
| 109|0x0000000713400000, 0x0000000713400000, 0x0000000713600000|  0%| F|  |TAMS 0x0000000713400000| PB 0x0000000713400000| Untracked |  0
| 110|0x0000000713600000, 0x0000000713600000, 0x0000000713800000|  0%| F|  |TAMS 0x0000000713600000| PB 0x0000000713600000| Untracked |  0
| 111|0x0000000713800000, 0x0000000713a00000, 0x0000000713a00000|100%| S|CS|TAMS 0x0000000713800000| PB 0x0000000713800000| Complete |  0
| 112|0x0000000713a00000, 0x0000000713a00000, 0x0000000713c00000|  0%| F|  |TAMS 0x0000000713a00000| PB 0x0000000713a00000| Untracked |  0
| 113|0x0000000713c00000, 0x0000000713c00000, 0x0000000713e00000|  0%| F|  |TAMS 0x0000000713c00000| PB 0x0000000713c00000| Untracked |  0
| 114|0x0000000713e00000, 0x0000000714000000, 0x0000000714000000|100%| S|CS|TAMS 0x0000000713e00000| PB 0x0000000713e00000| Complete |  0
| 115|0x0000000714000000, 0x0000000714000000, 0x0000000714200000|  0%| F|  |TAMS 0x0000000714000000| PB 0x0000000714000000| Untracked |  0
| 116|0x0000000714200000, 0x0000000714200000, 0x0000000714400000|  0%| F|  |TAMS 0x0000000714200000| PB 0x0000000714200000| Untracked |  0
| 117|0x0000000714400000, 0x0000000714400000, 0x0000000714600000|  0%| F|  |TAMS 0x0000000714400000| PB 0x0000000714400000| Untracked |  0
| 118|0x0000000714600000, 0x0000000714600000, 0x0000000714800000|  0%| F|  |TAMS 0x0000000714600000| PB 0x0000000714600000| Untracked |  0
| 119|0x0000000714800000, 0x0000000714800000, 0x0000000714a00000|  0%| F|  |TAMS 0x0000000714800000| PB 0x0000000714800000| Untracked |  0
| 120|0x0000000714a00000, 0x0000000714a00000, 0x0000000714c00000|  0%| F|  |TAMS 0x0000000714a00000| PB 0x0000000714a00000| Untracked |  0
| 121|0x0000000714c00000, 0x0000000714c00000, 0x0000000714e00000|  0%| F|  |TAMS 0x0000000714c00000| PB 0x0000000714c00000| Untracked |  0
| 122|0x0000000714e00000, 0x0000000714e00000, 0x0000000715000000|  0%| F|  |TAMS 0x0000000714e00000| PB 0x0000000714e00000| Untracked |  0
| 123|0x0000000715000000, 0x0000000715000000, 0x0000000715200000|  0%| F|  |TAMS 0x0000000715000000| PB 0x0000000715000000| Untracked |  0
| 124|0x0000000715200000, 0x0000000715200000, 0x0000000715400000|  0%| F|  |TAMS 0x0000000715200000| PB 0x0000000715200000| Untracked |  0
| 125|0x0000000715400000, 0x0000000715487c78, 0x0000000715600000| 26%| E|  |TAMS 0x0000000715400000| PB 0x0000000715400000| Complete |  0

Card table byte_map: [0x0000024a30d60000,0x0000024a31540000] _byte_map_base: 0x0000024a2d533000

Marking Bits: (CMBitMap*) 0x0000024a18a197a0
 Bits: [0x0000024a31540000, 0x0000024a353d8000)

Polling page: 0x0000024a16910000

Metaspace:

Usage:
  Non-class:      7.69 MB used.
      Class:    916.46 KB used.
       Both:      8.59 MB used.

Virtual space:
  Non-class space:       64.00 MB reserved,       7.81 MB ( 12%) committed,  1 nodes.
      Class space:        1.00 GB reserved,       1.00 MB ( <1%) committed,  1 nodes.
             Both:        1.06 GB reserved,       8.81 MB ( <1%) committed. 

Chunk freelists:
   Non-Class:  8.15 MB
       Class:  15.03 MB
        Both:  23.18 MB

MaxMetaspaceSize: unlimited
CompressedClassSpaceSize: 1.00 GB
Initial GC threshold: 21.00 MB
Current GC threshold: 21.00 MB
CDS: on
 - commit_granule_bytes: 65536.
 - commit_granule_words: 8192.
 - virtual_space_node_default_size: 8388608.
 - enlarge_chunks_in_place: 1.
 - use_allocation_guard: 0.


Internal statistics:

num_allocs_failed_limit: 0.
num_arena_births: 270.
num_arena_deaths: 0.
num_vsnodes_births: 2.
num_vsnodes_deaths: 0.
num_space_committed: 141.
num_space_uncommitted: 0.
num_chunks_returned_to_freelist: 0.
num_chunks_taken_from_freelist: 368.
num_chunk_merges: 0.
num_chunk_splits: 211.
num_chunks_enlarged: 75.
num_inconsistent_stats: 0.

CodeHeap 'non-profiled nmethods': size=119168Kb used=1029Kb max_used=1029Kb free=118138Kb
 bounds [0x0000024a28890000, 0x0000024a28b00000, 0x0000024a2fcf0000]
CodeHeap 'profiled nmethods': size=119104Kb used=3228Kb max_used=3228Kb free=115875Kb
 bounds [0x0000024a20cf0000, 0x0000024a21020000, 0x0000024a28140000]
CodeHeap 'non-nmethods': size=7488Kb used=1582Kb max_used=3319Kb free=5905Kb
 bounds [0x0000024a28140000, 0x0000024a28490000, 0x0000024a28890000]
 total_blobs=2654 nmethods=2011 adapters=548
 compilation: enabled
              stopped_count=0, restarted_count=0
 full_count=0

Compilation events (20 events):
Event: 16.647 Thread 0x0000024a3839b5b0 1999       3       jdk.internal.org.objectweb.asm.SymbolTable::computeBootstrapMethodsSize (27 bytes)
Event: 16.647 Thread 0x0000024a3839b5b0 nmethod 1999 0x0000024a21013210 code [0x0000024a210133c0, 0x0000024a21013590]
Event: 16.647 Thread 0x0000024a3839b5b0 2000       3       jdk.internal.org.objectweb.asm.SymbolTable::getConstantPoolLength (8 bytes)
Event: 16.647 Thread 0x0000024a3839b5b0 nmethod 2000 0x0000024a21013690 code [0x0000024a21013820, 0x0000024a21013938]
Event: 16.647 Thread 0x0000024a3839b5b0 2001       3       jdk.internal.org.objectweb.asm.ByteVector::<init> (12 bytes)
Event: 16.647 Thread 0x0000024a3839b5b0 nmethod 2001 0x0000024a21013a10 code [0x0000024a21013bc0, 0x0000024a21013e28]
Event: 16.647 Thread 0x0000024a3839b5b0 2002       3       jdk.internal.org.objectweb.asm.SymbolTable::putConstantPool (28 bytes)
Event: 16.647 Thread 0x0000024a3839b5b0 nmethod 2002 0x0000024a21013f10 code [0x0000024a210140c0, 0x0000024a210142a8]
Event: 16.692 Thread 0x0000024a3839b5b0 2003       3       java.awt.geom.Rectangle2D$Double::<init> (15 bytes)
Event: 16.692 Thread 0x0000024a3839b5b0 nmethod 2003 0x0000024a21014410 code [0x0000024a210145c0, 0x0000024a21014870]
Event: 16.692 Thread 0x0000024a3839b5b0 2004       3       java.awt.geom.Rectangle2D$Double::setRect (23 bytes)
Event: 16.692 Thread 0x0000024a3839b5b0 nmethod 2004 0x0000024a21014990 code [0x0000024a21014b20, 0x0000024a21014c40]
Event: 16.692 Thread 0x0000024a3839b5b0 2005       3       java.awt.Rectangle::clip (39 bytes)
Event: 16.692 Thread 0x0000024a3839b5b0 nmethod 2005 0x0000024a21014d10 code [0x0000024a21014f20, 0x0000024a21015288]
Event: 16.692 Thread 0x0000024a3839b5b0 2006       1       sun.java2d.pipe.Region::getLoX (5 bytes)
Event: 16.692 Thread 0x0000024a3839b5b0 nmethod 2006 0x0000024a28990c90 code [0x0000024a28990e20, 0x0000024a28990ee8]
Event: 16.692 Thread 0x0000024a3839b5b0 2007       1       sun.java2d.pipe.Region::getLoY (5 bytes)
Event: 16.692 Thread 0x0000024a3839b5b0 nmethod 2007 0x0000024a28990f90 code [0x0000024a28991120, 0x0000024a289911e8]
Event: 16.692 Thread 0x0000024a3839b5b0 2008       1       sun.java2d.pipe.Region::getHiX (5 bytes)
Event: 16.692 Thread 0x0000024a3839b5b0 nmethod 2008 0x0000024a28991290 code [0x0000024a28991420, 0x0000024a289914e8]

GC Heap History (2 events):
Event: 0.539 GC heap before
{Heap before GC invocations=0 (full 0):
 garbage-first heap   total reserved 4102144K, committed 258048K, used 24576K [0x0000000705a00000, 0x0000000800000000)
  region size 2048K, 12 young (24576K), 0 survivors (0K)
 Metaspace       used 6100K, committed 6272K, reserved 1114112K
  class space    used 612K, committed 704K, reserved 1048576K
}
Event: 0.546 GC heap after
{Heap after GC invocations=1 (full 0):
 garbage-first heap   total reserved 4102144K, committed 258048K, used 10845K [0x0000000705a00000, 0x0000000800000000)
  region size 2048K, 2 young (4096K), 2 survivors (4096K)
 Metaspace       used 6100K, committed 6272K, reserved 1114112K
  class space    used 612K, committed 704K, reserved 1048576K
}

Dll operation events (13 events):
Event: 0.006 Loaded shared library C:\Users\JulyLun\.jdks\openjdk-22.0.1-1\bin\java.dll
Event: 0.028 Loaded shared library C:\Users\JulyLun\.jdks\openjdk-22.0.1-1\bin\jsvml.dll
Event: 0.064 Loaded shared library C:\Users\JulyLun\.jdks\openjdk-22.0.1-1\bin\zip.dll
Event: 0.066 Loaded shared library C:\Users\JulyLun\.jdks\openjdk-22.0.1-1\bin\instrument.dll
Event: 0.070 Loaded shared library C:\Users\JulyLun\.jdks\openjdk-22.0.1-1\bin\net.dll
Event: 0.071 Loaded shared library C:\Users\JulyLun\.jdks\openjdk-22.0.1-1\bin\nio.dll
Event: 0.073 Loaded shared library C:\Users\JulyLun\.jdks\openjdk-22.0.1-1\bin\zip.dll
Event: 0.097 Loaded shared library D:\ApplicationData\IntelliJ IDEA 2023.3.6\bin\breakgen64.dll
Event: 0.103 Loaded shared library C:\Users\JulyLun\.jdks\openjdk-22.0.1-1\bin\extnet.dll
Event: 0.105 Loaded shared library C:\Users\JulyLun\.jdks\openjdk-22.0.1-1\bin\jimage.dll
Event: 0.117 Loaded shared library C:\Users\JulyLun\.jdks\openjdk-22.0.1-1\bin\awt.dll
Event: 0.628 Loaded shared library C:\Users\JulyLun\.jdks\openjdk-22.0.1-1\bin\freetype.dll
Event: 0.629 Loaded shared library C:\Users\JulyLun\.jdks\openjdk-22.0.1-1\bin\fontmanager.dll

Deoptimization events (20 events):
Event: 1.667 Thread 0x0000024a07ea0ee0 DEOPT PACKING pc=0x0000024a28934e68 sp=0x000000fba98fe480
Event: 1.667 Thread 0x0000024a07ea0ee0 DEOPT UNPACKING pc=0x0000024a281946a2 sp=0x000000fba98fe3a0 mode 2
Event: 2.575 Thread 0x0000024a07dd8d70 Uncommon trap: trap_request=0xffffff45 fr.pc=0x0000024a28974cb4 relative=0x0000000000000554
Event: 2.575 Thread 0x0000024a07dd8d70 Uncommon trap: reason=unstable_if action=reinterpret pc=0x0000024a28974cb4 method=com.findselfback.Utilz.SpriteSheet.nextFrame(Z)V @ 24 c2
Event: 2.575 Thread 0x0000024a07dd8d70 DEOPT PACKING pc=0x0000024a28974cb4 sp=0x000000fba97ff1d0
Event: 2.575 Thread 0x0000024a07dd8d70 DEOPT UNPACKING pc=0x0000024a281946a2 sp=0x000000fba97ff1a0 mode 2
Event: 6.165 Thread 0x0000024a07dd8d70 DEOPT PACKING pc=0x0000024a20ffaee4 sp=0x000000fba97ff320
Event: 6.165 Thread 0x0000024a07dd8d70 DEOPT UNPACKING pc=0x0000024a28194e42 sp=0x000000fba97fe830 mode 0
Event: 6.185 Thread 0x0000024a07dd8d70 Uncommon trap: trap_request=0xffffff45 fr.pc=0x0000024a28986f04 relative=0x0000000000000cc4
Event: 6.185 Thread 0x0000024a07dd8d70 Uncommon trap: reason=unstable_if action=reinterpret pc=0x0000024a28986f04 method=com.findselfback.Entities.Snow.update()V @ 35 c2
Event: 6.185 Thread 0x0000024a07dd8d70 DEOPT PACKING pc=0x0000024a28986f04 sp=0x000000fba97ff360
Event: 6.185 Thread 0x0000024a07dd8d70 DEOPT UNPACKING pc=0x0000024a281946a2 sp=0x000000fba97ff2d8 mode 2
Event: 6.860 Thread 0x0000024a07dd8d70 DEOPT PACKING pc=0x0000024a21009b94 sp=0x000000fba97ff320
Event: 6.860 Thread 0x0000024a07dd8d70 DEOPT UNPACKING pc=0x0000024a28194e42 sp=0x000000fba97fe830 mode 0
Event: 7.540 Thread 0x0000024a07dd8d70 DEOPT PACKING pc=0x0000024a21009b94 sp=0x000000fba97ff320
Event: 7.540 Thread 0x0000024a07dd8d70 DEOPT UNPACKING pc=0x0000024a28194e42 sp=0x000000fba97fe830 mode 0
Event: 8.225 Thread 0x0000024a07dd8d70 DEOPT PACKING pc=0x0000024a21009b94 sp=0x000000fba97ff320
Event: 8.225 Thread 0x0000024a07dd8d70 DEOPT UNPACKING pc=0x0000024a28194e42 sp=0x000000fba97fe830 mode 0
Event: 9.590 Thread 0x0000024a07dd8d70 DEOPT PACKING pc=0x0000024a21009b94 sp=0x000000fba97ff320
Event: 9.590 Thread 0x0000024a07dd8d70 DEOPT UNPACKING pc=0x0000024a28194e42 sp=0x000000fba97fe830 mode 0

Classes loaded (20 events):
Event: 1.564 Loading class sun/java2d/loops/MaskBlit$General
Event: 1.565 Loading class sun/java2d/loops/GraphicsPrimitive$GeneralBinaryOp
Event: 1.565 Loading class sun/java2d/loops/GraphicsPrimitive$GeneralBinaryOp done
Event: 1.565 Loading class sun/java2d/loops/MaskBlit$General done
Event: 1.565 Loading class sun/java2d/loops/OpaqueCopyAnyToArgb
Event: 1.565 Loading class sun/java2d/loops/OpaqueCopyAnyToArgb done
Event: 1.565 Loading class sun/java2d/loops/OpaqueCopyArgbToAny
Event: 1.565 Loading class sun/java2d/loops/OpaqueCopyArgbToAny done
Event: 1.565 Loading class sun/java2d/loops/DrawGlyphListAA$General
Event: 1.565 Loading class sun/java2d/loops/DrawGlyphListAA$General done
Event: 1.566 Loading class java/awt/image/DataBufferInt
Event: 1.566 Loading class java/awt/image/DataBufferInt done
Event: 1.566 Loading class sun/awt/image/IntegerInterleavedRaster
Event: 1.566 Loading class sun/awt/image/IntegerInterleavedRaster done
Event: 1.567 Loading class sun/java2d/pipe/RegionSpanIterator
Event: 1.567 Loading class sun/java2d/pipe/SpanIterator
Event: 1.567 Loading class sun/java2d/pipe/SpanIterator done
Event: 1.567 Loading class sun/java2d/pipe/RegionSpanIterator done
Event: 1.700 Loading class java/awt/image/BufferedImageOp
Event: 1.701 Loading class java/awt/image/BufferedImageOp done

Classes unloaded (0 events):
No events

Classes redefined (0 events):
No events

Internal exceptions (20 events):
Event: 16.377 Thread 0x0000024a07d2c700 Exception <a 'java/lang/InterruptedException'{0x00000007141ba088}: sleep interrupted> (0x00000007141ba088) 
thrown [s\open\src\hotspot\share\prims\jvm.cpp, line 3093]
Event: 16.393 Thread 0x0000024a07d2c700 Exception <a 'java/lang/InterruptedException'{0x00000007141ba3a0}: sleep interrupted> (0x00000007141ba3a0) 
thrown [s\open\src\hotspot\share\prims\jvm.cpp, line 3093]
Event: 16.410 Thread 0x0000024a07d2c700 Exception <a 'java/lang/InterruptedException'{0x00000007141ba6b8}: sleep interrupted> (0x00000007141ba6b8) 
thrown [s\open\src\hotspot\share\prims\jvm.cpp, line 3093]
Event: 16.426 Thread 0x0000024a07d2c700 Exception <a 'java/lang/InterruptedException'{0x00000007141ba9d0}: sleep interrupted> (0x00000007141ba9d0) 
thrown [s\open\src\hotspot\share\prims\jvm.cpp, line 3093]
Event: 16.443 Thread 0x0000024a07d2c700 Exception <a 'java/lang/InterruptedException'{0x00000007141bace8}: sleep interrupted> (0x00000007141bace8) 
thrown [s\open\src\hotspot\share\prims\jvm.cpp, line 3093]
Event: 16.460 Thread 0x0000024a07d2c700 Exception <a 'java/lang/InterruptedException'{0x00000007141bb000}: sleep interrupted> (0x00000007141bb000) 
thrown [s\open\src\hotspot\share\prims\jvm.cpp, line 3093]
Event: 16.476 Thread 0x0000024a07d2c700 Exception <a 'java/lang/InterruptedException'{0x00000007141bb318}: sleep interrupted> (0x00000007141bb318) 
thrown [s\open\src\hotspot\share\prims\jvm.cpp, line 3093]
Event: 16.493 Thread 0x0000024a07d2c700 Exception <a 'java/lang/InterruptedException'{0x00000007141bb630}: sleep interrupted> (0x00000007141bb630) 
thrown [s\open\src\hotspot\share\prims\jvm.cpp, line 3093]
Event: 16.510 Thread 0x0000024a07d2c700 Exception <a 'java/lang/InterruptedException'{0x00000007141bb948}: sleep interrupted> (0x00000007141bb948) 
thrown [s\open\src\hotspot\share\prims\jvm.cpp, line 3093]
Event: 16.526 Thread 0x0000024a07d2c700 Exception <a 'java/lang/InterruptedException'{0x00000007141bbc60}: sleep interrupted> (0x00000007141bbc60) 
thrown [s\open\src\hotspot\share\prims\jvm.cpp, line 3093]
Event: 16.543 Thread 0x0000024a07d2c700 Exception <a 'java/lang/InterruptedException'{0x00000007141bbf78}: sleep interrupted> (0x00000007141bbf78) 
thrown [s\open\src\hotspot\share\prims\jvm.cpp, line 3093]
Event: 16.560 Thread 0x0000024a07d2c700 Exception <a 'java/lang/InterruptedException'{0x00000007141bc290}: sleep interrupted> (0x00000007141bc290) 
thrown [s\open\src\hotspot\share\prims\jvm.cpp, line 3093]
Event: 16.576 Thread 0x0000024a07d2c700 Exception <a 'java/lang/InterruptedException'{0x00000007141bc5a8}: sleep interrupted> (0x00000007141bc5a8) 
thrown [s\open\src\hotspot\share\prims\jvm.cpp, line 3093]
Event: 16.593 Thread 0x0000024a07d2c700 Exception <a 'java/lang/InterruptedException'{0x00000007141bc8c0}: sleep interrupted> (0x00000007141bc8c0) 
thrown [s\open\src\hotspot\share\prims\jvm.cpp, line 3093]
Event: 16.610 Thread 0x0000024a07d2c700 Exception <a 'java/lang/InterruptedException'{0x00000007141bcbd8}: sleep interrupted> (0x00000007141bcbd8) 
thrown [s\open\src\hotspot\share\prims\jvm.cpp, line 3093]
Event: 16.626 Thread 0x0000024a07d2c700 Exception <a 'java/lang/InterruptedException'{0x00000007141bcef0}: sleep interrupted> (0x00000007141bcef0) 
thrown [s\open\src\hotspot\share\prims\jvm.cpp, line 3093]
Event: 16.643 Thread 0x0000024a07d2c700 Exception <a 'java/lang/InterruptedException'{0x00000007141bd208}: sleep interrupted> (0x00000007141bd208) 
thrown [s\open\src\hotspot\share\prims\jvm.cpp, line 3093]
Event: 16.660 Thread 0x0000024a07d2c700 Exception <a 'java/lang/InterruptedException'{0x00000007141bd520}: sleep interrupted> (0x00000007141bd520) 
thrown [s\open\src\hotspot\share\prims\jvm.cpp, line 3093]
Event: 16.676 Thread 0x0000024a07d2c700 Exception <a 'java/lang/InterruptedException'{0x00000007141bd838}: sleep interrupted> (0x00000007141bd838) 
thrown [s\open\src\hotspot\share\prims\jvm.cpp, line 3093]
Event: 16.693 Thread 0x0000024a07d2c700 Exception <a 'java/lang/InterruptedException'{0x00000007141bdb50}: sleep interrupted> (0x00000007141bdb50) 
thrown [s\open\src\hotspot\share\prims\jvm.cpp, line 3093]

ZGC Phase Switch (0 events):
No events

VM Operations (20 events):
Event: 0.826 Executing VM operation: HandshakeAllThreads (Deoptimize)
Event: 0.827 Executing VM operation: HandshakeAllThreads (Deoptimize) done
Event: 1.107 Executing VM operation: HandshakeAllThreads (Deoptimize)
Event: 1.107 Executing VM operation: HandshakeAllThreads (Deoptimize) done
Event: 1.566 Executing VM operation: HandshakeAllThreads (Deoptimize)
Event: 1.566 Executing VM operation: HandshakeAllThreads (Deoptimize) done
Event: 1.566 Executing VM operation: Cleanup
Event: 1.566 Executing VM operation: Cleanup done
Event: 2.566 Executing VM operation: Cleanup
Event: 2.566 Executing VM operation: Cleanup done
Event: 3.567 Executing VM operation: Cleanup
Event: 3.567 Executing VM operation: Cleanup done
Event: 4.568 Executing VM operation: Cleanup
Event: 4.568 Executing VM operation: Cleanup done
Event: 10.571 Executing VM operation: Cleanup
Event: 10.571 Executing VM operation: Cleanup done
Event: 13.574 Executing VM operation: Cleanup
Event: 13.574 Executing VM operation: Cleanup done
Event: 16.575 Executing VM operation: Cleanup
Event: 16.575 Executing VM operation: Cleanup done

Events (20 events):
Event: 0.609 Thread 0x0000024a07dd8d70 Thread added: 0x0000024a07dd8d70
Event: 0.619 Thread 0x0000024a07ea0ee0 Thread added: 0x0000024a07ea0ee0
Event: 0.706 Thread 0x0000024a189b25f0 Thread exited: 0x0000024a189b25f0
Event: 0.706 Thread 0x0000024a083b6470 Thread added: 0x0000024a083b6470
Event: 0.961 Thread 0x0000024a0769b7e0 Thread exited: 0x0000024a0769b7e0
Event: 1.106 Thread 0x0000024a0788b150 Thread added: 0x0000024a0788b150
Event: 1.110 Thread 0x0000024a080eec10 Thread added: 0x0000024a080eec10
Event: 1.227 Thread 0x0000024a080eec10 Thread exited: 0x0000024a080eec10
Event: 1.227 Thread 0x0000024a0788b150 Thread exited: 0x0000024a0788b150
Event: 1.568 Thread 0x0000024a080ebc10 Thread added: 0x0000024a080ebc10
Event: 1.698 Thread 0x0000024a0a0c07a0 Thread added: 0x0000024a0a0c07a0
Event: 1.702 Thread 0x0000024a07e56760 Thread added: 0x0000024a07e56760
Event: 1.702 Thread 0x0000024a07e9dbd0 Thread added: 0x0000024a07e9dbd0
Event: 2.005 Thread 0x0000024a07e9dbd0 Thread exited: 0x0000024a07e9dbd0
Event: 2.005 Thread 0x0000024a07e56760 Thread exited: 0x0000024a07e56760
Event: 2.065 Thread 0x0000024a0a0c07a0 Thread exited: 0x0000024a0a0c07a0
Event: 2.575 Thread 0x0000024a080ebc10 Thread exited: 0x0000024a080ebc10
Event: 2.630 Thread 0x0000024a3864ebb0 Thread exited: 0x0000024a3864ebb0
Event: 4.155 Thread 0x0000024a38647410 Thread exited: 0x0000024a38647410
Event: 4.240 Thread 0x0000024a383bd7b0 Thread exited: 0x0000024a383bd7b0


Dynamic libraries:
0x00007ff7ab780000 - 0x00007ff7ab78e000 	C:\Users\JulyLun\.jdks\openjdk-22.0.1-1\bin\java.exe
0x00007ffd28030000 - 0x00007ffd28247000 	C:\Windows\SYSTEM32\ntdll.dll
0x00007ffd25ea0000 - 0x00007ffd25f64000 	C:\Windows\System32\KERNEL32.DLL
0x00007ffd255e0000 - 0x00007ffd25987000 	C:\Windows\System32\KERNELBASE.dll
0x00007ffd25990000 - 0x00007ffd25aa1000 	C:\Windows\System32\ucrtbase.dll
0x00007ffd1c110000 - 0x00007ffd1c127000 	C:\Users\JulyLun\.jdks\openjdk-22.0.1-1\bin\jli.dll
0x00007ffd194a0000 - 0x00007ffd194bb000 	C:\Users\JulyLun\.jdks\openjdk-22.0.1-1\bin\VCRUNTIME140.dll
0x00007ffd263c0000 - 0x00007ffd2656e000 	C:\Windows\System32\USER32.dll
0x00007ffd255b0000 - 0x00007ffd255d6000 	C:\Windows\System32\win32u.dll
0x00007ffd09a80000 - 0x00007ffd09d13000 	C:\Windows\WinSxS\amd64_microsoft.windows.common-controls_6595b64144ccf1df_6.0.22621.3527_none_270e469b73872a76\COMCTL32.dll
0x00007ffd26070000 - 0x00007ffd26099000 	C:\Windows\System32\GDI32.dll
0x00007ffd25de0000 - 0x00007ffd25e87000 	C:\Windows\System32\msvcrt.dll
0x00007ffd25bc0000 - 0x00007ffd25cd9000 	C:\Windows\System32\gdi32full.dll
0x00007ffd25b20000 - 0x00007ffd25bba000 	C:\Windows\System32\msvcp_win.dll
0x00007ffd26610000 - 0x00007ffd26641000 	C:\Windows\System32\IMM32.DLL
0x00007ffd1dd10000 - 0x00007ffd1dd1c000 	C:\Users\JulyLun\.jdks\openjdk-22.0.1-1\bin\vcruntime140_1.dll
0x00007ffcf6b40000 - 0x00007ffcf6bce000 	C:\Users\JulyLun\.jdks\openjdk-22.0.1-1\bin\msvcp140.dll
0x00007ffc9d900000 - 0x00007ffc9e647000 	C:\Users\JulyLun\.jdks\openjdk-22.0.1-1\bin\server\jvm.dll
0x00007ffd26650000 - 0x00007ffd26702000 	C:\Windows\System32\ADVAPI32.dll
0x00007ffd25f70000 - 0x00007ffd26018000 	C:\Windows\System32\sechost.dll
0x00007ffd25350000 - 0x00007ffd25378000 	C:\Windows\System32\bcrypt.dll
0x00007ffd27260000 - 0x00007ffd27375000 	C:\Windows\System32\RPCRT4.dll
0x00007ffd25d60000 - 0x00007ffd25dd1000 	C:\Windows\System32\WS2_32.dll
0x00007ffd24c40000 - 0x00007ffd24c8d000 	C:\Windows\SYSTEM32\POWRPROF.dll
0x00007ffd0a690000 - 0x00007ffd0a69a000 	C:\Windows\SYSTEM32\VERSION.dll
0x00007ffd18d30000 - 0x00007ffd18d64000 	C:\Windows\SYSTEM32\WINMM.dll
0x00007ffd24bf0000 - 0x00007ffd24c03000 	C:\Windows\SYSTEM32\UMPDC.dll
0x00007ffd24370000 - 0x00007ffd24388000 	C:\Windows\SYSTEM32\kernel.appcore.dll
0x00007ffd1dd00000 - 0x00007ffd1dd0a000 	C:\Users\JulyLun\.jdks\openjdk-22.0.1-1\bin\jimage.dll
0x00007ffd229e0000 - 0x00007ffd22c12000 	C:\Windows\SYSTEM32\DBGHELP.DLL
0x00007ffd27aa0000 - 0x00007ffd27e28000 	C:\Windows\System32\combase.dll
0x00007ffd27380000 - 0x00007ffd27457000 	C:\Windows\System32\OLEAUT32.dll
0x00007ffd09230000 - 0x00007ffd09262000 	C:\Windows\SYSTEM32\dbgcore.DLL
0x00007ffd25ce0000 - 0x00007ffd25d59000 	C:\Windows\System32\bcryptPrimitives.dll
0x00007ffd20d00000 - 0x00007ffd20d0f000 	C:\Users\JulyLun\.jdks\openjdk-22.0.1-1\bin\instrument.dll
0x00007ffd1ce30000 - 0x00007ffd1ce4e000 	C:\Users\JulyLun\.jdks\openjdk-22.0.1-1\bin\java.dll
0x00007ffd26770000 - 0x00007ffd26fcc000 	C:\Windows\System32\SHELL32.dll
0x00007ffd278f0000 - 0x00007ffd27a95000 	C:\Windows\System32\ole32.dll
0x00007ffd23290000 - 0x00007ffd23b86000 	C:\Windows\SYSTEM32\windows.storage.dll
0x00007ffd23150000 - 0x00007ffd2328e000 	C:\Windows\SYSTEM32\wintypes.dll
0x00007ffd27160000 - 0x00007ffd27255000 	C:\Windows\System32\SHCORE.dll
0x00007ffd260c0000 - 0x00007ffd2611e000 	C:\Windows\System32\shlwapi.dll
0x00007ffd25280000 - 0x00007ffd252a1000 	C:\Windows\SYSTEM32\profapi.dll
0x00007ffcdfe00000 - 0x00007ffcdfed7000 	C:\Users\JulyLun\.jdks\openjdk-22.0.1-1\bin\jsvml.dll
0x00007ffd193f0000 - 0x00007ffd19407000 	C:\Users\JulyLun\.jdks\openjdk-22.0.1-1\bin\zip.dll
0x00007ffd1dcf0000 - 0x00007ffd1dd00000 	C:\Users\JulyLun\.jdks\openjdk-22.0.1-1\bin\net.dll
0x00007ffd247e0000 - 0x00007ffd24849000 	C:\Windows\system32\mswsock.dll
0x00007ffd19480000 - 0x00007ffd19496000 	C:\Users\JulyLun\.jdks\openjdk-22.0.1-1\bin\nio.dll
0x00007ffd20bf0000 - 0x00007ffd20c0a000 	D:\ApplicationData\IntelliJ IDEA 2023.3.6\bin\breakgen64.dll
0x00007ffd1d420000 - 0x00007ffd1d429000 	C:\Users\JulyLun\.jdks\openjdk-22.0.1-1\bin\extnet.dll
0x00007ffce0990000 - 0x00007ffce0b1d000 	C:\Users\JulyLun\.jdks\openjdk-22.0.1-1\bin\awt.dll
0x00007ffd217c0000 - 0x00007ffd21857000 	C:\Windows\SYSTEM32\apphelp.dll
0x00007ffc9d590000 - 0x00007ffc9d690000 	C:\Windows\system32\opengl32.dll
0x00007ffca1670000 - 0x00007ffca169d000 	C:\Windows\SYSTEM32\GLU32.dll
0x00007ffd225a0000 - 0x00007ffd225d9000 	C:\Windows\SYSTEM32\dxcore.dll
0x00007ffd22710000 - 0x00007ffd2273b000 	C:\Windows\system32\DWMAPI.DLL
0x00007ffd22250000 - 0x00007ffd222fb000 	C:\Windows\system32\uxtheme.dll
0x00007ffcdf4f0000 - 0x00007ffcdf51b000 	C:\Program Files (x86)\UltraViewer\uvh64.dll
0x00007ffd26130000 - 0x00007ffd26283000 	C:\Windows\System32\MSCTF.dll
0x00007ffd1ae70000 - 0x00007ffd1aeba000 	C:\Windows\SYSTEM32\directxdatabasehelper.dll
0x00007ffd26290000 - 0x00007ffd26340000 	C:\Windows\System32\clbcatq.dll
0x00007ffc73f30000 - 0x00007ffc75054000 	C:\Windows\System32\DriverStore\FileRepository\iigd_dch.inf_amd64_9741ef1f4093481f\igxelpicd64.dll
0x00007ffd225e0000 - 0x00007ffd226d7000 	C:\Windows\system32\dxgi.dll
0x00007ffce0840000 - 0x00007ffce098c000 	C:\Windows\System32\DriverStore\FileRepository\iigd_dch.inf_amd64_9741ef1f4093481f\igdml64.dll
0x00007ffd14b40000 - 0x00007ffd14f57000 	C:\Windows\System32\DriverStore\FileRepository\iigd_dch.inf_amd64_9741ef1f4093481f\igdgmm64.dll
0x00007ffd25020000 - 0x00007ffd2506e000 	C:\Windows\SYSTEM32\CFGMGR32.dll
0x00007ffd25070000 - 0x00007ffd2509c000 	C:\Windows\SYSTEM32\DEVOBJ.dll
0x00007ffd25ab0000 - 0x00007ffd25b1b000 	C:\Windows\System32\WINTRUST.dll
0x00007ffd25440000 - 0x00007ffd255a8000 	C:\Windows\System32\CRYPT32.dll
0x00007ffd24fe0000 - 0x00007ffd24ff2000 	C:\Windows\SYSTEM32\MSASN1.dll
0x00007ffd10e40000 - 0x00007ffd14b3c000 	C:\Windows\System32\DriverStore\FileRepository\iigd_dch.inf_amd64_9741ef1f4093481f\igc64.dll
0x00007ffce18c0000 - 0x00007ffce1947000 	C:\Users\JulyLun\.jdks\openjdk-22.0.1-1\bin\freetype.dll
0x00007ffce0250000 - 0x00007ffce0327000 	C:\Users\JulyLun\.jdks\openjdk-22.0.1-1\bin\fontmanager.dll
0x00007ffd1d2d0000 - 0x00007ffd1d41b000 	C:\Windows\SYSTEM32\textinputframework.dll
0x00007ffd1cbd0000 - 0x00007ffd1cc1b000 	C:\Windows\system32\ApplicationTargetedFeatureDatabase.dll
0x00007ffd17cb0000 - 0x00007ffd17f3b000 	C:\Windows\System32\twinapi.appcore.dll
0x00007ffd20a10000 - 0x00007ffd20b43000 	C:\Windows\SYSTEM32\CoreMessaging.dll
0x00007ffd1a620000 - 0x00007ffd1a98c000 	C:\Windows\SYSTEM32\CoreUIComponents.dll
0x00007ffd24ad0000 - 0x00007ffd24adc000 	C:\Windows\SYSTEM32\CRYPTBASE.DLL

dbghelp: loaded successfully - version: 4.0.5 - missing functions: none
symbol engine: initialized successfully - sym options: 0x614 - pdb path: .;C:\Users\JulyLun\.jdks\openjdk-22.0.1-1\bin;C:\Windows\SYSTEM32;C:\Windows\WinSxS\amd64_microsoft.windows.common-controls_6595b64144ccf1df_6.0.22621.3527_none_270e469b73872a76;C:\Users\JulyLun\.jdks\openjdk-22.0.1-1\bin\server;D:\ApplicationData\IntelliJ IDEA 2023.3.6\bin;C:\Program Files (x86)\UltraViewer;C:\Windows\System32\DriverStore\FileRepository\iigd_dch.inf_amd64_9741ef1f4093481f

VM Arguments:
jvm_args: -javaagent:D:\ApplicationData\IntelliJ IDEA 2023.3.6\lib\idea_rt.jar=57145:D:\ApplicationData\IntelliJ IDEA 2023.3.6\bin -Dfile.encoding=UTF-8 -Dsun.stdout.encoding=UTF-8 -Dsun.stderr.encoding=UTF-8 
java_command: com.findselfback.FindSelfBack
java_class_path (initial): D:\Working\University\Study\Nam 1\Ki 2\DoAnCoSo1\FindSelfBack_Work\FindSelfBack\target\classes;C:\Users\JulyLun\.m2\repository\org\apache\maven\plugins\maven-compiler-plugin\3.8.1\maven-compiler-plugin-3.8.1.jar;C:\Users\JulyLun\.m2\repository\org\apache\maven\maven-plugin-api\3.0\maven-plugin-api-3.0.jar;C:\Users\JulyLun\.m2\repository\org\apache\maven\maven-model\3.0\maven-model-3.0.jar;C:\Users\JulyLun\.m2\repository\org\sonatype\sisu\sisu-inject-plexus\1.4.2\sisu-inject-plexus-1.4.2.jar;C:\Users\JulyLun\.m2\repository\org\sonatype\sisu\sisu-inject-bean\1.4.2\sisu-inject-bean-1.4.2.jar;C:\Users\JulyLun\.m2\repository\org\sonatype\sisu\sisu-guice\2.1.7\sisu-guice-2.1.7-noaop.jar;C:\Users\JulyLun\.m2\repository\org\apache\maven\maven-artifact\3.0\maven-artifact-3.0.jar;C:\Users\JulyLun\.m2\repository\org\codehaus\plexus\plexus-utils\2.0.4\plexus-utils-2.0.4.jar;C:\Users\JulyLun\.m2\repository\org\apache\maven\maven-core\3.0\maven-core-3.0.jar;C:\Users\JulyLun\.m2\repository\org\apache\maven\maven-settings\3.0\maven-settings-3.0.jar;C:\Users\JulyLun\.m2\repository\org\apache\maven\maven-settings-builder\3.0\maven-settings-builder-3.0.jar;C:\Users\JulyLun\.m2\repository\org\apache\maven\maven-repository-metadata\3.0\maven-repository-metadata-3.0.jar;C:\Users\JulyLun\.m2\repository\org\apache\maven\maven-model-builder\3.0\maven-model-builder-3.0.jar;C:\Users\JulyLun\.m2\repository\org\apache\maven\maven-aether-provider\3.0\maven-aether-provider-3.0.jar;C:\Users\JulyLun\.m2\repository\org\sonatype\aether\aether-impl\1.7\aether-impl-1.7.jar;C:\Users\JulyLun\.m2\repository\org\sonatype\aether\aether-spi\1.7\aether-spi-1.7.jar;C:\Users\JulyLun\.m2\repository\org\sonatype\aether\aether-api\1.7\aether-api-1.7.jar;C:\Users\JulyLun\.m2\repository\org\sonatype\aether\aether-util\1.7\aether-util-1.7.jar;C:\Users\JulyLun\.m2\repository\org\codehaus\plexus\plexus-interpolation\1.14\plexus-interpolation-1.14.jar;C:\Users\JulyLun\.m2\repository\org\codehaus\plexus\plexus-classworlds\2.2.3\plexus-classworlds-2.2.3.jar;C:\Users\JulyLun\.m2\repository\org\codehaus\plexus\plexus-component-annotations\1.5.5\plexus-component-annotations-1.5.5.jar;C:\Users\JulyLun\.m2\repository\org\sonatype\plexus\plexus-sec-dispatcher\1.3\plexus-sec-dispatcher-1.3.jar;C:\Users\JulyLun\.m2\repository\org\sonatype\plexus\plexus-cipher\1.4\plexus-cipher-1.4.jar;C:\Users\JulyLun\.m2\repository\org\apache\maven\shared\maven-shared-utils\3.2.1\maven-shared-utils-3.2.1.jar;C:\Users\JulyLun\.m2\repository\commons-io\commons-io\2.5\commons-io-2.5.jar;C:\Users\JulyLun\.m2\repository\org\apache\maven\shared\maven-shared-incremental\1.1\maven-shared-incremental-1.1.jar;C:\Users\JulyLun\.m2\repository\org\codehaus\plexus\plexus-java\0.9.10\plexus-java-0.9.10.jar;C:\Users\JulyLun\.m2\repository\org\ow2\asm\asm\6.2\asm-6.2.jar;C:\Users\JulyLun\.m2\repository\com\thoughtworks\qdox\qdox\2.0-M8\qdox-2.0-M8.jar;C:\Users\JulyLun\.m2\repository\org\codehaus\plexus\plexus-compiler-api\2.8.4\plexus-compiler-api-2.8.4.jar;C:\Users\JulyLun\.m2\repository\org\codehaus\plexus\plexus-compiler-manager\2.8.4\plexus-compiler-manager-2.8.4.jar;C:\Users\JulyLun\.m2\repository\org\codehaus\plexus\plexus-compiler-javac\2.8.4\plexus-compiler-javac-2.8.4.jar;C:\Users\JulyLun\.m2\repository\javazoom\jlayer\1.0.1\jlayer-1.0.1.jar;C:\Users\JulyLun\.m2\repository\com\googlecode\soundlibs\basicplayer\3.0.0.0\basicplayer-3.0.0.0.jar;C:\Users\JulyLun\.m2\repository\com\googlecode\soundlibs\mp3spi\1.9.5.4\mp3spi-1.9.5.4.jar;C:\Users\JulyLun\.m2\repository\com\googlecode\soundlibs\jlayer\1.0.1.4\jlayer-1.0.1.4.jar;C:\Users\JulyLun\.m2\repository\junit\junit\3.8.2\junit-3.8.2.jar;C:\Users\JulyLun\.m2\repository\com\googlecode\soundlibs\tritonus-share\0.3.7.4\tritonus-share-0.3.7.4.jar;C:\Users\JulyLun\.m2\repository\org\slf4j\slf4j-api\1.7.12\slf4j-api-1.7.12.jar;C:\Users\JulyLun\.m2\repository\com\github\gwenn\sqlite-dialect\0.1.1\sqlite-dialect-0.1.1.jar;C:\Users\JulyLun\.m2\repository\org\hibernate\hibernate-core\5.2.12.Final\hibernate-core-5.2.12.Final.jar;C:\Users\JulyLun\.m2\repository\org\jboss\logging\jboss-logging\3.3.0.Final\jboss-logging-3.3.0.Final.jar;C:\Users\JulyLun\.m2\repository\org\hibernate\javax\persistence\hibernate-jpa-2.1-api\1.0.0.Final\hibernate-jpa-2.1-api-1.0.0.Final.jar;C:\Users\JulyLun\.m2\repository\org\javassist\javassist\3.20.0-GA\javassist-3.20.0-GA.jar;C:\Users\JulyLun\.m2\repository\antlr\antlr\2.7.7\antlr-2.7.7.jar;C:\Users\JulyLun\.m2\repository\org\jboss\spec\javax\transaction\jboss-transaction-api_1.2_spec\1.0.1.Final\jboss-transaction-api_1.2_spec-1.0.1.Final.jar;C:\Users\JulyLun\.m2\repository\org\jboss\jandex\2.0.3.Final\jandex-2.0.3.Final.jar;C:\Users\JulyLun\.m2\repository\com\fasterxml\classmate\1.3.0\classmate-1.3.0.jar;C:\Users\JulyLun\.m2\repository\dom4j\dom4j\1.6.1\dom4j-1.6.1.jar;C:\Users\JulyLun\.m2\repository\org\hibernate\common\hibernate-commons-annotations\5.0.1.Final\hibernate-commons-annotations-5.0.1.Final.jar;C:\Users\JulyLun\.m2\repository\org\xerial\sqlite-jdbc\3.30.1\sqlite-jdbc-3.30.1.jar;C:\Users\JulyLun\.m2\repository\jakarta\mvc\jakarta.mvc-api\2.0.0\jakarta.mvc-api-2.0.0.jar
Launcher Type: SUN_STANDARD

[Global flags]
     intx CICompilerCount                          = 12                                        {product} {ergonomic}
     uint ConcGCThreads                            = 3                                         {product} {ergonomic}
     uint G1ConcRefinementThreads                  = 13                                        {product} {ergonomic}
   size_t G1HeapRegionSize                         = 2097152                                   {product} {ergonomic}
   size_t InitialHeapSize                          = 264241152                                 {product} {ergonomic}
   size_t MarkStackSize                            = 4194304                                   {product} {ergonomic}
   size_t MaxHeapSize                              = 4200595456                                {product} {ergonomic}
   size_t MaxNewSize                               = 2518679552                                {product} {ergonomic}
   size_t MinHeapDeltaBytes                        = 2097152                                   {product} {ergonomic}
   size_t MinHeapSize                              = 8388608                                   {product} {ergonomic}
    uintx NonNMethodCodeHeapSize                   = 7602480                                {pd product} {ergonomic}
    uintx NonProfiledCodeHeapSize                  = 122027880                              {pd product} {ergonomic}
    uintx ProfiledCodeHeapSize                     = 122027880                              {pd product} {ergonomic}
    uintx ReservedCodeCacheSize                    = 251658240                              {pd product} {ergonomic}
     bool SegmentedCodeCache                       = true                                      {product} {ergonomic}
   size_t SoftMaxHeapSize                          = 4200595456                             {manageable} {ergonomic}
     bool UseCompressedOops                        = true                           {product lp64_product} {ergonomic}
     bool UseG1GC                                  = true                                      {product} {ergonomic}
     bool UseLargePagesIndividualAllocation        = false                                  {pd product} {ergonomic}

Logging:
Log output configuration:
 #0: stdout all=warning uptime,level,tags foldmultilines=false
 #1: stderr all=off uptime,level,tags foldmultilines=false

Environment Variables:
JAVA_HOME=C:\Program Files\Java\jdk-21
PATH=C:\Program Files\Common Files\Oracle\Java\javapath;C:\Program Files (x86)\VMware\VMware Workstation\bin\;C:\Program Files (x86)\Common Files\Oracle\Java\javapath;C:\msys64\ucrt64\bin;C:\Program Files\Microsoft\jdk-11.0.16.101-hotspot\bin;C:\Windows\system32;C:\Windows;C:\Windows\System32\Wbem;C:\Windows\System32\WindowsPowerShell\v1.0\;C:\Windows\System32\OpenSSH\;C:\Program Files\Microsoft SQL Server\150\Tools\Binn\;C:\Program Files\dotnet\;C:\Program Files (x86)\Windows Kits\10\Windows Performance Toolkit\;C:\xampp\php;C:\xampp;C:\Program Files (x86)\Microsoft SQL Server\160\Tools\Binn\;C:\Program Files\Microsoft SQL Server\160\Tools\Binn\;C:\Program Files\Microsoft SQL Server\Client SDK\ODBC\170\Tools\Binn\;C:\Program Files\Microsoft SQL Server\160\DTS\Binn\;C:\Program Files (x86)\Microsoft SQL Server\160\DTS\Binn\;C:\Program Files\Azure Data Studio\bin;C:\Program Files\Git\cmd;C:\Program Files\Git LFS;C:\Program Files\MySQL\MySQL Shell 8.0\bin\;C:\xampp\php;C:\Users\JulyLun\AppData\Local\Programs\Python\Launcher\;C:\Users\JulyLun\AppData\Local\Microsoft\WindowsApps;C:\Users\JulyLun\AppData\Local\Programs\Microsoft VS Code\bin;D:\ApplicationData\IntelliJ IDEA 2023.3.6\bin;;C:\Users\JulyLun\.dotnet\tools;C:\Program Files\Azure Data Studio\bin;C:\Program Files\Java\jdk-21\bin;
USERNAME=JulyLun
OS=Windows_NT
PROCESSOR_IDENTIFIER=Intel64 Family 6 Model 186 Stepping 2, GenuineIntel
TMP=C:\Users\JulyLun\AppData\Local\Temp
TEMP=C:\Users\JulyLun\AppData\Local\Temp




Periodic native trim disabled

---------------  S Y S T E M  ---------------

OS:
 Windows 11 , 64 bit Build 22621 (10.0.22621.3527)
OS uptime: 2 days 15:48 hours

CPU: total 16 (initial active 16) (8 cores per cpu, 2 threads per core) family 6 model 186 stepping 2 microcode 0x410e, cx8, cmov, fxsr, ht, mmx, 3dnowpref, sse, sse2, sse3, ssse3, sse4.1, sse4.2, popcnt, lzcnt, tsc, tscinvbit, avx, avx2, aes, erms, clmul, bmi1, bmi2, adx, sha, fma, vzeroupper, clflush, clflushopt, clwb, serialize, rdtscp, rdpid, fsrm, f16c, pku, cet_ibt, cet_ss
Processor Information for processor 0
  Max Mhz: 2600, Current Mhz: 2600, Mhz Limit: 2600
Processor Information for processor 1
  Max Mhz: 2600, Current Mhz: 2600, Mhz Limit: 2600
Processor Information for processor 2
  Max Mhz: 2600, Current Mhz: 2600, Mhz Limit: 2600
Processor Information for processor 3
  Max Mhz: 2600, Current Mhz: 2600, Mhz Limit: 2600
Processor Information for processor 4
  Max Mhz: 2600, Current Mhz: 2600, Mhz Limit: 2600
Processor Information for processor 5
  Max Mhz: 2600, Current Mhz: 2600, Mhz Limit: 2600
Processor Information for processor 6
  Max Mhz: 2600, Current Mhz: 2600, Mhz Limit: 2600
Processor Information for processor 7
  Max Mhz: 2600, Current Mhz: 2600, Mhz Limit: 2600
Processor Information for processor 8
  Max Mhz: 2600, Current Mhz: 1900, Mhz Limit: 1898
Processor Information for processor 9
  Max Mhz: 2600, Current Mhz: 1900, Mhz Limit: 1898
Processor Information for processor 10
  Max Mhz: 2600, Current Mhz: 1900, Mhz Limit: 1898
Processor Information for processor 11
  Max Mhz: 2600, Current Mhz: 1900, Mhz Limit: 1898
Processor Information for processor 12
  Max Mhz: 2600, Current Mhz: 1900, Mhz Limit: 1898
Processor Information for processor 13
  Max Mhz: 2600, Current Mhz: 1500, Mhz Limit: 1898
Processor Information for processor 14
  Max Mhz: 2600, Current Mhz: 1900, Mhz Limit: 1898
Processor Information for processor 15
  Max Mhz: 2600, Current Mhz: 1900, Mhz Limit: 1898

Memory: 4k page, system-wide physical 16016M (2497M free)
TotalPageFile size 46016M (AvailPageFile size 17846M)
current process WorkingSet (physical memory assigned to process): 301M, peak: 311M
current process commit charge ("private bytes"): 498M, peak: 527M

vm_info: OpenJDK 64-Bit Server VM (22.0.1+8-16) for windows-amd64 JRE (22.0.1+8-16), built on 2024-03-12T10:33:16Z by "mach5one" with MS VC++ 17.6 (VS2022)

END.
