#
# A fatal error has been detected by the Java Runtime Environment:
#
#  EXCEPTION_ACCESS_VIOLATION (0xc0000005) at pc=0x00007ffc563e56f4, pid=34204, tid=19944
#
# JRE version: OpenJDK Runtime Environment (22.0.1+8) (build 22.0.1+8-16)
# Java VM: OpenJDK 64-Bit Server VM (22.0.1+8-16, mixed mode, sharing, tiered, compressed oops, compressed class ptrs, g1 gc, windows-amd64)
# Problematic frame:
# C  [igxelpicd64.dll+0x2956f4]
#
# No core dump will be written. Minidumps are not enabled by default on client versions of Windows
#
# If you would like to submit a bug report, please visit:
#   https://bugreport.java.com/bugreport/crash.jsp
# The crash happened outside the Java Virtual Machine in native code.
# See problematic frame for where to report the bug.
#

---------------  S U M M A R Y ------------

Command Line: -javaagent:D:\ApplicationData\IntelliJ IDEA 2023.3.6\lib\idea_rt.jar=58015:D:\ApplicationData\IntelliJ IDEA 2023.3.6\bin -Dfile.encoding=UTF-8 -Dsun.stdout.encoding=UTF-8 -Dsun.stderr.encoding=UTF-8 com.findselfback.FindSelfBack

Host: 13th Gen Intel(R) Core(TM) i5-13500H, 16 cores, 15G,  Windows 11 , 64 bit Build 22621 (10.0.22621.3527)
Time: Sat Jun  1 15:38:41 2024 SE Asia Standard Time elapsed time: 21.812858 seconds (0d 0h 0m 21s)

---------------  T H R E A D  ---------------

Current thread (0x0000012f23d594c0):  JavaThread "Java2D Queue Flusher" daemon [_thread_in_native, id=19944, stack(0x00000003ac700000,0x00000003ac800000) (1024K)]

Stack: [0x00000003ac700000,0x00000003ac800000],  sp=0x00000003ac7b6bc0,  free space=730k
Native frames: (J=compiled Java code, j=interpreted, Vv=VM code, C=native code)
C  [igxelpicd64.dll+0x2956f4]  (no source info available)
C  [igxelpicd64.dll+0x12bcca]  (no source info available)
C  [igxelpicd64.dll+0x130706]  (no source info available)
C  [igxelpicd64.dll+0x12b9de]  (no source info available)
C  [igxelpicd64.dll+0x19fb6]  (no source info available)
C  [igxelpicd64.dll+0x1885e]  (no source info available)
C  [igxelpicd64.dll+0x22360a]  (no source info available)
C  [igxelpicd64.dll+0x2240ab]  (no source info available)
C  [igxelpicd64.dll+0x8bfc6]  (no source info available)
C  [igxelpicd64.dll+0xab77f2]  (no source info available)
C  [awt.dll+0x57eeb]  (no source info available)
C  [awt.dll+0x5ec43]  (no source info available)
C  0x0000012f13b2210e  (no source info available)

The last pc belongs to native nmethod (printed below).
Java frames: (J=compiled Java code, j=interpreted, Vv=VM code)
J 2047  sun.java2d.opengl.OGLRenderQueue.flushBuffer(JI)V java.desktop@22.0.1 (0 bytes) @ 0x0000012f13b22073 [0x0000012f13b22020+0x0000000000000053]
J 2045 c1 sun.java2d.opengl.OGLRenderQueue.flushBuffer()V java.desktop@22.0.1 (41 bytes) @ 0x0000012f0c217c0c [0x0000012f0c217ae0+0x000000000000012c]
j  sun.java2d.opengl.OGLRenderQueue$QueueFlusher.run()V+81 java.desktop@22.0.1
j  java.lang.Thread.runWith(Ljava/lang/Object;Ljava/lang/Runnable;)V+5 java.base@22.0.1
j  java.lang.Thread.run()V+19 java.base@22.0.1
v  ~StubRoutines::call_stub 0x0000012f1332100d

siginfo: EXCEPTION_ACCESS_VIOLATION (0xc0000005), reading address 0x0000000000000008


Registers:
RAX=0x00007ffc571afb40, RBX=0x0000012f69ae98c0, RCX=0x0000012f69b8df90, RDX=0x0000012f69b8dd20
RSP=0x00000003ac7b6bc0, RBP=0x0000012f69b8dd20, RSI=0x0000012f69b2a400, RDI=0x0000000000000001
R8 =0x0000000000000000, R9 =0x0000000000000001, R10=0x0000012f69ae98c0, R11=0x0000000000052000
R12=0x0000000000000001, R13=0x0000012f69b8df90, R14=0x0000000000000000, R15=0x0000012f69b8dd20
RIP=0x00007ffc563e56f4, EFLAGS=0x0000000000010206


Register to memory mapping:

RAX=0x00007ffc571afb40 igxelpicd64.dll
RBX=0x0000012f69ae98c0 points into unknown readable memory: 0x0000012f696029c0 | c0 29 60 69 2f 01 00 00
RCX=0x0000012f69b8df90 points into unknown readable memory: 0x65646f6d2d6e6500 | 00 65 6e 2d 6d 6f 64 65
RDX=0x0000012f69b8dd20 points into unknown readable memory: 0x0000012f020a0100 | 00 01 0a 02 2f 01 00 00
RSP=0x00000003ac7b6bc0 is pointing into the stack for thread: 0x0000012f23d594c0
RBP=0x0000012f69b8dd20 points into unknown readable memory: 0x0000012f020a0100 | 00 01 0a 02 2f 01 00 00
RSI=0x0000012f69b2a400 points into unknown readable memory: 0x0000000000000000 | 00 00 00 00 00 00 00 00
RDI=0x0000000000000001 is an unknown value
R8 =0x0 is null
R9 =0x0000000000000001 is an unknown value
R10=0x0000012f69ae98c0 points into unknown readable memory: 0x0000012f696029c0 | c0 29 60 69 2f 01 00 00
R11=0x0000000000052000 is an unknown value
R12=0x0000000000000001 is an unknown value
R13=0x0000012f69b8df90 points into unknown readable memory: 0x65646f6d2d6e6500 | 00 65 6e 2d 6d 6f 64 65
R14=0x0 is null
R15=0x0000012f69b8dd20 points into unknown readable memory: 0x0000012f020a0100 | 00 01 0a 02 2f 01 00 00

Top of Stack: (sp=0x00000003ac7b6bc0)
0x00000003ac7b6bc0:   0000000000000001 0000012f69b2a400
0x00000003ac7b6bd0:   0000000000000000 00007ffc5618f061
0x00000003ac7b6be0:   0000000000000000 0000012f69b2a1b0
0x00000003ac7b6bf0:   0000012f69b8fba0 0000012f69b8dd20
0x00000003ac7b6c00:   00000000ffffffff 0000000000000000
0x00000003ac7b6c10:   0000012f69b1f4d0 0000012f69b2a584
0x00000003ac7b6c20:   0000000000000001 0000012f69b2a400
0x00000003ac7b6c30:   0000012f69b8dd20 00007ffc5627bcca
0x00000003ac7b6c40:   0000012f69ae98c0 00007ffc56274701
0x00000003ac7b6c50:   0000000000000000 00007ffc00000000
0x00000003ac7b6c60:   0000000000000000 00007ffc00000000
0x00000003ac7b6c70:   fa000000e3000000 0000000000000000
0x00000003ac7b6c80:   0000000000000000 0977000000000000
0x00000003ac7b6c90:   00000000ffffffff 0000012f69b964c0
0x00000003ac7b6ca0:   0000012f69b1f4d0 0000000000000000
0x00000003ac7b6cb0:   0000000000000001 00007ffc56280706
0x00000003ac7b6cc0:   0000000000000400 00000003ac7b6dc0
0x00000003ac7b6cd0:   0000012f69b2a400 0000012f69b2a400
0x00000003ac7b6ce0:   0208000000000000 0000000000000000
0x00000003ac7b6cf0:   0000000000020000 0000000100000001
0x00000003ac7b6d00:   0000000100000000 0000001c00000000
0x00000003ac7b6d10:   0000012f69ae98c0 0000000000000001
0x00000003ac7b6d20:   2010543d00000000 0000012f69b1f4d0
0x00000003ac7b6d30:   0000000000000000 0000000000000000
0x00000003ac7b6d40:   0000000000000000 0000000000000000
0x00000003ac7b6d50:   0000000000000000 0000000000000000
0x00000003ac7b6d60:   0000000000000000 0000000000000000
0x00000003ac7b6d70:   0000000000000000 0000000000000000
0x00000003ac7b6d80:   0000012f69b964c0 0000000000000000
0x00000003ac7b6d90:   0000000000000000 0000000000000000
0x00000003ac7b6da0:   0000000000000000 0000000000000000
0x00000003ac7b6db0:   0000000000000000 0000000000000000 

Instructions: (pc=0x00007ffc563e56f4)
0x00007ffc563e55f4:   48 8b 78 08 48 85 ff 74 4d 48 8b 9f c0 4e 03 00
0x00007ffc563e5604:   48 85 db 74 33 4c 8d b3 78 02 00 00 f6 46 08 01
0x00007ffc563e5614:   74 19 48 8d 8b 70 02 00 00 4c 8b 8b b8 01 00 00
0x00007ffc563e5624:   4d 8b 06 48 8b d7 e8 61 f8 ff ff 48 8b 83 50 02
0x00007ffc563e5634:   00 00 48 8b 08 49 89 0e 48 8b 7f 08 48 85 ff 75
0x00007ffc563e5644:   b8 48 8b 5c 24 30 48 8b cb ff 15 dd 7b 92 00 f6
0x00007ffc563e5654:   46 08 04 74 09 48 8b 4e 10 e8 0e f3 ff ff 48 8b
0x00007ffc563e5664:   5c 24 38 48 8b 74 24 40 48 8b 7c 24 48 48 83 c4
0x00007ffc563e5674:   20 41 5e c3 48 8d 8a 30 00 00 00 e9 6c fe d9 ff
0x00007ffc563e5684:   cc cc cc cc cc cc cc cc cc cc cc cc 33 c0 c6 01
0x00007ffc563e5694:   00 48 89 41 08 48 89 41 10 48 89 41 18 89 41 20
0x00007ffc563e56a4:   48 8b c1 c3 cc cc cc cc cc cc cc cc c2 00 00 cc
0x00007ffc563e56b4:   cc cc cc cc cc cc cc cc cc cc cc cc 48 89 5c 24
0x00007ffc563e56c4:   08 4c 89 44 24 18 55 56 57 41 54 41 55 41 56 41
0x00007ffc563e56d4:   57 48 83 ec 40 45 0f b6 e1 4d 8b f0 4c 8b fa 4c
0x00007ffc563e56e4:   8b e9 c6 84 24 88 00 00 00 01 8b ba 38 02 00 00
0x00007ffc563e56f4:   49 8b 48 08 f6 41 20 08 0f 84 7f 03 00 00 49 8b
0x00007ffc563e5704:   88 f0 00 00 00 e8 22 b2 1a 00 49 8b ae f0 00 00
0x00007ffc563e5714:   00 48 8b 5d 08 44 8b b4 24 a8 00 00 00 8b b4 24
0x00007ffc563e5724:   a0 00 00 00 48 8b 1b 48 3b 5d 08 74 3b 44 89 74
0x00007ffc563e5734:   24 28 89 74 24 20 45 0f b6 cc 4c 8b 43 10 49 8b
0x00007ffc563e5744:   d7 49 8b cd e8 73 ff ff ff 8b 8c 24 88 00 00 00
0x00007ffc563e5754:   0f b6 c9 84 c0 41 b8 00 00 00 00 41 0f 44 c8 89
0x00007ffc563e5764:   8c 24 88 00 00 00 eb bc 45 84 e4 0f 84 fa 02 00
0x00007ffc563e5774:   00 85 f6 0f 84 40 02 00 00 83 ee 01 0f 84 7d 01
0x00007ffc563e5784:   00 00 83 ee 01 74 23 83 fe 01 0f 84 6f 01 00 00
0x00007ffc563e5794:   4c 8b b4 24 90 00 00 00 33 c0 41 89 46 18 8b 84
0x00007ffc563e57a4:   24 88 00 00 00 e9 06 0f 00 00 49 8b af b0 01 00
0x00007ffc563e57b4:   00 4c 8b b4 24 90 00 00 00 49 8d 9e 18 01 00 00
0x00007ffc563e57c4:   8d 77 f0 83 ff 10 73 0a 48 8d 0c ff 48 8d 04 cb
0x00007ffc563e57d4:   eb 5d 8b c6 c1 e8 04 83 f8 03 73 1f 0f ae e8 48
0x00007ffc563e57e4:   8b 8c c3 80 04 00 00 48 85 c9 74 2d 8b c6 83 e0 


Stack slot to memory mapping:

stack at sp + 0 slots: 0x0000000000000001 is an unknown value
stack at sp + 1 slots: 0x0000012f69b2a400 points into unknown readable memory: 0x0000000000000000 | 00 00 00 00 00 00 00 00
stack at sp + 2 slots: 0x0 is null
stack at sp + 3 slots: 0x00007ffc5618f061 igxelpicd64.dll
stack at sp + 4 slots: 0x0 is null
stack at sp + 5 slots: 0x0000012f69b2a1b0 points into unknown readable memory: 0x00000a4000000002 | 02 00 00 00 40 0a 00 00
stack at sp + 6 slots: 0x0000012f69b8fba0 points into unknown readable memory: 0x0000012f69695130 | 30 51 69 69 2f 01 00 00
stack at sp + 7 slots: 0x0000012f69b8dd20 points into unknown readable memory: 0x0000012f020a0100 | 00 01 0a 02 2f 01 00 00


Compiled method (n/a) 21935 2047     n 0       sun.java2d.opengl.OGLRenderQueue::flushBuffer (native)
 total in heap  [0x0000012f13b21e90,0x0000012f13b22238] = 936
 relocation     [0x0000012f13b21fe8,0x0000012f13b22018] = 48
 main code      [0x0000012f13b22020,0x0000012f13b22232] = 530
 stub code      [0x0000012f13b22232,0x0000012f13b22238] = 6

[Constant Pool (empty)]

[MachCode]
[Entry Point]
  # {method} {0x0000012f65297480} 'flushBuffer' '(JI)V' in 'sun/java2d/opengl/OGLRenderQueue'
  # this:     rdx:rdx   = 'sun/java2d/opengl/OGLRenderQueue'
  # parm0:    r8:r8     = long
  # parm1:    r9        = int
  #           [sp+0x70]  (sp of caller)
  0x0000012f13b22020: 448b 5208 | 49bb 0000 | 0024 2f01 | 0000 4d03 | d349 3bc2 | 0f84 0600 

  0x0000012f13b22038: ;   {runtime_call ic_miss_stub}
  0x0000012f13b22038: 0000 e941 | c784 ff90 
[Verified Entry Point]
  0x0000012f13b22040: 8984 2400 | 80ff ff55 | 488b ec48 | 83ec 6090 | 4181 7f20 | 0100 0000 

  0x0000012f13b22058: ;   {runtime_call StubRoutines (final stubs)}
  0x0000012f13b22058: 7405 e881 | 2c83 ff48 | 8954 2420 | 4883 fa00 | 488d 5424 | 2048 0f44 | 5424 20c5 

  0x0000012f13b22074: ;   {internal_word}
  0x0000012f13b22074: f877 49ba | 7320 b213 | 2f01 0000 | 4d89 97a8 | 0300 0049 | 89a7 a003 

  0x0000012f13b2208c: ;   {external_word}
  0x0000012f13b2208c: 0000 49ba | 9c30 549e | fc7f 0000 | 4180 3a00 | 0f84 4e00 | 0000 5241 

  0x0000012f13b220a4: ;   {metadata({method} {0x0000012f65297480} 'flushBuffer' '(JI)V' in 'sun/java2d/opengl/OGLRenderQueue')}
  0x0000012f13b220a4: 5041 5148 | ba78 7429 | 652f 0100 | 0049 8bcf | 4883 ec20 | 40f6 c40f | 0f84 1900 | 0000 4883 
  0x0000012f13b220c4: ;   {runtime_call}
  0x0000012f13b220c4: ec08 48b8 | 40b5 049e | fc7f 0000 | ffd0 4883 | c408 e90c 

  0x0000012f13b220d8: ;   {runtime_call}
  0x0000012f13b220d8: 0000 0048 | b840 b504 | 9efc 7f00 | 00ff d048 | 83c4 2041 | 5941 585a | 498d 8fc0 | 0300 0041 
  0x0000012f13b220f8: c787 5404 | 0000 0400 

  0x0000012f13b22100: ;   {runtime_call}
  0x0000012f13b22100: 0000 48b8 | f0e6 f0dc | fc7f 0000 | ffd0 c5f8 | 7741 c787 | 5404 0000 | 0500 0000 | f083 4424 
  0x0000012f13b22120: c000 493b | af58 0400 | 000f 870e | 0000 0041 | 83bf 5004 | 0000 000f | 8423 0000 | 00c5 f877 
  0x0000012f13b22140: 498b cf4c | 8be4 4883 | ec20 4883 

  0x0000012f13b2214c: ;   {runtime_call}
  0x0000012f13b2214c: e4f0 48b8 | d01e cf9d | fc7f 0000 | ffd0 498b | e44d 33e4 | 41c7 8754 | 0400 0008 | 0000 0041 
  0x0000012f13b2216c: 83bf d004 | 0000 020f | 8494 0000 

  0x0000012f13b22178: ;   {external_word}
  0x0000012f13b22178: 0049 ba9c | 3054 9efc | 7f00 0041 | 803a 000f | 8444 0000 

  0x0000012f13b2218c: ;   {metadata({method} {0x0000012f65297480} 'flushBuffer' '(JI)V' in 'sun/java2d/opengl/OGLRenderQueue')}
  0x0000012f13b2218c: 0048 ba78 | 7429 652f | 0100 0049 | 8bcf 4883 | ec20 40f6 | c40f 0f84 | 1900 0000 | 4883 ec08 
  0x0000012f13b221ac: ;   {runtime_call}
  0x0000012f13b221ac: 48b8 40b5 | 049e fc7f | 0000 ffd0 | 4883 c408 | e90c 0000 

  0x0000012f13b221c0: ;   {runtime_call}
  0x0000012f13b221c0: 0048 b840 | b504 9efc | 7f00 00ff | d048 83c4 | 2049 c787 | a003 0000 | 0000 0000 | 49c7 87a8 
  0x0000012f13b221e0: 0300 0000 | 0000 00c5 | f877 498b | 8f30 0400 | 00c7 8100 | 0100 0000 | 0000 00c9 | 4983 7f08 
  0x0000012f13b22200: 000f 8501 | 0000 00c3 

  0x0000012f13b22208: ;   {runtime_call StubRoutines (initial stubs)}
  0x0000012f13b22208: e9f3 ec7f | ffc5 f877 | 4c8b e448 | 83ec 2048 

  0x0000012f13b22218: ;   {runtime_call}
  0x0000012f13b22218: 83e4 f048 | b890 ed04 | 9efc 7f00 | 00ff d049 | 8be4 4d33 | e4e9 47ff | ffff f4f4 | f4f4 f4f4 
[/MachCode]


Compiled method (c1) 21938 2045       3       sun.java2d.opengl.OGLRenderQueue::flushBuffer (41 bytes)
 total in heap  [0x0000012f0c217910,0x0000012f0c217f78] = 1640
 relocation     [0x0000012f0c217a68,0x0000012f0c217ad0] = 104
 main code      [0x0000012f0c217ae0,0x0000012f0c217de0] = 768
 stub code      [0x0000012f0c217de0,0x0000012f0c217e38] = 88
 metadata       [0x0000012f0c217e38,0x0000012f0c217e60] = 40
 scopes data    [0x0000012f0c217e60,0x0000012f0c217eb0] = 80
 scopes pcs     [0x0000012f0c217eb0,0x0000012f0c217f50] = 160
 dependencies   [0x0000012f0c217f50,0x0000012f0c217f58] = 8
 nul chk table  [0x0000012f0c217f58,0x0000012f0c217f78] = 32

[Constant Pool (empty)]

[MachCode]
[Entry Point]
  # {method} {0x0000012f65297570} 'flushBuffer' '()V' in 'sun/java2d/opengl/OGLRenderQueue'
  #           [sp+0x70]  (sp of caller)
  0x0000012f0c217ae0: 448b 5208 | 49bb 0000 | 0024 2f01 | 0000 4d03 | d34c 3bd0 

  0x0000012f0c217af4: ;   {runtime_call ic_miss_stub}
  0x0000012f0c217af4: 0f85 866c | 1507 660f | 1f44 0000 
[Verified Entry Point]
  0x0000012f0c217b00: 8984 2400 | 80ff ff55 | 4883 ec60 | 4181 7f20 | 0100 0000 

  0x0000012f0c217b14: ;   {runtime_call StubRoutines (final stubs)}
  0x0000012f0c217b14: 7405 e8c5 

  0x0000012f0c217b18: ;   {metadata(method data for {method} {0x0000012f65297570} 'flushBuffer' '()V' in 'sun/java2d/opengl/OGLRenderQueue')}
  0x0000012f0c217b18: d113 0749 | b8f0 5372 | 652f 0100 | 0045 8b88 | cc00 0000 | 4183 c102 | 4589 88cc | 0000 0041 
  0x0000012f0c217b38: 81e1 fe07 | 0000 4585 | c90f 84e8 | 0100 0044 | 8b42 0c49 | c1e0 0349 | 3b00 4d8b 

  0x0000012f0c217b54: ;   {metadata(method data for {method} {0x0000012f65297570} 'flushBuffer' '()V' in 'sun/java2d/opengl/OGLRenderQueue')}
  0x0000012f0c217b54: c848 bef0 | 5372 652f | 0100 0048 | 8386 1801 

  0x0000012f0c217b64: ;   {metadata(method data for {method} {0x0000012f65299618} 'position' '()I' in 'sun/java2d/pipe/RenderBuffer')}
  0x0000012f0c217b64: 0000 0149 | b928 bd7c | 652f 0100 | 0041 8bb1 | cc00 0000 | 83c6 0241 | 89b1 cc00 | 0000 81e6 
  0x0000012f0c217b84: feff 1f00 | 85f6 0f84 | c501 0000 | 4d8b 4820 | 498b 7010 | 4c2b ce45 | 8bc9 4585 

  0x0000012f0c217ba0: ;   {metadata(method data for {method} {0x0000012f65297570} 'flushBuffer' '()V' in 'sun/java2d/opengl/OGLRenderQueue')}
  0x0000012f0c217ba0: c948 bff0 | 5372 652f | 0100 0048 | c7c3 4801 | 0000 7e07 | 48c7 c358 | 0100 0048 | 8b04 1f48 
  0x0000012f0c217bc0: 8d40 0148 | 8904 1f0f | 8e4c 0000 

  0x0000012f0c217bcc: ;   {metadata(method data for {method} {0x0000012f65297570} 'flushBuffer' '()V' in 'sun/java2d/opengl/OGLRenderQueue')}
  0x0000012f0c217bcc: 0048 bff0 | 5372 652f | 0100 0048 | 8387 6801 | 0000 014c 

  0x0000012f0c217be0: ;   {metadata(method data for {method} {0x0000012f65297570} 'flushBuffer' '()V' in 'sun/java2d/opengl/OGLRenderQueue')}
  0x0000012f0c217be0: 8bc2 48bf | f053 7265 | 2f01 0000 | 4883 8798 | 0100 0001 | 4c8b c648 | 8bf2 488b | d648 8974 
  0x0000012f0c217c00: 2450 0f1f 

  0x0000012f0c217c04: ;   {optimized virtual_call}
  0x0000012f0c217c04: 4400 00e8 

  0x0000012f0c217c08: ; ImmutableOopMap {[80]=Oop }
                      ;*invokevirtual flushBuffer {reexecute=0 rethrow=0 return_oop=0}
                      ; - sun.java2d.opengl.OGLRenderQueue::flushBuffer@21 (line 148)
  0x0000012f0c217c08: 34a4 9007 

  0x0000012f0c217c0c: ;   {other}
  0x0000012f0c217c0c: 0f1f 8400 | fc02 0000 | 488b 5424 | 508b 720c | 48c1 e603 

  0x0000012f0c217c20: ; implicit exception: dispatches to 0x0000012f0c217d76
  0x0000012f0c217c20: 483b 0648 

  0x0000012f0c217c24: ;   {metadata(method data for {method} {0x0000012f65297570} 'flushBuffer' '()V' in 'sun/java2d/opengl/OGLRenderQueue')}
  0x0000012f0c217c24: 8bfe 48bb | f053 7265 | 2f01 0000 | 4883 83c8 | 0100 0001 

  0x0000012f0c217c38: ;   {metadata(method data for {method} {0x0000012f65299788} 'clear' '()V' in 'sun/java2d/pipe/RenderBuffer')}
  0x0000012f0c217c38: 48bf 5856 | 7265 2f01 | 0000 8b9f | cc00 0000 | 83c3 0289 | 9fcc 0000 | 0081 e3fe | ff1f 0085 
  0x0000012f0c217c58: db0f 841c | 0100 0048 | 8b7e 1048 | 897e 208b | 5210 48c1 | e203 483b | 0248 8bf2 

  0x0000012f0c217c74: ;   {metadata(method data for {method} {0x0000012f65297570} 'flushBuffer' '()V' in 'sun/java2d/opengl/OGLRenderQueue')}
  0x0000012f0c217c74: 48bf f053 | 7265 2f01 | 0000 8b76 | 0849 ba00 | 0000 242f | 0100 0049 | 03f2 483b | b700 0200 
  0x0000012f0c217c94: 0075 0d48 | 8387 0802 | 0000 01e9 | 6000 0000 | 483b b710 | 0200 0075 | 0d48 8387 | 1802 0000 
  0x0000012f0c217cb4: 01e9 4a00 | 0000 4883 | bf00 0200 | 0000 7517 | 4889 b700 | 0200 0048 | c787 0802 | 0000 0100 
  0x0000012f0c217cd4: 0000 e929 | 0000 0048 | 83bf 1002 | 0000 0075 | 1748 89b7 | 1002 0000 | 48c7 8718 | 0200 0001 
  0x0000012f0c217cf4: 0000 00e9 | 0800 0000 | 4883 87f8 | 0100 0001 | 9048 b8f0 | 7f0b 242f 

  0x0000012f0c217d0c: ;   {virtual_call}
  0x0000012f0c217d0c: 0100 00e8 

  0x0000012f0c217d10: ; ImmutableOopMap {}
                      ;*invokeinterface clear {reexecute=0 rethrow=0 return_oop=0}
                      ; - sun.java2d.opengl.OGLRenderQueue::flushBuffer@35 (line 153)
  0x0000012f0c217d10: 2cf6 ffff 

  0x0000012f0c217d14: ;   {other}
  0x0000012f0c217d14: 0f1f 8400 | 0404 0001 | 4883 c460 

  0x0000012f0c217d20: ;   {poll_return}
  0x0000012f0c217d20: 5d49 3ba7 | 5804 0000 | 0f87 7300 

  0x0000012f0c217d2c: ;   {metadata({method} {0x0000012f65297570} 'flushBuffer' '()V' in 'sun/java2d/opengl/OGLRenderQueue')}
  0x0000012f0c217d2c: 0000 c349 | ba68 7529 | 652f 0100 | 004c 8954 | 2408 48c7 | 0424 ffff 

  0x0000012f0c217d44: ;   {runtime_call counter_overflow Runtime1 stub}
  0x0000012f0c217d44: ffff e835 

  0x0000012f0c217d48: ; ImmutableOopMap {rdx=Oop }
                      ;*synchronization entry
                      ; - sun.java2d.opengl.OGLRenderQueue::flushBuffer@-1 (line 145)
  0x0000012f0c217d48: 0d22 07e9 | f7fd ffff 

  0x0000012f0c217d50: ;   {runtime_call throw_null_pointer_exception Runtime1 stub}
  0x0000012f0c217d50: e82b a021 

  0x0000012f0c217d54: ; ImmutableOopMap {rdx=Oop r8=Oop }
                      ;*invokevirtual position {reexecute=0 rethrow=0 return_oop=0}
                      ; - sun.java2d.opengl.OGLRenderQueue::flushBuffer@4 (line 145)
                      ;   {metadata({method} {0x0000012f65299618} 'position' '()I' in 'sun/java2d/pipe/RenderBuffer')}
  0x0000012f0c217d54: 0749 ba10 | 9629 652f | 0100 004c | 8954 2408 | 48c7 0424 | ffff ffff 

  0x0000012f0c217d6c: ;   {runtime_call counter_overflow Runtime1 stub}
  0x0000012f0c217d6c: e80f 0d22 

  0x0000012f0c217d70: ; ImmutableOopMap {rdx=Oop r8=Oop }
                      ;*synchronization entry
                      ; - sun.java2d.pipe.RenderBuffer::position@-1 (line 110)
                      ; - sun.java2d.opengl.OGLRenderQueue::flushBuffer@4 (line 145)
  0x0000012f0c217d70: 07e9 1afe 

  0x0000012f0c217d74: ;   {runtime_call throw_null_pointer_exception Runtime1 stub}
  0x0000012f0c217d74: ffff e805 

  0x0000012f0c217d78: ; ImmutableOopMap {rdx=Oop rsi=Oop }
                      ;*invokevirtual clear {reexecute=0 rethrow=0 return_oop=0}
                      ; - sun.java2d.opengl.OGLRenderQueue::flushBuffer@28 (line 151)
                      ;   {metadata({method} {0x0000012f65299788} 'clear' '()V' in 'sun/java2d/pipe/RenderBuffer')}
  0x0000012f0c217d78: a021 0749 | ba80 9729 | 652f 0100 | 004c 8954 | 2408 48c7 | 0424 ffff 

  0x0000012f0c217d90: ;   {runtime_call counter_overflow Runtime1 stub}
  0x0000012f0c217d90: ffff e8e9 

  0x0000012f0c217d94: ; ImmutableOopMap {rdx=Oop rsi=Oop }
                      ;*synchronization entry
                      ; - sun.java2d.pipe.RenderBuffer::clear@-1 (line 118)
                      ; - sun.java2d.opengl.OGLRenderQueue::flushBuffer@28 (line 151)
  0x0000012f0c217d94: 0c22 07e9 | c3fe ffff 

  0x0000012f0c217d9c: ;   {runtime_call throw_null_pointer_exception Runtime1 stub}
  0x0000012f0c217d9c: e8df 9f21 

  0x0000012f0c217da0: ; ImmutableOopMap {rdx=Oop }
                      ;*invokeinterface clear {reexecute=0 rethrow=0 return_oop=0}
                      ; - sun.java2d.opengl.OGLRenderQueue::flushBuffer@35 (line 153)
                      ;   {internal_word}
  0x0000012f0c217da0: 0749 ba21 | 7d21 0c2f | 0100 004d | 8997 7004 

  0x0000012f0c217db0: ;   {runtime_call SafepointBlob}
  0x0000012f0c217db0: 0000 e949 | d915 0749 | 8b87 0805 | 0000 49c7 | 8708 0500 | 0000 0000 | 0049 c787 | 1005 0000 
  0x0000012f0c217dd0: 0000 0000 | 4883 c460 

  0x0000012f0c217dd8: ;   {runtime_call unwind_exception Runtime1 stub}
  0x0000012f0c217dd8: 5de9 2283 | 2107 f4f4 
[Stub Code]
  0x0000012f0c217de0: ;   {no_reloc}
  0x0000012f0c217de0: 0f1f 4400 

  0x0000012f0c217de4: ;   {static_stub}
  0x0000012f0c217de4: 0048 bb00 | 0000 0000 

  0x0000012f0c217dec: ;   {runtime_call}
  0x0000012f0c217dec: 0000 00e9 | fbff ffff 

  0x0000012f0c217df4: ;   {static_stub}
  0x0000012f0c217df4: 48bb 0000 | 0000 0000 

  0x0000012f0c217dfc: ;   {runtime_call}
  0x0000012f0c217dfc: 0000 e9fb 

  0x0000012f0c217e00: ;   {runtime_call handle_exception_from_callee Runtime1 stub}
  0x0000012f0c217e00: ffff ffe8 | f8d4 2107 

  0x0000012f0c217e08: ;   {external_word}
  0x0000012f0c217e08: 48b9 d018 | 2c9e fc7f | 0000 4883 

  0x0000012f0c217e14: ;   {runtime_call}
  0x0000012f0c217e14: e4f0 48b8 | c094 f39d | fc7f 0000 

  0x0000012f0c217e20: ;   {section_word}
  0x0000012f0c217e20: ffd0 f449 | ba23 7e21 | 0c2f 0100 

  0x0000012f0c217e2c: ;   {runtime_call DeoptimizationBlob}
  0x0000012f0c217e2c: 0041 52e9 | 6ccb 1507 | f4f4 f4f4 
[/MachCode]


---------------  P R O C E S S  ---------------

Threads class SMR info:
_java_thread_list=0x0000012f74d5a4d0, length=19, elements={
0x0000012f23d52e90, 0x0000012f23d539c0, 0x0000012f23d56880, 0x0000012f23d5c2b0,
0x0000012f23d5a870, 0x0000012f23d5c940, 0x0000012f23d64a60, 0x0000012f23d66270,
0x0000012f23d5b590, 0x0000012f23d59b50, 0x0000012f23d5bc20, 0x0000012f23d594c0,
0x0000012f23d5a1e0, 0x0000012f23d5af00, 0x0000012f70cb74b0, 0x0000012f70cbe440,
0x0000012f70cba930, 0x0000012f70cbead0, 0x0000012f70cb7b40
}

Java Threads: ( => current thread )
  0x0000012f23d52e90 JavaThread "Reference Handler"          daemon [_thread_blocked, id=15452, stack(0x00000003aba00000,0x00000003abb00000) (1024K)]
  0x0000012f23d539c0 JavaThread "Finalizer"                  daemon [_thread_blocked, id=416, stack(0x00000003abb00000,0x00000003abc00000) (1024K)]
  0x0000012f23d56880 JavaThread "Signal Dispatcher"          daemon [_thread_blocked, id=21952, stack(0x00000003abc00000,0x00000003abd00000) (1024K)]
  0x0000012f23d5c2b0 JavaThread "Attach Listener"            daemon [_thread_blocked, id=14680, stack(0x00000003abd00000,0x00000003abe00000) (1024K)]
  0x0000012f23d5a870 JavaThread "Service Thread"             daemon [_thread_blocked, id=19212, stack(0x00000003abe00000,0x00000003abf00000) (1024K)]
  0x0000012f23d5c940 JavaThread "Monitor Deflation Thread"   daemon [_thread_blocked, id=12932, stack(0x00000003abf00000,0x00000003ac000000) (1024K)]
  0x0000012f23d64a60 JavaThread "C2 CompilerThread0"         daemon [_thread_blocked, id=10500, stack(0x00000003ac000000,0x00000003ac100000) (1024K)]
  0x0000012f23d66270 JavaThread "C1 CompilerThread0"         daemon [_thread_blocked, id=26740, stack(0x00000003ac100000,0x00000003ac200000) (1024K)]
  0x0000012f23d5b590 JavaThread "Common-Cleaner"             daemon [_thread_blocked, id=21684, stack(0x00000003ac300000,0x00000003ac400000) (1024K)]
  0x0000012f23d59b50 JavaThread "Monitor Ctrl-Break"         daemon [_thread_in_native, id=19980, stack(0x00000003ac500000,0x00000003ac600000) (1024K)]
  0x0000012f23d5bc20 JavaThread "Notification Thread"        daemon [_thread_blocked, id=6660, stack(0x00000003ac600000,0x00000003ac700000) (1024K)]
=>0x0000012f23d594c0 JavaThread "Java2D Queue Flusher"       daemon [_thread_in_native, id=19944, stack(0x00000003ac700000,0x00000003ac800000) (1024K)]
  0x0000012f23d5a1e0 JavaThread "Java2D Disposer"            daemon [_thread_blocked, id=18132, stack(0x00000003ac400000,0x00000003ac500000) (1024K)]
  0x0000012f23d5af00 JavaThread "AWT-Shutdown"                      [_thread_blocked, id=35700, stack(0x00000003acc00000,0x00000003acd00000) (1024K)]
  0x0000012f70cb74b0 JavaThread "AWT-Windows"                daemon [_thread_in_native, id=27300, stack(0x00000003acd00000,0x00000003ace00000) (1024K)]
  0x0000012f70cbe440 JavaThread "Thread-1"                          [_thread_blocked, id=2608, stack(0x00000003ad800000,0x00000003ad900000) (1024K)]
  0x0000012f70cba930 JavaThread "Thread-2"                          [_thread_in_Java, id=13608, stack(0x00000003ad900000,0x00000003ada00000) (1024K)]
  0x0000012f70cbead0 JavaThread "AWT-EventQueue-0"                  [_thread_blocked, id=4912, stack(0x00000003ada00000,0x00000003adb00000) (1024K)]
  0x0000012f70cb7b40 JavaThread "DestroyJavaVM"                     [_thread_blocked, id=10648, stack(0x00000003ab200000,0x00000003ab300000) (1024K)]
Total: 19

Other Threads:
  0x0000012f23d35390 VMThread "VM Thread"                           [id=33936, stack(0x00000003ab900000,0x00000003aba00000) (1024K)]
  0x0000012f23d1a670 WatcherThread "VM Periodic Task Thread"        [id=23084, stack(0x00000003ab800000,0x00000003ab900000) (1024K)]
  0x0000012f0219bf30 WorkerThread "GC Thread#0"                     [id=15904, stack(0x00000003ab300000,0x00000003ab400000) (1024K)]
  0x0000012f70cd45b0 WorkerThread "GC Thread#1"                     [id=20032, stack(0x00000003ad100000,0x00000003ad200000) (1024K)]
  0x0000012f70cd4960 WorkerThread "GC Thread#2"                     [id=35428, stack(0x00000003ad200000,0x00000003ad300000) (1024K)]
  0x0000012f70ecef30 WorkerThread "GC Thread#3"                     [id=33296, stack(0x00000003ad300000,0x00000003ad400000) (1024K)]
  0x0000012f70ecf2e0 WorkerThread "GC Thread#4"                     [id=10160, stack(0x00000003ad400000,0x00000003ad500000) (1024K)]
  0x0000012f70ecfaa0 WorkerThread "GC Thread#5"                     [id=22672, stack(0x00000003ad500000,0x00000003ad600000) (1024K)]
  0x0000012f70f6da30 WorkerThread "GC Thread#6"                     [id=35824, stack(0x00000003ad600000,0x00000003ad700000) (1024K)]
  0x0000012f74b349c0 WorkerThread "GC Thread#7"                     [id=26156, stack(0x00000003ace00000,0x00000003acf00000) (1024K)]
  0x0000012f71195d20 WorkerThread "GC Thread#8"                     [id=30136, stack(0x00000003ad700000,0x00000003ad800000) (1024K)]
  0x0000012f74dc1030 WorkerThread "GC Thread#9"                     [id=35616, stack(0x00000003adb00000,0x00000003adc00000) (1024K)]
  0x0000012f7173a420 WorkerThread "GC Thread#10"                    [id=18984, stack(0x00000003adc00000,0x00000003add00000) (1024K)]
  0x0000012f7182f9b0 WorkerThread "GC Thread#11"                    [id=2328, stack(0x00000003add00000,0x00000003ade00000) (1024K)]
  0x0000012f0219cbc0 ConcurrentGCThread "G1 Main Marker"            [id=17272, stack(0x00000003ab400000,0x00000003ab500000) (1024K)]
  0x0000012f0219e540 WorkerThread "G1 Conc#0"                       [id=29356, stack(0x00000003ab500000,0x00000003ab600000) (1024K)]
  0x0000012f23beed80 ConcurrentGCThread "G1 Refine#0"               [id=2520, stack(0x00000003ab600000,0x00000003ab700000) (1024K)]
  0x0000012f23bef510 ConcurrentGCThread "G1 Service"                [id=14192, stack(0x00000003ab700000,0x00000003ab800000) (1024K)]
Total: 18

Threads with active compile tasks:
Total: 0

VM state: not at safepoint (normal execution)

VM Mutex/Monitor currently owned by a thread: None

Heap address: 0x0000000705a00000, size: 4006 MB, Compressed Oops mode: Zero based, Oop shift amount: 3

CDS archive(s) mapped at: [0x0000012f24000000-0x0000012f24c50000-0x0000012f24c50000), size 12910592, SharedBaseAddress: 0x0000012f24000000, ArchiveRelocationMode: 1.
Compressed class space mapped at: 0x0000012f25000000-0x0000012f65000000, reserved size: 1073741824
Narrow klass base: 0x0000012f24000000, Narrow klass shift: 0, Narrow klass range: 0x41000000

GC Precious Log:
 CardTable entry size: 512
 Card Set container configuration: InlinePtr #cards 4 size 8 Array Of Cards #cards 16 size 48 Howl #buckets 8 coarsen threshold 3686 Howl Bitmap #cards 512 size 80 coarsen threshold 460 Card regions per heap region 1 cards per card region 4096
 CPUs: 16 total, 16 available
 Memory: 16016M
 Large Page Support: Disabled
 NUMA Support: Disabled
 Compressed Oops: Enabled (Zero based)
 Heap Region Size: 2M
 Heap Min Capacity: 8M
 Heap Initial Capacity: 252M
 Heap Max Capacity: 4006M
 Pre-touch: Disabled
 Parallel Workers: 13
 Concurrent Workers: 3
 Concurrent Refinement Workers: 13
 Periodic GC: Disabled

Heap:
 garbage-first heap   total reserved 4102144K, committed 258048K, used 59092K [0x0000000705a00000, 0x0000000800000000)
  region size 2048K, 14 young (28672K), 2 survivors (4096K)
 Metaspace       used 9101K, committed 9408K, reserved 1114112K
  class space    used 916K, committed 1024K, reserved 1048576K

Heap Regions: E=young(eden), S=young(survivor), O=old, HS=humongous(starts), HC=humongous(continues), CS=collection set, F=free, TAMS=top-at-mark-start, PB=parsable bottom
|   0|0x0000000705a00000, 0x0000000705c00000, 0x0000000705c00000|100%|HS|  |TAMS 0x0000000705a00000| PB 0x0000000705a00000| Complete |  0
|   1|0x0000000705c00000, 0x0000000705e00000, 0x0000000705e00000|100%|HS|  |TAMS 0x0000000705c00000| PB 0x0000000705c00000| Complete |  0
|   2|0x0000000705e00000, 0x0000000706000000, 0x0000000706000000|100%| O|  |TAMS 0x0000000705e00000| PB 0x0000000705e00000| Untracked |  0
|   3|0x0000000706000000, 0x0000000706200000, 0x0000000706200000|100%| O|  |TAMS 0x0000000706000000| PB 0x0000000706000000| Untracked |  0
|   4|0x0000000706200000, 0x0000000706400000, 0x0000000706400000|100%| O|  |TAMS 0x0000000706200000| PB 0x0000000706200000| Untracked |  0
|   5|0x0000000706400000, 0x0000000706600000, 0x0000000706600000|100%| O|  |TAMS 0x0000000706400000| PB 0x0000000706400000| Untracked |  0
|   6|0x0000000706600000, 0x0000000706800000, 0x0000000706800000|100%| O|  |TAMS 0x0000000706600000| PB 0x0000000706600000| Untracked |  0
|   7|0x0000000706800000, 0x0000000706a00000, 0x0000000706a00000|100%| O|  |TAMS 0x0000000706800000| PB 0x0000000706800000| Untracked |  0
|   8|0x0000000706a00000, 0x0000000706c00000, 0x0000000706c00000|100%| O|  |TAMS 0x0000000706a00000| PB 0x0000000706a00000| Untracked |  0
|   9|0x0000000706c00000, 0x0000000706e00000, 0x0000000706e00000|100%| O|  |TAMS 0x0000000706c00000| PB 0x0000000706c00000| Untracked |  0
|  10|0x0000000706e00000, 0x0000000707000000, 0x0000000707000000|100%| O|  |TAMS 0x0000000706e00000| PB 0x0000000706e00000| Untracked |  0
|  11|0x0000000707000000, 0x0000000707200000, 0x0000000707200000|100%| O|  |TAMS 0x0000000707000000| PB 0x0000000707000000| Untracked |  0
|  12|0x0000000707200000, 0x0000000707400000, 0x0000000707400000|100%| O|  |TAMS 0x0000000707200000| PB 0x0000000707200000| Untracked |  0
|  13|0x0000000707400000, 0x0000000707600000, 0x0000000707600000|100%| O|  |TAMS 0x0000000707400000| PB 0x0000000707400000| Untracked |  0
|  14|0x0000000707600000, 0x0000000707800000, 0x0000000707800000|100%| O|  |TAMS 0x0000000707600000| PB 0x0000000707600000| Untracked |  0
|  15|0x0000000707800000, 0x00000007079b5020, 0x0000000707a00000| 85%| O|  |TAMS 0x0000000707800000| PB 0x0000000707800000| Untracked |  0
|  16|0x0000000707a00000, 0x0000000707a00000, 0x0000000707c00000|  0%| F|  |TAMS 0x0000000707a00000| PB 0x0000000707a00000| Untracked |  0
|  17|0x0000000707c00000, 0x0000000707c00000, 0x0000000707e00000|  0%| F|  |TAMS 0x0000000707c00000| PB 0x0000000707c00000| Untracked |  0
|  18|0x0000000707e00000, 0x0000000707e00000, 0x0000000708000000|  0%| F|  |TAMS 0x0000000707e00000| PB 0x0000000707e00000| Untracked |  0
|  19|0x0000000708000000, 0x0000000708000000, 0x0000000708200000|  0%| F|  |TAMS 0x0000000708000000| PB 0x0000000708000000| Untracked |  0
|  20|0x0000000708200000, 0x0000000708200000, 0x0000000708400000|  0%| F|  |TAMS 0x0000000708200000| PB 0x0000000708200000| Untracked |  0
|  21|0x0000000708400000, 0x0000000708400000, 0x0000000708600000|  0%| F|  |TAMS 0x0000000708400000| PB 0x0000000708400000| Untracked |  0
|  22|0x0000000708600000, 0x0000000708600000, 0x0000000708800000|  0%| F|  |TAMS 0x0000000708600000| PB 0x0000000708600000| Untracked |  0
|  23|0x0000000708800000, 0x0000000708800000, 0x0000000708a00000|  0%| F|  |TAMS 0x0000000708800000| PB 0x0000000708800000| Untracked |  0
|  24|0x0000000708a00000, 0x0000000708a00000, 0x0000000708c00000|  0%| F|  |TAMS 0x0000000708a00000| PB 0x0000000708a00000| Untracked |  0
|  25|0x0000000708c00000, 0x0000000708c00000, 0x0000000708e00000|  0%| F|  |TAMS 0x0000000708c00000| PB 0x0000000708c00000| Untracked |  0
|  26|0x0000000708e00000, 0x0000000708e00000, 0x0000000709000000|  0%| F|  |TAMS 0x0000000708e00000| PB 0x0000000708e00000| Untracked |  0
|  27|0x0000000709000000, 0x0000000709000000, 0x0000000709200000|  0%| F|  |TAMS 0x0000000709000000| PB 0x0000000709000000| Untracked |  0
|  28|0x0000000709200000, 0x0000000709200000, 0x0000000709400000|  0%| F|  |TAMS 0x0000000709200000| PB 0x0000000709200000| Untracked |  0
|  29|0x0000000709400000, 0x0000000709400000, 0x0000000709600000|  0%| F|  |TAMS 0x0000000709400000| PB 0x0000000709400000| Untracked |  0
|  30|0x0000000709600000, 0x0000000709600000, 0x0000000709800000|  0%| F|  |TAMS 0x0000000709600000| PB 0x0000000709600000| Untracked |  0
|  31|0x0000000709800000, 0x0000000709800000, 0x0000000709a00000|  0%| F|  |TAMS 0x0000000709800000| PB 0x0000000709800000| Untracked |  0
|  32|0x0000000709a00000, 0x0000000709a00000, 0x0000000709c00000|  0%| F|  |TAMS 0x0000000709a00000| PB 0x0000000709a00000| Untracked |  0
|  33|0x0000000709c00000, 0x0000000709c00000, 0x0000000709e00000|  0%| F|  |TAMS 0x0000000709c00000| PB 0x0000000709c00000| Untracked |  0
|  34|0x0000000709e00000, 0x0000000709e00000, 0x000000070a000000|  0%| F|  |TAMS 0x0000000709e00000| PB 0x0000000709e00000| Untracked |  0
|  35|0x000000070a000000, 0x000000070a000000, 0x000000070a200000|  0%| F|  |TAMS 0x000000070a000000| PB 0x000000070a000000| Untracked |  0
|  36|0x000000070a200000, 0x000000070a200000, 0x000000070a400000|  0%| F|  |TAMS 0x000000070a200000| PB 0x000000070a200000| Untracked |  0
|  37|0x000000070a400000, 0x000000070a400000, 0x000000070a600000|  0%| F|  |TAMS 0x000000070a400000| PB 0x000000070a400000| Untracked |  0
|  38|0x000000070a600000, 0x000000070a600000, 0x000000070a800000|  0%| F|  |TAMS 0x000000070a600000| PB 0x000000070a600000| Untracked |  0
|  39|0x000000070a800000, 0x000000070a800000, 0x000000070aa00000|  0%| F|  |TAMS 0x000000070a800000| PB 0x000000070a800000| Untracked |  0
|  40|0x000000070aa00000, 0x000000070aa00000, 0x000000070ac00000|  0%| F|  |TAMS 0x000000070aa00000| PB 0x000000070aa00000| Untracked |  0
|  41|0x000000070ac00000, 0x000000070ac00000, 0x000000070ae00000|  0%| F|  |TAMS 0x000000070ac00000| PB 0x000000070ac00000| Untracked |  0
|  42|0x000000070ae00000, 0x000000070ae00000, 0x000000070b000000|  0%| F|  |TAMS 0x000000070ae00000| PB 0x000000070ae00000| Untracked |  0
|  43|0x000000070b000000, 0x000000070b000000, 0x000000070b200000|  0%| F|  |TAMS 0x000000070b000000| PB 0x000000070b000000| Untracked |  0
|  44|0x000000070b200000, 0x000000070b200000, 0x000000070b400000|  0%| F|  |TAMS 0x000000070b200000| PB 0x000000070b200000| Untracked |  0
|  45|0x000000070b400000, 0x000000070b400000, 0x000000070b600000|  0%| F|  |TAMS 0x000000070b400000| PB 0x000000070b400000| Untracked |  0
|  46|0x000000070b600000, 0x000000070b600000, 0x000000070b800000|  0%| F|  |TAMS 0x000000070b600000| PB 0x000000070b600000| Untracked |  0
|  47|0x000000070b800000, 0x000000070b800000, 0x000000070ba00000|  0%| F|  |TAMS 0x000000070b800000| PB 0x000000070b800000| Untracked |  0
|  48|0x000000070ba00000, 0x000000070ba00000, 0x000000070bc00000|  0%| F|  |TAMS 0x000000070ba00000| PB 0x000000070ba00000| Untracked |  0
|  49|0x000000070bc00000, 0x000000070bc00000, 0x000000070be00000|  0%| F|  |TAMS 0x000000070bc00000| PB 0x000000070bc00000| Untracked |  0
|  50|0x000000070be00000, 0x000000070be00000, 0x000000070c000000|  0%| F|  |TAMS 0x000000070be00000| PB 0x000000070be00000| Untracked |  0
|  51|0x000000070c000000, 0x000000070c000000, 0x000000070c200000|  0%| F|  |TAMS 0x000000070c000000| PB 0x000000070c000000| Untracked |  0
|  52|0x000000070c200000, 0x000000070c200000, 0x000000070c400000|  0%| F|  |TAMS 0x000000070c200000| PB 0x000000070c200000| Untracked |  0
|  53|0x000000070c400000, 0x000000070c400000, 0x000000070c600000|  0%| F|  |TAMS 0x000000070c400000| PB 0x000000070c400000| Untracked |  0
|  54|0x000000070c600000, 0x000000070c600000, 0x000000070c800000|  0%| F|  |TAMS 0x000000070c600000| PB 0x000000070c600000| Untracked |  0
|  55|0x000000070c800000, 0x000000070c800000, 0x000000070ca00000|  0%| F|  |TAMS 0x000000070c800000| PB 0x000000070c800000| Untracked |  0
|  56|0x000000070ca00000, 0x000000070ca00000, 0x000000070cc00000|  0%| F|  |TAMS 0x000000070ca00000| PB 0x000000070ca00000| Untracked |  0
|  57|0x000000070cc00000, 0x000000070cc00000, 0x000000070ce00000|  0%| F|  |TAMS 0x000000070cc00000| PB 0x000000070cc00000| Untracked |  0
|  58|0x000000070ce00000, 0x000000070ce00000, 0x000000070d000000|  0%| F|  |TAMS 0x000000070ce00000| PB 0x000000070ce00000| Untracked |  0
|  59|0x000000070d000000, 0x000000070d000000, 0x000000070d200000|  0%| F|  |TAMS 0x000000070d000000| PB 0x000000070d000000| Untracked |  0
|  60|0x000000070d200000, 0x000000070d200000, 0x000000070d400000|  0%| F|  |TAMS 0x000000070d200000| PB 0x000000070d200000| Untracked |  0
|  61|0x000000070d400000, 0x000000070d400000, 0x000000070d600000|  0%| F|  |TAMS 0x000000070d400000| PB 0x000000070d400000| Untracked |  0
|  62|0x000000070d600000, 0x000000070d600000, 0x000000070d800000|  0%| F|  |TAMS 0x000000070d600000| PB 0x000000070d600000| Untracked |  0
|  63|0x000000070d800000, 0x000000070d800000, 0x000000070da00000|  0%| F|  |TAMS 0x000000070d800000| PB 0x000000070d800000| Untracked |  0
|  64|0x000000070da00000, 0x000000070da00000, 0x000000070dc00000|  0%| F|  |TAMS 0x000000070da00000| PB 0x000000070da00000| Untracked |  0
|  65|0x000000070dc00000, 0x000000070dc00000, 0x000000070de00000|  0%| F|  |TAMS 0x000000070dc00000| PB 0x000000070dc00000| Untracked |  0
|  66|0x000000070de00000, 0x000000070de00000, 0x000000070e000000|  0%| F|  |TAMS 0x000000070de00000| PB 0x000000070de00000| Untracked |  0
|  67|0x000000070e000000, 0x000000070e000000, 0x000000070e200000|  0%| F|  |TAMS 0x000000070e000000| PB 0x000000070e000000| Untracked |  0
|  68|0x000000070e200000, 0x000000070e200000, 0x000000070e400000|  0%| F|  |TAMS 0x000000070e200000| PB 0x000000070e200000| Untracked |  0
|  69|0x000000070e400000, 0x000000070e400000, 0x000000070e600000|  0%| F|  |TAMS 0x000000070e400000| PB 0x000000070e400000| Untracked |  0
|  70|0x000000070e600000, 0x000000070e600000, 0x000000070e800000|  0%| F|  |TAMS 0x000000070e600000| PB 0x000000070e600000| Untracked |  0
|  71|0x000000070e800000, 0x000000070e800000, 0x000000070ea00000|  0%| F|  |TAMS 0x000000070e800000| PB 0x000000070e800000| Untracked |  0
|  72|0x000000070ea00000, 0x000000070ea00000, 0x000000070ec00000|  0%| F|  |TAMS 0x000000070ea00000| PB 0x000000070ea00000| Untracked |  0
|  73|0x000000070ec00000, 0x000000070ec00000, 0x000000070ee00000|  0%| F|  |TAMS 0x000000070ec00000| PB 0x000000070ec00000| Untracked |  0
|  74|0x000000070ee00000, 0x000000070ee00000, 0x000000070f000000|  0%| F|  |TAMS 0x000000070ee00000| PB 0x000000070ee00000| Untracked |  0
|  75|0x000000070f000000, 0x000000070f000000, 0x000000070f200000|  0%| F|  |TAMS 0x000000070f000000| PB 0x000000070f000000| Untracked |  0
|  76|0x000000070f200000, 0x000000070f200000, 0x000000070f400000|  0%| F|  |TAMS 0x000000070f200000| PB 0x000000070f200000| Untracked |  0
|  77|0x000000070f400000, 0x000000070f400000, 0x000000070f600000|  0%| F|  |TAMS 0x000000070f400000| PB 0x000000070f400000| Untracked |  0
|  78|0x000000070f600000, 0x000000070f600000, 0x000000070f800000|  0%| F|  |TAMS 0x000000070f600000| PB 0x000000070f600000| Untracked |  0
|  79|0x000000070f800000, 0x000000070f800000, 0x000000070fa00000|  0%| F|  |TAMS 0x000000070f800000| PB 0x000000070f800000| Untracked |  0
|  80|0x000000070fa00000, 0x000000070fa00000, 0x000000070fc00000|  0%| F|  |TAMS 0x000000070fa00000| PB 0x000000070fa00000| Untracked |  0
|  81|0x000000070fc00000, 0x000000070fc00000, 0x000000070fe00000|  0%| F|  |TAMS 0x000000070fc00000| PB 0x000000070fc00000| Untracked |  0
|  82|0x000000070fe00000, 0x000000070fe00000, 0x0000000710000000|  0%| F|  |TAMS 0x000000070fe00000| PB 0x000000070fe00000| Untracked |  0
|  83|0x0000000710000000, 0x0000000710000000, 0x0000000710200000|  0%| F|  |TAMS 0x0000000710000000| PB 0x0000000710000000| Untracked |  0
|  84|0x0000000710200000, 0x0000000710200000, 0x0000000710400000|  0%| F|  |TAMS 0x0000000710200000| PB 0x0000000710200000| Untracked |  0
|  85|0x0000000710400000, 0x0000000710400000, 0x0000000710600000|  0%| F|  |TAMS 0x0000000710400000| PB 0x0000000710400000| Untracked |  0
|  86|0x0000000710600000, 0x0000000710600000, 0x0000000710800000|  0%| F|  |TAMS 0x0000000710600000| PB 0x0000000710600000| Untracked |  0
|  87|0x0000000710800000, 0x0000000710800000, 0x0000000710a00000|  0%| F|  |TAMS 0x0000000710800000| PB 0x0000000710800000| Untracked |  0
|  88|0x0000000710a00000, 0x0000000710a00000, 0x0000000710c00000|  0%| F|  |TAMS 0x0000000710a00000| PB 0x0000000710a00000| Untracked |  0
|  89|0x0000000710c00000, 0x0000000710c00000, 0x0000000710e00000|  0%| F|  |TAMS 0x0000000710c00000| PB 0x0000000710c00000| Untracked |  0
|  90|0x0000000710e00000, 0x0000000710e00000, 0x0000000711000000|  0%| F|  |TAMS 0x0000000710e00000| PB 0x0000000710e00000| Untracked |  0
|  91|0x0000000711000000, 0x0000000711000000, 0x0000000711200000|  0%| F|  |TAMS 0x0000000711000000| PB 0x0000000711000000| Untracked |  0
|  92|0x0000000711200000, 0x0000000711200000, 0x0000000711400000|  0%| F|  |TAMS 0x0000000711200000| PB 0x0000000711200000| Untracked |  0
|  93|0x0000000711400000, 0x0000000711400000, 0x0000000711600000|  0%| F|  |TAMS 0x0000000711400000| PB 0x0000000711400000| Untracked |  0
|  94|0x0000000711600000, 0x0000000711600000, 0x0000000711800000|  0%| F|  |TAMS 0x0000000711600000| PB 0x0000000711600000| Untracked |  0
|  95|0x0000000711800000, 0x0000000711800000, 0x0000000711a00000|  0%| F|  |TAMS 0x0000000711800000| PB 0x0000000711800000| Untracked |  0
|  96|0x0000000711a00000, 0x0000000711a00000, 0x0000000711c00000|  0%| F|  |TAMS 0x0000000711a00000| PB 0x0000000711a00000| Untracked |  0
|  97|0x0000000711c00000, 0x0000000711c00000, 0x0000000711e00000|  0%| F|  |TAMS 0x0000000711c00000| PB 0x0000000711c00000| Untracked |  0
|  98|0x0000000711e00000, 0x0000000711e00000, 0x0000000712000000|  0%| F|  |TAMS 0x0000000711e00000| PB 0x0000000711e00000| Untracked |  0
|  99|0x0000000712000000, 0x0000000712000000, 0x0000000712200000|  0%| F|  |TAMS 0x0000000712000000| PB 0x0000000712000000| Untracked |  0
| 100|0x0000000712200000, 0x0000000712200000, 0x0000000712400000|  0%| F|  |TAMS 0x0000000712200000| PB 0x0000000712200000| Untracked |  0
| 101|0x0000000712400000, 0x0000000712400000, 0x0000000712600000|  0%| F|  |TAMS 0x0000000712400000| PB 0x0000000712400000| Untracked |  0
| 102|0x0000000712600000, 0x0000000712600000, 0x0000000712800000|  0%| F|  |TAMS 0x0000000712600000| PB 0x0000000712600000| Untracked |  0
| 103|0x0000000712800000, 0x0000000712800000, 0x0000000712a00000|  0%| F|  |TAMS 0x0000000712800000| PB 0x0000000712800000| Untracked |  0
| 104|0x0000000712a00000, 0x0000000712a00000, 0x0000000712c00000|  0%| F|  |TAMS 0x0000000712a00000| PB 0x0000000712a00000| Untracked |  0
| 105|0x0000000712c00000, 0x0000000712c00000, 0x0000000712e00000|  0%| F|  |TAMS 0x0000000712c00000| PB 0x0000000712c00000| Untracked |  0
| 106|0x0000000712e00000, 0x0000000712e00000, 0x0000000713000000|  0%| F|  |TAMS 0x0000000712e00000| PB 0x0000000712e00000| Untracked |  0
| 107|0x0000000713000000, 0x0000000713000000, 0x0000000713200000|  0%| F|  |TAMS 0x0000000713000000| PB 0x0000000713000000| Untracked |  0
| 108|0x0000000713200000, 0x0000000713200000, 0x0000000713400000|  0%| F|  |TAMS 0x0000000713200000| PB 0x0000000713200000| Untracked |  0
| 109|0x0000000713400000, 0x0000000713400000, 0x0000000713600000|  0%| F|  |TAMS 0x0000000713400000| PB 0x0000000713400000| Untracked |  0
| 110|0x0000000713600000, 0x0000000713600000, 0x0000000713800000|  0%| F|  |TAMS 0x0000000713600000| PB 0x0000000713600000| Untracked |  0
| 111|0x0000000713800000, 0x0000000713a00000, 0x0000000713a00000|100%| S|CS|TAMS 0x0000000713800000| PB 0x0000000713800000| Complete |  0
| 112|0x0000000713a00000, 0x0000000713a00000, 0x0000000713c00000|  0%| F|  |TAMS 0x0000000713a00000| PB 0x0000000713a00000| Untracked |  0
| 113|0x0000000713c00000, 0x0000000713c38cc0, 0x0000000713e00000| 11%| E|  |TAMS 0x0000000713c00000| PB 0x0000000713c00000| Complete |  0
| 114|0x0000000713e00000, 0x0000000714000000, 0x0000000714000000|100%| S|CS|TAMS 0x0000000713e00000| PB 0x0000000713e00000| Complete |  0
| 115|0x0000000714000000, 0x0000000714200000, 0x0000000714200000|100%| E|CS|TAMS 0x0000000714000000| PB 0x0000000714000000| Complete |  0
| 116|0x0000000714200000, 0x0000000714400000, 0x0000000714400000|100%| E|CS|TAMS 0x0000000714200000| PB 0x0000000714200000| Complete |  0
| 117|0x0000000714400000, 0x0000000714600000, 0x0000000714600000|100%| E|CS|TAMS 0x0000000714400000| PB 0x0000000714400000| Complete |  0
| 118|0x0000000714600000, 0x0000000714800000, 0x0000000714800000|100%| E|CS|TAMS 0x0000000714600000| PB 0x0000000714600000| Complete |  0
| 119|0x0000000714800000, 0x0000000714a00000, 0x0000000714a00000|100%| E|CS|TAMS 0x0000000714800000| PB 0x0000000714800000| Complete |  0
| 120|0x0000000714a00000, 0x0000000714c00000, 0x0000000714c00000|100%| E|CS|TAMS 0x0000000714a00000| PB 0x0000000714a00000| Complete |  0
| 121|0x0000000714c00000, 0x0000000714e00000, 0x0000000714e00000|100%| E|CS|TAMS 0x0000000714c00000| PB 0x0000000714c00000| Complete |  0
| 122|0x0000000714e00000, 0x0000000715000000, 0x0000000715000000|100%| E|CS|TAMS 0x0000000714e00000| PB 0x0000000714e00000| Complete |  0
| 123|0x0000000715000000, 0x0000000715200000, 0x0000000715200000|100%| E|CS|TAMS 0x0000000715000000| PB 0x0000000715000000| Complete |  0
| 124|0x0000000715200000, 0x0000000715400000, 0x0000000715400000|100%| E|CS|TAMS 0x0000000715200000| PB 0x0000000715200000| Complete |  0
| 125|0x0000000715400000, 0x0000000715600000, 0x0000000715600000|100%| E|CS|TAMS 0x0000000715400000| PB 0x0000000715400000| Complete |  0

Card table byte_map: [0x0000012f1c670000,0x0000012f1ce50000] _byte_map_base: 0x0000012f18e43000

Marking Bits: (CMBitMap*) 0x0000012f0219c550
 Bits: [0x0000012f1ce50000, 0x0000012f20ce8000)

Polling page: 0x0000012f02480000

Metaspace:

Usage:
  Non-class:      7.99 MB used.
      Class:    916.91 KB used.
       Both:      8.89 MB used.

Virtual space:
  Non-class space:       64.00 MB reserved,       8.19 MB ( 13%) committed,  1 nodes.
      Class space:        1.00 GB reserved,       1.00 MB ( <1%) committed,  1 nodes.
             Both:        1.06 GB reserved,       9.19 MB ( <1%) committed. 

Chunk freelists:
   Non-Class:  6.99 MB
       Class:  15.01 MB
        Both:  22.01 MB

MaxMetaspaceSize: unlimited
CompressedClassSpaceSize: 1.00 GB
Initial GC threshold: 21.00 MB
Current GC threshold: 21.00 MB
CDS: on
 - commit_granule_bytes: 65536.
 - commit_granule_words: 8192.
 - virtual_space_node_default_size: 8388608.
 - enlarge_chunks_in_place: 1.
 - use_allocation_guard: 0.


Internal statistics:

num_allocs_failed_limit: 0.
num_arena_births: 270.
num_arena_deaths: 0.
num_vsnodes_births: 2.
num_vsnodes_deaths: 0.
num_space_committed: 147.
num_space_uncommitted: 0.
num_chunks_returned_to_freelist: 0.
num_chunks_taken_from_freelist: 375.
num_chunk_merges: 0.
num_chunk_splits: 215.
num_chunks_enlarged: 76.
num_inconsistent_stats: 0.

CodeHeap 'non-profiled nmethods': size=119168Kb used=1135Kb max_used=1135Kb free=118032Kb
 bounds [0x0000012f13a70000, 0x0000012f13ce0000, 0x0000012f1aed0000]
CodeHeap 'profiled nmethods': size=119104Kb used=4296Kb max_used=4296Kb free=114807Kb
 bounds [0x0000012f0bed0000, 0x0000012f0c310000, 0x0000012f13320000]
CodeHeap 'non-nmethods': size=7488Kb used=1580Kb max_used=3301Kb free=5907Kb
 bounds [0x0000012f13320000, 0x0000012f13660000, 0x0000012f13a70000]
 total_blobs=3098 nmethods=2455 adapters=548
 compilation: enabled
              stopped_count=0, restarted_count=0
 full_count=0

Compilation events (20 events):
Event: 12.373 Thread 0x0000012f23d64a60 2447       4       sun.awt.image.ByteInterleavedRaster::createWritableChild (192 bytes)
Event: 12.376 Thread 0x0000012f23d64a60 nmethod 2447 0x0000012f13b8a390 code [0x0000012f13b8a560, 0x0000012f13b8aaa8]
Event: 12.478 Thread 0x0000012f23d64a60 2448       4       java.awt.image.BufferedImage::getSubimage (38 bytes)
Event: 12.481 Thread 0x0000012f23d64a60 nmethod 2448 0x0000012f13b8ae10 code [0x0000012f13b8b000, 0x0000012f13b8b810]
Event: 21.721 Thread 0x0000012f23d66270 2449       3       jdk.internal.org.objectweb.asm.ClassWriter::visit (160 bytes)
Event: 21.721 Thread 0x0000012f23d66270 nmethod 2449 0x0000012f0c2f7a90 code [0x0000012f0c2f7cc0, 0x0000012f0c2f84c8]
Event: 21.721 Thread 0x0000012f23d66270 2451       3       jdk.internal.org.objectweb.asm.ClassWriter::toByteArray (1517 bytes)
Event: 21.726 Thread 0x0000012f23d66270 nmethod 2451 0x0000012f0c2f8910 code [0x0000012f0c2f9260, 0x0000012f0c2fcf88]
Event: 21.726 Thread 0x0000012f23d66270 2456   !   3       java.nio.charset.CharsetEncoder::encode (273 bytes)
Event: 21.728 Thread 0x0000012f23d66270 nmethod 2456 0x0000012f0c2fef10 code [0x0000012f0c2ff220, 0x0000012f0c3003c0]
Event: 21.728 Thread 0x0000012f23d66270 2450       3       jdk.internal.org.objectweb.asm.SymbolTable::setMajorVersionAndClassName (19 bytes)
Event: 21.728 Thread 0x0000012f23d66270 nmethod 2450 0x0000012f0c300990 code [0x0000012f0c300b40, 0x0000012f0c300d50]
Event: 21.728 Thread 0x0000012f23d66270 2452       3       jdk.internal.org.objectweb.asm.SymbolTable::computeBootstrapMethodsSize (27 bytes)
Event: 21.728 Thread 0x0000012f23d66270 nmethod 2452 0x0000012f0c300e90 code [0x0000012f0c301040, 0x0000012f0c301210]
Event: 21.728 Thread 0x0000012f23d66270 2453       3       jdk.internal.org.objectweb.asm.SymbolTable::getConstantPoolLength (8 bytes)
Event: 21.728 Thread 0x0000012f23d66270 nmethod 2453 0x0000012f0c301310 code [0x0000012f0c3014a0, 0x0000012f0c3015b8]
Event: 21.728 Thread 0x0000012f23d66270 2454       3       jdk.internal.org.objectweb.asm.ByteVector::<init> (12 bytes)
Event: 21.728 Thread 0x0000012f23d66270 nmethod 2454 0x0000012f0c301690 code [0x0000012f0c301840, 0x0000012f0c301aa8]
Event: 21.728 Thread 0x0000012f23d66270 2455       3       jdk.internal.org.objectweb.asm.SymbolTable::putConstantPool (28 bytes)
Event: 21.728 Thread 0x0000012f23d66270 nmethod 2455 0x0000012f0c301b90 code [0x0000012f0c301d40, 0x0000012f0c301f28]

GC Heap History (4 events):
Event: 0.647 GC heap before
{Heap before GC invocations=0 (full 0):
 garbage-first heap   total reserved 4102144K, committed 258048K, used 26624K [0x0000000705a00000, 0x0000000800000000)
  region size 2048K, 12 young (24576K), 0 survivors (0K)
 Metaspace       used 6094K, committed 6272K, reserved 1114112K
  class space    used 612K, committed 704K, reserved 1048576K
}
Event: 0.651 GC heap after
{Heap after GC invocations=1 (full 0):
 garbage-first heap   total reserved 4102144K, committed 258048K, used 12784K [0x0000000705a00000, 0x0000000800000000)
  region size 2048K, 2 young (4096K), 2 survivors (4096K)
 Metaspace       used 6094K, committed 6272K, reserved 1114112K
  class space    used 612K, committed 704K, reserved 1048576K
}
Event: 4.573 GC heap before
{Heap before GC invocations=1 (full 0):
 garbage-first heap   total reserved 4102144K, committed 258048K, used 33264K [0x0000000705a00000, 0x0000000800000000)
  region size 2048K, 13 young (26624K), 2 survivors (4096K)
 Metaspace       used 8975K, committed 9216K, reserved 1114112K
  class space    used 916K, committed 1024K, reserved 1048576K
}
Event: 4.579 GC heap after
{Heap after GC invocations=2 (full 0):
 garbage-first heap   total reserved 4102144K, committed 258048K, used 36564K [0x0000000705a00000, 0x0000000800000000)
  region size 2048K, 2 young (4096K), 2 survivors (4096K)
 Metaspace       used 8975K, committed 9216K, reserved 1114112K
  class space    used 916K, committed 1024K, reserved 1048576K
}

Dll operation events (13 events):
Event: 0.010 Loaded shared library C:\Users\JulyLun\.jdks\openjdk-22.0.1-1\bin\java.dll
Event: 0.035 Loaded shared library C:\Users\JulyLun\.jdks\openjdk-22.0.1-1\bin\jsvml.dll
Event: 0.082 Loaded shared library C:\Users\JulyLun\.jdks\openjdk-22.0.1-1\bin\zip.dll
Event: 0.085 Loaded shared library C:\Users\JulyLun\.jdks\openjdk-22.0.1-1\bin\instrument.dll
Event: 0.088 Loaded shared library C:\Users\JulyLun\.jdks\openjdk-22.0.1-1\bin\net.dll
Event: 0.089 Loaded shared library C:\Users\JulyLun\.jdks\openjdk-22.0.1-1\bin\nio.dll
Event: 0.091 Loaded shared library C:\Users\JulyLun\.jdks\openjdk-22.0.1-1\bin\zip.dll
Event: 0.158 Loaded shared library D:\ApplicationData\IntelliJ IDEA 2023.3.6\bin\breakgen64.dll
Event: 0.167 Loaded shared library C:\Users\JulyLun\.jdks\openjdk-22.0.1-1\bin\extnet.dll
Event: 0.173 Loaded shared library C:\Users\JulyLun\.jdks\openjdk-22.0.1-1\bin\jimage.dll
Event: 0.193 Loaded shared library C:\Users\JulyLun\.jdks\openjdk-22.0.1-1\bin\awt.dll
Event: 0.753 Loaded shared library C:\Users\JulyLun\.jdks\openjdk-22.0.1-1\bin\freetype.dll
Event: 0.756 Loaded shared library C:\Users\JulyLun\.jdks\openjdk-22.0.1-1\bin\fontmanager.dll

Deoptimization events (20 events):
Event: 4.763 Thread 0x0000012f70cbead0 Uncommon trap: trap_request=0xffffffde fr.pc=0x0000012f13b5b738 relative=0x0000000000000118
Event: 4.763 Thread 0x0000012f70cbead0 Uncommon trap: reason=class_check action=maybe_recompile pc=0x0000012f13b5b738 method=jdk.internal.misc.Unsafe.allocateUninitializedArray(Ljava/lang/Class;I)Ljava/lang/Object; @ 51 c2
Event: 4.763 Thread 0x0000012f70cbead0 DEOPT PACKING pc=0x0000012f13b5b738 sp=0x00000003adafe280
Event: 4.763 Thread 0x0000012f70cbead0 DEOPT UNPACKING pc=0x0000012f133746a2 sp=0x00000003adafe1f8 mode 2
Event: 4.763 Thread 0x0000012f70cbead0 Uncommon trap: trap_request=0xffffffde fr.pc=0x0000012f13b5b738 relative=0x0000000000000118
Event: 4.763 Thread 0x0000012f70cbead0 Uncommon trap: reason=class_check action=maybe_recompile pc=0x0000012f13b5b738 method=jdk.internal.misc.Unsafe.allocateUninitializedArray(Ljava/lang/Class;I)Ljava/lang/Object; @ 51 c2
Event: 4.763 Thread 0x0000012f70cbead0 DEOPT PACKING pc=0x0000012f13b5b738 sp=0x00000003adafe2a0
Event: 4.763 Thread 0x0000012f70cbead0 DEOPT UNPACKING pc=0x0000012f133746a2 sp=0x00000003adafe218 mode 2
Event: 4.763 Thread 0x0000012f70cbead0 Uncommon trap: trap_request=0xffffffde fr.pc=0x0000012f13b5b738 relative=0x0000000000000118
Event: 4.763 Thread 0x0000012f70cbead0 Uncommon trap: reason=class_check action=maybe_recompile pc=0x0000012f13b5b738 method=jdk.internal.misc.Unsafe.allocateUninitializedArray(Ljava/lang/Class;I)Ljava/lang/Object; @ 51 c2
Event: 4.763 Thread 0x0000012f70cbead0 DEOPT PACKING pc=0x0000012f13b5b738 sp=0x00000003adafe130
Event: 4.763 Thread 0x0000012f70cbead0 DEOPT UNPACKING pc=0x0000012f133746a2 sp=0x00000003adafe0a8 mode 2
Event: 4.793 Thread 0x0000012f70cbead0 DEOPT PACKING pc=0x0000012f0c255d67 sp=0x00000003adafe410
Event: 4.793 Thread 0x0000012f70cbead0 DEOPT UNPACKING pc=0x0000012f13374e42 sp=0x00000003adafd8e0 mode 0
Event: 5.983 Thread 0x0000012f70cba930 Uncommon trap: trap_request=0xffffff45 fr.pc=0x0000012f13b5176c relative=0x00000000000008cc
Event: 5.983 Thread 0x0000012f70cba930 Uncommon trap: reason=unstable_if action=reinterpret pc=0x0000012f13b5176c method=com.findselfback.Entities.Snow.update()V @ 35 c2
Event: 5.983 Thread 0x0000012f70cba930 DEOPT PACKING pc=0x0000012f13b5176c sp=0x00000003ad9ff010
Event: 5.983 Thread 0x0000012f70cba930 DEOPT UNPACKING pc=0x0000012f133746a2 sp=0x00000003ad9fefd8 mode 2
Event: 8.648 Thread 0x0000012f70cba930 DEOPT PACKING pc=0x0000012f0c281564 sp=0x00000003ad9ff070
Event: 8.648 Thread 0x0000012f70cba930 DEOPT UNPACKING pc=0x0000012f13374e42 sp=0x00000003ad9fe580 mode 0

Classes loaded (20 events):
Event: 4.046 Loading class sun/java2d/loops/MaskBlit$General
Event: 4.046 Loading class sun/java2d/loops/GraphicsPrimitive$GeneralBinaryOp
Event: 4.046 Loading class sun/java2d/loops/GraphicsPrimitive$GeneralBinaryOp done
Event: 4.046 Loading class sun/java2d/loops/MaskBlit$General done
Event: 4.046 Loading class sun/java2d/loops/OpaqueCopyAnyToArgb
Event: 4.046 Loading class sun/java2d/loops/OpaqueCopyAnyToArgb done
Event: 4.046 Loading class sun/java2d/loops/OpaqueCopyArgbToAny
Event: 4.046 Loading class sun/java2d/loops/OpaqueCopyArgbToAny done
Event: 4.046 Loading class sun/java2d/loops/DrawGlyphListAA$General
Event: 4.046 Loading class sun/java2d/loops/DrawGlyphListAA$General done
Event: 4.047 Loading class java/awt/image/DataBufferInt
Event: 4.047 Loading class java/awt/image/DataBufferInt done
Event: 4.047 Loading class sun/awt/image/IntegerInterleavedRaster
Event: 4.047 Loading class sun/awt/image/IntegerInterleavedRaster done
Event: 4.048 Loading class sun/java2d/pipe/RegionSpanIterator
Event: 4.048 Loading class sun/java2d/pipe/SpanIterator
Event: 4.048 Loading class sun/java2d/pipe/SpanIterator done
Event: 4.048 Loading class sun/java2d/pipe/RegionSpanIterator done
Event: 4.180 Loading class java/awt/image/BufferedImageOp
Event: 4.180 Loading class java/awt/image/BufferedImageOp done

Classes unloaded (0 events):
No events

Classes redefined (0 events):
No events

Internal exceptions (20 events):
Event: 21.490 Thread 0x0000012f70cbe440 Exception <a 'java/lang/InterruptedException'{0x00000007141efdb0}: sleep interrupted> (0x00000007141efdb0) 
thrown [s\open\src\hotspot\share\prims\jvm.cpp, line 3093]
Event: 21.506 Thread 0x0000012f70cbe440 Exception <a 'java/lang/InterruptedException'{0x00000007141f00c8}: sleep interrupted> (0x00000007141f00c8) 
thrown [s\open\src\hotspot\share\prims\jvm.cpp, line 3093]
Event: 21.523 Thread 0x0000012f70cbe440 Exception <a 'java/lang/InterruptedException'{0x00000007141f03e0}: sleep interrupted> (0x00000007141f03e0) 
thrown [s\open\src\hotspot\share\prims\jvm.cpp, line 3093]
Event: 21.540 Thread 0x0000012f70cbe440 Exception <a 'java/lang/InterruptedException'{0x00000007141f06f8}: sleep interrupted> (0x00000007141f06f8) 
thrown [s\open\src\hotspot\share\prims\jvm.cpp, line 3093]
Event: 21.556 Thread 0x0000012f70cbe440 Exception <a 'java/lang/InterruptedException'{0x00000007141f0a10}: sleep interrupted> (0x00000007141f0a10) 
thrown [s\open\src\hotspot\share\prims\jvm.cpp, line 3093]
Event: 21.573 Thread 0x0000012f70cbe440 Exception <a 'java/lang/InterruptedException'{0x00000007141f0d28}: sleep interrupted> (0x00000007141f0d28) 
thrown [s\open\src\hotspot\share\prims\jvm.cpp, line 3093]
Event: 21.590 Thread 0x0000012f70cbe440 Exception <a 'java/lang/InterruptedException'{0x00000007141f1040}: sleep interrupted> (0x00000007141f1040) 
thrown [s\open\src\hotspot\share\prims\jvm.cpp, line 3093]
Event: 21.607 Thread 0x0000012f70cbe440 Exception <a 'java/lang/InterruptedException'{0x00000007141f1358}: sleep interrupted> (0x00000007141f1358) 
thrown [s\open\src\hotspot\share\prims\jvm.cpp, line 3093]
Event: 21.623 Thread 0x0000012f70cbe440 Exception <a 'java/lang/InterruptedException'{0x00000007141f1670}: sleep interrupted> (0x00000007141f1670) 
thrown [s\open\src\hotspot\share\prims\jvm.cpp, line 3093]
Event: 21.640 Thread 0x0000012f70cbe440 Exception <a 'java/lang/InterruptedException'{0x00000007141f1988}: sleep interrupted> (0x00000007141f1988) 
thrown [s\open\src\hotspot\share\prims\jvm.cpp, line 3093]
Event: 21.656 Thread 0x0000012f70cbe440 Exception <a 'java/lang/InterruptedException'{0x00000007141f1ca0}: sleep interrupted> (0x00000007141f1ca0) 
thrown [s\open\src\hotspot\share\prims\jvm.cpp, line 3093]
Event: 21.673 Thread 0x0000012f70cbe440 Exception <a 'java/lang/InterruptedException'{0x00000007141f1fb8}: sleep interrupted> (0x00000007141f1fb8) 
thrown [s\open\src\hotspot\share\prims\jvm.cpp, line 3093]
Event: 21.690 Thread 0x0000012f70cbe440 Exception <a 'java/lang/InterruptedException'{0x00000007141f22d0}: sleep interrupted> (0x00000007141f22d0) 
thrown [s\open\src\hotspot\share\prims\jvm.cpp, line 3093]
Event: 21.706 Thread 0x0000012f70cbe440 Exception <a 'java/lang/InterruptedException'{0x00000007141f25e8}: sleep interrupted> (0x00000007141f25e8) 
thrown [s\open\src\hotspot\share\prims\jvm.cpp, line 3093]
Event: 21.723 Thread 0x0000012f70cbe440 Exception <a 'java/lang/InterruptedException'{0x00000007141f2900}: sleep interrupted> (0x00000007141f2900) 
thrown [s\open\src\hotspot\share\prims\jvm.cpp, line 3093]
Event: 21.740 Thread 0x0000012f70cbe440 Exception <a 'java/lang/InterruptedException'{0x00000007141f2c18}: sleep interrupted> (0x00000007141f2c18) 
thrown [s\open\src\hotspot\share\prims\jvm.cpp, line 3093]
Event: 21.756 Thread 0x0000012f70cbe440 Exception <a 'java/lang/InterruptedException'{0x00000007141f2f30}: sleep interrupted> (0x00000007141f2f30) 
thrown [s\open\src\hotspot\share\prims\jvm.cpp, line 3093]
Event: 21.773 Thread 0x0000012f70cbe440 Exception <a 'java/lang/InterruptedException'{0x00000007141f3248}: sleep interrupted> (0x00000007141f3248) 
thrown [s\open\src\hotspot\share\prims\jvm.cpp, line 3093]
Event: 21.790 Thread 0x0000012f70cbe440 Exception <a 'java/lang/InterruptedException'{0x00000007141f3560}: sleep interrupted> (0x00000007141f3560) 
thrown [s\open\src\hotspot\share\prims\jvm.cpp, line 3093]
Event: 21.807 Thread 0x0000012f70cbe440 Exception <a 'java/lang/InterruptedException'{0x00000007141f3878}: sleep interrupted> (0x00000007141f3878) 
thrown [s\open\src\hotspot\share\prims\jvm.cpp, line 3093]

ZGC Phase Switch (0 events):
No events

VM Operations (20 events):
Event: 0.819 Executing VM operation: HandshakeAllThreads (Deoptimize)
Event: 0.819 Executing VM operation: HandshakeAllThreads (Deoptimize) done
Event: 0.827 Executing VM operation: HandshakeAllThreads (Deoptimize)
Event: 0.827 Executing VM operation: HandshakeAllThreads (Deoptimize) done
Event: 1.037 Executing VM operation: HandshakeAllThreads (Deoptimize)
Event: 1.037 Executing VM operation: HandshakeAllThreads (Deoptimize) done
Event: 1.115 Executing VM operation: HandshakeAllThreads (Deoptimize)
Event: 1.115 Executing VM operation: HandshakeAllThreads (Deoptimize) done
Event: 2.115 Executing VM operation: Cleanup
Event: 2.115 Executing VM operation: Cleanup done
Event: 3.116 Executing VM operation: Cleanup
Event: 3.116 Executing VM operation: Cleanup done
Event: 4.047 Executing VM operation: HandshakeAllThreads (Deoptimize)
Event: 4.047 Executing VM operation: HandshakeAllThreads (Deoptimize) done
Event: 4.573 Executing VM operation: G1CollectForAllocation (G1 Evacuation Pause)
Event: 4.579 Executing VM operation: G1CollectForAllocation (G1 Evacuation Pause) done
Event: 6.579 Executing VM operation: Cleanup
Event: 6.579 Executing VM operation: Cleanup done
Event: 12.583 Executing VM operation: Cleanup
Event: 12.583 Executing VM operation: Cleanup done

Events (20 events):
Event: 0.716 Thread 0x0000012f70cb8860 Thread exited: 0x0000012f70cb8860
Event: 0.719 Thread 0x0000012f7137ffd0 Thread added: 0x0000012f7137ffd0
Event: 0.721 Thread 0x0000012f70cbe440 Thread added: 0x0000012f70cbe440
Event: 0.723 Thread 0x0000012f70cba930 Thread added: 0x0000012f70cba930
Event: 0.738 Thread 0x0000012f70cbead0 Thread added: 0x0000012f70cbead0
Event: 0.853 Thread 0x0000012f020d7430 Thread exited: 0x0000012f020d7430
Event: 0.854 Thread 0x0000012f70cb7b40 Thread added: 0x0000012f70cb7b40
Event: 1.039 Thread 0x0000012f7137ffd0 Thread exited: 0x0000012f7137ffd0
Event: 1.224 Thread 0x0000012f70e0bb70 Thread exited: 0x0000012f70e0bb70
Event: 4.048 Thread 0x0000012f71739150 Thread added: 0x0000012f71739150
Event: 4.049 Thread 0x0000012f7173a020 Thread added: 0x0000012f7173a020
Event: 4.192 Thread 0x0000012f747fb290 Thread added: 0x0000012f747fb290
Event: 4.469 Thread 0x0000012f747fb290 Thread exited: 0x0000012f747fb290
Event: 4.479 Thread 0x0000012f7173a020 Thread exited: 0x0000012f7173a020
Event: 4.479 Thread 0x0000012f71739150 Thread exited: 0x0000012f71739150
Event: 4.607 Thread 0x0000012f712cf860 Thread added: 0x0000012f712cf860
Event: 5.003 Thread 0x0000012f712cf860 Thread exited: 0x0000012f712cf860
Event: 6.473 Thread 0x0000012f70dc19f0 Thread exited: 0x0000012f70dc19f0
Event: 6.473 Thread 0x0000012f70e8a260 Thread exited: 0x0000012f70e8a260
Event: 6.483 Thread 0x0000012f6909b780 Thread exited: 0x0000012f6909b780


Dynamic libraries:
0x00007ff7ab780000 - 0x00007ff7ab78e000 	C:\Users\JulyLun\.jdks\openjdk-22.0.1-1\bin\java.exe
0x00007ffd28030000 - 0x00007ffd28247000 	C:\Windows\SYSTEM32\ntdll.dll
0x00007ffd25ea0000 - 0x00007ffd25f64000 	C:\Windows\System32\KERNEL32.DLL
0x00007ffd255e0000 - 0x00007ffd25987000 	C:\Windows\System32\KERNELBASE.dll
0x00007ffd25990000 - 0x00007ffd25aa1000 	C:\Windows\System32\ucrtbase.dll
0x00007ffd1c110000 - 0x00007ffd1c127000 	C:\Users\JulyLun\.jdks\openjdk-22.0.1-1\bin\jli.dll
0x00007ffd194a0000 - 0x00007ffd194bb000 	C:\Users\JulyLun\.jdks\openjdk-22.0.1-1\bin\VCRUNTIME140.dll
0x00007ffd263c0000 - 0x00007ffd2656e000 	C:\Windows\System32\USER32.dll
0x00007ffd09a80000 - 0x00007ffd09d13000 	C:\Windows\WinSxS\amd64_microsoft.windows.common-controls_6595b64144ccf1df_6.0.22621.3527_none_270e469b73872a76\COMCTL32.dll
0x00007ffd255b0000 - 0x00007ffd255d6000 	C:\Windows\System32\win32u.dll
0x00007ffd25de0000 - 0x00007ffd25e87000 	C:\Windows\System32\msvcrt.dll
0x00007ffd26070000 - 0x00007ffd26099000 	C:\Windows\System32\GDI32.dll
0x00007ffd25bc0000 - 0x00007ffd25cd9000 	C:\Windows\System32\gdi32full.dll
0x00007ffd25b20000 - 0x00007ffd25bba000 	C:\Windows\System32\msvcp_win.dll
0x00007ffd26610000 - 0x00007ffd26641000 	C:\Windows\System32\IMM32.DLL
0x00007ffd1dd10000 - 0x00007ffd1dd1c000 	C:\Users\JulyLun\.jdks\openjdk-22.0.1-1\bin\vcruntime140_1.dll
0x00007ffcf6b40000 - 0x00007ffcf6bce000 	C:\Users\JulyLun\.jdks\openjdk-22.0.1-1\bin\msvcp140.dll
0x00007ffc9d900000 - 0x00007ffc9e647000 	C:\Users\JulyLun\.jdks\openjdk-22.0.1-1\bin\server\jvm.dll
0x00007ffd26650000 - 0x00007ffd26702000 	C:\Windows\System32\ADVAPI32.dll
0x00007ffd25f70000 - 0x00007ffd26018000 	C:\Windows\System32\sechost.dll
0x00007ffd25350000 - 0x00007ffd25378000 	C:\Windows\System32\bcrypt.dll
0x00007ffd27260000 - 0x00007ffd27375000 	C:\Windows\System32\RPCRT4.dll
0x00007ffd25d60000 - 0x00007ffd25dd1000 	C:\Windows\System32\WS2_32.dll
0x00007ffd24c40000 - 0x00007ffd24c8d000 	C:\Windows\SYSTEM32\POWRPROF.dll
0x00007ffd0a690000 - 0x00007ffd0a69a000 	C:\Windows\SYSTEM32\VERSION.dll
0x00007ffd18d30000 - 0x00007ffd18d64000 	C:\Windows\SYSTEM32\WINMM.dll
0x00007ffd24bf0000 - 0x00007ffd24c03000 	C:\Windows\SYSTEM32\UMPDC.dll
0x00007ffd24370000 - 0x00007ffd24388000 	C:\Windows\SYSTEM32\kernel.appcore.dll
0x00007ffd1dd00000 - 0x00007ffd1dd0a000 	C:\Users\JulyLun\.jdks\openjdk-22.0.1-1\bin\jimage.dll
0x00007ffd229e0000 - 0x00007ffd22c12000 	C:\Windows\SYSTEM32\DBGHELP.DLL
0x00007ffd27aa0000 - 0x00007ffd27e28000 	C:\Windows\System32\combase.dll
0x00007ffd27380000 - 0x00007ffd27457000 	C:\Windows\System32\OLEAUT32.dll
0x00007ffd09230000 - 0x00007ffd09262000 	C:\Windows\SYSTEM32\dbgcore.DLL
0x00007ffd25ce0000 - 0x00007ffd25d59000 	C:\Windows\System32\bcryptPrimitives.dll
0x00007ffd205d0000 - 0x00007ffd205df000 	C:\Users\JulyLun\.jdks\openjdk-22.0.1-1\bin\instrument.dll
0x00007ffd1ce30000 - 0x00007ffd1ce4e000 	C:\Users\JulyLun\.jdks\openjdk-22.0.1-1\bin\java.dll
0x00007ffd26770000 - 0x00007ffd26fcc000 	C:\Windows\System32\SHELL32.dll
0x00007ffd278f0000 - 0x00007ffd27a95000 	C:\Windows\System32\ole32.dll
0x00007ffd23290000 - 0x00007ffd23b86000 	C:\Windows\SYSTEM32\windows.storage.dll
0x00007ffd23150000 - 0x00007ffd2328e000 	C:\Windows\SYSTEM32\wintypes.dll
0x00007ffd27160000 - 0x00007ffd27255000 	C:\Windows\System32\SHCORE.dll
0x00007ffd260c0000 - 0x00007ffd2611e000 	C:\Windows\System32\shlwapi.dll
0x00007ffd25280000 - 0x00007ffd252a1000 	C:\Windows\SYSTEM32\profapi.dll
0x00007ffcdfe00000 - 0x00007ffcdfed7000 	C:\Users\JulyLun\.jdks\openjdk-22.0.1-1\bin\jsvml.dll
0x00007ffd193f0000 - 0x00007ffd19407000 	C:\Users\JulyLun\.jdks\openjdk-22.0.1-1\bin\zip.dll
0x00007ffd1dcf0000 - 0x00007ffd1dd00000 	C:\Users\JulyLun\.jdks\openjdk-22.0.1-1\bin\net.dll
0x00007ffd247e0000 - 0x00007ffd24849000 	C:\Windows\system32\mswsock.dll
0x00007ffd19480000 - 0x00007ffd19496000 	C:\Users\JulyLun\.jdks\openjdk-22.0.1-1\bin\nio.dll
0x00007ffd1d460000 - 0x00007ffd1d47a000 	D:\ApplicationData\IntelliJ IDEA 2023.3.6\bin\breakgen64.dll
0x00007ffd1d420000 - 0x00007ffd1d429000 	C:\Users\JulyLun\.jdks\openjdk-22.0.1-1\bin\extnet.dll
0x00007ffcdceb0000 - 0x00007ffcdd03d000 	C:\Users\JulyLun\.jdks\openjdk-22.0.1-1\bin\awt.dll
0x00007ffd217c0000 - 0x00007ffd21857000 	C:\Windows\SYSTEM32\apphelp.dll
0x00007ffc9d590000 - 0x00007ffc9d690000 	C:\Windows\system32\opengl32.dll
0x00007ffca1670000 - 0x00007ffca169d000 	C:\Windows\SYSTEM32\GLU32.dll
0x00007ffd225a0000 - 0x00007ffd225d9000 	C:\Windows\SYSTEM32\dxcore.dll
0x00007ffd22710000 - 0x00007ffd2273b000 	C:\Windows\system32\DWMAPI.DLL
0x00007ffd22250000 - 0x00007ffd222fb000 	C:\Windows\system32\uxtheme.dll
0x00007ffcdf4f0000 - 0x00007ffcdf51b000 	C:\Program Files (x86)\UltraViewer\uvh64.dll
0x00007ffd26130000 - 0x00007ffd26283000 	C:\Windows\System32\MSCTF.dll
0x00007ffd1ae70000 - 0x00007ffd1aeba000 	C:\Windows\SYSTEM32\directxdatabasehelper.dll
0x00007ffd26290000 - 0x00007ffd26340000 	C:\Windows\System32\clbcatq.dll
0x00007ffc56150000 - 0x00007ffc57274000 	C:\Windows\System32\DriverStore\FileRepository\iigd_dch.inf_amd64_9741ef1f4093481f\igxelpicd64.dll
0x00007ffd225e0000 - 0x00007ffd226d7000 	C:\Windows\system32\dxgi.dll
0x00007ffcdc8b0000 - 0x00007ffcdc9fc000 	C:\Windows\System32\DriverStore\FileRepository\iigd_dch.inf_amd64_9741ef1f4093481f\igdml64.dll
0x00007ffd14b40000 - 0x00007ffd14f57000 	C:\Windows\System32\DriverStore\FileRepository\iigd_dch.inf_amd64_9741ef1f4093481f\igdgmm64.dll
0x00007ffd25020000 - 0x00007ffd2506e000 	C:\Windows\SYSTEM32\CFGMGR32.dll
0x00007ffd25070000 - 0x00007ffd2509c000 	C:\Windows\SYSTEM32\DEVOBJ.dll
0x00007ffd25ab0000 - 0x00007ffd25b1b000 	C:\Windows\System32\WINTRUST.dll
0x00007ffd25440000 - 0x00007ffd255a8000 	C:\Windows\System32\CRYPT32.dll
0x00007ffd24fe0000 - 0x00007ffd24ff2000 	C:\Windows\SYSTEM32\MSASN1.dll
0x00007ffd10e40000 - 0x00007ffd14b3c000 	C:\Windows\System32\DriverStore\FileRepository\iigd_dch.inf_amd64_9741ef1f4093481f\igc64.dll
0x00007ffce61a0000 - 0x00007ffce6227000 	C:\Users\JulyLun\.jdks\openjdk-22.0.1-1\bin\freetype.dll
0x00007ffce1b60000 - 0x00007ffce1c37000 	C:\Users\JulyLun\.jdks\openjdk-22.0.1-1\bin\fontmanager.dll
0x00007ffd1d2d0000 - 0x00007ffd1d41b000 	C:\Windows\SYSTEM32\textinputframework.dll
0x00007ffd1cbd0000 - 0x00007ffd1cc1b000 	C:\Windows\system32\ApplicationTargetedFeatureDatabase.dll
0x00007ffd17cb0000 - 0x00007ffd17f3b000 	C:\Windows\System32\twinapi.appcore.dll
0x00007ffd20a10000 - 0x00007ffd20b43000 	C:\Windows\SYSTEM32\CoreMessaging.dll
0x00007ffd1a620000 - 0x00007ffd1a98c000 	C:\Windows\SYSTEM32\CoreUIComponents.dll
0x00007ffd24ad0000 - 0x00007ffd24adc000 	C:\Windows\SYSTEM32\CRYPTBASE.DLL

dbghelp: loaded successfully - version: 4.0.5 - missing functions: none
symbol engine: initialized successfully - sym options: 0x614 - pdb path: .;C:\Users\JulyLun\.jdks\openjdk-22.0.1-1\bin;C:\Windows\SYSTEM32;C:\Windows\WinSxS\amd64_microsoft.windows.common-controls_6595b64144ccf1df_6.0.22621.3527_none_270e469b73872a76;C:\Users\JulyLun\.jdks\openjdk-22.0.1-1\bin\server;D:\ApplicationData\IntelliJ IDEA 2023.3.6\bin;C:\Program Files (x86)\UltraViewer;C:\Windows\System32\DriverStore\FileRepository\iigd_dch.inf_amd64_9741ef1f4093481f

VM Arguments:
jvm_args: -javaagent:D:\ApplicationData\IntelliJ IDEA 2023.3.6\lib\idea_rt.jar=58015:D:\ApplicationData\IntelliJ IDEA 2023.3.6\bin -Dfile.encoding=UTF-8 -Dsun.stdout.encoding=UTF-8 -Dsun.stderr.encoding=UTF-8 
java_command: com.findselfback.FindSelfBack
java_class_path (initial): D:\Working\University\Study\Nam 1\Ki 2\DoAnCoSo1\FindSelfBack_Work\FindSelfBack\target\classes;C:\Users\JulyLun\.m2\repository\org\apache\maven\plugins\maven-compiler-plugin\3.8.1\maven-compiler-plugin-3.8.1.jar;C:\Users\JulyLun\.m2\repository\org\apache\maven\maven-plugin-api\3.0\maven-plugin-api-3.0.jar;C:\Users\JulyLun\.m2\repository\org\apache\maven\maven-model\3.0\maven-model-3.0.jar;C:\Users\JulyLun\.m2\repository\org\sonatype\sisu\sisu-inject-plexus\1.4.2\sisu-inject-plexus-1.4.2.jar;C:\Users\JulyLun\.m2\repository\org\sonatype\sisu\sisu-inject-bean\1.4.2\sisu-inject-bean-1.4.2.jar;C:\Users\JulyLun\.m2\repository\org\sonatype\sisu\sisu-guice\2.1.7\sisu-guice-2.1.7-noaop.jar;C:\Users\JulyLun\.m2\repository\org\apache\maven\maven-artifact\3.0\maven-artifact-3.0.jar;C:\Users\JulyLun\.m2\repository\org\codehaus\plexus\plexus-utils\2.0.4\plexus-utils-2.0.4.jar;C:\Users\JulyLun\.m2\repository\org\apache\maven\maven-core\3.0\maven-core-3.0.jar;C:\Users\JulyLun\.m2\repository\org\apache\maven\maven-settings\3.0\maven-settings-3.0.jar;C:\Users\JulyLun\.m2\repository\org\apache\maven\maven-settings-builder\3.0\maven-settings-builder-3.0.jar;C:\Users\JulyLun\.m2\repository\org\apache\maven\maven-repository-metadata\3.0\maven-repository-metadata-3.0.jar;C:\Users\JulyLun\.m2\repository\org\apache\maven\maven-model-builder\3.0\maven-model-builder-3.0.jar;C:\Users\JulyLun\.m2\repository\org\apache\maven\maven-aether-provider\3.0\maven-aether-provider-3.0.jar;C:\Users\JulyLun\.m2\repository\org\sonatype\aether\aether-impl\1.7\aether-impl-1.7.jar;C:\Users\JulyLun\.m2\repository\org\sonatype\aether\aether-spi\1.7\aether-spi-1.7.jar;C:\Users\JulyLun\.m2\repository\org\sonatype\aether\aether-api\1.7\aether-api-1.7.jar;C:\Users\JulyLun\.m2\repository\org\sonatype\aether\aether-util\1.7\aether-util-1.7.jar;C:\Users\JulyLun\.m2\repository\org\codehaus\plexus\plexus-interpolation\1.14\plexus-interpolation-1.14.jar;C:\Users\JulyLun\.m2\repository\org\codehaus\plexus\plexus-classworlds\2.2.3\plexus-classworlds-2.2.3.jar;C:\Users\JulyLun\.m2\repository\org\codehaus\plexus\plexus-component-annotations\1.5.5\plexus-component-annotations-1.5.5.jar;C:\Users\JulyLun\.m2\repository\org\sonatype\plexus\plexus-sec-dispatcher\1.3\plexus-sec-dispatcher-1.3.jar;C:\Users\JulyLun\.m2\repository\org\sonatype\plexus\plexus-cipher\1.4\plexus-cipher-1.4.jar;C:\Users\JulyLun\.m2\repository\org\apache\maven\shared\maven-shared-utils\3.2.1\maven-shared-utils-3.2.1.jar;C:\Users\JulyLun\.m2\repository\commons-io\commons-io\2.5\commons-io-2.5.jar;C:\Users\JulyLun\.m2\repository\org\apache\maven\shared\maven-shared-incremental\1.1\maven-shared-incremental-1.1.jar;C:\Users\JulyLun\.m2\repository\org\codehaus\plexus\plexus-java\0.9.10\plexus-java-0.9.10.jar;C:\Users\JulyLun\.m2\repository\org\ow2\asm\asm\6.2\asm-6.2.jar;C:\Users\JulyLun\.m2\repository\com\thoughtworks\qdox\qdox\2.0-M8\qdox-2.0-M8.jar;C:\Users\JulyLun\.m2\repository\org\codehaus\plexus\plexus-compiler-api\2.8.4\plexus-compiler-api-2.8.4.jar;C:\Users\JulyLun\.m2\repository\org\codehaus\plexus\plexus-compiler-manager\2.8.4\plexus-compiler-manager-2.8.4.jar;C:\Users\JulyLun\.m2\repository\org\codehaus\plexus\plexus-compiler-javac\2.8.4\plexus-compiler-javac-2.8.4.jar;C:\Users\JulyLun\.m2\repository\javazoom\jlayer\1.0.1\jlayer-1.0.1.jar;C:\Users\JulyLun\.m2\repository\com\googlecode\soundlibs\basicplayer\3.0.0.0\basicplayer-3.0.0.0.jar;C:\Users\JulyLun\.m2\repository\com\googlecode\soundlibs\mp3spi\1.9.5.4\mp3spi-1.9.5.4.jar;C:\Users\JulyLun\.m2\repository\com\googlecode\soundlibs\jlayer\1.0.1.4\jlayer-1.0.1.4.jar;C:\Users\JulyLun\.m2\repository\junit\junit\3.8.2\junit-3.8.2.jar;C:\Users\JulyLun\.m2\repository\com\googlecode\soundlibs\tritonus-share\0.3.7.4\tritonus-share-0.3.7.4.jar;C:\Users\JulyLun\.m2\repository\org\slf4j\slf4j-api\1.7.12\slf4j-api-1.7.12.jar;C:\Users\JulyLun\.m2\repository\com\github\gwenn\sqlite-dialect\0.1.1\sqlite-dialect-0.1.1.jar;C:\Users\JulyLun\.m2\repository\org\hibernate\hibernate-core\5.2.12.Final\hibernate-core-5.2.12.Final.jar;C:\Users\JulyLun\.m2\repository\org\jboss\logging\jboss-logging\3.3.0.Final\jboss-logging-3.3.0.Final.jar;C:\Users\JulyLun\.m2\repository\org\hibernate\javax\persistence\hibernate-jpa-2.1-api\1.0.0.Final\hibernate-jpa-2.1-api-1.0.0.Final.jar;C:\Users\JulyLun\.m2\repository\org\javassist\javassist\3.20.0-GA\javassist-3.20.0-GA.jar;C:\Users\JulyLun\.m2\repository\antlr\antlr\2.7.7\antlr-2.7.7.jar;C:\Users\JulyLun\.m2\repository\org\jboss\spec\javax\transaction\jboss-transaction-api_1.2_spec\1.0.1.Final\jboss-transaction-api_1.2_spec-1.0.1.Final.jar;C:\Users\JulyLun\.m2\repository\org\jboss\jandex\2.0.3.Final\jandex-2.0.3.Final.jar;C:\Users\JulyLun\.m2\repository\com\fasterxml\classmate\1.3.0\classmate-1.3.0.jar;C:\Users\JulyLun\.m2\repository\dom4j\dom4j\1.6.1\dom4j-1.6.1.jar;C:\Users\JulyLun\.m2\repository\org\hibernate\common\hibernate-commons-annotations\5.0.1.Final\hibernate-commons-annotations-5.0.1.Final.jar;C:\Users\JulyLun\.m2\repository\org\xerial\sqlite-jdbc\3.30.1\sqlite-jdbc-3.30.1.jar;C:\Users\JulyLun\.m2\repository\jakarta\mvc\jakarta.mvc-api\2.0.0\jakarta.mvc-api-2.0.0.jar
Launcher Type: SUN_STANDARD

[Global flags]
     intx CICompilerCount                          = 12                                        {product} {ergonomic}
     uint ConcGCThreads                            = 3                                         {product} {ergonomic}
     uint G1ConcRefinementThreads                  = 13                                        {product} {ergonomic}
   size_t G1HeapRegionSize                         = 2097152                                   {product} {ergonomic}
   size_t InitialHeapSize                          = 264241152                                 {product} {ergonomic}
   size_t MarkStackSize                            = 4194304                                   {product} {ergonomic}
   size_t MaxHeapSize                              = 4200595456                                {product} {ergonomic}
   size_t MaxNewSize                               = 2518679552                                {product} {ergonomic}
   size_t MinHeapDeltaBytes                        = 2097152                                   {product} {ergonomic}
   size_t MinHeapSize                              = 8388608                                   {product} {ergonomic}
    uintx NonNMethodCodeHeapSize                   = 7602480                                {pd product} {ergonomic}
    uintx NonProfiledCodeHeapSize                  = 122027880                              {pd product} {ergonomic}
    uintx ProfiledCodeHeapSize                     = 122027880                              {pd product} {ergonomic}
    uintx ReservedCodeCacheSize                    = 251658240                              {pd product} {ergonomic}
     bool SegmentedCodeCache                       = true                                      {product} {ergonomic}
   size_t SoftMaxHeapSize                          = 4200595456                             {manageable} {ergonomic}
     bool UseCompressedOops                        = true                           {product lp64_product} {ergonomic}
     bool UseG1GC                                  = true                                      {product} {ergonomic}
     bool UseLargePagesIndividualAllocation        = false                                  {pd product} {ergonomic}

Logging:
Log output configuration:
 #0: stdout all=warning uptime,level,tags foldmultilines=false
 #1: stderr all=off uptime,level,tags foldmultilines=false

Environment Variables:
JAVA_HOME=C:\Program Files\Java\jdk-21
PATH=C:\Program Files\Common Files\Oracle\Java\javapath;C:\Program Files (x86)\VMware\VMware Workstation\bin\;C:\Program Files (x86)\Common Files\Oracle\Java\javapath;C:\msys64\ucrt64\bin;C:\Program Files\Microsoft\jdk-11.0.16.101-hotspot\bin;C:\Windows\system32;C:\Windows;C:\Windows\System32\Wbem;C:\Windows\System32\WindowsPowerShell\v1.0\;C:\Windows\System32\OpenSSH\;C:\Program Files\Microsoft SQL Server\150\Tools\Binn\;C:\Program Files\dotnet\;C:\Program Files (x86)\Windows Kits\10\Windows Performance Toolkit\;C:\xampp\php;C:\xampp;C:\Program Files (x86)\Microsoft SQL Server\160\Tools\Binn\;C:\Program Files\Microsoft SQL Server\160\Tools\Binn\;C:\Program Files\Microsoft SQL Server\Client SDK\ODBC\170\Tools\Binn\;C:\Program Files\Microsoft SQL Server\160\DTS\Binn\;C:\Program Files (x86)\Microsoft SQL Server\160\DTS\Binn\;C:\Program Files\Azure Data Studio\bin;C:\Program Files\Git\cmd;C:\Program Files\Git LFS;C:\Program Files\MySQL\MySQL Shell 8.0\bin\;C:\xampp\php;C:\Users\JulyLun\AppData\Local\Programs\Python\Launcher\;C:\Users\JulyLun\AppData\Local\Microsoft\WindowsApps;C:\Users\JulyLun\AppData\Local\Programs\Microsoft VS Code\bin;D:\ApplicationData\IntelliJ IDEA 2023.3.6\bin;;C:\Users\JulyLun\.dotnet\tools;C:\Program Files\Azure Data Studio\bin;C:\Program Files\Java\jdk-21\bin;
USERNAME=JulyLun
OS=Windows_NT
PROCESSOR_IDENTIFIER=Intel64 Family 6 Model 186 Stepping 2, GenuineIntel
TMP=C:\Users\JulyLun\AppData\Local\Temp
TEMP=C:\Users\JulyLun\AppData\Local\Temp




Periodic native trim disabled

---------------  S Y S T E M  ---------------

OS:
 Windows 11 , 64 bit Build 22621 (10.0.22621.3527)
OS uptime: 2 days 15:56 hours

CPU: total 16 (initial active 16) (8 cores per cpu, 2 threads per core) family 6 model 186 stepping 2 microcode 0x410e, cx8, cmov, fxsr, ht, mmx, 3dnowpref, sse, sse2, sse3, ssse3, sse4.1, sse4.2, popcnt, lzcnt, tsc, tscinvbit, avx, avx2, aes, erms, clmul, bmi1, bmi2, adx, sha, fma, vzeroupper, clflush, clflushopt, clwb, serialize, rdtscp, rdpid, fsrm, f16c, pku, cet_ibt, cet_ss
Processor Information for processor 0
  Max Mhz: 2600, Current Mhz: 2600, Mhz Limit: 2600
Processor Information for processor 1
  Max Mhz: 2600, Current Mhz: 2600, Mhz Limit: 2600
Processor Information for processor 2
  Max Mhz: 2600, Current Mhz: 2600, Mhz Limit: 2600
Processor Information for processor 3
  Max Mhz: 2600, Current Mhz: 2600, Mhz Limit: 2600
Processor Information for processor 4
  Max Mhz: 2600, Current Mhz: 2600, Mhz Limit: 2600
Processor Information for processor 5
  Max Mhz: 2600, Current Mhz: 2600, Mhz Limit: 2600
Processor Information for processor 6
  Max Mhz: 2600, Current Mhz: 2600, Mhz Limit: 2600
Processor Information for processor 7
  Max Mhz: 2600, Current Mhz: 2600, Mhz Limit: 2600
Processor Information for processor 8
  Max Mhz: 2600, Current Mhz: 1900, Mhz Limit: 1898
Processor Information for processor 9
  Max Mhz: 2600, Current Mhz: 1900, Mhz Limit: 1898
Processor Information for processor 10
  Max Mhz: 2600, Current Mhz: 1900, Mhz Limit: 1898
Processor Information for processor 11
  Max Mhz: 2600, Current Mhz: 1900, Mhz Limit: 1898
Processor Information for processor 12
  Max Mhz: 2600, Current Mhz: 1900, Mhz Limit: 1898
Processor Information for processor 13
  Max Mhz: 2600, Current Mhz: 1900, Mhz Limit: 1898
Processor Information for processor 14
  Max Mhz: 2600, Current Mhz: 1900, Mhz Limit: 1898
Processor Information for processor 15
  Max Mhz: 2600, Current Mhz: 1900, Mhz Limit: 1898

Memory: 4k page, system-wide physical 16016M (3323M free)
TotalPageFile size 46016M (AvailPageFile size 23725M)
current process WorkingSet (physical memory assigned to process): 370M, peak: 377M
current process commit charge ("private bytes"): 576M, peak: 582M

vm_info: OpenJDK 64-Bit Server VM (22.0.1+8-16) for windows-amd64 JRE (22.0.1+8-16), built on 2024-03-12T10:33:16Z by "mach5one" with MS VC++ 17.6 (VS2022)

END.
